0.0, 24793.0
1.5674018859863281, 24806.0
1.6195597648620605, 24970.0
2.1694488525390625, 24999.0
2.3155577182769775, 25025.0
2.4594428539276123, 25044.0
2.589148759841919, 25218.0
2.6337249279022217, 25237.0
3.2587058544158936, 25259.0
4.724559783935547, 25317.0
4.9441587924957275, 25360.0
5.001199722290039, 25363.0
5.241066932678223, 25397.0
6.1669347286224365, 25406.0
6.220199823379517, 25562.0
6.401505708694458, 25622.0
7.9029576778411865, 25761.0
8.124196767807007, 25794.0
8.299194812774658, 25843.0
8.353269577026367, 25902.0
11.998081684112549, 25966.0
12.231743812561035, 25988.0
12.268505811691284, 26060.0
12.492708683013916, 26176.0
12.526842832565308, 26303.0
13.204208850860596, 26328.0
16.833906888961792, 26384.0
16.910910844802856, 26510.0
16.94825768470764, 26511.0
17.107857704162598, 26524.0
17.47282886505127, 26525.0
17.61553978919983, 26590.0
17.759711980819702, 26661.0
18.026291847229004, 26727.0
18.167338848114014, 26728.0
18.207271814346313, 26755.0
32.30847787857056, 26852.0
32.4879207611084, 26953.0
33.12848782539368, 26983.0
33.16440963745117, 27039.0
35.326573610305786, 27158.0
35.69222092628479, 27215.0
36.4395227432251, 27236.0
63.18487572669983, 27278.0
63.281455755233765, 27419.0
63.285287857055664, 27567.0
63.32582092285156, 27646.0
83.31906580924988, 27689.0
83.47178268432617, 27755.0
83.49977660179138, 27756.0
83.56570768356323, 27850.0
83.5914797782898, 27851.0
83.68452787399292, 27862.0
83.77620577812195, 27919.0
84.11062455177307, 27958.0
84.13668465614319, 28106.0
85.40685796737671, 28187.0
85.50238466262817, 28312.0
85.86446261405945, 28340.0
86.16860175132751, 28386.0
222.1680657863617, 28458.0
223.18702483177185, 28478.0
223.3125457763672, 28503.0
223.34070777893066, 28536.0
223.76725578308105, 28555.0
223.79190278053284, 28675.0
223.86822867393494, 28684.0
223.92961359024048, 28737.0
224.00640773773193, 28897.0
224.01807689666748, 28903.0
224.1532678604126, 28956.0
224.37484788894653, 29069.0
