0.0, 50202.0
0.6495358943939209, 50262.0
0.7706289291381836, 50263.0
1.1318719387054443, 50264.0
1.521540880203247, 50328.0
3.462841033935547, 50329.0
4.949373006820679, 50417.0
5.1701459884643555, 50631.0
5.49023699760437, 50653.0
5.765079975128174, 50718.0
5.933981895446777, 50826.0
8.739129066467285, 50874.0
8.983088970184326, 50875.0
9.16120982170105, 50879.0
9.419533014297485, 51033.0
9.528923988342285, 51140.0
10.530534982681274, 51227.0
16.095958948135376, 51240.0
16.741358041763306, 51270.0
17.699726104736328, 51358.0
18.195741891860962, 51438.0
18.241626739501953, 51444.0
20.61072587966919, 51569.0
21.296545028686523, 51570.0
24.50901699066162, 51585.0
24.598458766937256, 51669.0
24.647160053253174, 51721.0
24.759816884994507, 51729.0
25.510843992233276, 51730.0
34.005013942718506, 51771.0
34.377877950668335, 51772.0
34.43447184562683, 51846.0
36.436376094818115, 51851.0
37.5105619430542, 51852.0
37.59491205215454, 51853.0
37.745094776153564, 51856.0
40.97449803352356, 51974.0
41.734874963760376, 51995.0
42.07351994514465, 51996.0
43.00524187088013, 52046.0
43.821584939956665, 52081.0
43.97874689102173, 52180.0
57.30752897262573, 52206.0
58.56244707107544, 52275.0
58.870465993881226, 52299.0
63.98360896110535, 52333.0
64.59192299842834, 52368.0
64.63928079605103, 52369.0
64.72256898880005, 52430.0
66.04678201675415, 52451.0
66.85893392562866, 52493.0
68.27710390090942, 52601.0
73.16415786743164, 52633.0
74.48752403259277, 52710.0
77.40618801116943, 52786.0
78.06651592254639, 52878.0
84.17953777313232, 52879.0
87.93917202949524, 52970.0
88.05931496620178, 53034.0
89.38965082168579, 53056.0
89.45611071586609, 53137.0
90.27935886383057, 53177.0
90.39435195922852, 53178.0
94.43122792243958, 53253.0
94.95177483558655, 53263.0
95.39466094970703, 53343.0
95.46528887748718, 53387.0
96.05145287513733, 53479.0
96.05379295349121, 53480.0
96.73503994941711, 53522.0
97.21641397476196, 53581.0
97.54662489891052, 53627.0
97.82931303977966, 53629.0
99.35541081428528, 53724.0
101.05722284317017, 53794.0
101.55476880073547, 53849.0
101.73839092254639, 53889.0
102.02729606628418, 53906.0
104.03362584114075, 53929.0
116.60456991195679, 54039.0
117.09047198295593, 54041.0
121.34957599639893, 54045.0
121.52830004692078, 54116.0
121.75295209884644, 54132.0
121.8370590209961, 54263.0
122.38830304145813, 54324.0
122.43103575706482, 54341.0
125.80513095855713, 54394.0
125.88135814666748, 54395.0
126.11230492591858, 54404.0
127.05093193054199, 54467.0
127.09644484519958, 54583.0
132.67464900016785, 54596.0
133.2912950515747, 54602.0
147.34114789962769, 54605.0
153.91106581687927, 54677.0
154.1186978816986, 54768.0
333.4564778804779, 54803.0
333.5097210407257, 54879.0
333.5120508670807, 54915.0
333.5655560493469, 55011.0
333.61473989486694, 55012.0
333.9075210094452, 55154.0
335.5709729194641, 55158.0
336.20737314224243, 55160.0
336.78334498405457, 55179.0
336.98510694503784, 55218.0
337.39893889427185, 55330.0
367.25564908981323, 55357.0
368.23748683929443, 55406.0
368.4154758453369, 55429.0
368.7325801849365, 55512.0
369.08454489707947, 55633.0
369.38293194770813, 55673.0
370.56745195388794, 55781.0
370.6061339378357, 55808.0
377.7314827442169, 55886.0
392.92554807662964, 55966.0
393.21978998184204, 56098.0
394.74703001976013, 56115.0
394.8185200691223, 56235.0
404.4679579734802, 56252.0
