0.0, 3813.0
0.004244804382324219, 4524.0
0.00742793083190918, 4567.0
0.007943153381347656, 4947.0
0.008537054061889648, 5456.0
0.008625984191894531, 6389.0
0.011165142059326172, 7180.0
0.01175379753112793, 7821.0
0.014989852905273438, 8425.0
0.28291893005371094, 9101.0
0.28493189811706543, 9120.0
0.47508907318115234, 9754.0
0.47696876525878906, 9917.0
0.9192829132080078, 10193.0
0.9201760292053223, 10616.0
1.5084178447723389, 10659.0
1.508915901184082, 10884.0
1.5091187953948975, 11453.0
1.510420799255371, 11603.0
1.51224684715271, 11998.0
1.5132639408111572, 12049.0
1.514176845550537, 12244.0
1.527332067489624, 13100.0
1.5309779644012451, 13322.0
1.5313770771026611, 13768.0
1.533902883529663, 13953.0
1.5341079235076904, 14410.0
1.7580540180206299, 14594.0
1.7649750709533691, 14764.0
2.517634868621826, 14843.0
2.5180459022521973, 15634.0
2.6024107933044434, 15952.0
2.6076509952545166, 16203.0
2.7327609062194824, 16646.0
2.7328848838806152, 16725.0
2.8395848274230957, 16881.0
2.8397979736328125, 17835.0
2.843111038208008, 18353.0
2.9643959999084473, 18918.0
3.1020708084106445, 19829.0
16.0347261428833, 19982.0
16.564944982528687, 20143.0
16.580790996551514, 20429.0
16.58110785484314, 21220.0
26.953555822372437, 21616.0
38.41691207885742, 21990.0
38.505337953567505, 22477.0
38.50575613975525, 22850.0
38.50688290596008, 23173.0
107.5563497543335, 23578.0
107.59890079498291, 23717.0
107.65808701515198, 23817.0
107.65839099884033, 24012.0
107.6648919582367, 24193.0
107.71323895454407, 24334.0
107.71552395820618, 24777.0
111.728924036026, 25105.0
115.60825490951538, 25106.0
115.66332578659058, 25191.0
115.72189784049988, 25319.0
115.7232449054718, 25421.0
115.82214593887329, 25520.0
116.07800889015198, 26007.0
116.121417760849, 26950.0
