0.0, 25793.0
2.179644823074341, 26502.0
2.181285858154297, 27132.0
2.1847569942474365, 27818.0
2.3259267807006836, 28493.0
2.331854820251465, 28675.0
2.334110975265503, 29555.0
2.391549825668335, 29663.0
3.165595769882202, 30304.0
3.3865747451782227, 30549.0
3.4404709339141846, 30950.0
3.538930892944336, 31308.0
3.6210057735443115, 31351.0
3.730250835418701, 32271.0
3.8457417488098145, 32814.0
4.543202877044678, 33304.0
5.899922847747803, 33808.0
6.121704816818237, 34292.0
6.352124929428101, 35142.0
6.424476861953735, 35699.0
6.4386138916015625, 36322.0
6.972939968109131, 36584.0
7.016101837158203, 37354.0
7.088206768035889, 37875.0
7.22688364982605, 38196.0
7.284556865692139, 38226.0
7.39410400390625, 39104.0
8.210738897323608, 39371.0
8.366946935653687, 40350.0
8.369233846664429, 40353.0
8.428873777389526, 40362.0
9.193820714950562, 40511.0
9.422285795211792, 40749.0
9.425559043884277, 40828.0
9.545563697814941, 41301.0
9.636143684387207, 41883.0
9.724408626556396, 41967.0
10.158098936080933, 42316.0
10.27896785736084, 42587.0
10.39716386795044, 43065.0
10.583080768585205, 43759.0
10.862990856170654, 43799.0
10.864162921905518, 44488.0
10.868088006973267, 45113.0
10.92556881904602, 45538.0
10.933627843856812, 45890.0
11.26247501373291, 46573.0
11.545073747634888, 46981.0
11.704258680343628, 47188.0
11.92880368232727, 48102.0
12.50719690322876, 48362.0
12.555890798568726, 49150.0
12.563762903213501, 49952.0
12.736641883850098, 50215.0
12.738893747329712, 50547.0
12.79491400718689, 51213.0
12.801054954528809, 51796.0
13.073598861694336, 52611.0
13.458972930908203, 52889.0
14.219716787338257, 53011.0
14.220878839492798, 53805.0
14.252976894378662, 54318.0
14.601258993148804, 54640.0
14.603409767150879, 54667.0
14.609808683395386, 54855.0
14.667474746704102, 55337.0
15.251225709915161, 55778.0
15.392505645751953, 55807.0
15.393663883209229, 56207.0
15.395895957946777, 56633.0
15.427016973495483, 57106.0
15.55288290977478, 57546.0
15.55378770828247, 58337.0
15.594148874282837, 58547.0
15.70026969909668, 58959.0
15.960082769393921, 59544.0
16.25359272956848, 59787.0
16.775121927261353, 60154.0
16.778457641601562, 61108.0
16.82972288131714, 61770.0
16.954299688339233, 61789.0
17.063588857650757, 62694.0
17.068874835968018, 62976.0
17.5379478931427, 63160.0
17.543566703796387, 63364.0
17.58216881752014, 63380.0
17.583314895629883, 64170.0
17.68037486076355, 64224.0
17.754116773605347, 64802.0
17.755262851715088, 65678.0
18.026878833770752, 65876.0
18.027992010116577, 66354.0
18.029139757156372, 66968.0
18.056745767593384, 67391.0
18.201021909713745, 67766.0
18.457352876663208, 68222.0
18.80500078201294, 68510.0
18.813570737838745, 68905.0
19.05149483680725, 69480.0
19.292881727218628, 70146.0
19.678878784179688, 70297.0
19.740676879882812, 71142.0
19.742936849594116, 71795.0
19.74409294128418, 72238.0
19.823795795440674, 72891.0
19.841293811798096, 73877.0
19.978522777557373, 74109.0
20.363075733184814, 74327.0
20.54650902748108, 74432.0
20.551454782485962, 74885.0
20.921320915222168, 74981.0
20.95632576942444, 75176.0
21.045203924179077, 75239.0
21.26631498336792, 76031.0
21.33138394355774, 76919.0
21.470337867736816, 77083.0
21.94115972518921, 77724.0
22.762712717056274, 78064.0
22.810943841934204, 78445.0
23.0498948097229, 78751.0
23.643375873565674, 78986.0
23.682358980178833, 79667.0
24.24569869041443, 79706.0
24.447048902511597, 80262.0
24.499233961105347, 80872.0
24.6173198223114, 81161.0
24.687114000320435, 81689.0
24.806931972503662, 81982.0
24.98093271255493, 82967.0
25.140081882476807, 83320.0
25.58535599708557, 83794.0
25.840547800064087, 83879.0
25.842833757400513, 84162.0
25.942328691482544, 84645.0
26.155832052230835, 85476.0
26.156998872756958, 85819.0
26.266706943511963, 86195.0
26.5816650390625, 86320.0
26.727129697799683, 87304.0
26.98189687728882, 88285.0
28.039806842803955, 88494.0
28.07778573036194, 88982.0
28.146106719970703, 89548.0
28.482571840286255, 90086.0
28.484961986541748, 90342.0
28.621352910995483, 91081.0
28.68490171432495, 91686.0
30.99942970275879, 91731.0
31.211309671401978, 92018.0
31.520325899124146, 92620.0
31.58837604522705, 92807.0
31.59616470336914, 93377.0
32.02571487426758, 93431.0
32.02907991409302, 93886.0
32.09243392944336, 94160.0
32.9290816783905, 94277.0
33.00120496749878, 94772.0
34.97586464881897, 94797.0
35.05506992340088, 94851.0
35.157325744628906, 95219.0
35.397480964660645, 95589.0
35.49205780029297, 95870.0
35.689732789993286, 96065.0
40.76976203918457, 96165.0
44.40929675102234, 96675.0
44.58208465576172, 96893.0
48.524839878082275, 97379.0
48.608940839767456, 98019.0
48.77823281288147, 98121.0
56.63415479660034, 98421.0
58.254756689071655, 98613.0
58.339356899261475, 98662.0
58.35513186454773, 98975.0
58.44932293891907, 99238.0
58.65315079689026, 99919.0
59.27375364303589, 99958.0
59.30558896064758, 100356.0
61.47063589096069, 100540.0
62.473734855651855, 100738.0
62.474907875061035, 100814.0
62.918548822402954, 101120.0
63.175259828567505, 101368.0
63.40420579910278, 101497.0
63.4485297203064, 101683.0
63.944148778915405, 101708.0
64.83084487915039, 101835.0
64.95886588096619, 102386.0
65.00077176094055, 102418.0
65.07756185531616, 103332.0
65.29664778709412, 103735.0
66.12631583213806, 103779.0
66.27054691314697, 104425.0
66.4430148601532, 104809.0
66.47613167762756, 104889.0
67.4637439250946, 105187.0
68.3126368522644, 106012.0
68.31725788116455, 106343.0
68.36484384536743, 106611.0
68.44663286209106, 107118.0
68.48154187202454, 108115.0
68.65865683555603, 108417.0
69.23510193824768, 108721.0
69.78012275695801, 109058.0
70.1748948097229, 109963.0
70.17861604690552, 110132.0
70.35044980049133, 110575.0
71.375079870224, 110729.0
71.41899490356445, 111099.0
71.45855474472046, 111300.0
71.4653468132019, 111303.0
72.48991990089417, 111388.0
72.62169289588928, 111398.0
72.68136882781982, 111756.0
72.70703673362732, 112162.0
72.71489381790161, 113160.0
78.81865978240967, 113255.0
79.00884199142456, 113648.0
79.23178791999817, 114246.0
79.6535279750824, 114527.0
81.15971302986145, 114591.0
81.23010683059692, 115162.0
82.8001139163971, 115646.0
82.91443085670471, 116043.0
82.9574089050293, 116411.0
83.26963090896606, 116752.0
83.27525401115417, 117372.0
83.35144376754761, 117470.0
83.38632273674011, 117530.0
83.8585467338562, 117782.0
83.93065905570984, 118070.0
83.9363968372345, 118981.0
83.94048380851746, 119309.0
83.96386098861694, 119786.0
84.04035973548889, 120179.0
84.63141679763794, 120196.0
84.91867780685425, 120546.0
85.15023374557495, 121365.0
86.27958297729492, 122004.0
86.2820987701416, 122416.0
86.37908387184143, 122437.0
86.46271586418152, 122450.0
86.7289388179779, 123411.0
86.73352980613708, 124062.0
86.81100797653198, 124066.0
86.8441526889801, 124245.0
87.69552087783813, 124552.0
87.7573778629303, 124989.0
89.228031873703, 125302.0
89.30500769615173, 125886.0
89.39042401313782, 125985.0
89.48291301727295, 126012.0
89.56082201004028, 126070.0
119.62155270576477, 126641.0
173.791188955307, 126789.0
173.87133169174194, 127436.0
173.95770978927612, 127998.0
173.9613537788391, 128895.0
173.98823189735413, 129849.0
174.26284289360046, 129885.0
174.47832870483398, 130482.0
174.48142004013062, 131349.0
174.5151538848877, 131541.0
175.8324499130249, 131729.0
176.0240340232849, 132283.0
196.06047677993774, 132445.0
198.04599690437317, 132730.0
198.0751838684082, 132867.0
198.11673498153687, 133755.0
198.14107489585876, 133846.0
201.78898668289185, 133883.0
202.45196390151978, 134259.0
211.60825967788696, 134265.0
211.61167979240417, 134444.0
322.1741428375244, 134676.0
322.21309995651245, 134714.0
322.21432971954346, 135628.0
322.30232191085815, 135904.0
322.3185729980469, 136101.0
337.73816180229187, 136274.0
337.73935890197754, 136358.0
337.80489897727966, 136435.0
347.19257378578186, 136690.0
359.06280398368835, 137125.0
359.0713310241699, 137172.0
359.12898778915405, 137350.0
361.8448886871338, 137624.0
362.15115904808044, 137841.0
362.57875776290894, 138215.0
362.77182483673096, 138216.0
363.20911383628845, 138866.0
364.14565777778625, 139482.0
367.29337072372437, 140042.0
367.3257029056549, 140080.0
367.32688188552856, 140925.0
367.35772490501404, 141427.0
367.36228680610657, 142139.0
367.36619901657104, 142471.0
367.3708589076996, 142848.0
367.71900486946106, 142877.0
514.768394947052, 143352.0
