0.0, 12289.0
2.8551530838012695, 12583.0
2.8564281463623047, 13072.0
2.9108328819274902, 13293.0
3.111752986907959, 14181.0
3.1168248653411865, 14581.0
3.1189699172973633, 15013.0
3.1694350242614746, 15570.0
3.1766159534454346, 16513.0
3.180695056915283, 16615.0
3.5134201049804688, 16900.0
3.605123996734619, 17223.0
3.6531431674957275, 17418.0
3.7159340381622314, 17659.0
3.782949924468994, 18275.0
3.7928872108459473, 18326.0
3.793315887451172, 19278.0
3.8342108726501465, 20265.0
4.059178113937378, 20642.0
4.6498188972473145, 20753.0
5.2884721755981445, 21350.0
5.288922071456909, 22052.0
5.292309999465942, 22396.0
5.663135051727295, 22717.0
5.664763927459717, 22760.0
5.671096086502075, 23490.0
5.709455966949463, 24158.0
5.713403940200806, 24286.0
5.723651170730591, 24407.0
5.725522041320801, 24952.0
6.2263782024383545, 25716.0
6.342768907546997, 26249.0
6.438038110733032, 26271.0
6.504104137420654, 26697.0
7.31002402305603, 26774.0
7.37398624420166, 26991.0
7.377854108810425, 27437.0
7.534759998321533, 27576.0
7.537896156311035, 27700.0
7.541867017745972, 27953.0
7.7575602531433105, 28467.0
7.92989706993103, 28867.0
8.131754159927368, 28945.0
8.403645038604736, 29377.0
8.459312915802002, 30168.0
8.548724174499512, 30514.0
8.565764904022217, 30596.0
8.572396039962769, 31434.0
8.575013875961304, 31951.0
8.613664150238037, 32279.0
8.614987134933472, 32753.0
9.531413078308105, 33297.0
9.532724142074585, 33913.0
9.622736930847168, 34140.0
9.626633167266846, 34152.0
9.672421932220459, 35034.0
9.676319122314453, 35652.0
9.728610038757324, 36523.0
9.779299020767212, 36761.0
9.793562889099121, 37424.0
9.815303087234497, 38172.0
10.862907886505127, 38459.0
10.865116119384766, 38666.0
10.909273862838745, 39223.0
10.911351203918457, 39231.0
10.93414306640625, 39880.0
10.952881097793579, 40521.0
11.01558804512024, 41085.0
11.842251062393188, 41407.0
11.848835945129395, 41490.0
11.922327041625977, 41950.0
11.926799058914185, 42122.0
12.045459032058716, 43008.0
13.48454999923706, 43759.0
13.85753607749939, 44167.0
13.858424186706543, 44184.0
13.859310865402222, 45084.0
13.969244003295898, 45491.0
13.970146179199219, 46430.0
18.42930006980896, 46771.0
18.43325185775757, 47481.0
18.524991035461426, 48045.0
18.7674400806427, 48617.0
18.82360005378723, 48673.0
18.82496690750122, 48926.0
18.86708402633667, 49220.0
18.868860006332397, 49636.0
18.874778032302856, 50347.0
19.035490036010742, 50851.0
29.361536026000977, 51686.0
29.6437771320343, 52105.0
33.102514028549194, 52361.0
33.10429406166077, 52652.0
33.15123105049133, 53552.0
33.15704417228699, 53715.0
33.16104817390442, 53723.0
33.285337924957275, 53859.0
33.28623604774475, 54562.0
33.306406021118164, 55156.0
33.74450707435608, 55351.0
34.239919900894165, 55635.0
42.50222110748291, 56011.0
42.54168725013733, 56928.0
43.275322914123535, 56960.0
43.39344000816345, 57799.0
43.45876598358154, 57874.0
43.5009081363678, 58803.0
45.71059513092041, 58855.0
45.771902084350586, 58866.0
45.77502799034119, 58968.0
45.862957239151, 59160.0
45.866048097610474, 59717.0
46.11332702636719, 59971.0
46.167181968688965, 60069.0
46.22823786735535, 60698.0
46.22871208190918, 61362.0
93.39663004875183, 61467.0
93.49250411987305, 61623.0
93.67219591140747, 61713.0
269.4232232570648, 61865.0
269.455628156662, 61870.0
269.494992017746, 61877.0
269.49546003341675, 62609.0
269.50033593177795, 62735.0
503.03916025161743, 63334.0
503.0405020713806, 63554.0
503.05907583236694, 63793.0
503.06677627563477, 64629.0
