0.0, 30605.0
3.023782968521118, 30695.0
3.274928092956543, 30805.0
3.28165602684021, 30865.0
3.3750030994415283, 31072.0
3.4308769702911377, 31204.0
6.22986102104187, 31283.0
6.510293960571289, 31393.0
6.877780914306641, 31697.0
7.309808969497681, 31698.0
7.310862064361572, 32057.0
7.475286960601807, 32173.0
7.524281978607178, 32369.0
7.573303937911987, 32479.0
8.302129983901978, 32512.0
8.304430961608887, 32620.0
8.403519868850708, 32750.0
8.682450771331787, 32864.0
8.924546957015991, 32971.0
9.069447040557861, 33074.0
9.137742042541504, 33092.0
9.565875768661499, 33177.0
9.648067951202393, 33226.0
9.650290727615356, 33371.0
9.656882762908936, 33504.0
9.70750880241394, 33573.0
9.8002290725708, 33796.0
10.105257987976074, 33902.0
10.16500186920166, 34005.0
10.93452501296997, 34070.0
11.01315188407898, 34231.0
11.057618141174316, 34380.0
11.08047103881836, 34505.0
11.388087034225464, 34604.0
11.474488973617554, 34655.0
11.480796098709106, 34802.0
11.961981773376465, 34904.0
12.41557002067566, 34993.0
12.423204898834229, 35301.0
12.914520025253296, 35304.0
13.028565883636475, 35346.0
13.228673934936523, 35493.0
13.850085020065308, 35583.0
13.986729860305786, 35686.0
14.33484697341919, 35699.0
14.602802038192749, 35799.0
14.959182024002075, 35971.0
14.961695909500122, 36188.0
14.999957799911499, 36248.0
15.003261089324951, 36277.0
15.2117018699646, 36386.0
15.281501770019531, 36404.0
15.597997903823853, 36414.0
15.693691968917847, 36573.0
15.701448917388916, 36753.0
15.707913875579834, 36862.0
15.801454067230225, 36960.0
15.852356910705566, 37098.0
16.154839038848877, 37204.0
16.622037887573242, 37282.0
17.06182289123535, 37301.0
17.256591081619263, 37388.0
17.257749795913696, 37489.0
17.403732776641846, 37605.0
17.582717895507812, 37607.0
17.673629760742188, 37728.0
17.917895078659058, 37842.0
17.969115018844604, 37973.0
18.01743793487549, 38071.0
18.52026104927063, 38234.0
18.560240983963013, 38403.0
19.278406143188477, 38410.0
19.280653953552246, 38596.0
19.53561782836914, 38620.0
19.573715925216675, 38804.0
19.942813873291016, 38834.0
20.025520086288452, 38904.0
20.573341131210327, 38999.0
20.867109060287476, 39033.0
20.86934185028076, 39148.0
20.97411799430847, 39271.0
21.194910764694214, 39305.0
21.707815170288086, 39477.0
21.829224109649658, 39586.0
21.902055025100708, 39595.0
22.346599102020264, 39704.0
22.95582890510559, 39795.0
23.05580496788025, 39912.0
23.206047773361206, 40092.0
23.25425696372986, 40166.0
23.4131019115448, 40193.0
23.78601598739624, 40197.0
24.04293394088745, 40295.0
24.085617065429688, 40396.0
25.16926407814026, 40397.0
25.201959133148193, 40555.0
25.237144947052002, 40683.0
25.23831582069397, 40874.0
25.318407773971558, 40995.0
25.949195861816406, 41091.0
26.143697023391724, 41259.0
26.540275812149048, 41281.0
26.69373893737793, 41400.0
28.133100986480713, 41502.0
28.50739288330078, 41503.0
29.006969928741455, 41601.0
31.317296028137207, 41618.0
31.32262396812439, 41746.0
31.385429859161377, 41864.0
31.862630128860474, 41898.0
31.86379885673523, 42048.0
31.939048767089844, 42082.0
32.36638784408569, 42237.0
32.40326499938965, 42375.0
33.18347692489624, 42383.0
33.56047606468201, 42463.0
33.8143048286438, 42497.0
33.81658101081848, 42700.0
34.0705189704895, 42764.0
34.1493239402771, 42867.0
34.188798904418945, 42875.0
34.26775598526001, 42977.0
34.306363105773926, 43093.0
34.4310359954834, 43203.0
35.889050006866455, 43243.0
35.93065094947815, 43353.0
36.08261299133301, 43461.0
36.284355878829956, 43596.0
36.54624700546265, 43646.0
36.64942789077759, 43786.0
36.84364295005798, 43876.0
37.292372941970825, 43993.0
37.483121156692505, 44043.0
37.48978805541992, 44185.0
37.56920790672302, 44190.0
37.98933005332947, 44284.0
38.02789902687073, 44400.0
38.11184287071228, 44404.0
40.04261589050293, 44503.0
40.72601008415222, 44578.0
40.85931205749512, 44651.0
40.86375117301941, 44743.0
40.96656799316406, 44894.0
45.0568790435791, 45005.0
47.11032009124756, 45016.0
47.112590074539185, 45198.0
47.38044095039368, 45305.0
47.973556995391846, 45383.0
48.215996980667114, 45495.0
48.230437994003296, 45552.0
48.44550704956055, 45561.0
48.70460104942322, 45593.0
49.01133394241333, 45670.0
49.65116310119629, 45701.0
49.78386902809143, 45856.0
51.861910820007324, 45892.0
51.98882508277893, 45980.0
53.621320962905884, 46071.0
53.88168215751648, 46110.0
53.89697504043579, 46238.0
54.07643699645996, 46400.0
62.12431192398071, 46499.0
62.60508394241333, 46576.0
62.67781090736389, 46596.0
63.09969186782837, 46660.0
63.22671890258789, 46784.0
63.9174108505249, 46802.0
64.07662677764893, 46805.0
64.68499708175659, 46817.0
64.6873550415039, 46978.0
64.94510674476624, 47060.0
65.09723472595215, 47205.0
65.24408197402954, 47305.0
66.27778506278992, 47379.0
66.44890689849854, 47473.0
68.60548996925354, 47537.0
68.69101095199585, 47656.0
68.89802312850952, 47722.0
68.90590000152588, 47892.0
69.14250206947327, 47974.0
69.1771240234375, 48090.0
72.94082903862, 48098.0
75.8127989768982, 48285.0
75.86981296539307, 48399.0
87.35929298400879, 48498.0
87.66748189926147, 48566.0
87.69208598136902, 48699.0
89.3157868385315, 48745.0
89.42064881324768, 48773.0
89.43790102005005, 48905.0
89.7707188129425, 48967.0
89.98602795600891, 49102.0
90.13939690589905, 49190.0
90.47327494621277, 49275.0
90.7373218536377, 49379.0
91.11888408660889, 49450.0
91.18034195899963, 49479.0
91.5075318813324, 49502.0
92.13957190513611, 49590.0
103.4522979259491, 49601.0
103.93071794509888, 49643.0
104.04692602157593, 49746.0
104.13144373893738, 49883.0
114.48374700546265, 49993.0
114.88057208061218, 50056.0
115.09382390975952, 50071.0
115.1597158908844, 50083.0
115.3406310081482, 50094.0
115.67689108848572, 50095.0
116.03296875953674, 50197.0
116.4239490032196, 50283.0
116.42848706245422, 50402.0
116.84954905509949, 50459.0
116.93574595451355, 50578.0
116.93693208694458, 50694.0
125.13434791564941, 50703.0
126.0420458316803, 50785.0
126.06998181343079, 50903.0
137.11000895500183, 50994.0
143.82741498947144, 50995.0
144.07613396644592, 51082.0
144.18772077560425, 51088.0
206.53206706047058, 51141.0
206.5332579612732, 51293.0
206.61942601203918, 51304.0
206.89627194404602, 51341.0
206.9554898738861, 51483.0
206.99290990829468, 51501.0
216.5589029788971, 51505.0
305.3111319541931, 51592.0
305.5207509994507, 51686.0
305.7404959201813, 51693.0
306.03319787979126, 51705.0
324.3344180583954, 51782.0
324.46007108688354, 51899.0
325.47217202186584, 51902.0
326.3233368396759, 51923.0
326.3552711009979, 52084.0
327.8323509693146, 52091.0
327.9243040084839, 52195.0
400.34215903282166, 52201.0
400.52518796920776, 52296.0
400.54788184165955, 52340.0
400.57059502601624, 52456.0
400.62824010849, 52556.0
400.68198585510254, 52585.0
400.77297592163086, 52594.0
400.888160943985, 52655.0
400.92583894729614, 52797.0
