0.0, 5093.0
0.8028769493103027, 5094.0
1.536482810974121, 5117.0
1.6110320091247559, 5237.0
1.701603889465332, 5313.0
1.7750318050384521, 5363.0
1.8968358039855957, 5469.0
2.084901809692383, 5576.0
2.0977628231048584, 5606.0
2.098630905151367, 5734.0
7.413655042648315, 5749.0
7.414522886276245, 5803.0
7.416033029556274, 5860.0
12.20252799987793, 5917.0
12.347563028335571, 5918.0
12.549851894378662, 5958.0
12.587984800338745, 5992.0
12.594900846481323, 5993.0
12.661085844039917, 6074.0
12.76974105834961, 6089.0
12.913642883300781, 6101.0
55.40386986732483, 6106.0
55.447216749191284, 6165.0
55.533777952194214, 6169.0
55.571523904800415, 6180.0
55.57282090187073, 6181.0
56.105809926986694, 6239.0
56.72901391983032, 6351.0
56.731260776519775, 6405.0
94.39049077033997, 6591.0
94.42021584510803, 6600.0
94.42171382904053, 6613.0
94.46117496490479, 6648.0
94.52232789993286, 6673.0
94.52728295326233, 6803.0
94.6429660320282, 6819.0
438.02161693573, 6894.0
438.38008403778076, 6912.0
441.360613822937, 7005.0
441.37065601348877, 7006.0
441.4723629951477, 7009.0
441.6150619983673, 7020.0
441.6431517601013, 7021.0
441.8379509449005, 7078.0
442.18097472190857, 7105.0
442.69726276397705, 7142.0
442.7749147415161, 7160.0
