0.0, 6290.0
0.65976881980896, 6351.0
0.6703119277954102, 6479.0
0.8709409236907959, 6587.0
0.8734588623046875, 6675.0
0.8738219738006592, 6795.0
0.8740050792694092, 6989.0
1.2830469608306885, 7076.0
1.292771816253662, 7183.0
1.7122020721435547, 7288.0
1.833434820175171, 7319.0
1.8405230045318604, 7440.0
2.1597330570220947, 7550.0
2.284932851791382, 7587.0
3.1612648963928223, 7590.0
3.3001627922058105, 7681.0
3.494830846786499, 7772.0
3.808353900909424, 7855.0
3.810663938522339, 7990.0
3.963347911834717, 7996.0
3.9663708209991455, 8128.0
4.075927734375, 8286.0
4.768600940704346, 8288.0
5.02109694480896, 8303.0
5.021763801574707, 8461.0
5.40299391746521, 8477.0
5.494892120361328, 8561.0
5.495625019073486, 8677.0
5.499660015106201, 8778.0
5.611119985580444, 8825.0
5.613881826400757, 8861.0
5.804594993591309, 8875.0
5.806720018386841, 8878.0
5.982148885726929, 8983.0
6.092759132385254, 9040.0
6.183717966079712, 9152.0
6.378247976303101, 9240.0
6.468803882598877, 9369.0
6.473300933837891, 9489.0
7.190859079360962, 9566.0
7.278187990188599, 9672.0
7.282137870788574, 9675.0
7.367157936096191, 9822.0
7.36784291267395, 9875.0
7.450121879577637, 9980.0
10.367352962493896, 9990.0
10.498759984970093, 10031.0
10.501170873641968, 10077.0
10.574595928192139, 10187.0
13.023869037628174, 10226.0
13.02695083618164, 10348.0
13.218065023422241, 10382.0
13.81220293045044, 10406.0
13.812697887420654, 10532.0
13.812985897064209, 10642.0
13.952131748199463, 10648.0
13.95276689529419, 10670.0
14.046804904937744, 10681.0
14.223543882369995, 10755.0
14.450127840042114, 10780.0
14.538646936416626, 10885.0
65.9143078327179, 10978.0
65.98597884178162, 11041.0
66.07143592834473, 11078.0
67.00651502609253, 11089.0
67.25993776321411, 11144.0
67.26256585121155, 11176.0
68.3165168762207, 11255.0
106.49192094802856, 11260.0
169.84921407699585, 11266.0
169.85077571868896, 11285.0
169.85201215744019, 11369.0
325.42450308799744, 11374.0
349.1629960536957, 11411.0
429.95801997184753, 11479.0
446.703232049942, 11483.0
446.75704407691956, 11586.0
446.80559182167053, 11650.0
