0.0, 59619.0
1.2065532207489014, 59698.0
1.316657304763794, 59813.0
4.123997926712036, 59901.0
4.620330095291138, 60008.0
5.532215118408203, 60163.0
5.598543167114258, 60277.0
6.329669237136841, 60396.0
6.424343109130859, 60504.0
7.820930004119873, 60614.0
8.27880597114563, 60659.0
8.448882341384888, 60783.0
8.451365232467651, 60910.0
8.841324090957642, 61012.0
9.242544174194336, 61013.0
9.275243997573853, 61146.0
9.388721227645874, 61268.0
9.461281061172485, 61409.0
10.482158184051514, 61430.0
10.486562013626099, 61559.0
10.770719051361084, 61570.0
10.780057191848755, 61686.0
10.847179174423218, 61794.0
11.358395099639893, 61888.0
11.838956117630005, 61997.0
12.056772232055664, 62116.0
12.337229013442993, 62202.0
12.43789529800415, 62269.0
12.501734256744385, 62402.0
13.4374520778656, 62518.0
14.759274005889893, 62619.0
14.89287805557251, 62698.0
14.941859006881714, 62814.0
14.99586820602417, 62918.0
17.18182396888733, 63013.0
17.73832130432129, 63116.0
18.341209173202515, 63195.0
18.84941601753235, 63304.0
19.172006130218506, 63383.0
19.475648164749146, 63515.0
22.06961417198181, 63608.0
22.169182062149048, 63718.0
22.318002223968506, 63818.0
23.500904083251953, 63819.0
27.103418111801147, 63915.0
29.173184156417847, 64010.0
30.052288055419922, 64101.0
30.077702283859253, 64304.0
30.49678897857666, 64369.0
30.605674028396606, 64484.0
30.646427154541016, 64607.0
31.08732318878174, 64730.0
31.15986204147339, 64863.0
31.434256076812744, 64902.0
31.86337900161743, 65059.0
32.01270294189453, 65171.0
32.021443128585815, 65285.0
32.30936026573181, 65312.0
32.90606999397278, 65387.0
32.91055703163147, 65518.0
36.324010133743286, 65519.0
36.64637589454651, 65522.0
36.650784969329834, 65806.0
36.831459045410156, 65920.0
36.922221183776855, 66090.0
37.17380619049072, 66272.0
37.34556603431702, 66425.0
37.502618074417114, 66545.0
37.50971221923828, 66701.0
37.5894992351532, 66817.0
39.272889137268066, 66850.0
39.784664154052734, 67005.0
39.83605909347534, 67100.0
40.19690227508545, 67216.0
40.20569109916687, 67319.0
42.92631125450134, 67376.0
43.610223054885864, 67512.0
44.77215528488159, 67551.0
44.86524224281311, 67712.0
44.97202825546265, 67914.0
45.654075145721436, 67978.0
45.74269104003906, 68106.0
45.79979920387268, 68217.0
46.0203070640564, 68408.0
47.25415301322937, 68499.0
47.913318157196045, 68509.0
48.90882730484009, 68591.0
48.99871516227722, 68721.0
49.00100922584534, 68825.0
49.041544914245605, 68967.0
49.490046977996826, 69104.0
49.687767028808594, 69107.0
49.72220492362976, 69242.0
49.72668504714966, 69355.0
49.763827085494995, 69496.0
50.12841010093689, 69618.0
50.24430012702942, 69629.0
50.42256712913513, 69779.0
50.8372220993042, 69785.0
51.02235388755798, 69808.0
51.081297159194946, 69913.0
51.16742396354675, 69963.0
51.293989181518555, 70168.0
51.548532009124756, 70283.0
51.64848518371582, 70396.0
51.68578815460205, 70511.0
52.93659019470215, 70619.0
54.402918100357056, 70693.0
55.91060519218445, 70854.0
56.055763959884644, 70955.0
56.378772020339966, 71116.0
59.33234095573425, 71221.0
59.40029692649841, 71374.0
59.60256624221802, 71559.0
59.640324115753174, 71708.0
60.24655318260193, 71911.0
60.79837703704834, 72013.0
61.75500798225403, 72054.0
61.759544134140015, 72194.0
61.85505414009094, 72388.0
62.13901114463806, 72406.0
62.35578227043152, 72411.0
62.39608597755432, 72564.0
62.40053105354309, 72790.0
62.61633610725403, 72918.0
63.84914827346802, 73006.0
64.16601610183716, 73107.0
64.33833503723145, 73216.0
64.40966010093689, 73318.0
64.73200416564941, 73498.0
64.9673900604248, 73603.0
65.18335509300232, 73709.0
65.20783519744873, 73810.0
65.60473108291626, 73822.0
65.60975694656372, 74002.0
66.9190981388092, 74014.0
66.96032309532166, 74108.0
67.68621325492859, 74317.0
68.12808203697205, 74392.0
68.4669680595398, 74501.0
69.07321810722351, 74515.0
69.31560015678406, 74526.0
69.31790113449097, 74653.0
69.4486882686615, 74797.0
69.4531500339508, 74925.0
69.45543313026428, 75066.0
69.95177221298218, 75210.0
71.23604416847229, 75215.0
72.14973711967468, 75316.0
73.49272394180298, 75421.0
73.5437581539154, 75582.0
73.80869507789612, 75598.0
74.08304524421692, 75703.0
74.69111394882202, 75798.0
75.00187110900879, 75907.0
75.45806813240051, 75991.0
75.4647171497345, 76106.0
75.93184518814087, 76313.0
76.82944798469543, 76411.0
77.15087509155273, 76517.0
77.39968013763428, 76593.0
77.45140409469604, 76702.0
77.69901418685913, 76812.0
78.81691813468933, 76895.0
78.84536600112915, 77017.0
79.02847695350647, 77044.0
79.3933892250061, 77212.0
80.36091494560242, 77316.0
80.72099709510803, 77378.0
80.87005710601807, 77514.0
81.17592310905457, 77676.0
81.20490908622742, 77899.0
81.3594582080841, 78012.0
81.71926498413086, 78102.0
81.74953389167786, 78209.0
82.17189311981201, 78296.0
82.55887794494629, 78400.0
82.68265223503113, 78502.0
83.01481699943542, 78538.0
83.04363322257996, 78687.0
83.04814219474792, 78789.0
83.22148299217224, 78985.0
83.92135810852051, 78987.0
83.974858045578, 79111.0
84.42764115333557, 79118.0
86.74419617652893, 79205.0
89.19153094291687, 79293.0
89.4953031539917, 79364.0
89.61855626106262, 79483.0
90.89168405532837, 79611.0
91.79735517501831, 79705.0
91.83232712745667, 79807.0
92.43095397949219, 79898.0
92.72878813743591, 80015.0
93.06205797195435, 80092.0
93.63508296012878, 80116.0
95.88221526145935, 80137.0
96.05818009376526, 80211.0
96.8483190536499, 80273.0
96.96223306655884, 80314.0
97.96305990219116, 80410.0
98.07656502723694, 80511.0
98.1123161315918, 80616.0
104.95892214775085, 80688.0
105.11430191993713, 80774.0
105.67460417747498, 80888.0
105.69919896125793, 81083.0
105.94473028182983, 81087.0
106.06925320625305, 81097.0
106.19103693962097, 81148.0
106.46915912628174, 81411.0
106.4715051651001, 81614.0
106.59362196922302, 81617.0
106.92415118217468, 81643.0
107.04854106903076, 81648.0
107.21215105056763, 81657.0
107.30089020729065, 81815.0
107.33432126045227, 81819.0
108.4079532623291, 81907.0
110.41737508773804, 82001.0
110.65674209594727, 82090.0
110.90514302253723, 82199.0
111.24326014518738, 82217.0
112.36590600013733, 82263.0
112.39577507972717, 82494.0
114.71826100349426, 82587.0
115.08118295669556, 82694.0
115.44749808311462, 82718.0
116.68316698074341, 82803.0
116.71289014816284, 82909.0
117.29722595214844, 82916.0
117.69024896621704, 82961.0
117.7148129940033, 83109.0
118.466628074646, 83280.0
118.68755507469177, 83366.0
119.07077813148499, 83501.0
119.38530611991882, 83541.0
119.4432361125946, 83680.0
119.53492403030396, 83810.0
119.77010893821716, 83930.0
119.92256617546082, 83984.0
120.16078519821167, 84003.0
122.14694905281067, 84026.0
122.35503220558167, 84054.0
122.63770508766174, 84146.0
122.7534031867981, 84261.0
122.96174597740173, 84319.0
123.05988001823425, 84517.0
124.1161561012268, 84591.0
124.29388117790222, 84698.0
124.65559029579163, 84775.0
124.80736303329468, 84825.0
124.95531225204468, 84936.0
124.95762991905212, 85084.0
125.26139903068542, 85205.0
125.55681729316711, 85276.0
125.55911707878113, 85401.0
125.85540199279785, 85578.0
125.95370125770569, 85687.0
126.1995849609375, 85806.0
126.3753080368042, 85912.0
126.40661311149597, 86016.0
126.70782995223999, 86079.0
126.86094903945923, 86188.0
126.9818320274353, 86302.0
127.74625515937805, 86433.0
127.95006012916565, 86582.0
128.0086588859558, 86594.0
130.45757603645325, 86613.0
130.46209716796875, 86761.0
130.7342472076416, 86771.0
134.18254017829895, 86802.0
134.24073004722595, 86913.0
134.94674611091614, 86987.0
135.22441291809082, 87114.0
135.96826601028442, 87207.0
136.26547408103943, 87211.0
136.57619094848633, 87289.0
136.60306525230408, 87392.0
137.0844349861145, 87497.0
138.70076489448547, 87610.0
138.80296206474304, 87699.0
138.92566204071045, 87757.0
139.10034203529358, 87906.0
139.55609512329102, 88013.0
139.85735392570496, 88084.0
139.91932797431946, 88185.0
140.45793628692627, 88313.0
140.87869310379028, 88414.0
141.0877661705017, 88562.0
141.26641607284546, 88579.0
141.59916496276855, 88672.0
141.87314105033875, 88771.0
141.9119312763214, 88917.0
143.30822014808655, 88967.0
143.4286699295044, 89089.0
146.3916871547699, 89103.0
146.5941939353943, 89294.0
146.96325302124023, 89295.0
147.23828506469727, 89349.0
147.2674400806427, 89384.0
147.44752717018127, 89493.0
147.6249930858612, 89508.0
147.7164809703827, 89598.0
147.89499592781067, 89612.0
148.35190296173096, 89676.0
148.69107723236084, 89705.0
149.66197299957275, 89710.0
150.24078011512756, 89804.0
150.27881407737732, 89905.0
150.90831208229065, 90011.0
151.38846707344055, 90016.0
152.5813410282135, 90082.0
153.2434811592102, 90189.0
153.35941910743713, 90200.0
154.7820999622345, 90317.0
156.2116982936859, 90328.0
156.4498860836029, 90500.0
156.80611610412598, 90589.0
157.0016529560089, 90618.0
158.76667714118958, 90665.0
158.8998441696167, 90708.0
159.1007559299469, 90756.0
159.24447107315063, 90808.0
159.37446093559265, 90867.0
159.5957932472229, 90878.0
159.83426809310913, 91005.0
160.20721101760864, 91037.0
160.2095432281494, 91188.0
160.62974905967712, 91289.0
160.6634271144867, 91411.0
162.44426918029785, 91517.0
163.2300410270691, 91519.0
164.2578501701355, 91583.0
164.28951501846313, 91699.0
164.4087450504303, 91700.0
164.92640209197998, 91702.0
165.01162123680115, 91807.0
165.1991081237793, 91860.0
165.74650025367737, 91918.0
166.01205825805664, 92011.0
166.0369222164154, 92016.0
166.07518005371094, 92017.0
166.5275580883026, 92021.0
166.55459713935852, 92158.0
166.58150815963745, 92311.0
168.1859221458435, 92339.0
168.22209787368774, 92498.0
168.3678731918335, 92613.0
169.05804014205933, 92614.0
169.66301894187927, 92618.0
169.96500611305237, 92655.0
170.16876125335693, 92712.0
170.17564415931702, 92872.0
170.3258900642395, 92896.0
171.2001142501831, 92913.0
186.7220060825348, 92992.0
186.86710906028748, 93119.0
187.84838199615479, 93207.0
188.089093208313, 93314.0
190.09384393692017, 93402.0
190.4491581916809, 93405.0
191.32708930969238, 93410.0
191.47614526748657, 93418.0
199.25929808616638, 93512.0
199.4200792312622, 93526.0
199.53215527534485, 93719.0
202.85556197166443, 93750.0
202.8601531982422, 93896.0
202.88940596580505, 93907.0
206.60767006874084, 93910.0
206.90517711639404, 94012.0
206.92547726631165, 94113.0
207.3669250011444, 94118.0
208.24464106559753, 94131.0
208.63230514526367, 94316.0
210.36264610290527, 94393.0
210.36951208114624, 94509.0
210.54518103599548, 94707.0
210.64166617393494, 94813.0
211.21407222747803, 94907.0
211.24107122421265, 95100.0
212.1544110774994, 95113.0
212.63378524780273, 95209.0
213.13005018234253, 95214.0
213.4045922756195, 95255.0
213.465350151062, 95375.0
213.4946150779724, 95477.0
213.640212059021, 95508.0
213.79094910621643, 95586.0
221.49179601669312, 95597.0
222.02399516105652, 95606.0
222.29680609703064, 95615.0
222.6835389137268, 95629.0
222.68974590301514, 95766.0
222.80558705329895, 95890.0
223.19263005256653, 95897.0
223.6818401813507, 95908.0
224.28813219070435, 95967.0
224.34890389442444, 96100.0
224.44087600708008, 96124.0
224.5264720916748, 96219.0
224.55984807014465, 96391.0
224.96056413650513, 96416.0
225.1105351448059, 96471.0
225.45120525360107, 96506.0
226.1793179512024, 96521.0
226.21888208389282, 96646.0
226.24810910224915, 96819.0
226.72904205322266, 96923.0
226.76066708564758, 97099.0
227.69344425201416, 97218.0
228.96640014648438, 97280.0
229.78111791610718, 97299.0
234.45863127708435, 97374.0
239.12085604667664, 97417.0
240.72883200645447, 97498.0
240.91704297065735, 97549.0
240.99172925949097, 97657.0
241.05860209465027, 97812.0
244.3092930316925, 97918.0
247.00783014297485, 98016.0
248.60362696647644, 98018.0
263.2484972476959, 98079.0
263.57634830474854, 98181.0
263.6730670928955, 98203.0
263.8260450363159, 98208.0
278.0616309642792, 98239.0
278.1500222682953, 98411.0
278.3995261192322, 98487.0
278.4895532131195, 98611.0
279.4459900856018, 98794.0
287.36281299591064, 98882.0
287.5472960472107, 98893.0
287.67027831077576, 98950.0
288.4572310447693, 98964.0
288.51822805404663, 98996.0
289.08259415626526, 99018.0
296.8658423423767, 99117.0
296.9599940776825, 99118.0
301.36300325393677, 99204.0
301.39794301986694, 99318.0
301.7557771205902, 99321.0
301.8799612522125, 99467.0
302.0602402687073, 99508.0
304.7769820690155, 99591.0
305.2861261367798, 99600.0
308.1331741809845, 99708.0
308.85917019844055, 99882.0
309.07823419570923, 99987.0
309.2248160839081, 100095.0
309.67458724975586, 100199.0
309.82460021972656, 100207.0
310.6125271320343, 100307.0
311.0366630554199, 100308.0
311.2737910747528, 100380.0
311.667396068573, 100414.0
312.58026599884033, 100506.0
313.39047026634216, 100509.0
313.5501620769501, 100611.0
313.9456720352173, 100639.0
314.0649359226227, 100722.0
314.3965549468994, 100818.0
316.0944309234619, 100864.0
316.2166872024536, 100950.0
316.3958661556244, 101059.0
316.43230509757996, 101174.0
316.78785514831543, 101310.0
321.227352142334, 101410.0
322.4378979206085, 101613.0
322.8844940662384, 101715.0
323.15385389328003, 101777.0
343.11654806137085, 101860.0
345.7175521850586, 101867.0
345.75592708587646, 102018.0
349.44517517089844, 102068.0
349.80712819099426, 102131.0
349.8353080749512, 102299.0
349.90463614463806, 102305.0
415.7403070926666, 102318.0
416.82399892807007, 102393.0
416.9978849887848, 102475.0
417.13513803482056, 102510.0
417.2770140171051, 102568.0
417.5430142879486, 102571.0
417.6237392425537, 102816.0
417.7591302394867, 102874.0
418.1024901866913, 102916.0
418.27312207221985, 102978.0
418.36028003692627, 103048.0
418.4840602874756, 103049.0
418.5456471443176, 103169.0
418.6966781616211, 103318.0
419.06985116004944, 103415.0
419.24677300453186, 103457.0
419.2835042476654, 103612.0
503.0696499347687, 103613.0
