0.0, 3116.0
0.0030639171600341797, 3194.0
0.003645181655883789, 3303.0
0.004433155059814453, 3354.0
0.005500078201293945, 3457.0
0.006284952163696289, 3605.0
0.011106014251708984, 3678.0
0.017343997955322266, 3787.0
0.018602848052978516, 3903.0
0.45523977279663086, 4068.0
0.4795238971710205, 4204.0
0.47992897033691406, 4496.0
0.4813270568847656, 4576.0
0.4821197986602783, 4696.0
0.48612093925476074, 4778.0
0.48662590980529785, 4885.0
0.6724441051483154, 4898.0
1.1208398342132568, 4899.0
1.4762468338012695, 4908.0
2.111335039138794, 4998.0
2.1194748878479004, 5009.0
2.119778871536255, 5179.0
2.167448043823242, 5313.0
2.239804983139038, 5369.0
2.3204078674316406, 5409.0
2.5155858993530273, 5410.0
2.5223758220672607, 5507.0
2.524188995361328, 5610.0
3.783121109008789, 5613.0
10.296962022781372, 5616.0
13.792820930480957, 5717.0
33.37076807022095, 5802.0
33.762120962142944, 5807.0
33.85875391960144, 5812.0
34.52438282966614, 5913.0
35.8462860584259, 6010.0
77.7348198890686, 6081.0
77.73853516578674, 6102.0
79.62892699241638, 6112.0
