0.0, 10042.0
1.9813799858093262, 10058.0
2.0492360591888428, 10059.0
2.3505358695983887, 10060.0
2.3596060276031494, 10280.0
2.426680088043213, 10281.0
2.5218498706817627, 10375.0
2.9598641395568848, 10429.0
6.4021289348602295, 10433.0
8.393449068069458, 10513.0
8.809239149093628, 10567.0
8.937296867370605, 10583.0
8.94160795211792, 10607.0
9.062150955200195, 10648.0
9.258141040802002, 10689.0
9.268465995788574, 10691.0
9.57183289527893, 10770.0
10.160744905471802, 10771.0
10.803893089294434, 10798.0
10.932986974716187, 10845.0
10.936569929122925, 10902.0
11.091089963912964, 10977.0
12.223298072814941, 11026.0
12.334443092346191, 11044.0
12.425794124603271, 11062.0
12.43087911605835, 11126.0
18.96448016166687, 11256.0
22.82029700279236, 11285.0
22.877542972564697, 11356.0
23.9930260181427, 11376.0
24.356643199920654, 11439.0
24.614542245864868, 11463.0
24.62057900428772, 11464.0
29.338088035583496, 11495.0
29.5058171749115, 11514.0
29.648798942565918, 11603.0
29.754894971847534, 11659.0
29.857127904891968, 11665.0
29.898283004760742, 11705.0
29.941144227981567, 11847.0
30.252856016159058, 11857.0
37.98571491241455, 11907.0
37.98635292053223, 11908.0
37.98728084564209, 11909.0
38.08137917518616, 11925.0
38.1405189037323, 12041.0
38.176888942718506, 12082.0
38.23193907737732, 12117.0
253.66882586479187, 12149.0
254.03131008148193, 12224.0
254.66784596443176, 12245.0
256.42964792251587, 12340.0
256.749046087265, 12448.0
256.82598781585693, 12464.0
337.37073493003845, 12519.0
337.96670293807983, 12547.0
338.2256450653076, 12571.0
338.55992698669434, 12624.0
338.7049329280853, 12660.0
