0.0, 24793.0
1.9625401496887207, 24806.0
2.108656883239746, 24970.0
2.8667569160461426, 24999.0
3.0734329223632812, 25025.0
3.2544939517974854, 25044.0
3.330315113067627, 25218.0
3.469837188720703, 25237.0
4.232791900634766, 25259.0
5.8191938400268555, 25317.0
6.086609840393066, 25360.0
6.1192851066589355, 25363.0
6.218926906585693, 25397.0
7.071926116943359, 25406.0
7.135372161865234, 25562.0
7.356105089187622, 25622.0
8.84884786605835, 25761.0
8.982767820358276, 25794.0
9.133425951004028, 25843.0
9.181710958480835, 25902.0
13.375196933746338, 25966.0
13.74099588394165, 25988.0
13.749917984008789, 26060.0
14.033399105072021, 26176.0
14.077523946762085, 26303.0
14.639904975891113, 26328.0
19.39824891090393, 26384.0
19.501682996749878, 26510.0
19.539172887802124, 26511.0
19.671839952468872, 26524.0
20.14036989212036, 26525.0
20.400774002075195, 26590.0
20.670252084732056, 26661.0
21.057991981506348, 26727.0
21.226520776748657, 26728.0
21.275011777877808, 26755.0
37.65040683746338, 26852.0
37.8073308467865, 26953.0
38.52529215812683, 26983.0
38.52993583679199, 27039.0
40.94311499595642, 27158.0
41.38958287239075, 27215.0
42.1111900806427, 27236.0
74.22153186798096, 27278.0
74.35371589660645, 27419.0
74.35767793655396, 27567.0
74.40898895263672, 27646.0
98.96221804618835, 27689.0
99.17247605323792, 27755.0
99.20544290542603, 27756.0
99.2807559967041, 27850.0
99.33202385902405, 27851.0
99.43259906768799, 27862.0
99.54303097724915, 27919.0
99.96581196784973, 27958.0
100.00138592720032, 28106.0
101.69888210296631, 28187.0
101.8078339099884, 28312.0
102.18081593513489, 28340.0
102.54584789276123, 28386.0
260.42547583580017, 28458.0
261.5625870227814, 28478.0
261.7292318344116, 28503.0
261.7671139240265, 28536.0
262.2507789134979, 28555.0
262.25603795051575, 28675.0
262.35568284988403, 28684.0
262.4494118690491, 28737.0
262.51993203163147, 28897.0
262.55894899368286, 28903.0
262.69071102142334, 28956.0
262.9415371417999, 29069.0
