0.0, 24793.0
1.9216549396514893, 24806.0
1.9516582489013672, 24970.0
2.623732089996338, 24999.0
2.8226470947265625, 25025.0
2.919252872467041, 25044.0
3.0662710666656494, 25218.0
3.1145880222320557, 25237.0
3.9628870487213135, 25259.0
5.3638739585876465, 25317.0
5.575780153274536, 25360.0
5.6352219581604, 25363.0
5.730690002441406, 25397.0
6.428864002227783, 25406.0
6.515160083770752, 25562.0
6.6874589920043945, 25622.0
8.21291208267212, 25761.0
8.431719064712524, 25794.0
8.572935104370117, 25843.0
8.621088027954102, 25902.0
12.483618021011353, 25966.0
12.95849323272705, 25988.0
13.022644281387329, 26060.0
13.465150117874146, 26176.0
13.521826982498169, 26303.0
14.116461038589478, 26328.0
18.451173067092896, 26384.0
18.47273302078247, 26510.0
18.565596103668213, 26511.0
18.743391275405884, 26524.0
19.123796939849854, 26525.0
19.26420021057129, 26590.0
19.41292095184326, 26661.0
19.698514223098755, 26727.0
19.890541076660156, 26728.0
19.981651067733765, 26755.0
35.94209289550781, 26852.0
36.21915626525879, 26953.0
36.986226081848145, 26983.0
37.02876806259155, 27039.0
39.44392013549805, 27158.0
39.857420921325684, 27215.0
40.55209994316101, 27236.0
70.1985251903534, 27278.0
70.29277110099792, 27419.0
70.2968680858612, 27567.0
70.34502816200256, 27646.0
95.06035804748535, 27689.0
95.28764009475708, 27755.0
95.29620122909546, 27756.0
95.44278693199158, 27850.0
95.47299408912659, 27851.0
95.59491610527039, 27862.0
95.77267122268677, 27919.0
96.2290301322937, 27958.0
96.23351311683655, 28106.0
97.87287211418152, 28187.0
97.96862721443176, 28312.0
98.37180805206299, 28340.0
98.74965500831604, 28386.0
261.0349061489105, 28458.0
262.2057409286499, 28478.0
262.36376118659973, 28503.0
262.3941340446472, 28536.0
262.8633120059967, 28555.0
262.8678572177887, 28675.0
262.98944211006165, 28684.0
263.067743062973, 28737.0
263.1372799873352, 28897.0
263.1810121536255, 28903.0
263.32668113708496, 28956.0
263.57143998146057, 29069.0
