0.0, 1195.0
0.004805326461791992, 1297.0
0.29668140411376953, 1390.0
0.306537389755249, 1392.0
0.4015471935272217, 1486.0
0.5291881561279297, 1494.0
0.5306591987609863, 1588.0
0.5310320854187012, 1673.0
0.5325031280517578, 1797.0
0.5366761684417725, 1887.0
0.5384142398834229, 1928.0
0.5388190746307373, 2009.0
0.6076042652130127, 2062.0
0.6124851703643799, 2064.0
0.6550121307373047, 2150.0
0.7083461284637451, 2186.0
0.7105042934417725, 2188.0
0.7151942253112793, 2274.0
0.7178282737731934, 2283.0
0.8719542026519775, 2293.0
1.6694750785827637, 2392.0
1.8860061168670654, 2475.0
3.061890125274658, 2495.0
