0.0, 12289.0
2.265195846557617, 12583.0
2.266494035720825, 13072.0
2.3809170722961426, 13293.0
2.6449050903320312, 14181.0
2.650826930999756, 14581.0
2.6529297828674316, 15013.0
2.6766679286956787, 15570.0
2.6842119693756104, 16513.0
2.7513649463653564, 16615.0
2.9628899097442627, 16900.0
3.0937647819519043, 17223.0
3.1605887413024902, 17418.0
3.1719250679016113, 17659.0
3.1854169368743896, 18275.0
3.1885640621185303, 18326.0
3.1890199184417725, 19278.0
3.350322961807251, 20265.0
3.489515781402588, 20642.0
4.067086935043335, 20753.0
4.6670191287994385, 21350.0
4.667470932006836, 22052.0
4.71704888343811, 22396.0
5.048249959945679, 22717.0
5.049550771713257, 22760.0
5.088327884674072, 23490.0
5.090869665145874, 24158.0
5.136011123657227, 24286.0
5.142861843109131, 24407.0
5.145993947982788, 24952.0
5.632630825042725, 25716.0
5.81906270980835, 26249.0
5.960500955581665, 26271.0
6.011129856109619, 26697.0
6.852134943008423, 26774.0
6.865132808685303, 26991.0
6.995723724365234, 27437.0
7.112440824508667, 27576.0
7.168874979019165, 27700.0
7.174803018569946, 27953.0
7.533261775970459, 28467.0
7.666332960128784, 28867.0
7.800026893615723, 28945.0
8.209175825119019, 29377.0
8.272130727767944, 30168.0
8.318930864334106, 30514.0
8.324175834655762, 30596.0
8.380005836486816, 31434.0
8.382850885391235, 31951.0
8.38606595993042, 32279.0
8.387457847595215, 32753.0
9.29905891418457, 33297.0
9.300360918045044, 33913.0
9.418751955032349, 34140.0
9.424061059951782, 34152.0
9.467305898666382, 35034.0
9.474153995513916, 35652.0
9.51301884651184, 36523.0
9.557429075241089, 36761.0
9.55962610244751, 37424.0
9.61339282989502, 38172.0
10.770781993865967, 38459.0
10.772587060928345, 38666.0
10.819233894348145, 39223.0
10.827093124389648, 39231.0
10.836404085159302, 39880.0
10.839093685150146, 40521.0
10.924696922302246, 41085.0
11.777211904525757, 41407.0
11.819263935089111, 41490.0
11.828711032867432, 41950.0
11.86863398551941, 42122.0
11.932133913040161, 43008.0
13.47688889503479, 43759.0
13.982290029525757, 44167.0
13.983200788497925, 44184.0
14.036971807479858, 45084.0
14.084496974945068, 45491.0
14.085387706756592, 46430.0
18.431060075759888, 46771.0
18.488425970077515, 47481.0
18.56947898864746, 48045.0
19.008692979812622, 48617.0
19.159199953079224, 48673.0
19.160840034484863, 48926.0
19.197147846221924, 49220.0
19.198927879333496, 49636.0
19.20331597328186, 50347.0
19.378407955169678, 50851.0
29.26411771774292, 51686.0
29.492257833480835, 52105.0
32.395751953125, 52361.0
32.39751672744751, 52652.0
32.442667722702026, 53552.0
32.44776511192322, 53715.0
32.45166277885437, 53723.0
32.5891318321228, 53859.0
32.59018874168396, 54562.0
32.63639688491821, 55156.0
32.96805477142334, 55351.0
33.55354189872742, 55635.0
41.0875129699707, 56011.0
41.091105699539185, 56928.0
41.78770685195923, 56960.0
41.87376594543457, 57799.0
41.91852402687073, 57874.0
41.962186098098755, 58803.0
43.99885392189026, 58855.0
44.038933992385864, 58866.0
44.04207992553711, 58968.0
44.12371373176575, 59160.0
44.127585887908936, 59717.0
44.33980870246887, 59971.0
44.38125705718994, 60069.0
44.42267179489136, 60698.0
44.42312669754028, 61362.0
87.84483575820923, 61467.0
87.94542598724365, 61623.0
88.09896087646484, 61713.0
262.4774098396301, 61865.0
262.48305583000183, 61870.0
262.5216829776764, 61877.0
262.5221457481384, 62609.0
262.5528347492218, 62735.0
490.1985499858856, 63334.0
490.1998977661133, 63554.0
490.2069640159607, 63793.0
490.2374768257141, 64629.0
