0.0, 3116.0
0.0027320384979248047, 3194.0
0.0032320022583007812, 3303.0
0.003914833068847656, 3354.0
0.00483393669128418, 3457.0
0.005501747131347656, 3605.0
0.009501934051513672, 3678.0
0.1051797866821289, 3787.0
0.1064000129699707, 3903.0
0.22385096549987793, 4068.0
0.22553277015686035, 4204.0
0.22580981254577637, 4496.0
0.3146669864654541, 4576.0
0.3154008388519287, 4696.0
0.31905603408813477, 4778.0
0.31952595710754395, 4885.0
0.32347989082336426, 4898.0
0.6719319820404053, 4899.0
0.9354500770568848, 4908.0
1.5939009189605713, 4998.0
1.7600507736206055, 5009.0
1.7603628635406494, 5179.0
1.762681007385254, 5313.0
1.8548388481140137, 5369.0
1.9065139293670654, 5409.0
2.05373477935791, 5410.0
2.0602619647979736, 5507.0
2.175571918487549, 5610.0
3.2417960166931152, 5613.0
10.136207103729248, 5616.0
13.325371980667114, 5717.0
29.946305990219116, 5802.0
30.290268898010254, 5807.0
30.397902011871338, 5812.0
31.09167790412903, 5913.0
32.28622102737427, 6010.0
69.02352094650269, 6081.0
69.02722597122192, 6102.0
70.6350450515747, 6112.0
