0.0, 6290.0
0.413604736328125, 6351.0
0.5077939033508301, 6479.0
0.5162167549133301, 6587.0
0.630659818649292, 6675.0
0.6311419010162354, 6795.0
0.6313798427581787, 6989.0
0.9745910167694092, 7076.0
1.0829849243164062, 7183.0
1.337493896484375, 7288.0
1.411181926727295, 7319.0
1.4157037734985352, 7440.0
1.5996439456939697, 7550.0
1.683877944946289, 7587.0
2.2179529666900635, 7590.0
2.31176495552063, 7681.0
2.463413953781128, 7772.0
2.57899808883667, 7855.0
2.5812838077545166, 7990.0
2.6847569942474365, 7996.0
2.687680959701538, 8128.0
2.7536017894744873, 8286.0
3.1679718494415283, 8288.0
3.256197929382324, 8303.0
3.256840944290161, 8461.0
3.6188900470733643, 8477.0
3.624433994293213, 8561.0
3.6250829696655273, 8677.0
3.7455999851226807, 8778.0
3.750898838043213, 8825.0
3.756699800491333, 8861.0
3.9511806964874268, 8875.0
3.9533119201660156, 8878.0
4.088469982147217, 8983.0
4.162226915359497, 9040.0
4.203420877456665, 9152.0
4.326903820037842, 9240.0
4.370393753051758, 9369.0
4.3747007846832275, 9489.0
4.873406887054443, 9566.0
4.890871047973633, 9672.0
4.895232915878296, 9675.0
4.94832181930542, 9822.0
4.9493608474731445, 9875.0
5.004477024078369, 9980.0
6.572500944137573, 9990.0
6.641635894775391, 10031.0
6.698400020599365, 10077.0
6.699726819992065, 10187.0
7.926114797592163, 10226.0
7.930553913116455, 10348.0
8.005155801773071, 10382.0
8.23928189277649, 10406.0
8.28078007698059, 10532.0
8.281016826629639, 10642.0
8.289493083953857, 10648.0
8.290161848068237, 10670.0
8.382241010665894, 10681.0
8.447512865066528, 10755.0
8.558503866195679, 10780.0
8.609184980392456, 10885.0
40.26569986343384, 10978.0
40.34498381614685, 11041.0
40.38391613960266, 11078.0
40.84296989440918, 11089.0
40.95424795150757, 11144.0
40.992733001708984, 11176.0
41.53058886528015, 11255.0
67.8061010837555, 11260.0
129.4468879699707, 11266.0
129.44756484031677, 11285.0
129.45020174980164, 11369.0
286.89853596687317, 11374.0
311.99938893318176, 11411.0
392.47386503219604, 11479.0
407.0682990550995, 11483.0
407.10001587867737, 11586.0
407.1862118244171, 11650.0
