0.0, 9825.0
0.34357500076293945, 10059.0
0.36477112770080566, 10161.0
0.36675405502319336, 10387.0
0.3677530288696289, 10415.0
0.5326120853424072, 10508.0
0.5337340831756592, 11168.0
0.5378439426422119, 11547.0
0.6288230419158936, 11973.0
0.7337760925292969, 12812.0
0.7400801181793213, 13584.0
0.7407670021057129, 14149.0
0.8650000095367432, 14381.0
0.8700931072235107, 14515.0
0.9633841514587402, 14710.0
1.1035900115966797, 14830.0
1.193979024887085, 15399.0
1.20546293258667, 15806.0
1.2066869735717773, 16027.0
1.441378116607666, 16414.0
1.441573143005371, 16662.0
1.446707010269165, 17605.0
1.5738401412963867, 18324.0
1.5761089324951172, 18809.0
1.8033080101013184, 18942.0
1.8904979228973389, 19609.0
2.5715057849884033, 19641.0
2.5736210346221924, 19767.0
2.6405601501464844, 19890.0
2.649425983428955, 19893.0
3.122296094894409, 19992.0
3.1724119186401367, 20599.0
3.1728479862213135, 21072.0
3.321621894836426, 21074.0
3.32676100730896, 21454.0
3.4464240074157715, 21957.0
3.8750431537628174, 22321.0
3.9214000701904297, 22486.0
3.9265120029449463, 22916.0
4.197787046432495, 22947.0
4.203809022903442, 23783.0
4.205136060714722, 23874.0
4.206204891204834, 24071.0
4.207494020462036, 24518.0
4.208349943161011, 24728.0
4.340430974960327, 25226.0
4.564745903015137, 25411.0
5.184212923049927, 25492.0
5.184591054916382, 26444.0
5.1853508949279785, 26944.0
5.245184898376465, 27026.0
5.303354024887085, 27621.0
7.312602996826172, 28136.0
7.764264822006226, 28791.0
8.266516923904419, 28839.0
8.972692012786865, 29018.0
8.97608494758606, 29236.0
9.076367139816284, 29357.0
9.189846992492676, 29802.0
10.173418045043945, 30400.0
10.176848888397217, 31170.0
15.448168992996216, 31630.0
15.4668869972229, 31984.0
30.047910928726196, 32210.0
34.236170053482056, 32542.0
34.236401081085205, 33422.0
34.24170804023743, 33817.0
51.49186706542969, 34253.0
51.5274019241333, 34319.0
51.73119592666626, 34410.0
51.731853008270264, 34451.0
51.73250603675842, 35009.0
51.77920413017273, 35213.0
51.85098099708557, 35432.0
317.956307888031, 35718.0
317.9926829338074, 35973.0
329.14832520484924, 36791.0
366.0658679008484, 37150.0
383.50829315185547, 37704.0
383.58563804626465, 37743.0
383.6508700847626, 37799.0
383.65630412101746, 38506.0
394.67872405052185, 39396.0
413.2319450378418, 39593.0
447.71196389198303, 40079.0
450.5129249095917, 40366.0
450.99795603752136, 40377.0
452.8932640552521, 40694.0
454.2256360054016, 41041.0
454.32072281837463, 41789.0
454.32611894607544, 42021.0
457.7763979434967, 42116.0
459.5101900100708, 42418.0
459.51953291893005, 42643.0
459.521075963974, 42925.0
459.58686113357544, 43020.0
459.6315379142761, 43774.0
459.6362009048462, 43993.0
459.6757938861847, 44119.0
459.7200930118561, 44146.0
459.7414789199829, 44309.0
459.7503569126129, 44713.0
460.2037560939789, 44837.0
461.9145829677582, 45107.0
461.9170219898224, 45807.0
476.89915704727173, 46133.0
477.20032000541687, 46160.0
477.2584891319275, 46190.0
483.34154295921326, 46217.0
483.37300395965576, 46759.0
485.0831069946289, 46983.0
486.9339289665222, 47135.0
487.0171809196472, 47421.0
