0.0, 30605.0
2.789898157119751, 30695.0
3.1996841430664062, 30805.0
3.2122843265533447, 30865.0
3.395961284637451, 31072.0
3.509294271469116, 31204.0
6.056064128875732, 31283.0
6.330729246139526, 31393.0
6.727187395095825, 31697.0
7.2256622314453125, 31698.0
7.226794004440308, 32057.0
7.350642204284668, 32173.0
7.400902271270752, 32369.0
7.458587169647217, 32479.0
8.044662237167358, 32512.0
8.091797113418579, 32620.0
8.154689073562622, 32750.0
8.492644309997559, 32864.0
8.651665210723877, 32971.0
8.706489086151123, 33074.0
8.713011264801025, 33092.0
9.135630130767822, 33177.0
9.201171398162842, 33226.0
9.203409194946289, 33371.0
9.271075248718262, 33504.0
9.363492250442505, 33573.0
9.513915300369263, 33796.0
9.864248275756836, 33902.0
9.93302297592163, 34005.0
10.625866174697876, 34070.0
10.678527116775513, 34231.0
10.682050228118896, 34380.0
10.76947832107544, 34505.0
11.089014053344727, 34604.0
11.19779920578003, 34655.0
11.237120151519775, 34802.0
11.830880165100098, 34904.0
12.311473369598389, 34993.0
12.425251245498657, 35301.0
12.906763076782227, 35304.0
13.207574129104614, 35346.0
13.5231351852417, 35493.0
14.193474054336548, 35583.0
14.324995279312134, 35686.0
14.746279239654541, 35699.0
15.114931344985962, 35799.0
15.300718069076538, 35971.0
15.334659099578857, 36188.0
15.384781122207642, 36248.0
15.388112306594849, 36277.0
15.593276262283325, 36386.0
15.72352409362793, 36404.0
15.954122066497803, 36414.0
16.069622039794922, 36573.0
16.122162342071533, 36753.0
16.173243284225464, 36862.0
16.25576424598694, 36960.0
16.26013731956482, 37098.0
16.771778106689453, 37204.0
17.282551050186157, 37282.0
17.751533269882202, 37301.0
17.979202270507812, 37388.0
18.03822422027588, 37489.0
18.216946363449097, 37605.0
18.522761344909668, 37607.0
18.527172088623047, 37728.0
18.813260078430176, 37842.0
18.857341289520264, 37973.0
18.907883167266846, 38071.0
19.47381019592285, 38234.0
19.527310132980347, 38403.0
20.376437187194824, 38410.0
20.380333185195923, 38596.0
20.880670309066772, 38620.0
20.889769315719604, 38804.0
21.327410221099854, 38834.0
21.458691120147705, 38904.0
22.17955207824707, 38999.0
22.502455234527588, 39033.0
22.504805326461792, 39148.0
22.643425226211548, 39271.0
22.874359130859375, 39305.0
23.53900122642517, 39477.0
23.753924131393433, 39586.0
23.933996200561523, 39595.0
24.62889814376831, 39704.0
25.339730262756348, 39795.0
25.413021326065063, 39912.0
25.59196901321411, 40092.0
25.602119207382202, 40166.0
25.823566198349, 40193.0
26.469658136367798, 40197.0
26.725622177124023, 40295.0
26.781858205795288, 40396.0
28.090252161026, 40397.0
28.137944221496582, 40555.0
28.144646167755127, 40683.0
28.19805121421814, 40874.0
28.297842264175415, 40995.0
29.025951147079468, 41091.0
29.213117361068726, 41259.0
29.642441987991333, 41281.0
29.80973720550537, 41400.0
31.49306321144104, 41502.0
31.943145275115967, 41503.0
32.60357141494751, 41601.0
35.17679738998413, 41618.0
35.182332277297974, 41746.0
35.226484060287476, 41864.0
35.68417429924011, 41898.0
35.72026705741882, 42048.0
35.819767236709595, 42082.0
36.32160997390747, 42237.0
36.32608413696289, 42375.0
37.289632081985474, 42383.0
37.748351097106934, 42463.0
38.00844216346741, 42497.0
38.01072430610657, 42700.0
38.34189009666443, 42764.0
38.4429931640625, 42867.0
38.49042105674744, 42875.0
38.563345193862915, 42977.0
38.57299733161926, 43093.0
38.71688914299011, 43203.0
40.27214312553406, 43243.0
40.32289528846741, 43353.0
40.508517265319824, 43461.0
40.674432039260864, 43596.0
40.94734311103821, 43646.0
41.00873327255249, 43786.0
41.242515325546265, 43876.0
41.715750217437744, 43993.0
41.94794821739197, 44043.0
41.99174118041992, 44185.0
42.08810234069824, 44190.0
42.482662200927734, 44284.0
42.54860019683838, 44400.0
42.657196044921875, 44404.0
44.78983402252197, 44503.0
45.66067314147949, 44578.0
45.76426434516907, 44651.0
45.770668029785156, 44743.0
45.86427330970764, 44894.0
50.440070152282715, 45005.0
53.21599531173706, 45016.0
53.250869035720825, 45198.0
53.54845333099365, 45305.0
54.23063826560974, 45383.0
54.47577428817749, 45495.0
54.53387427330017, 45552.0
54.713219165802, 45561.0
54.947856187820435, 45593.0
55.28410720825195, 45670.0
55.99744415283203, 45701.0
56.13268518447876, 45856.0
58.6196072101593, 45892.0
58.757450103759766, 45980.0
61.03836703300476, 46071.0
61.239039182662964, 46110.0
61.35590624809265, 46238.0
61.49389910697937, 46400.0
70.15801620483398, 46499.0
70.74516725540161, 46576.0
70.79680514335632, 46596.0
71.31211113929749, 46660.0
71.44874906539917, 46784.0
72.28195405006409, 46802.0
72.44907808303833, 46805.0
73.25816226005554, 46817.0
73.2605881690979, 46978.0
73.46817326545715, 47060.0
73.67394828796387, 47205.0
73.77814817428589, 47305.0
74.86693620681763, 47379.0
75.01252722740173, 47473.0
77.62977719306946, 47537.0
77.71788024902344, 47656.0
77.98381519317627, 47722.0
77.99473834037781, 47892.0
78.29418325424194, 47974.0
78.35750603675842, 48090.0
82.28612613677979, 48098.0
86.01775431632996, 48285.0
86.06983828544617, 48399.0
99.46185421943665, 48498.0
99.85425519943237, 48566.0
99.88159728050232, 48699.0
101.85233116149902, 48745.0
101.97035336494446, 48773.0
102.00553441047668, 48905.0
102.41405415534973, 48967.0
102.66122031211853, 49102.0
102.86188530921936, 49190.0
103.31570100784302, 49275.0
103.5950882434845, 49379.0
104.04985022544861, 49450.0
104.13119411468506, 49479.0
104.52948021888733, 49502.0
105.3205943107605, 49590.0
119.08146929740906, 49601.0
119.68215918540955, 49643.0
119.8264262676239, 49746.0
120.00269818305969, 49883.0
132.6472373008728, 49993.0
133.16546320915222, 50056.0
133.43326330184937, 50071.0
133.52306413650513, 50083.0
133.73278903961182, 50094.0
134.16001510620117, 50095.0
134.5809202194214, 50197.0
135.0329520702362, 50283.0
135.0375201702118, 50402.0
135.56554222106934, 50459.0
135.66866326332092, 50578.0
135.66984915733337, 50694.0
145.76453304290771, 50703.0
146.88895535469055, 50785.0
146.8923671245575, 50903.0
160.22418212890625, 50994.0
168.25877141952515, 50995.0
168.553729057312, 51082.0
168.69086527824402, 51088.0
244.24740624427795, 51141.0
244.24858808517456, 51293.0
244.37044405937195, 51304.0
244.69113612174988, 51341.0
244.76569032669067, 51483.0
244.830411195755, 51501.0
256.38726139068604, 51505.0
362.93588423728943, 51592.0
363.1916892528534, 51686.0
363.4634020328522, 51693.0
363.8390431404114, 51705.0
386.35661816596985, 51782.0
386.5429313182831, 51899.0
387.7573502063751, 51902.0
389.00234603881836, 51923.0
389.0324501991272, 52084.0
391.2467451095581, 52091.0
391.3601212501526, 52195.0
480.9038462638855, 52201.0
481.1816670894623, 52296.0
481.2113242149353, 52340.0
481.21601009368896, 52456.0
481.2684922218323, 52556.0
481.3417372703552, 52585.0
481.4324641227722, 52594.0
481.5636579990387, 52655.0
481.5706660747528, 52797.0
