0.0, 12289.0
1.8008418083190918, 12583.0
1.8021337985992432, 13072.0
1.851658821105957, 13293.0
2.010408878326416, 14181.0
2.0570597648620605, 14581.0
2.059168815612793, 15013.0
2.0608608722686768, 15570.0
2.1079888343811035, 16513.0
2.1118099689483643, 16615.0
2.384734869003296, 16900.0
2.4372758865356445, 17223.0
2.442765712738037, 17418.0
2.4948747158050537, 17659.0
2.547531843185425, 18275.0
2.550092935562134, 18326.0
2.550534725189209, 19278.0
2.6542017459869385, 20265.0
2.7633447647094727, 20642.0
3.2661077976226807, 20753.0
3.8367748260498047, 21350.0
3.8372206687927246, 22052.0
3.840615749359131, 22396.0
4.077389717102051, 22717.0
4.078696966171265, 22760.0
4.083638906478882, 23490.0
4.143877744674683, 24158.0
4.14776086807251, 24286.0
4.152888774871826, 24407.0
4.24776291847229, 24952.0
4.724474668502808, 25716.0
4.851726770401001, 26249.0
5.008721828460693, 26271.0
5.064725875854492, 26697.0
6.14754581451416, 26774.0
6.223856687545776, 26991.0
6.227725028991699, 27437.0
6.411679983139038, 27576.0
6.414653778076172, 27700.0
6.4195849895477295, 27953.0
6.721531867980957, 28467.0
6.8588547706604, 28867.0
7.009317874908447, 28945.0
7.302059888839722, 29377.0
7.356390714645386, 30168.0
7.408938884735107, 30514.0
7.410636901855469, 30596.0
7.46027684211731, 31434.0
7.462915658950806, 31951.0
7.490779876708984, 32279.0
7.492049932479858, 32753.0
8.3403639793396, 33297.0
8.341683864593506, 33913.0
8.447650909423828, 34140.0
8.482913970947266, 34152.0
8.507157802581787, 35034.0
8.644659757614136, 35652.0
8.654597759246826, 36523.0
8.717972993850708, 36761.0
8.720143795013428, 37424.0
8.854819774627686, 38172.0
9.76615285873413, 38459.0
9.767480850219727, 38666.0
9.850857973098755, 39223.0
9.853358745574951, 39231.0
9.853823900222778, 39880.0
9.85635781288147, 40521.0
9.947459697723389, 41085.0
10.69028091430664, 41407.0
10.695923805236816, 41490.0
10.753145694732666, 41950.0
10.78734278678894, 42122.0
10.79557180404663, 43008.0
12.036781072616577, 43759.0
12.545066833496094, 44167.0
12.545998811721802, 44184.0
12.546891927719116, 45084.0
12.652782678604126, 45491.0
12.653669834136963, 46430.0
16.438300848007202, 46771.0
16.442421913146973, 47481.0
16.54935598373413, 48045.0
16.813966751098633, 48617.0
16.893340826034546, 48673.0
16.894685745239258, 48926.0
16.896952629089355, 49220.0
16.898751974105835, 49636.0
16.93117094039917, 50347.0
17.070602893829346, 50851.0
25.735384702682495, 51686.0
25.938443899154663, 52105.0
29.038190841674805, 52361.0
29.039991855621338, 52652.0
29.07509970664978, 53552.0
29.081379652023315, 53715.0
29.118948698043823, 53723.0
29.191200971603394, 53859.0
29.192100763320923, 54562.0
29.231807947158813, 55156.0
29.587082862854004, 55351.0
30.019142866134644, 55635.0
37.59234976768494, 56011.0
37.661298751831055, 56928.0
38.39256286621094, 56960.0
38.48043179512024, 57799.0
38.538498640060425, 57874.0
38.571791887283325, 58803.0
40.77388596534729, 58855.0
40.81034278869629, 58866.0
40.81343483924866, 58968.0
40.86610293388367, 59160.0
40.894537925720215, 59717.0
41.10856795310974, 59971.0
41.15561890602112, 60069.0
41.164079666137695, 60698.0
41.164549827575684, 61362.0
82.03618669509888, 61467.0
82.12350273132324, 61623.0
82.25294995307922, 61713.0
230.5264708995819, 61865.0
230.54965090751648, 61870.0
230.582200050354, 61877.0
230.5826587677002, 62609.0
230.58757185935974, 62735.0
426.80082082748413, 63334.0
426.80227994918823, 63554.0
426.8231637477875, 63793.0
426.844172000885, 64629.0
