0.0, 25793.0
3.0747299194335938, 26502.0
3.075854778289795, 27132.0
3.079252004623413, 27818.0
3.080374002456665, 28493.0
3.0835909843444824, 28675.0
3.2128748893737793, 29555.0
3.2194581031799316, 29663.0
4.351223945617676, 30304.0
4.837794065475464, 30549.0
4.975427865982056, 30950.0
5.126514911651611, 31308.0
5.355567932128906, 31351.0
5.4715728759765625, 32271.0
5.680187940597534, 32814.0
6.764494895935059, 33304.0
8.760939121246338, 33808.0
9.159901857376099, 34292.0
9.62784481048584, 35142.0
10.005138874053955, 35699.0
10.134052753448486, 36322.0
11.09856390953064, 36584.0
11.111922979354858, 37354.0
11.494400024414062, 37875.0
11.538534879684448, 38196.0
11.730370998382568, 38226.0
11.895747900009155, 39104.0
13.454921960830688, 39371.0
13.655577182769775, 40350.0
13.658956050872803, 40353.0
13.891376972198486, 40362.0
15.153471946716309, 40511.0
15.442260980606079, 40749.0
15.445881843566895, 40828.0
15.708064079284668, 41301.0
15.894956111907959, 41883.0
15.968079805374146, 41967.0
16.862410068511963, 42316.0
17.097972869873047, 42587.0
17.16939091682434, 43065.0
17.420591831207275, 43759.0
17.814985036849976, 43799.0
17.81611180305481, 44488.0
17.908056020736694, 45113.0
17.922748804092407, 45538.0
17.997949838638306, 45890.0
18.56307101249695, 46573.0
19.03706192970276, 46981.0
19.053560972213745, 47188.0
19.37143611907959, 48102.0
20.394958019256592, 48362.0
20.397113800048828, 49150.0
20.417582750320435, 49952.0
20.597041845321655, 50215.0
20.59925103187561, 50547.0
20.627830028533936, 51213.0
20.751982927322388, 51796.0
21.175376892089844, 52611.0
21.61297297477722, 52889.0
22.451053142547607, 53011.0
22.45229482650757, 53805.0
22.45914602279663, 54318.0
22.866845846176147, 54640.0
22.86898398399353, 54667.0
22.950726985931396, 54855.0
23.03306794166565, 55337.0
24.005488872528076, 55778.0
24.267192125320435, 55807.0
24.268431901931763, 56207.0
24.270832777023315, 56633.0
24.347036838531494, 57106.0
24.510172843933105, 57546.0
24.583110809326172, 58337.0
24.60129404067993, 58547.0
24.791528940200806, 58959.0
25.04306983947754, 59544.0
25.297881841659546, 59787.0
26.030678033828735, 60154.0
26.033996105194092, 61108.0
26.052330017089844, 61770.0
26.36193585395813, 61789.0
26.500644207000732, 62694.0
26.506099939346313, 62976.0
27.18079686164856, 63160.0
27.250906944274902, 63364.0
27.333721160888672, 63380.0
27.334908962249756, 64170.0
27.495385885238647, 64224.0
27.56899404525757, 64802.0
27.57017707824707, 65678.0
27.93887495994568, 65876.0
27.940042972564697, 66354.0
27.941191911697388, 66968.0
28.016834020614624, 67391.0
28.27549386024475, 67766.0
28.621325969696045, 68222.0
29.64023494720459, 68510.0
29.761701822280884, 68905.0
30.13383984565735, 69480.0
30.34254789352417, 70146.0
30.893260955810547, 70297.0
30.991924047470093, 71142.0
30.994138956069946, 71795.0
30.995272874832153, 72238.0
31.176141023635864, 72891.0
31.294458866119385, 73877.0
31.57632303237915, 74109.0
32.41028690338135, 74327.0
32.638415813446045, 74432.0
32.719501972198486, 74885.0
33.23469281196594, 74981.0
33.399545192718506, 75176.0
33.58909010887146, 75239.0
33.88513207435608, 76031.0
33.93773293495178, 76919.0
34.13949203491211, 77083.0
34.85899806022644, 77724.0
36.364773988723755, 78064.0
36.375267028808594, 78445.0
36.815600872039795, 78751.0
37.57966589927673, 78986.0
37.58647894859314, 79667.0
38.5784478187561, 79706.0
38.9867148399353, 80262.0
39.07917904853821, 80872.0
39.39078879356384, 81161.0
39.422491788864136, 81689.0
39.644397020339966, 81982.0
39.91092777252197, 82967.0
40.16480302810669, 83320.0
40.920583963394165, 83794.0
41.28015494346619, 83879.0
41.35671591758728, 84162.0
41.54180598258972, 84645.0
41.99321913719177, 85476.0
41.99435496330261, 85819.0
42.18008589744568, 86195.0
42.82060503959656, 86320.0
43.10783100128174, 87304.0
43.57672905921936, 88285.0
45.132890939712524, 88494.0
45.23074507713318, 88982.0
45.38435983657837, 89548.0
45.99427103996277, 90086.0
45.99664092063904, 90342.0
46.24079990386963, 91081.0
46.35975885391235, 91686.0
50.76016902923584, 91731.0
51.36101508140564, 92018.0
51.94240999221802, 92620.0
51.94808387756348, 92807.0
52.11030888557434, 93377.0
53.082956075668335, 93431.0
53.08637595176697, 93886.0
53.17948389053345, 94160.0
55.06452202796936, 94277.0
55.23889780044556, 94772.0
58.847084045410156, 94797.0
59.00895595550537, 94851.0
59.30082583427429, 95219.0
59.630202770233154, 95589.0
59.803488969802856, 95870.0
60.082916021347046, 96065.0
70.16022491455078, 96165.0
77.95271492004395, 96675.0
78.37111592292786, 96893.0
86.44383001327515, 97379.0
86.57795405387878, 98019.0
86.91351819038391, 98121.0
98.28800988197327, 98421.0
100.5158200263977, 98613.0
100.61265683174133, 98662.0
100.66554498672485, 98975.0
100.71723484992981, 99238.0
101.04077911376953, 99919.0
101.79312491416931, 99958.0
101.79676485061646, 100356.0
104.58129000663757, 100540.0
105.69615888595581, 100738.0
105.69732880592346, 100814.0
106.16329503059387, 101120.0
106.44856190681458, 101368.0
106.74417495727539, 101497.0
106.78053617477417, 101683.0
107.39278793334961, 101708.0
108.2425479888916, 101835.0
108.42657995223999, 102386.0
108.442302942276, 102418.0
108.53999304771423, 103332.0
108.7514078617096, 103735.0
109.82692289352417, 103779.0
109.96330499649048, 104425.0
110.17784404754639, 104809.0
110.18546104431152, 104889.0
111.2530870437622, 105187.0
112.15547299385071, 106012.0
112.17173886299133, 106343.0
112.21134281158447, 106611.0
112.30838894844055, 107118.0
112.32048010826111, 108115.0
112.54702496528625, 108417.0
113.10268688201904, 108721.0
113.59193897247314, 109058.0
113.97165894508362, 109963.0
114.01138091087341, 110132.0
114.15879988670349, 110575.0
115.31849908828735, 110729.0
115.35778903961182, 111099.0
115.39997386932373, 111300.0
115.40688490867615, 111303.0
116.55143284797668, 111388.0
116.69301390647888, 111398.0
116.74546313285828, 111756.0
116.793133020401, 112162.0
116.8412458896637, 113160.0
123.60509395599365, 113255.0
123.7663779258728, 113648.0
123.95972394943237, 114246.0
124.3920750617981, 114527.0
125.89257097244263, 114591.0
125.93635988235474, 115162.0
127.36032581329346, 115646.0
127.47071099281311, 116043.0
127.53790378570557, 116411.0
127.84173107147217, 116752.0
127.88128304481506, 117372.0
127.8889229297638, 117470.0
127.9320809841156, 117530.0
128.4325487613678, 117782.0
128.51990699768066, 118070.0
128.52731013298035, 118981.0
128.53038001060486, 119309.0
128.57400798797607, 119786.0
128.64341187477112, 120179.0
129.3237659931183, 120196.0
129.56759881973267, 120546.0
129.8021559715271, 121365.0
130.87860774993896, 122004.0
130.88413500785828, 122416.0
131.01464200019836, 122437.0
131.09281587600708, 122450.0
131.36696815490723, 123411.0
131.39100909233093, 124062.0
131.44025993347168, 124066.0
131.47243690490723, 124245.0
132.57670187950134, 124552.0
132.64577102661133, 124989.0
134.23751187324524, 125302.0
134.3180239200592, 125886.0
134.42417788505554, 125985.0
134.53314781188965, 126012.0
134.60201406478882, 126070.0
166.88311290740967, 126641.0
222.77685403823853, 126789.0
222.8569211959839, 127436.0
222.9300639629364, 127998.0
222.9568510055542, 128895.0
222.96039986610413, 129849.0
223.26079201698303, 129885.0
223.46998000144958, 130482.0
223.47215008735657, 131349.0
223.50375080108643, 131541.0
224.85098004341125, 131729.0
225.02677083015442, 132283.0
245.13535904884338, 132445.0
247.12996101379395, 132730.0
247.1554238796234, 132867.0
247.19737696647644, 133755.0
247.22259092330933, 133846.0
250.97715306282043, 133883.0
251.61167907714844, 134259.0
260.6935758590698, 134265.0
260.6970980167389, 134444.0
371.9701430797577, 134676.0
372.0033700466156, 134714.0
372.00671005249023, 135628.0
372.11050605773926, 135904.0
372.1491310596466, 136101.0
387.59918904304504, 136274.0
387.6003909111023, 136358.0
387.6885268688202, 136435.0
398.90593099594116, 136690.0
411.3942039012909, 137125.0
411.422504901886, 137172.0
411.45823311805725, 137350.0
414.26750588417053, 137624.0
414.57411193847656, 137841.0
415.0635919570923, 138215.0
415.2499120235443, 138216.0
415.69217586517334, 138866.0
416.6656310558319, 139482.0
419.9876401424408, 140042.0
420.0306968688965, 140080.0
420.03186988830566, 140925.0
420.0604658126831, 141427.0
420.0651698112488, 142139.0
420.06749296188354, 142471.0
420.0916528701782, 142848.0
420.41775012016296, 142877.0
574.1551489830017, 143352.0
