0.0, 3116.0
0.0037271976470947266, 3194.0
0.00424504280090332, 3303.0
0.004943132400512695, 3354.0
0.00586700439453125, 3457.0
0.0065610408782958984, 3605.0
0.010789871215820312, 3678.0
0.23261213302612305, 3787.0
0.24195408821105957, 3903.0
0.35182690620422363, 4068.0
0.35614800453186035, 4204.0
0.35640716552734375, 4496.0
0.3578372001647949, 4576.0
0.35962510108947754, 4696.0
0.36512207984924316, 4778.0
0.36574411392211914, 4885.0
0.37081193923950195, 4898.0
0.7285590171813965, 4899.0
1.1995360851287842, 4908.0
1.7419910430908203, 4998.0
1.815873146057129, 5009.0
1.816183090209961, 5179.0
1.8186209201812744, 5313.0
1.8841049671173096, 5369.0
1.954240083694458, 5409.0
2.1685619354248047, 5410.0
2.1750998497009277, 5507.0
2.2948951721191406, 5610.0
3.7867672443389893, 5613.0
10.566781997680664, 5616.0
14.167290925979614, 5717.0
34.188366174697876, 5802.0
34.538784980773926, 5807.0
34.64619493484497, 5812.0
35.355437994003296, 5913.0
36.63306283950806, 6010.0
78.50218200683594, 6081.0
78.50636601448059, 6102.0
80.37754392623901, 6112.0
