0.0, 5093.0
0.6990699768066406, 5094.0
1.7375831604003906, 5117.0
1.8428499698638916, 5237.0
1.8462121486663818, 5313.0
1.9442789554595947, 5363.0
2.129829168319702, 5469.0
2.269063949584961, 5576.0
2.370548963546753, 5606.0
2.3714091777801514, 5734.0
7.5052878856658936, 5749.0
7.50621485710144, 5803.0
7.507730007171631, 5860.0
12.011112928390503, 5917.0
12.114253997802734, 5918.0
12.159612894058228, 5958.0
12.16387391090393, 5992.0
12.219889879226685, 5993.0
12.271566152572632, 6074.0
12.313403844833374, 6089.0
12.406150817871094, 6101.0
52.67090201377869, 6106.0
52.67558813095093, 6165.0
52.781646966934204, 6169.0
52.78675413131714, 6180.0
52.788049936294556, 6181.0
53.40791201591492, 6239.0
54.20790195465088, 6351.0
54.210248947143555, 6405.0
89.31440687179565, 6591.0
89.33839893341064, 6600.0
89.33989810943604, 6613.0
89.37358689308167, 6648.0
89.43522500991821, 6673.0
89.44015312194824, 6803.0
89.5236599445343, 6819.0
386.64496088027954, 6894.0
386.9526319503784, 6912.0
389.4346830844879, 7005.0
389.4617111682892, 7006.0
389.55149483680725, 7009.0
389.67642283439636, 7020.0
389.6830530166626, 7021.0
389.8357939720154, 7078.0
390.1389820575714, 7105.0
390.6020669937134, 7142.0
390.6776671409607, 7160.0
