0.0, 59619.0
1.7738680839538574, 59698.0
1.9064128398895264, 59813.0
5.504043102264404, 59901.0
6.109908103942871, 60008.0
6.794590950012207, 60163.0
6.857805967330933, 60277.0
7.677299976348877, 60396.0
7.801681995391846, 60504.0
9.388183116912842, 60614.0
9.748602867126465, 60659.0
9.890305042266846, 60783.0
9.892565965652466, 60910.0
10.367944955825806, 61012.0
10.860956907272339, 61013.0
10.871063947677612, 61146.0
11.027302026748657, 61268.0
11.07519006729126, 61409.0
12.222376108169556, 61430.0
12.22666597366333, 61559.0
12.541110038757324, 61570.0
12.587692975997925, 61686.0
12.64003586769104, 61794.0
13.32128119468689, 61888.0
13.839625120162964, 61997.0
14.208602905273438, 62116.0
14.561164140701294, 62202.0
14.65044903755188, 62269.0
14.740322828292847, 62402.0
15.539426803588867, 62518.0
17.0974600315094, 62619.0
17.309968948364258, 62698.0
17.386648893356323, 62814.0
17.38891887664795, 62918.0
20.04888677597046, 63013.0
20.722322940826416, 63116.0
21.52883005142212, 63195.0
22.033063888549805, 63304.0
22.308466911315918, 63383.0
22.634516954421997, 63515.0
25.39023494720459, 63608.0
25.496940851211548, 63718.0
25.676248788833618, 63818.0
26.91866397857666, 63819.0
30.777581930160522, 63915.0
32.842576026916504, 64010.0
33.87883806228638, 64101.0
33.88109302520752, 64304.0
34.25925397872925, 64369.0
34.40799689292908, 64484.0
34.433330059051514, 64607.0
34.88265895843506, 64730.0
34.93096995353699, 64863.0
35.21811890602112, 64902.0
35.594849824905396, 65059.0
35.70068001747131, 65171.0
35.78433394432068, 65285.0
36.11707305908203, 65312.0
36.71741080284119, 65387.0
36.72187304496765, 65518.0
39.89472699165344, 65519.0
40.23468613624573, 65522.0
40.24990200996399, 65806.0
40.37399506568909, 65920.0
40.501858949661255, 66090.0
40.716614961624146, 66272.0
40.88853311538696, 66425.0
41.028854846954346, 66545.0
41.07117295265198, 66701.0
41.11880302429199, 66817.0
42.62337684631348, 66850.0
43.066744804382324, 67005.0
43.08320116996765, 67100.0
43.43582081794739, 67216.0
43.482269048690796, 67319.0
46.148428201675415, 67376.0
46.89520192146301, 67512.0
48.11537218093872, 67551.0
48.2025830745697, 67712.0
48.29981708526611, 67914.0
48.99529981613159, 67978.0
49.08603096008301, 68106.0
49.13187789916992, 68217.0
49.35798788070679, 68408.0
50.520501136779785, 68499.0
51.098199129104614, 68509.0
51.984785079956055, 68591.0
52.061748027801514, 68721.0
52.06403374671936, 68825.0
52.111380100250244, 68967.0
52.582337856292725, 69104.0
52.76386308670044, 69107.0
52.808160066604614, 69242.0
52.8126699924469, 69355.0
52.85525894165039, 69496.0
53.23045301437378, 69618.0
53.35727500915527, 69629.0
53.53065299987793, 69779.0
53.926730155944824, 69785.0
54.130176067352295, 69808.0
54.14437007904053, 69913.0
54.2565860748291, 69963.0
54.38423204421997, 70168.0
54.64824891090393, 70283.0
54.77061200141907, 70396.0
54.78130602836609, 70511.0
56.15568995475769, 70619.0
57.54862403869629, 70693.0
59.00102400779724, 70854.0
59.17569398880005, 70955.0
59.48714876174927, 71116.0
62.26547908782959, 71221.0
62.347277879714966, 71374.0
62.53696584701538, 71559.0
62.57918405532837, 71708.0
63.238160848617554, 71911.0
63.78549313545227, 72013.0
64.71894192695618, 72054.0
64.76592993736267, 72194.0
64.83167791366577, 72388.0
65.15025591850281, 72406.0
65.36639189720154, 72411.0
65.41136002540588, 72564.0
65.4158627986908, 72790.0
65.63287782669067, 72918.0
66.81528496742249, 73006.0
67.13807892799377, 73107.0
67.28577589988708, 73216.0
67.421945810318, 73318.0
67.71541905403137, 73498.0
67.94969511032104, 73603.0
68.14180493354797, 73709.0
68.22172403335571, 73810.0
68.54232001304626, 73822.0
68.58695602416992, 74002.0
69.97708511352539, 74014.0
70.01898980140686, 74108.0
70.65239882469177, 74317.0
71.06432795524597, 74392.0
71.37176084518433, 74501.0
72.0298011302948, 74515.0
72.31799101829529, 74526.0
72.32032108306885, 74653.0
72.44854092597961, 74797.0
72.45303297042847, 74925.0
72.48758792877197, 75066.0
72.94418692588806, 75210.0
74.16702699661255, 75215.0
75.10198497772217, 75316.0
76.53982019424438, 75421.0
76.60006499290466, 75582.0
76.85143613815308, 75598.0
77.14430594444275, 75703.0
78.04329991340637, 75798.0
78.33335781097412, 75907.0
78.9885368347168, 75991.0
78.99604201316833, 76106.0
79.66921186447144, 76313.0
80.69761800765991, 76411.0
81.08148694038391, 76517.0
81.51347589492798, 76593.0
81.55201005935669, 76702.0
81.8437249660492, 76812.0
83.30651307106018, 76895.0
83.32044291496277, 77017.0
83.55631589889526, 77044.0
84.16497993469238, 77212.0
85.48759603500366, 77316.0
85.92381191253662, 77378.0
86.09000778198242, 77514.0
86.46735000610352, 77676.0
86.49775791168213, 77899.0
86.70580101013184, 78012.0
87.07534694671631, 78102.0
87.11896896362305, 78209.0
87.61823391914368, 78296.0
88.0848138332367, 78400.0
88.22566509246826, 78502.0
88.62054395675659, 78538.0
88.65774607658386, 78687.0
88.66400599479675, 78789.0
88.87329912185669, 78985.0
89.686274766922, 78987.0
89.73841691017151, 79111.0
90.23791193962097, 79118.0
93.1337890625, 79205.0
96.09877419471741, 79293.0
96.47004795074463, 79364.0
96.61185503005981, 79483.0
97.78269505500793, 79611.0
98.71388697624207, 79705.0
98.7519371509552, 79807.0
99.43142795562744, 79898.0
99.78268098831177, 80015.0
100.20882892608643, 80092.0
100.97586011886597, 80116.0
103.68529105186462, 80137.0
103.90247416496277, 80211.0
104.87671518325806, 80273.0
104.99156475067139, 80314.0
106.19077682495117, 80410.0
106.30502414703369, 80511.0
106.37510514259338, 80616.0
114.26715302467346, 80688.0
114.44128704071045, 80774.0
115.05870079994202, 80888.0
115.08773493766785, 81083.0
115.37341403961182, 81087.0
115.55532097816467, 81097.0
115.70319104194641, 81148.0
116.00230693817139, 81411.0
116.0046317577362, 81614.0
116.14450216293335, 81617.0
116.53798508644104, 81643.0
116.66943192481995, 81648.0
116.88086581230164, 81657.0
116.97887396812439, 81815.0
117.03647089004517, 81819.0
118.03887295722961, 81907.0
120.38287711143494, 82001.0
120.63701891899109, 82090.0
120.9409019947052, 82199.0
121.35606098175049, 82217.0
122.66856408119202, 82263.0
122.70149397850037, 82494.0
125.45419979095459, 82587.0
125.87427377700806, 82694.0
126.30426001548767, 82718.0
127.76045179367065, 82803.0
127.77050995826721, 82909.0
128.4789969921112, 82916.0
128.96169304847717, 82961.0
128.97206091880798, 83109.0
129.87076687812805, 83280.0
130.14358687400818, 83366.0
130.5942668914795, 83501.0
130.99239778518677, 83541.0
131.03517508506775, 83680.0
131.14364981651306, 83810.0
131.4389009475708, 83930.0
131.63207507133484, 83984.0
131.8694200515747, 84003.0
134.25885605812073, 84026.0
134.50420475006104, 84054.0
134.8206329345703, 84146.0
135.00714993476868, 84261.0
135.22356700897217, 84319.0
135.36355590820312, 84517.0
136.61630010604858, 84591.0
136.77167010307312, 84698.0
137.22158193588257, 84775.0
137.40835905075073, 84825.0
137.57537007331848, 84936.0
137.57767605781555, 85084.0
137.95081090927124, 85205.0
138.27581810951233, 85276.0
138.29248905181885, 85401.0
138.61962389945984, 85578.0
138.7593870162964, 85687.0
139.0353729724884, 85806.0
139.25186586380005, 85912.0
139.29257082939148, 86016.0
139.64755582809448, 86079.0
139.79242086410522, 86188.0
139.93489003181458, 86302.0
140.8215389251709, 86433.0
141.0339379310608, 86582.0
141.10680675506592, 86594.0
144.0687699317932, 86613.0
144.07332587242126, 86761.0
144.42401003837585, 86771.0
148.62990283966064, 86802.0
148.69658303260803, 86913.0
149.53600692749023, 86987.0
149.87131810188293, 87114.0
150.72376108169556, 87207.0
151.07003593444824, 87211.0
151.4529230594635, 87289.0
151.4762749671936, 87392.0
152.03032302856445, 87497.0
153.90665698051453, 87610.0
154.02971696853638, 87699.0
154.20917415618896, 87757.0
154.38601207733154, 87906.0
154.87753891944885, 88013.0
155.2011218070984, 88084.0
155.26542282104492, 88185.0
155.94356203079224, 88313.0
156.44183778762817, 88414.0
156.67675185203552, 88562.0
156.89282488822937, 88579.0
157.29411697387695, 88672.0
157.58832597732544, 88771.0
157.64460802078247, 88917.0
159.27979183197021, 88967.0
159.41484904289246, 89089.0
162.92494177818298, 89103.0
163.13124799728394, 89294.0
163.57477402687073, 89295.0
163.87807893753052, 89349.0
163.92882704734802, 89384.0
164.14680790901184, 89493.0
164.34802889823914, 89508.0
164.4399471282959, 89598.0
164.65407490730286, 89612.0
165.22667288780212, 89676.0
165.63346481323242, 89705.0
166.72686004638672, 89710.0
167.38106608390808, 89804.0
167.42754006385803, 89905.0
168.17706513404846, 90011.0
168.72826886177063, 90016.0
170.11011600494385, 90082.0
170.84438109397888, 90189.0
170.96165680885315, 90200.0
172.65432620048523, 90317.0
174.3508529663086, 90328.0
174.61419081687927, 90500.0
174.99628496170044, 90589.0
175.2739839553833, 90618.0
177.2439489364624, 90665.0
177.44614791870117, 90708.0
177.6604528427124, 90756.0
177.81495881080627, 90808.0
177.9709289073944, 90867.0
178.20935606956482, 90878.0
178.4409749507904, 91005.0
178.89934492111206, 91037.0
178.90217304229736, 91188.0
179.374449968338, 91289.0
179.4207661151886, 91411.0
181.44822597503662, 91517.0
182.32793712615967, 91519.0
183.52232098579407, 91583.0
183.56610584259033, 91699.0
183.69120001792908, 91700.0
184.3131320476532, 91702.0
184.41124296188354, 91807.0
184.62255382537842, 91860.0
185.27619886398315, 91918.0
185.56523084640503, 92011.0
185.58395099639893, 92016.0
185.651113986969, 92017.0
186.15809893608093, 92021.0
186.1961748600006, 92158.0
186.20501685142517, 92311.0
188.0402319431305, 92339.0
188.09538388252258, 92498.0
188.2141079902649, 92613.0
189.22182202339172, 92614.0
189.87648701667786, 92618.0
190.22550415992737, 92655.0
190.47741198539734, 92712.0
190.48423504829407, 92872.0
190.6567599773407, 92896.0
191.67822194099426, 92913.0
209.6501178741455, 92992.0
209.8227391242981, 93119.0
210.94948315620422, 93207.0
211.22808194160461, 93314.0
213.5465669631958, 93402.0
213.96547198295593, 93405.0
215.00279092788696, 93410.0
215.17750787734985, 93418.0
224.13949179649353, 93512.0
224.36353588104248, 93526.0
224.47125887870789, 93719.0
228.33535504341125, 93750.0
228.4630470275879, 93896.0
228.48289489746094, 93907.0
232.87876892089844, 93910.0
233.1983630657196, 94012.0
233.23027801513672, 94113.0
233.76342797279358, 94118.0
234.78684401512146, 94131.0
235.23440504074097, 94316.0
237.25839185714722, 94393.0
237.28279304504395, 94509.0
237.46619987487793, 94707.0
237.60380911827087, 94813.0
238.267746925354, 94907.0
238.27519011497498, 95100.0
239.3561670780182, 95113.0
239.89803981781006, 95209.0
240.47181916236877, 95214.0
240.81220412254333, 95255.0
240.87940907478333, 95375.0
240.9106249809265, 95477.0
241.0350649356842, 95508.0
241.23035502433777, 95586.0
250.28590083122253, 95597.0
250.88997888565063, 95606.0
251.2306089401245, 95615.0
251.6948881149292, 95629.0
251.69947409629822, 95766.0
251.8085231781006, 95890.0
252.28144907951355, 95897.0
252.87295389175415, 95908.0
253.57429194450378, 95967.0
253.63410592079163, 96100.0
253.7677788734436, 96124.0
253.84421801567078, 96219.0
253.9163100719452, 96391.0
254.22065997123718, 96416.0
254.3600127696991, 96471.0
254.60812091827393, 96506.0
255.45414090156555, 96521.0
255.52720999717712, 96646.0
255.55490803718567, 96819.0
256.1162362098694, 96923.0
256.1515460014343, 97099.0
257.2058699131012, 97218.0
258.70456409454346, 97280.0
259.56744599342346, 97299.0
264.98343086242676, 97374.0
270.3755531311035, 97417.0
272.38282203674316, 97498.0
272.5792877674103, 97549.0
272.67426800727844, 97657.0
272.7617280483246, 97812.0
276.4958779811859, 97918.0
279.53157591819763, 98016.0
281.3741798400879, 98018.0
298.2406060695648, 98079.0
298.6110191345215, 98181.0
298.75569009780884, 98203.0
298.92725801467896, 98208.0
315.27294182777405, 98239.0
315.30798602104187, 98411.0
315.66488099098206, 98487.0
315.77487802505493, 98611.0
316.88116216659546, 98794.0
326.0514929294586, 98882.0
326.2699899673462, 98893.0
326.43204498291016, 98950.0
327.3812139034271, 98964.0
327.44547486305237, 98996.0
328.1035649776459, 99018.0
337.24834990501404, 99117.0
337.3578109741211, 99118.0
342.4621331691742, 99204.0
342.4984040260315, 99318.0
342.9170980453491, 99321.0
343.09020495414734, 99467.0
343.2981688976288, 99508.0
346.46490716934204, 99591.0
347.0291631221771, 99600.0
350.39116501808167, 99708.0
351.23949813842773, 99882.0
351.50321912765503, 99987.0
351.65837693214417, 100095.0
352.1832740306854, 100199.0
352.3890130519867, 100207.0
353.3080940246582, 100307.0
353.7941210269928, 100308.0
354.06596207618713, 100380.0
354.5317919254303, 100414.0
355.7820689678192, 100506.0
356.75156903266907, 100509.0
356.96114683151245, 100611.0
357.3944809436798, 100639.0
357.5391540527344, 100722.0
357.9446768760681, 100818.0
359.8560631275177, 100864.0
359.9752390384674, 100950.0
360.19497990608215, 101059.0
360.23378705978394, 101174.0
360.6443212032318, 101310.0
365.8598599433899, 101410.0
367.2898850440979, 101613.0
367.80489706993103, 101715.0
368.09207677841187, 101777.0
391.55688881874084, 101860.0
394.59303998947144, 101867.0
394.6658229827881, 102018.0
399.062539100647, 102068.0
399.4844739437103, 102131.0
399.5196900367737, 102299.0
399.5768129825592, 102305.0
475.55711913108826, 102318.0
476.61689496040344, 102393.0
476.7990701198578, 102475.0
476.93709897994995, 102510.0
477.07071590423584, 102568.0
477.3435218334198, 102571.0
477.42747807502747, 102816.0
477.5610167980194, 102874.0
477.91358709335327, 102916.0
478.1105909347534, 102978.0
478.1867229938507, 103048.0
478.3128478527069, 103049.0
478.39111614227295, 103169.0
478.5422899723053, 103318.0
478.9445688724518, 103415.0
479.13809394836426, 103457.0
479.16275095939636, 103612.0
567.9415807723999, 103613.0
