0.0, 24793.0
2.1997289657592773, 24806.0
2.2063801288604736, 24970.0
2.8151800632476807, 24999.0
2.959791898727417, 25025.0
3.089287042617798, 25044.0
3.212702989578247, 25218.0
3.2650928497314453, 25237.0
4.0851991176605225, 25259.0
5.770034074783325, 25317.0
6.014055013656616, 25360.0
6.114274024963379, 25363.0
6.210604190826416, 25397.0
7.014692068099976, 25406.0
7.022255897521973, 25562.0
7.280729055404663, 25622.0
9.090484142303467, 25761.0
9.18398904800415, 25794.0
9.274702072143555, 25843.0
9.291187047958374, 25902.0
12.92369794845581, 25966.0
13.351017951965332, 25988.0
13.360875129699707, 26060.0
13.588171005249023, 26176.0
13.626792907714844, 26303.0
14.1289541721344, 26328.0
18.010437965393066, 26384.0
18.103546857833862, 26510.0
18.158063888549805, 26511.0
18.262089014053345, 26524.0
18.627902030944824, 26525.0
18.716264963150024, 26590.0
18.901368141174316, 26661.0
19.157692909240723, 26727.0
19.28103995323181, 26728.0
19.33889412879944, 26755.0
32.90257787704468, 26852.0
33.050437927246094, 26953.0
33.64955711364746, 26983.0
33.68094801902771, 27039.0
35.906073808670044, 27158.0
36.36218023300171, 27215.0
36.986932039260864, 27236.0
62.61847496032715, 27278.0
62.68890905380249, 27419.0
62.730863094329834, 27567.0
62.73760414123535, 27646.0
83.997554063797, 27689.0
84.25727796554565, 27755.0
84.26523184776306, 27756.0
84.33163404464722, 27850.0
84.3373031616211, 27851.0
84.41235899925232, 27862.0
84.5053231716156, 27919.0
84.8261489868164, 27958.0
84.83066391944885, 28106.0
86.26857709884644, 28187.0
86.36671590805054, 28312.0
86.70011496543884, 28340.0
87.02549195289612, 28386.0
222.1384220123291, 28458.0
223.14091396331787, 28478.0
223.26635122299194, 28503.0
223.29473996162415, 28536.0
223.71815085411072, 28555.0
223.74297094345093, 28675.0
223.83189511299133, 28684.0
223.89477515220642, 28737.0
223.95830821990967, 28897.0
223.98971605300903, 28903.0
224.1089060306549, 28956.0
224.3427050113678, 29069.0
