0.0, 12289.0
2.1527140140533447, 12583.0
2.1540868282318115, 13072.0
2.2919578552246094, 13293.0
2.3970038890838623, 14181.0
2.5292091369628906, 14581.0
2.531327962875366, 15013.0
2.5543229579925537, 15570.0
2.631295919418335, 16513.0
2.635127067565918, 16615.0
3.0646567344665527, 16900.0
3.118942975997925, 17223.0
3.1265158653259277, 17418.0
3.1378140449523926, 17659.0
3.2830190658569336, 18275.0
3.2856099605560303, 18326.0
3.2860629558563232, 19278.0
3.4443798065185547, 20265.0
3.514296054840088, 20642.0
4.2759950160980225, 20753.0
4.879519939422607, 21350.0
4.879967927932739, 22052.0
4.88618278503418, 22396.0
5.268773794174194, 22717.0
5.27905797958374, 22760.0
5.28423810005188, 23490.0
5.286857843399048, 24158.0
5.342399835586548, 24286.0
5.347582817077637, 24407.0
5.349191904067993, 24952.0
5.7993080615997314, 25716.0
5.99959397315979, 26249.0
6.230231046676636, 26271.0
6.244204044342041, 26697.0
7.1242170333862305, 26774.0
7.232700824737549, 26991.0
7.236592054367065, 27437.0
7.308917045593262, 27576.0
7.310637950897217, 27700.0
7.314072132110596, 27953.0
7.652230978012085, 28467.0
7.758520126342773, 28867.0
7.982605934143066, 28945.0
8.295762777328491, 29377.0
8.359619140625, 30168.0
8.420506000518799, 30514.0
8.422821760177612, 30596.0
8.461892127990723, 31434.0
8.464493036270142, 31951.0
8.467538833618164, 32279.0
8.468894004821777, 32753.0
9.24238896369934, 33297.0
9.243084907531738, 33913.0
9.36338496208191, 34140.0
9.36722993850708, 34152.0
9.416270971298218, 35034.0
9.420476913452148, 35652.0
9.470947027206421, 36523.0
9.547634840011597, 36761.0
9.549806118011475, 37424.0
9.597413063049316, 38172.0
10.59989595413208, 38459.0
10.601215839385986, 38666.0
10.636560916900635, 39223.0
10.640228986740112, 39231.0
10.640720844268799, 39880.0
10.68141484260559, 40521.0
10.729273080825806, 41085.0
11.498188972473145, 41407.0
11.536350965499878, 41490.0
11.59112286567688, 41950.0
11.595516920089722, 42122.0
11.63530707359314, 43008.0
13.124214887619019, 43759.0
13.729783058166504, 44167.0
13.730672836303711, 44184.0
13.73234510421753, 45084.0
13.815728187561035, 45491.0
13.816642999649048, 46430.0
18.36543583869934, 46771.0
18.41798973083496, 47481.0
18.471888780593872, 48045.0
18.774046897888184, 48617.0
18.89309787750244, 48673.0
18.894706964492798, 48926.0
18.89699411392212, 49220.0
18.898775100708008, 49636.0
18.979516983032227, 50347.0
19.21006488800049, 50851.0
29.392674922943115, 51686.0
29.66329789161682, 52105.0
33.28362703323364, 52361.0
33.285293102264404, 52652.0
33.29004383087158, 53552.0
33.32089185714722, 53715.0
33.329612016677856, 53723.0
33.498594999313354, 53859.0
33.49963903427124, 54562.0
33.56651496887207, 55156.0
33.970699071884155, 55351.0
34.4480938911438, 55635.0
43.133047103881836, 56011.0
43.16784691810608, 56928.0
43.949349880218506, 56960.0
44.07225179672241, 57799.0
44.113149881362915, 57874.0
44.121312856674194, 58803.0
46.42664909362793, 58855.0
46.46097683906555, 58866.0
46.464104890823364, 58968.0
46.5566520690918, 59160.0
46.561800956726074, 59717.0
46.839552879333496, 59971.0
46.88786506652832, 60069.0
46.9297399520874, 60698.0
46.930203914642334, 61362.0
96.60082507133484, 61467.0
96.6983699798584, 61623.0
96.8422520160675, 61713.0
267.3514099121094, 61865.0
267.3775520324707, 61870.0
267.41153597831726, 61877.0
267.4122109413147, 62609.0
267.5426869392395, 62735.0
504.41112899780273, 63334.0
504.4124641418457, 63554.0
504.4177300930023, 63793.0
504.48035287857056, 64629.0
