0.0, 55395.0
0.5710911750793457, 55552.0
0.6638801097869873, 56215.0
1.0647552013397217, 56935.0
1.607295036315918, 56969.0
3.5853381156921387, 57267.0
4.089040040969849, 57657.0
4.156274080276489, 58504.0
5.154561996459961, 59157.0
5.217505931854248, 59241.0
5.229302883148193, 59715.0
5.4420671463012695, 59787.0
5.521139144897461, 60112.0
5.525608062744141, 60914.0
5.842879056930542, 61404.0
6.006683111190796, 61776.0
6.0653228759765625, 62535.0
6.272249937057495, 62801.0
9.433885097503662, 62904.0
9.715341091156006, 63788.0
11.646723985671997, 64222.0
11.880672931671143, 64830.0
11.884783029556274, 65157.0
12.3400239944458, 65841.0
12.646672010421753, 65951.0
13.15726923942566, 66716.0
16.94491410255432, 67372.0
17.225486040115356, 67861.0
17.230485200881958, 68589.0
17.42312788963318, 69031.0
18.341880083084106, 69044.0
18.446213006973267, 69691.0
18.597310066223145, 70054.0
18.935930013656616, 71052.0
19.034783124923706, 71261.0
19.17138409614563, 71771.0
19.204583168029785, 72478.0
19.72257900238037, 73061.0
19.938926935195923, 73852.0
20.377360105514526, 74305.0
21.35842490196228, 74432.0
21.971340894699097, 75291.0
22.979042053222656, 75969.0
23.26799702644348, 76488.0
24.202949047088623, 76874.0
25.071852922439575, 76921.0
25.16496706008911, 77242.0
25.167372941970825, 77592.0
25.197717905044556, 78046.0
25.326416969299316, 78389.0
26.062079906463623, 78610.0
29.16145610809326, 78838.0
29.337902069091797, 79072.0
31.47514796257019, 79177.0
31.49616813659668, 79947.0
31.53755211830139, 79983.0
31.62884211540222, 80968.0
31.98920202255249, 81236.0
32.09852313995361, 81431.0
32.10301208496094, 82075.0
32.193642139434814, 82761.0
32.85299491882324, 83314.0
33.2020902633667, 83837.0
33.37072515487671, 84266.0
33.44805383682251, 85253.0
33.80165505409241, 85970.0
33.80819392204285, 86889.0
33.89827108383179, 87425.0
34.20912408828735, 87868.0
34.24104309082031, 88093.0
34.24333095550537, 88770.0
34.28087115287781, 88928.0
34.5420880317688, 89579.0
35.06723403930664, 89596.0
35.11066508293152, 90081.0
36.19294619560242, 90821.0
36.27723407745361, 91808.0
37.16199207305908, 92610.0
37.240362882614136, 93296.0
37.35870313644409, 93853.0
39.660106897354126, 94030.0
39.66238498687744, 94472.0
39.835278034210205, 94478.0
39.873420000076294, 95046.0
39.92473888397217, 95418.0
40.0463330745697, 96294.0
40.143983125686646, 96685.0
40.14622712135315, 97489.0
41.110970973968506, 97671.0
42.15331816673279, 97891.0
42.676093101501465, 98490.0
42.787039041519165, 99310.0
45.77827501296997, 99435.0
46.00925898551941, 100066.0
46.975945234298706, 100776.0
47.44194197654724, 101145.0
47.52305006980896, 101699.0
48.6830849647522, 101730.0
48.685441970825195, 102219.0
48.7435040473938, 102472.0
48.745742082595825, 103114.0
48.74796509742737, 103930.0
51.02299785614014, 104578.0
51.93736410140991, 104592.0
51.94250202178955, 105386.0
51.984227895736694, 105881.0
52.326822996139526, 106373.0
52.44984412193298, 106601.0
52.48811721801758, 107273.0
52.49261212348938, 107551.0
52.53659200668335, 108287.0
52.963497161865234, 108805.0
53.09014415740967, 108912.0
53.56134104728699, 109107.0
53.684043884277344, 109293.0
53.73119401931763, 109862.0
53.76786017417908, 110691.0
54.156681060791016, 110973.0
54.2340772151947, 111143.0
55.35910606384277, 111643.0
55.65084409713745, 111694.0
56.03632616996765, 112296.0
56.117247104644775, 112867.0
56.4921669960022, 112941.0
56.57899308204651, 113011.0
56.6871771812439, 113457.0
56.69161510467529, 113594.0
56.8720018863678, 114480.0
57.09638690948486, 115421.0
57.353801250457764, 116259.0
57.35841393470764, 116589.0
58.09536409378052, 117332.0
59.16254806518555, 117425.0
59.164790868759155, 118417.0
59.223392963409424, 118773.0
59.73239803314209, 118979.0
60.139277935028076, 119472.0
60.18080496788025, 119940.0
60.759021043777466, 119944.0
60.81055188179016, 120552.0
60.84210801124573, 121170.0
62.76908302307129, 122047.0
64.49550104141235, 122479.0
64.65562415122986, 122561.0
64.66298794746399, 123541.0
64.74331212043762, 123835.0
64.87447500228882, 123869.0
65.31573486328125, 124505.0
66.13558411598206, 124526.0
66.87132501602173, 124616.0
67.42665100097656, 124705.0
67.50654602050781, 125616.0
67.88120603561401, 125962.0
67.88629484176636, 126903.0
67.8886330127716, 127446.0
68.02699398994446, 128430.0
68.04957294464111, 128881.0
68.3372449874878, 129392.0
69.22945094108582, 129747.0
69.51583981513977, 129941.0
69.55598998069763, 130337.0
69.56050705909729, 130919.0
69.86219215393066, 130928.0
69.99374413490295, 131791.0
70.12236905097961, 132601.0
70.8571240901947, 132886.0
71.5739049911499, 133616.0
72.44712996482849, 134184.0
72.89321899414062, 134329.0
72.8955340385437, 134712.0
72.93865895271301, 135583.0
73.47572803497314, 135953.0
73.60332417488098, 136277.0
73.68369913101196, 136336.0
73.93838906288147, 136458.0
74.78575706481934, 137363.0
75.87842392921448, 137397.0
75.89485812187195, 138005.0
76.97227001190186, 138064.0
76.98507714271545, 138103.0
76.98736023902893, 138935.0
76.99184393882751, 139435.0
77.30799603462219, 140326.0
77.59401512145996, 140767.0
77.74515914916992, 141224.0
77.806156873703, 141562.0
77.9028708934784, 141671.0
77.9383749961853, 142057.0
80.94790482521057, 142228.0
81.36619997024536, 142451.0
81.94822120666504, 142719.0
82.02223205566406, 142749.0
82.02675199508667, 142931.0
82.12928199768066, 143776.0
82.7613410949707, 144099.0
82.86311912536621, 144714.0
82.9345600605011, 144921.0
82.96151304244995, 145082.0
82.96898603439331, 145174.0
83.15315508842468, 145278.0
83.3291130065918, 145708.0
84.42572784423828, 146269.0
85.25939917564392, 146580.0
85.40578293800354, 147007.0
85.64777517318726, 147154.0
85.75898790359497, 147263.0
85.79246711730957, 147975.0
86.11761713027954, 148368.0
86.22936010360718, 148832.0
87.14374017715454, 149050.0
87.53270411491394, 149589.0
87.70677399635315, 149669.0
87.91461491584778, 150019.0
87.91692209243774, 150135.0
87.94803500175476, 151104.0
87.98838591575623, 151188.0
88.01949191093445, 151588.0
88.17785596847534, 152320.0
88.23681402206421, 152939.0
88.33927488327026, 153455.0
88.51251292228699, 153659.0
88.5749101638794, 153678.0
90.01227712631226, 153880.0
90.3075590133667, 153981.0
90.37089204788208, 154109.0
90.6991069316864, 154263.0
91.39377498626709, 154587.0
91.4198648929596, 155235.0
91.71106505393982, 155664.0
92.92587304115295, 155851.0
93.34347295761108, 156107.0
93.49159097671509, 156556.0
93.53027510643005, 156782.0
93.59018206596375, 157382.0
94.11464405059814, 157652.0
94.1607551574707, 158105.0
94.23387002944946, 158667.0
94.71171593666077, 159099.0
94.75128698348999, 159363.0
94.7543351650238, 160334.0
94.96193599700928, 160686.0
95.34625101089478, 161022.0
95.43568205833435, 161701.0
95.55034112930298, 162516.0
95.75984716415405, 163374.0
96.89475607872009, 163512.0
96.8992280960083, 163985.0
97.07413220405579, 164398.0
97.20890522003174, 164886.0
97.25095701217651, 165591.0
100.12163496017456, 166450.0
100.18270802497864, 167136.0
100.21806311607361, 168066.0
100.81034994125366, 168338.0
101.26398301124573, 168780.0
101.4777340888977, 168900.0
101.51178693771362, 169446.0
102.60493612289429, 169784.0
102.73632192611694, 170758.0
102.76920700073242, 170761.0
102.91504096984863, 171217.0
103.80609393119812, 171251.0
103.96612286567688, 171314.0
103.9684510231018, 172202.0
104.07891201972961, 173099.0
104.11162900924683, 173872.0
104.24428105354309, 174269.0
104.29697918891907, 174900.0
104.55295991897583, 174909.0
105.55933713912964, 175356.0
106.41360020637512, 175444.0
106.51732301712036, 175643.0
106.77876496315002, 176568.0
107.15305304527283, 176601.0
107.45543098449707, 177235.0
107.49356198310852, 178217.0
107.65798592567444, 178489.0
107.93493390083313, 179473.0
108.23058199882507, 180260.0
108.96531701087952, 180625.0
109.41087412834167, 180675.0
113.06827092170715, 181227.0
113.07336592674255, 181846.0
113.10882019996643, 182071.0
113.6115870475769, 182132.0
113.62806487083435, 183044.0
113.86146903038025, 183512.0
113.96769404411316, 184293.0
114.04557204246521, 184580.0
114.15703797340393, 185559.0
114.55952095985413, 186142.0
115.56406307220459, 186557.0
115.63438701629639, 187111.0
116.87711906433105, 187506.0
118.61220216751099, 187676.0
118.71620297431946, 187947.0
118.81840014457703, 188831.0
118.8925211429596, 189145.0
118.96642017364502, 189839.0
119.10241603851318, 190316.0
119.16669297218323, 190421.0
119.24240708351135, 191241.0
119.32601594924927, 192002.0
119.35696816444397, 192259.0
119.41774296760559, 192333.0
119.60156416893005, 192613.0
120.17396402359009, 193398.0
124.95141792297363, 193803.0
125.05318999290466, 194312.0
125.1199369430542, 194607.0
125.36435508728027, 194765.0
125.38083600997925, 195046.0
125.54950308799744, 195559.0
125.65899205207825, 195657.0
126.30804395675659, 196273.0
126.33841919898987, 196747.0
126.4774580001831, 197251.0
130.48340106010437, 197602.0
131.46891522407532, 197880.0
131.99373292922974, 198358.0
132.23030495643616, 198630.0
132.39310312271118, 198851.0
132.52686309814453, 199750.0
133.39386105537415, 200269.0
133.5014350414276, 200831.0
133.79467725753784, 201495.0
134.11280703544617, 201987.0
134.25200819969177, 202771.0
134.90182900428772, 202897.0
136.94623804092407, 202914.0
137.56563711166382, 203296.0
137.56793308258057, 204080.0
137.598886013031, 205055.0
138.85627007484436, 205509.0
141.2992639541626, 205945.0
141.41047596931458, 205971.0
141.50691509246826, 206738.0
141.75354409217834, 206979.0
142.01193618774414, 207279.0
146.04002404212952, 207316.0
146.2348189353943, 208141.0
149.29596400260925, 208511.0
149.44308590888977, 209497.0
149.65069007873535, 209725.0
150.90684604644775, 209734.0
151.08494925498962, 210576.0
151.51384592056274, 211563.0
152.56651401519775, 211811.0
152.56887912750244, 212568.0
152.60754108428955, 213340.0
152.95143699645996, 213700.0
153.45623016357422, 213942.0
154.12865710258484, 214127.0
154.17162203788757, 214136.0
154.29858708381653, 214548.0
155.58928799629211, 214744.0
155.7786350250244, 215197.0
156.82673597335815, 215820.0
156.85778498649597, 216298.0
156.89925599098206, 216938.0
157.74686193466187, 217283.0
157.80365705490112, 217608.0
158.19535207748413, 217715.0
158.26525402069092, 218239.0
160.315819978714, 218714.0
161.6341950893402, 218766.0
162.73143410682678, 218909.0
162.7338981628418, 219741.0
162.79934191703796, 220145.0
163.04198908805847, 220614.0
163.1194999217987, 220732.0
163.20747208595276, 221304.0
164.47054409980774, 221871.0
164.6873869895935, 222601.0
164.99595093727112, 223587.0
165.03434991836548, 224158.0
165.23510098457336, 224593.0
165.8628830909729, 225074.0
165.93254208564758, 225326.0
171.4852330684662, 225998.0
174.37105083465576, 226196.0
174.5103120803833, 226845.0
199.97517704963684, 227628.0
200.15486192703247, 228040.0
200.25969815254211, 228218.0
200.35721898078918, 229208.0
200.57873606681824, 229530.0
200.6415400505066, 229694.0
200.79272508621216, 229904.0
200.86061096191406, 230188.0
201.41832208633423, 230826.0
203.01444292068481, 230932.0
203.21032691001892, 231347.0
203.85613822937012, 231403.0
204.26755023002625, 231845.0
204.71911597251892, 232655.0
204.86744809150696, 232989.0
205.07197499275208, 233550.0
205.10093307495117, 233896.0
205.62440419197083, 234357.0
205.9654459953308, 234913.0
206.3517711162567, 235132.0
214.32191920280457, 235751.0
215.3122160434723, 235807.0
230.54312205314636, 235825.0
230.57711005210876, 236516.0
230.6935739517212, 237287.0
255.30618524551392, 237922.0
256.289999961853, 238099.0
256.4385299682617, 238398.0
257.34061193466187, 238696.0
259.07478427886963, 238828.0
259.08173418045044, 239558.0
259.15211725234985, 239975.0
259.1547911167145, 240400.0
259.19010305404663, 240994.0
259.52441000938416, 241007.0
260.04500007629395, 241037.0
267.2328312397003, 241163.0
267.49020504951477, 241945.0
267.67913699150085, 242074.0
278.3803548812866, 242758.0
278.4396152496338, 242976.0
283.3706159591675, 243315.0
283.41462111473083, 243422.0
283.4830119609833, 244332.0
284.38867020606995, 244638.0
284.99630999565125, 245369.0
285.35783314704895, 246054.0
285.6065020561218, 246527.0
286.3682441711426, 247092.0
286.397429227829, 247271.0
286.53169298171997, 247497.0
287.25541710853577, 248292.0
288.6694030761719, 248492.0
289.24879717826843, 248634.0
289.332750082016, 249268.0
292.01064109802246, 249411.0
293.5195710659027, 249939.0
293.52538418769836, 250412.0
293.8683910369873, 250438.0
295.6699092388153, 250751.0
295.67516708374023, 251038.0
295.9556541442871, 251494.0
296.0307848453522, 251512.0
296.1182858943939, 251935.0
296.23029017448425, 252793.0
297.6003701686859, 252994.0
297.6205852031708, 253331.0
297.66004490852356, 253916.0
298.15847992897034, 254625.0
298.2245018482208, 254673.0
298.30006217956543, 254687.0
298.37033700942993, 255188.0
298.56204986572266, 255317.0
299.0168979167938, 255643.0
299.0820860862732, 256590.0
300.1163980960846, 256976.0
300.38329315185547, 257406.0
300.49643206596375, 258077.0
300.7757668495178, 258455.0
301.1769061088562, 258532.0
301.45050621032715, 258667.0
303.8664779663086, 258810.0
304.33505606651306, 258818.0
304.3961582183838, 259475.0
307.3976500034332, 259640.0
308.5219440460205, 259902.0
308.62841415405273, 260787.0
308.7986190319061, 260910.0
308.87219285964966, 261295.0
309.4881100654602, 261817.0
310.30846095085144, 262171.0
310.40277314186096, 262562.0
310.5164189338684, 263142.0
310.74282789230347, 263847.0
311.1493899822235, 264253.0
311.2504689693451, 265034.0
312.1354110240936, 265044.0
312.20326113700867, 265587.0
313.05225801467896, 265621.0
313.38615584373474, 265912.0
313.6256229877472, 266049.0
313.80607986450195, 266094.0
313.91143703460693, 266430.0
342.38990807533264, 266759.0
342.59358191490173, 267354.0
342.6249370574951, 267367.0
342.8884551525116, 267519.0
346.44758796691895, 267856.0
346.48255610466003, 267977.0
348.09356212615967, 268403.0
348.12643003463745, 268431.0
348.17588901519775, 269402.0
438.7780849933624, 269889.0
438.85657596588135, 270214.0
438.90009689331055, 270408.0
439.60011315345764, 270420.0
439.7232632637024, 270557.0
440.16755199432373, 270616.0
440.515997171402, 271303.0
440.687922000885, 271320.0
443.1159031391144, 271396.0
444.12681102752686, 271431.0
444.2225561141968, 272000.0
444.2606129646301, 272251.0
444.26306915283203, 272268.0
444.3828320503235, 273084.0
444.8140661716461, 273667.0
524.1845490932465, 273734.0
524.2423250675201, 273895.0
524.3682100772858, 274169.0
524.6342611312866, 275012.0
524.8771140575409, 275069.0
533.5709171295166, 275219.0
533.7099611759186, 275608.0
533.8691921234131, 275641.0
533.9427411556244, 275744.0
534.0055258274078, 275801.0
554.6938421726227, 275954.0
555.0050611495972, 276159.0
556.0111908912659, 276448.0
