0.0, 25793.0
1.745615005493164, 26502.0
1.7467541694641113, 27132.0
1.7939951419830322, 27818.0
1.7951350212097168, 28493.0
1.798429012298584, 28675.0
1.8006541728973389, 29555.0
1.8856041431427002, 29663.0
2.5420379638671875, 30304.0
2.7113709449768066, 30549.0
2.716702938079834, 30950.0
2.7186901569366455, 31308.0
2.8281002044677734, 31351.0
2.94820499420166, 32271.0
3.034468173980713, 32814.0
3.7635350227355957, 33304.0
5.083691120147705, 33808.0
5.299163103103638, 34292.0
5.479169130325317, 35142.0
5.5886242389678955, 35699.0
5.64558219909668, 36322.0
6.082471132278442, 36584.0
6.13680100440979, 37354.0
6.251597166061401, 37875.0
6.363425016403198, 38196.0
6.422605991363525, 38226.0
6.520282030105591, 39104.0
7.179075002670288, 39371.0
7.297037124633789, 40350.0
7.299257040023804, 40353.0
7.308990001678467, 40362.0
8.082311153411865, 40511.0
8.258795976638794, 40749.0
8.2921142578125, 40828.0
8.402947187423706, 41301.0
8.50933027267456, 41883.0
8.585323095321655, 41967.0
9.03427004814148, 42316.0
9.148607015609741, 42587.0
9.2277250289917, 43065.0
9.400768041610718, 43759.0
9.644068002700806, 43799.0
9.64519715309143, 44488.0
9.687968969345093, 45113.0
9.693197011947632, 45538.0
9.74394702911377, 45890.0
10.033864974975586, 46573.0
10.366154909133911, 46981.0
10.436025142669678, 47188.0
10.577262163162231, 48102.0
11.38991904258728, 48362.0
11.392062902450562, 49150.0
11.458855152130127, 49952.0
11.571681022644043, 50215.0
11.574148178100586, 50547.0
11.613555908203125, 51213.0
11.619049072265625, 51796.0
11.921306133270264, 52611.0
12.21474814414978, 52889.0
12.999372959136963, 53011.0
13.000505208969116, 53805.0
13.158509016036987, 54318.0
13.450308084487915, 54640.0
13.452462196350098, 54667.0
13.51361894607544, 54855.0
13.584553003311157, 55337.0
14.087674140930176, 55778.0
14.218785047531128, 55807.0
14.219951152801514, 56207.0
14.222073078155518, 56633.0
14.286062002182007, 57106.0
14.349435091018677, 57546.0
14.418488025665283, 58337.0
14.426440954208374, 58547.0
14.568416118621826, 58959.0
14.748324155807495, 59544.0
14.855422973632812, 59787.0
15.43359112739563, 60154.0
15.440516233444214, 61108.0
15.503430128097534, 61770.0
15.67929220199585, 61789.0
15.768115043640137, 62694.0
15.772704124450684, 62976.0
16.214470148086548, 63160.0
16.220062017440796, 63364.0
16.279596090316772, 63380.0
16.28073811531067, 64170.0
16.417014122009277, 64224.0
16.421442985534668, 64802.0
16.422487020492554, 65678.0
16.725239038467407, 65876.0
16.80810022354126, 66354.0
16.809433221817017, 66968.0
16.82036805152893, 67391.0
16.980360984802246, 67766.0
17.26306414604187, 68222.0
17.680296897888184, 68510.0
17.74226713180542, 68905.0
17.889718055725098, 69480.0
18.01961398124695, 70146.0
18.338932037353516, 70297.0
18.342618227005005, 71142.0
18.397634029388428, 71795.0
18.399059057235718, 72238.0
18.481137990951538, 72891.0
18.487781047821045, 73877.0
18.64370608329773, 74109.0
18.986642122268677, 74327.0
19.144263982772827, 74432.0
19.146392107009888, 74885.0
19.468454122543335, 74981.0
19.469544887542725, 75176.0
19.71810507774353, 75239.0
20.051170110702515, 76031.0
20.100512981414795, 76919.0
20.182971239089966, 77083.0
20.565656185150146, 77724.0
21.55318307876587, 78064.0
21.652475118637085, 78445.0
21.90229296684265, 78751.0
22.568921089172363, 78986.0
22.575749158859253, 79667.0
23.286652088165283, 79706.0
23.5073561668396, 80262.0
23.598742961883545, 80872.0
23.77688193321228, 81161.0
23.818439245224, 81689.0
23.965961933135986, 81982.0
24.116277933120728, 82967.0
24.27151107788086, 83320.0
24.70361304283142, 83794.0
24.982855081558228, 83879.0
24.985159158706665, 84162.0
25.100884914398193, 84645.0
25.333856105804443, 85476.0
25.3350191116333, 85819.0
25.44377613067627, 86195.0
25.75600790977478, 86320.0
25.897305011749268, 87304.0
26.196848154067993, 88285.0
27.088722229003906, 88494.0
27.13622808456421, 88982.0
27.201770067214966, 89548.0
27.57972502708435, 90086.0
27.581352949142456, 90342.0
27.711799144744873, 91081.0
27.76224422454834, 91686.0
30.33832025527954, 91731.0
30.583495140075684, 92018.0
30.91170883178711, 92620.0
30.917205095291138, 92807.0
30.97919011116028, 93377.0
31.43198323249817, 93431.0
31.435359001159668, 93886.0
31.50314497947693, 94160.0
32.419156074523926, 94277.0
32.5316059589386, 94772.0
34.49751806259155, 94797.0
34.55360722541809, 94851.0
34.740694999694824, 95219.0
34.93035697937012, 95589.0
35.01741695404053, 95870.0
35.262821197509766, 96065.0
41.17266511917114, 96165.0
45.15708899497986, 96675.0
45.34870409965515, 96893.0
49.74479627609253, 97379.0
49.82553291320801, 98019.0
50.02920913696289, 98121.0
59.3532190322876, 98421.0
61.15066599845886, 98613.0
61.25889611244202, 98662.0
61.31763815879822, 98975.0
61.37279510498047, 99238.0
61.642192125320435, 99919.0
62.32233905792236, 99958.0
62.32556223869324, 100356.0
64.73966097831726, 100540.0
65.82348322868347, 100738.0
65.82465505599976, 100814.0
66.31213593482971, 101120.0
66.56847214698792, 101368.0
66.85263204574585, 101497.0
66.86649703979492, 101683.0
67.49274897575378, 101708.0
68.45121812820435, 101835.0
68.60458326339722, 102386.0
68.61653923988342, 102418.0
68.68902802467346, 103332.0
68.95481491088867, 103735.0
70.00247192382812, 103779.0
70.16006922721863, 104425.0
70.3556170463562, 104809.0
70.36267900466919, 104889.0
71.44000625610352, 105187.0
72.39401292800903, 106012.0
72.39955806732178, 106343.0
72.51021409034729, 106611.0
72.55492496490479, 107118.0
72.55912399291992, 108115.0
72.85998702049255, 108417.0
73.44152402877808, 108721.0
73.92731308937073, 109058.0
74.35680413246155, 109963.0
74.3602020740509, 110132.0
74.57732605934143, 110575.0
75.89961910247803, 110729.0
75.94448614120483, 111099.0
75.95205807685852, 111300.0
76.05221104621887, 111303.0
77.3663580417633, 111388.0
77.50513195991516, 111398.0
77.57655191421509, 111756.0
77.58327293395996, 112162.0
77.59107613563538, 113160.0
84.64125418663025, 113255.0
84.74045419692993, 113648.0
84.94194602966309, 114246.0
85.26671099662781, 114527.0
86.67133688926697, 114591.0
86.73090815544128, 115162.0
88.04483604431152, 115646.0
88.12562108039856, 116043.0
88.1902232170105, 116411.0
88.75561285018921, 116752.0
88.75910902023315, 117372.0
88.77194809913635, 117470.0
88.8407371044159, 117530.0
89.32735013961792, 117782.0
89.40884518623352, 118070.0
89.41650104522705, 118981.0
89.44062995910645, 119309.0
89.4451801776886, 119786.0
89.55146813392639, 120179.0
90.05207300186157, 120196.0
90.29660487174988, 120546.0
90.51682615280151, 121365.0
91.41505193710327, 122004.0
91.41736221313477, 122416.0
91.55172300338745, 122437.0
91.62121915817261, 122450.0
91.90308618545532, 123411.0
91.9092481136322, 124062.0
91.98345804214478, 124066.0
92.02480411529541, 124245.0
93.0622251033783, 124552.0
93.12951397895813, 124989.0
94.860769033432, 125302.0
94.95711898803711, 125886.0
95.0406219959259, 125985.0
95.19418120384216, 126012.0
95.27158498764038, 126070.0
125.65563702583313, 126641.0
181.06112909317017, 126789.0
181.14100313186646, 127436.0
181.21768498420715, 127998.0
181.22101712226868, 128895.0
181.24985694885254, 129849.0
181.49995589256287, 129885.0
181.7818841934204, 130482.0
181.80448722839355, 131349.0
181.8137149810791, 131541.0
183.44603419303894, 131729.0
183.68026113510132, 132283.0
204.70543098449707, 132445.0
206.75242495536804, 132730.0
206.75812292099, 132867.0
206.82749605178833, 133755.0
206.83153200149536, 133846.0
210.6531481742859, 133883.0
211.32028222084045, 134259.0
220.5400161743164, 134265.0
220.54346704483032, 134444.0
333.320513010025, 134676.0
333.3527150154114, 134714.0
333.353933095932, 135628.0
333.45806527137756, 135904.0
333.52329111099243, 136101.0
349.27745819091797, 136274.0
349.2786612510681, 136358.0
349.3400630950928, 136435.0
359.7249069213867, 136690.0
371.81124997138977, 137125.0
371.8178741931915, 137172.0
371.8960680961609, 137350.0
374.8174240589142, 137624.0
375.13850808143616, 137841.0
375.5798020362854, 138215.0
375.7900321483612, 138216.0
376.18621015548706, 138866.0
377.14900398254395, 139482.0
380.40010595321655, 140042.0
380.43296909332275, 140080.0
380.4341320991516, 140925.0
380.4650812149048, 141427.0
380.4696729183197, 142139.0
380.471981048584, 142471.0
380.4888219833374, 142848.0
380.8217670917511, 142877.0
529.2032949924469, 143352.0
