0.0, 6290.0
0.3767421245574951, 6351.0
0.4750790596008301, 6479.0
0.6281318664550781, 6587.0
0.6310379505157471, 6675.0
0.6314630508422852, 6795.0
0.631680965423584, 6989.0
0.9701690673828125, 7076.0
0.9782581329345703, 7183.0
1.1685521602630615, 7288.0
1.2388901710510254, 7319.0
1.2446517944335938, 7440.0
1.4776248931884766, 7550.0
1.4876430034637451, 7587.0
2.0553810596466064, 7590.0
2.1065151691436768, 7681.0
2.426859140396118, 7772.0
2.5395050048828125, 7855.0
2.605573892593384, 7990.0
2.6815152168273926, 7996.0
2.6845059394836426, 8128.0
2.737294912338257, 8286.0
2.998832941055298, 8288.0
3.1060221195220947, 8303.0
3.106687068939209, 8461.0
3.2640421390533447, 8477.0
3.3033881187438965, 8561.0
3.3040411472320557, 8677.0
3.3080830574035645, 8778.0
3.3508901596069336, 8825.0
3.353421926498413, 8861.0
3.407445192337036, 8875.0
3.409547805786133, 8878.0
3.5101819038391113, 8983.0
3.6105282306671143, 9040.0
3.619584083557129, 9152.0
3.8733530044555664, 9240.0
3.8888721466064453, 9369.0
3.9771149158477783, 9489.0
4.422800064086914, 9566.0
4.428368091583252, 9672.0
4.471810817718506, 9675.0
4.475461006164551, 9822.0
4.476124048233032, 9875.0
4.5416810512542725, 9980.0
6.469309091567993, 9990.0
6.569912910461426, 10031.0
6.571848154067993, 10077.0
6.5724709033966064, 10187.0
7.84686803817749, 10226.0
7.849032163619995, 10348.0
7.936253070831299, 10382.0
8.134264945983887, 10406.0
8.134710788726807, 10532.0
8.134938955307007, 10642.0
8.183974981307983, 10648.0
8.184638977050781, 10670.0
8.240126132965088, 10681.0
8.310302019119263, 10755.0
8.5364990234375, 10780.0
8.574727058410645, 10885.0
35.44841718673706, 10978.0
35.545077085494995, 11041.0
35.5511040687561, 11078.0
36.00793099403381, 11089.0
36.15827703475952, 11144.0
36.16098117828369, 11176.0
36.75278186798096, 11255.0
59.51884889602661, 11260.0
112.13982605934143, 11266.0
112.14050006866455, 11285.0
112.14311695098877, 11369.0
243.71862697601318, 11374.0
264.42761397361755, 11411.0
330.65565395355225, 11479.0
342.85413789749146, 11483.0
342.8796880245209, 11586.0
342.93904185295105, 11650.0
