0.0, 11919.0
1.542037010192871, 11957.0
1.5433149337768555, 12065.0
1.6371231079101562, 12208.0
2.1223809719085693, 12337.0
2.1261849403381348, 12508.0
2.547804832458496, 12584.0
2.548664093017578, 12702.0
2.7470998764038086, 12767.0
2.796938896179199, 12912.0
2.9081761837005615, 13063.0
3.0557079315185547, 13068.0
3.062880039215088, 13152.0
3.0637528896331787, 13269.0
3.110725164413452, 13377.0
3.112877130508423, 13509.0
3.2157700061798096, 13618.0
3.6149041652679443, 13664.0
3.889198064804077, 13765.0
3.890061140060425, 13887.0
3.891268014907837, 14006.0
4.066779851913452, 14012.0
4.068378925323486, 14115.0
4.288830041885376, 14216.0
4.405833959579468, 14346.0
4.408555030822754, 14469.0
4.45241904258728, 14593.0
4.457133054733276, 14596.0
4.633436918258667, 14688.0
4.845304012298584, 14690.0
4.93372106552124, 14801.0
4.937910079956055, 14915.0
5.585132122039795, 15082.0
5.586799144744873, 15295.0
5.770977020263672, 15399.0
6.038398027420044, 15414.0
6.041699171066284, 15519.0
6.28745698928833, 15616.0
6.50270414352417, 15676.0
6.508280038833618, 15816.0
7.0907111167907715, 15913.0
7.210968971252441, 15937.0
7.213123083114624, 16073.0
7.259760141372681, 16090.0
7.35570502281189, 16105.0
7.359998941421509, 16214.0
7.36346697807312, 16317.0
7.5023510456085205, 16407.0
8.003797054290771, 16511.0
8.616873979568481, 16675.0
8.677720069885254, 16789.0
8.68800687789917, 16907.0
8.816967010498047, 16910.0
8.959280014038086, 17015.0
9.579277038574219, 17118.0
9.905073881149292, 17135.0
9.957386016845703, 17257.0
9.971283912658691, 17302.0
10.302520990371704, 17393.0
10.356189966201782, 17396.0
10.59605884552002, 17569.0
10.601161003112793, 17710.0
10.725614070892334, 17765.0
10.837055921554565, 17994.0
10.903029918670654, 18008.0
11.673946142196655, 18114.0
12.024767875671387, 18190.0
16.34417200088501, 18300.0
16.858381986618042, 18390.0
17.114501953125, 18416.0
17.245370149612427, 18503.0
17.402644872665405, 18611.0
17.540748119354248, 18718.0
17.709048986434937, 18796.0
17.758941888809204, 18797.0
17.941548109054565, 18913.0
18.863861083984375, 18986.0
18.8647620677948, 19089.0
18.922027111053467, 19108.0
18.995833158493042, 19114.0
19.065176010131836, 19180.0
19.067826986312866, 19296.0
19.283204078674316, 19385.0
19.284512042999268, 19488.0
19.291084051132202, 19605.0
19.42070698738098, 19710.0
19.460007905960083, 19739.0
19.497506141662598, 19782.0
19.580363988876343, 19796.0
22.840447902679443, 19917.0
25.77724003791809, 19977.0
25.783586025238037, 20085.0
25.927528858184814, 20300.0
26.21188712120056, 20302.0
26.34990406036377, 20403.0
34.11146116256714, 20477.0
34.11500000953674, 20610.0
34.18498682975769, 20713.0
34.94782495498657, 20715.0
34.98861002922058, 20720.0
35.018639087677, 20825.0
35.024869203567505, 20977.0
35.19020104408264, 21061.0
35.83609199523926, 21085.0
35.841403007507324, 21194.0
35.93772220611572, 21300.0
35.95470595359802, 21403.0
47.94150495529175, 21419.0
51.124619007110596, 21483.0
51.29285192489624, 21555.0
51.36276984214783, 21660.0
51.36771297454834, 21688.0
51.368626832962036, 21808.0
51.4796199798584, 21859.0
51.693917989730835, 21893.0
53.03310012817383, 22006.0
