0.0, 11919.0
1.5034973621368408, 11957.0
1.5048623085021973, 12065.0
1.5643372535705566, 12208.0
2.0141701698303223, 12337.0
2.0224833488464355, 12508.0
2.3361830711364746, 12584.0
2.33701229095459, 12702.0
2.5412983894348145, 12767.0
2.6034181118011475, 12912.0
2.739500045776367, 13063.0
2.8932971954345703, 13068.0
2.903407096862793, 13152.0
2.9044392108917236, 13269.0
3.0167653560638428, 13377.0
3.0192954540252686, 13509.0
3.155360460281372, 13618.0
3.5676052570343018, 13664.0
3.678746223449707, 13765.0
3.726318120956421, 13887.0
3.7272183895111084, 14006.0
3.9377243518829346, 14012.0
3.9394311904907227, 14115.0
4.114007234573364, 14216.0
4.267665147781372, 14346.0
4.270313262939453, 14469.0
4.274389266967773, 14593.0
4.320362329483032, 14596.0
4.499572277069092, 14688.0
4.713783264160156, 14690.0
4.7215492725372314, 14801.0
4.761590003967285, 14915.0
5.213045358657837, 15082.0
5.214789152145386, 15295.0
5.367498397827148, 15399.0
5.574929237365723, 15414.0
5.579826354980469, 15519.0
5.806670188903809, 15616.0
6.008138418197632, 15676.0
6.055212020874023, 15816.0
6.607774257659912, 15913.0
6.725771188735962, 15937.0
6.76837420463562, 16073.0
6.778346300125122, 16090.0
6.873951435089111, 16105.0
6.878909349441528, 16214.0
6.930910348892212, 16317.0
6.990612268447876, 16407.0
7.522919178009033, 16511.0
8.235454320907593, 16675.0
8.274212121963501, 16789.0
8.278829097747803, 16907.0
8.297226428985596, 16910.0
8.412782192230225, 17015.0
9.080222368240356, 17118.0
9.37815237045288, 17135.0
9.379749298095703, 17257.0
9.48753833770752, 17302.0
9.900764226913452, 17393.0
9.910602331161499, 17396.0
10.15997838973999, 17569.0
10.16245722770691, 17710.0
10.172519207000732, 17765.0
10.265510320663452, 17994.0
10.28860330581665, 18008.0
11.337914228439331, 18114.0
11.60225224494934, 18190.0
16.231236219406128, 18300.0
16.876753330230713, 18390.0
17.1636962890625, 18416.0
17.43866229057312, 18503.0
17.671085119247437, 18611.0
17.765311241149902, 18718.0
17.92292022705078, 18796.0
17.974412202835083, 18797.0
18.21955132484436, 18913.0
19.456127405166626, 18986.0
19.457032203674316, 19089.0
19.510045289993286, 19108.0
19.572087049484253, 19114.0
19.665297269821167, 19180.0
19.667879343032837, 19296.0
19.88444423675537, 19385.0
19.885913133621216, 19488.0
19.926170110702515, 19605.0
20.03285813331604, 19710.0
20.082012176513672, 19739.0
20.14116621017456, 19782.0
20.237215280532837, 19796.0
24.627384185791016, 19917.0
28.03851318359375, 19977.0
28.08794116973877, 20085.0
28.196816205978394, 20300.0
28.523823261260986, 20302.0
28.683115005493164, 20403.0
37.40287518501282, 20477.0
37.43767714500427, 20610.0
37.45383930206299, 20713.0
38.532806158065796, 20715.0
38.53947925567627, 20720.0
38.63792634010315, 20825.0
38.70103335380554, 20977.0
38.869301319122314, 21061.0
39.60456132888794, 21085.0
39.609920024871826, 21194.0
39.717713356018066, 21300.0
39.72517919540405, 21403.0
54.71944236755371, 21419.0
58.28356122970581, 21483.0
58.535210371017456, 21555.0
58.634568214416504, 21660.0
58.69341731071472, 21688.0
58.69607710838318, 21808.0
58.84775924682617, 21859.0
59.13038420677185, 21893.0
61.060068130493164, 22006.0
