0.0, 1195.0
0.009109973907470703, 1297.0
0.19574594497680664, 1390.0
0.32544994354248047, 1392.0
0.4444851875305176, 1486.0
0.4476039409637451, 1494.0
0.448915958404541, 1588.0
0.44921207427978516, 1673.0
0.44940805435180664, 1797.0
0.45168089866638184, 1887.0
0.5541439056396484, 1928.0
0.5545148849487305, 2009.0
0.5598680973052979, 2062.0
0.5644011497497559, 2064.0
0.6637191772460938, 2150.0
0.6723382472991943, 2186.0
0.6748390197753906, 2188.0
0.7909049987792969, 2274.0
0.792687177658081, 2283.0
0.9657881259918213, 2293.0
1.7068610191345215, 2392.0
1.9057340621948242, 2475.0
2.6703338623046875, 2495.0
