0.0, 55395.0
0.6953809261322021, 55552.0
0.7830841541290283, 56215.0
1.189551830291748, 56935.0
1.5554819107055664, 56969.0
3.5829508304595947, 57267.0
4.008847951889038, 57657.0
4.086105823516846, 58504.0
5.044935941696167, 59157.0
5.047345876693726, 59241.0
5.110622882843018, 59715.0
5.255714178085327, 59787.0
5.308125019073486, 60112.0
5.312898874282837, 60914.0
5.643669128417969, 61404.0
5.7822558879852295, 61776.0
5.897669792175293, 62535.0
6.067668914794922, 62801.0
8.91898798942566, 62904.0
9.184846878051758, 63788.0
11.191442012786865, 64222.0
11.463228940963745, 64830.0
11.468706846237183, 65157.0
11.72583293914795, 65841.0
11.894706964492798, 65951.0
12.370481967926025, 66716.0
16.522463083267212, 67372.0
16.916375160217285, 67861.0
16.920889854431152, 68589.0
17.145028829574585, 69031.0
17.950862884521484, 69044.0
18.061419010162354, 69691.0
18.203864097595215, 70054.0
18.568161010742188, 71052.0
18.65059781074524, 71261.0
18.846551179885864, 71771.0
18.877092838287354, 72478.0
19.3380868434906, 73061.0
19.615375995635986, 73852.0
20.14781379699707, 74305.0
21.062891006469727, 74432.0
21.963053941726685, 75291.0
23.045809030532837, 75969.0
23.400819063186646, 76488.0
24.35787606239319, 76874.0
25.23403286933899, 76921.0
25.325217962265015, 77242.0
25.33148503303528, 77592.0
25.371134042739868, 78046.0
25.469401836395264, 78389.0
26.29307508468628, 78610.0
29.450464010238647, 78838.0
29.624841928482056, 79072.0
31.907104969024658, 79177.0
31.949402809143066, 79947.0
31.95389175415039, 79983.0
32.09337306022644, 80968.0
32.470556020736694, 81236.0
32.578141927719116, 81431.0
32.58271288871765, 82075.0
32.63972997665405, 82761.0
33.35153889656067, 83314.0
33.7500159740448, 83837.0
33.85467076301575, 84266.0
33.97434711456299, 85253.0
34.41055393218994, 85970.0
34.41840386390686, 86889.0
34.52301907539368, 87425.0
34.863008975982666, 87868.0
34.896530866622925, 88093.0
34.899956941604614, 88770.0
34.95672297477722, 88928.0
35.248220920562744, 89579.0
35.81132483482361, 89596.0
35.882587909698486, 90081.0
37.23917484283447, 90821.0
37.35280108451843, 91808.0
38.37701892852783, 92610.0
38.46325397491455, 93296.0
38.60609483718872, 93853.0
41.209887981414795, 94030.0
41.21243500709534, 94472.0
41.41341495513916, 94478.0
41.4637508392334, 95046.0
41.471309185028076, 95418.0
41.64302110671997, 96294.0
41.74650812149048, 96685.0
41.74943804740906, 97489.0
42.75749087333679, 97671.0
43.98977208137512, 97891.0
44.56829905509949, 98490.0
44.721977949142456, 99310.0
47.983027935028076, 99435.0
48.21234893798828, 100066.0
49.2037570476532, 100776.0
49.77229690551758, 101145.0
49.886561155319214, 101699.0
51.17441201210022, 101730.0
51.176695108413696, 102219.0
51.23076677322388, 102472.0
51.23298096656799, 103114.0
51.23562693595886, 103930.0
53.91890096664429, 104578.0
55.23583793640137, 104592.0
55.289307832717896, 105386.0
55.364473819732666, 105881.0
55.82802987098694, 106373.0
55.996971130371094, 106601.0
56.081868171691895, 107273.0
56.0892539024353, 107551.0
56.14070677757263, 108287.0
56.69168996810913, 108805.0
56.83507418632507, 108912.0
57.35728597640991, 109107.0
57.546189069747925, 109293.0
57.58650588989258, 109862.0
57.59316301345825, 110691.0
57.99271893501282, 110973.0
58.1217999458313, 111143.0
59.41813898086548, 111643.0
59.70171403884888, 111694.0
60.17656993865967, 112296.0
60.21926498413086, 112867.0
60.70445013046265, 112941.0
60.75730490684509, 113011.0
60.89567279815674, 113457.0
60.90004897117615, 113594.0
61.12118887901306, 114480.0
61.35427212715149, 115421.0
61.603678941726685, 116259.0
61.640241861343384, 116589.0
62.48360896110535, 117332.0
63.74529194831848, 117425.0
63.747637033462524, 118417.0
63.78827691078186, 118773.0
64.37006378173828, 118979.0
64.76879000663757, 119472.0
64.82482385635376, 119940.0
65.47115397453308, 119944.0
65.5347650051117, 120552.0
65.61193609237671, 121170.0
67.74339890480042, 122047.0
69.78894805908203, 122479.0
69.96888875961304, 122561.0
70.00810813903809, 123541.0
70.07004594802856, 123835.0
70.23526096343994, 123869.0
70.81811594963074, 124505.0
71.79615497589111, 124526.0
72.58520102500916, 124616.0
73.19805908203125, 124705.0
73.32864904403687, 125616.0
73.70550394058228, 125962.0
73.70794916152954, 126903.0
73.71028518676758, 127446.0
73.88331484794617, 128430.0
73.91903686523438, 128881.0
74.12378597259521, 129392.0
75.02470397949219, 129747.0
75.47252678871155, 129941.0
75.4767918586731, 130337.0
75.48118185997009, 130919.0
75.93833184242249, 130928.0
76.06569600105286, 131791.0
76.26312804222107, 132601.0
77.21037077903748, 132886.0
78.09015202522278, 133616.0
79.02901005744934, 134184.0
79.52275681495667, 134329.0
79.52596783638, 134712.0
79.5534439086914, 135583.0
80.09264802932739, 135953.0
80.29576873779297, 136277.0
80.39394474029541, 136336.0
80.63478493690491, 136458.0
81.58762979507446, 137363.0
83.08089804649353, 137397.0
83.08764004707336, 138005.0
84.27012300491333, 138064.0
84.30514192581177, 138103.0
84.30767393112183, 138935.0
84.3120789527893, 139435.0
84.52551198005676, 140326.0
84.85639595985413, 140767.0
85.04381084442139, 141224.0
85.08097004890442, 141562.0
85.12307786941528, 141671.0
85.16310405731201, 142057.0
87.89595794677734, 142228.0
88.19915795326233, 142451.0
89.02723407745361, 142719.0
89.06751012802124, 142749.0
89.10071206092834, 142931.0
89.19966006278992, 143776.0
89.8672981262207, 144099.0
89.9868528842926, 144714.0
90.06048488616943, 144921.0
90.08792877197266, 145082.0
90.09525680541992, 145174.0
90.24042391777039, 145278.0
90.31357383728027, 145708.0
91.21593189239502, 146269.0
91.96094584465027, 146580.0
92.10715389251709, 147007.0
92.36862587928772, 147154.0
92.46937298774719, 147263.0
92.49737501144409, 147975.0
92.82225894927979, 148368.0
92.99388813972473, 148832.0
94.25790286064148, 149050.0
94.73720788955688, 149589.0
94.94773411750793, 149669.0
95.1661388874054, 150019.0
95.22938179969788, 150135.0
95.23393392562866, 151104.0
95.30158400535583, 151188.0
95.34411287307739, 151588.0
95.4953830242157, 152320.0
95.57073307037354, 152939.0
95.68928909301758, 153455.0
95.8783791065216, 153659.0
95.9491970539093, 153678.0
97.5748438835144, 153880.0
97.86259698867798, 153981.0
97.92309093475342, 154109.0
98.25552010536194, 154263.0
98.97359013557434, 154587.0
99.04519701004028, 155235.0
99.24190998077393, 155664.0
100.65564489364624, 155851.0
101.06793808937073, 156107.0
101.24020004272461, 156556.0
101.2555148601532, 156782.0
101.30970096588135, 157382.0
101.8953800201416, 157652.0
101.96351289749146, 158105.0
102.03418183326721, 158667.0
102.51176714897156, 159099.0
102.5398690700531, 159363.0
102.54214191436768, 160334.0
102.72495198249817, 160686.0
103.252121925354, 161022.0
103.38270378112793, 161701.0
103.50795388221741, 162516.0
103.71483707427979, 163374.0
104.88674211502075, 163512.0
104.9286630153656, 163985.0
105.12803101539612, 164398.0
105.26311898231506, 164886.0
105.30616402626038, 165591.0
108.01885294914246, 166450.0
108.06730508804321, 167136.0
108.12062287330627, 168066.0
108.7579939365387, 168338.0
109.1954288482666, 168780.0
109.37661504745483, 168900.0
109.43744802474976, 169446.0
110.51822185516357, 169784.0
110.63499093055725, 170758.0
110.66882586479187, 170761.0
110.80617499351501, 171217.0
111.67268514633179, 171251.0
111.82061791419983, 171314.0
111.82329797744751, 172202.0
111.96797394752502, 173099.0
111.97488903999329, 173872.0
112.1266438961029, 174269.0
112.18721890449524, 174900.0
112.57157897949219, 174909.0
113.5482349395752, 175356.0
114.54265809059143, 175444.0
114.58170795440674, 175643.0
114.87314701080322, 176568.0
115.23138904571533, 176601.0
115.63156509399414, 177235.0
115.6361448764801, 178217.0
115.76495289802551, 178489.0
115.97882914543152, 179473.0
116.28453588485718, 180260.0
116.96455597877502, 180625.0
117.34926700592041, 180675.0
120.71996688842773, 181227.0
120.72631883621216, 181846.0
120.7904257774353, 182071.0
121.25880098342896, 182132.0
121.29923582077026, 183044.0
121.50452589988708, 183512.0
121.61531281471252, 184293.0
121.69769597053528, 184580.0
121.80581784248352, 185559.0
122.21952104568481, 186142.0
123.18406510353088, 186557.0
123.24773693084717, 187111.0
124.48643207550049, 187506.0
126.22512602806091, 187676.0
126.33321189880371, 187947.0
126.46708679199219, 188831.0
126.54498887062073, 189145.0
126.58438301086426, 189839.0
126.7325279712677, 190316.0
126.7958710193634, 190421.0
126.87034487724304, 191241.0
126.93439602851868, 192002.0
126.9668459892273, 192259.0
127.04523086547852, 192333.0
127.17436289787292, 192613.0
127.75846409797668, 193398.0
132.5908408164978, 193803.0
132.69868397712708, 194312.0
132.74934196472168, 194607.0
132.98295092582703, 194765.0
132.98511791229248, 195046.0
133.16154980659485, 195559.0
133.244943857193, 195657.0
133.92154502868652, 196273.0
133.93700575828552, 196747.0
134.07950401306152, 197251.0
138.23981189727783, 197602.0
139.21160984039307, 197880.0
139.76661086082458, 198358.0
139.97818803787231, 198630.0
140.15794205665588, 198851.0
140.29362106323242, 199750.0
141.32946801185608, 200269.0
141.49985694885254, 200831.0
141.79067301750183, 201495.0
142.12081789970398, 201987.0
142.24403309822083, 202771.0
142.90330290794373, 202897.0
145.06773209571838, 202914.0
145.73099088668823, 203296.0
145.73337817192078, 204080.0
145.7773289680481, 205055.0
147.06195211410522, 205509.0
149.48705101013184, 205945.0
149.58785891532898, 205971.0
149.66783380508423, 206738.0
149.95767998695374, 206979.0
150.21695399284363, 207279.0
154.28788304328918, 207316.0
154.5058901309967, 208141.0
157.70245099067688, 208511.0
157.85621786117554, 209497.0
158.06062173843384, 209725.0
159.35670614242554, 209734.0
159.56572699546814, 210576.0
159.9643111228943, 211563.0
161.08859705924988, 211811.0
161.0909399986267, 212568.0
161.13468289375305, 213340.0
161.48790884017944, 213700.0
162.00101590156555, 213942.0
162.71352791786194, 214127.0
162.77334690093994, 214136.0
162.87169003486633, 214548.0
164.19673800468445, 214744.0
164.36871194839478, 215197.0
165.4883749485016, 215820.0
165.4907729625702, 216298.0
165.52404689788818, 216938.0
166.43764996528625, 217283.0
166.51440477371216, 217608.0
166.90429091453552, 217715.0
166.9340579509735, 218239.0
169.0014090538025, 218714.0
170.399178981781, 218766.0
171.51772809028625, 218909.0
171.52009081840515, 219741.0
171.59051990509033, 220145.0
171.83015394210815, 220614.0
171.9545819759369, 220732.0
172.00859689712524, 221304.0
173.28332710266113, 221871.0
173.53226494789124, 222601.0
173.8538179397583, 223587.0
173.86213397979736, 224158.0
174.06844997406006, 224593.0
174.73199892044067, 225074.0
174.77186679840088, 225326.0
180.68095803260803, 225998.0
184.00523400306702, 226196.0
184.19383096694946, 226845.0
211.0002589225769, 227628.0
211.1593370437622, 228040.0
211.2628219127655, 228218.0
211.39069294929504, 229208.0
211.62121510505676, 229530.0
211.6540229320526, 229694.0
211.87513613700867, 229904.0
211.91048192977905, 230188.0
212.45028519630432, 230826.0
214.075670003891, 230932.0
214.26009607315063, 231347.0
214.93199014663696, 231403.0
215.41191411018372, 231845.0
215.81395196914673, 232655.0
215.95960783958435, 232989.0
216.26177382469177, 233550.0
216.26906394958496, 233896.0
216.8605079650879, 234357.0
217.21723294258118, 234913.0
217.6325409412384, 235132.0
225.81055116653442, 235751.0
226.8640730381012, 235807.0
242.59108901023865, 235825.0
242.59508514404297, 236516.0
242.72528791427612, 237287.0
268.44836592674255, 237922.0
269.48083090782166, 238099.0
269.61077404022217, 238398.0
270.5282828807831, 238696.0
272.331063747406, 238828.0
272.3625841140747, 239558.0
272.43084812164307, 239975.0
272.4332139492035, 240400.0
272.46432280540466, 240994.0
272.79968214035034, 241007.0
273.3080909252167, 241037.0
280.6500098705292, 241163.0
280.9409990310669, 241945.0
281.122761964798, 242074.0
291.7900550365448, 242758.0
291.82811093330383, 242976.0
296.81417083740234, 243315.0
296.8783481121063, 243422.0
296.9259159564972, 244332.0
297.88688588142395, 244638.0
298.6782569885254, 245369.0
299.0524389743805, 246054.0
299.3070831298828, 246527.0
300.12000012397766, 247092.0
300.1774389743805, 247271.0
300.29272389411926, 247497.0
301.0971658229828, 248292.0
302.5464038848877, 248492.0
303.2325699329376, 248634.0
303.3160288333893, 249268.0
306.1480667591095, 249411.0
307.65949392318726, 249939.0
307.66454672813416, 250412.0
308.03032302856445, 250438.0
309.87250900268555, 250751.0
309.87718296051025, 251038.0
310.23917388916016, 251494.0
310.3564097881317, 251512.0
310.45659589767456, 251935.0
310.59985995292664, 252793.0
311.9478621482849, 252994.0
311.9823319911957, 253331.0
312.01679706573486, 253916.0
312.5576159954071, 254625.0
312.62663102149963, 254673.0
312.70424699783325, 254687.0
312.80306696891785, 255188.0
312.9855260848999, 255317.0
313.4426980018616, 255643.0
313.5154628753662, 256590.0
314.58568501472473, 256976.0
314.8668360710144, 257406.0
314.99460005760193, 258077.0
315.27161407470703, 258455.0
315.67036604881287, 258532.0
315.97284507751465, 258667.0
318.46902084350586, 258810.0
318.98176288604736, 258818.0
319.04795694351196, 259475.0
322.25082898139954, 259640.0
323.3949019908905, 259902.0
323.5267050266266, 260787.0
323.71336102485657, 260910.0
323.7533960342407, 261295.0
324.3601219654083, 261817.0
325.2299690246582, 262171.0
325.3145480155945, 262562.0
325.397421836853, 263142.0
325.63248586654663, 263847.0
326.07936215400696, 264253.0
326.17862606048584, 265034.0
326.933580160141, 265044.0
326.9715619087219, 265587.0
327.8036229610443, 265621.0
328.1555850505829, 265912.0
328.409884929657, 266049.0
328.5930640697479, 266094.0
328.6744430065155, 266430.0
358.5947918891907, 266759.0
358.86049699783325, 267354.0
358.8928451538086, 267367.0
359.18843698501587, 267519.0
362.80477690696716, 267856.0
362.8392331600189, 267977.0
364.54301500320435, 268403.0
364.57651472091675, 268431.0
364.6195111274719, 269402.0
457.2925088405609, 269889.0
457.3775260448456, 270214.0
457.43616104125977, 270408.0
458.1064238548279, 270420.0
458.13198590278625, 270557.0
458.55132484436035, 270616.0
458.8687801361084, 271303.0
459.0564429759979, 271320.0
461.68497490882874, 271396.0
462.94009709358215, 271431.0
463.06977581977844, 272000.0
463.1229009628296, 272251.0
463.13467597961426, 272268.0
463.3024799823761, 273084.0
463.69048595428467, 273667.0
544.2689878940582, 273734.0
544.2956759929657, 273895.0
544.4639089107513, 274169.0
544.7170209884644, 275012.0
544.9522449970245, 275069.0
553.7196507453918, 275219.0
553.8741250038147, 275608.0
554.0411579608917, 275641.0
554.1130349636078, 275744.0
554.1687150001526, 275801.0
575.5872640609741, 275954.0
575.8679769039154, 276159.0
576.8170890808105, 276448.0
