0.0, 5093.0
0.8331079483032227, 5094.0
1.5999820232391357, 5117.0
1.6713230609893799, 5237.0
1.6746678352355957, 5313.0
1.7413301467895508, 5363.0
1.9087998867034912, 5469.0
1.9761719703674316, 5576.0
2.070831060409546, 5606.0
2.0716898441314697, 5734.0
7.057788133621216, 5749.0
7.058660984039307, 5803.0
7.060159921646118, 5860.0
11.891849994659424, 5917.0
11.984733819961548, 5918.0
12.091907024383545, 5958.0
12.096149921417236, 5992.0
12.11421513557434, 5993.0
12.193202018737793, 6074.0
12.243581771850586, 6089.0
12.334609031677246, 6101.0
58.713294982910156, 6106.0
58.718002796173096, 6165.0
58.86598491668701, 6169.0
58.87309408187866, 6180.0
58.874396085739136, 6181.0
59.47848701477051, 6239.0
60.20959711074829, 6351.0
60.212533950805664, 6405.0
100.6728868484497, 6591.0
100.67680716514587, 6600.0
100.67829394340515, 6613.0
100.71998000144958, 6648.0
100.77569603919983, 6673.0
100.78165292739868, 6803.0
100.91970801353455, 6819.0
457.1368238925934, 6894.0
457.56157898902893, 6912.0
460.39343190193176, 7005.0
460.43679189682007, 7006.0
460.5382251739502, 7009.0
460.68208408355713, 7020.0
460.6886830329895, 7021.0
460.87017488479614, 7078.0
461.2099618911743, 7105.0
461.7366681098938, 7142.0
461.8135678768158, 7160.0
