0.0, 3989.0
0.26128387451171875, 4091.0
0.4215841293334961, 4632.0
0.5596609115600586, 5046.0
0.56109619140625, 5130.0
0.5611369609832764, 5246.0
0.5611770153045654, 6238.0
0.564194917678833, 6376.0
0.5672569274902344, 6476.0
0.7335529327392578, 6833.0
1.0632050037384033, 7068.0
1.0637118816375732, 7353.0
1.0684289932250977, 7508.0
1.0750608444213867, 7655.0
1.2701690196990967, 8296.0
5.187005043029785, 8538.0
6.1662278175354, 8900.0
6.16938591003418, 9789.0
9.38415002822876, 9940.0
9.688338041305542, 9959.0
10.582092046737671, 9960.0
10.78249478340149, 10472.0
10.919678211212158, 10566.0
13.376459836959839, 10631.0
