0.0, 50202.0
0.7689669132232666, 50262.0
0.9241349697113037, 50263.0
1.3761999607086182, 50264.0
1.9342830181121826, 50328.0
4.18445897102356, 50329.0
5.7924580574035645, 50417.0
6.037158012390137, 50631.0
6.3495402336120605, 50653.0
6.531754970550537, 50718.0
6.760472059249878, 50826.0
9.641520977020264, 50874.0
9.895807027816772, 50875.0
10.079900979995728, 50879.0
10.24321699142456, 51033.0
10.500972032546997, 51140.0
11.466422080993652, 51227.0
17.40862488746643, 51240.0
17.83439016342163, 51270.0
18.832669019699097, 51358.0
19.40342879295349, 51438.0
19.415800094604492, 51444.0
22.003614902496338, 51569.0
22.600762128829956, 51570.0
26.0088529586792, 51585.0
26.1336829662323, 51669.0
26.183705806732178, 51721.0
26.33930015563965, 51729.0
27.08662509918213, 51730.0
36.44232702255249, 51771.0
36.76964712142944, 51772.0
36.777064085006714, 51846.0
38.76148509979248, 51851.0
39.79252600669861, 51852.0
39.86819887161255, 51853.0
40.01679015159607, 51856.0
43.2078800201416, 51974.0
43.99440908432007, 51995.0
44.29017090797424, 51996.0
45.264151096343994, 52046.0
46.17232298851013, 52081.0
46.3645498752594, 52180.0
60.646520137786865, 52206.0
61.95245695114136, 52275.0
62.27807116508484, 52299.0
67.99297404289246, 52333.0
68.68809390068054, 52368.0
68.74896311759949, 52369.0
68.86235904693604, 52430.0
70.22902822494507, 52451.0
71.0976951122284, 52493.0
72.59851598739624, 52601.0
77.79804801940918, 52633.0
79.34268116950989, 52710.0
82.123291015625, 52786.0
82.77973198890686, 52878.0
88.37221813201904, 52879.0
92.51259899139404, 52970.0
92.61647391319275, 53034.0
93.54205012321472, 53056.0
93.59987688064575, 53137.0
94.37106204032898, 53177.0
94.50690793991089, 53178.0
98.56915211677551, 53253.0
99.16470885276794, 53263.0
99.51047205924988, 53343.0
99.58218693733215, 53387.0
100.24219393730164, 53479.0
100.2447030544281, 53480.0
100.8323142528534, 53522.0
101.39945912361145, 53581.0
101.71702289581299, 53627.0
101.97857403755188, 53629.0
103.18367600440979, 53724.0
104.87823796272278, 53794.0
105.3652720451355, 53849.0
105.52525591850281, 53889.0
105.81159996986389, 53906.0
107.3591628074646, 53929.0
119.74673509597778, 54039.0
120.21843314170837, 54041.0
124.33289813995361, 54045.0
124.49005007743835, 54116.0
124.70435309410095, 54132.0
124.77531599998474, 54263.0
125.35432410240173, 54324.0
125.39821600914001, 54341.0
128.58851099014282, 54394.0
128.66580724716187, 54395.0
128.93082094192505, 54404.0
129.78936100006104, 54467.0
129.8326301574707, 54583.0
135.31086325645447, 54596.0
135.93100595474243, 54602.0
149.387757062912, 54605.0
155.68010592460632, 54677.0
155.8659999370575, 54768.0
332.1637110710144, 54803.0
332.203449010849, 54879.0
332.2058289051056, 54915.0
332.28375601768494, 55011.0
332.31019020080566, 55012.0
332.6085000038147, 55154.0
334.24560594558716, 55158.0
334.8692800998688, 55160.0
335.4736158847809, 55179.0
335.6991810798645, 55218.0
336.11624097824097, 55330.0
364.82399582862854, 55357.0
365.90186190605164, 55406.0
366.1226181983948, 55429.0
366.4511511325836, 55512.0
366.7680790424347, 55633.0
367.0851020812988, 55673.0
368.21926498413086, 55781.0
368.2554121017456, 55808.0
374.9271659851074, 55886.0
389.5171310901642, 55966.0
389.7175590991974, 56098.0
391.16722297668457, 56115.0
391.25599098205566, 56235.0
400.69422221183777, 56252.0
