0.0, 25793.0
1.8038239479064941, 26502.0
1.8049507141113281, 27132.0
1.8081727027893066, 27818.0
1.8092927932739258, 28493.0
1.8582777976989746, 28675.0
1.8606088161468506, 29555.0
1.870539665222168, 29663.0
2.4574379920959473, 30304.0
2.618633985519409, 30549.0
2.6696999073028564, 30950.0
2.674139976501465, 31308.0
2.779376983642578, 31351.0
2.837430000305176, 32271.0
2.9335548877716064, 32814.0
3.592357873916626, 33304.0
4.796506881713867, 33808.0
5.020350933074951, 34292.0
5.224339008331299, 35142.0
5.298141956329346, 35699.0
5.436230897903442, 36322.0
6.015208959579468, 36584.0
6.0856547355651855, 37354.0
6.2126147747039795, 37875.0
6.303041696548462, 38196.0
6.395061016082764, 38226.0
6.486186981201172, 39104.0
7.146603107452393, 39371.0
7.285341024398804, 40350.0
7.287688970565796, 40353.0
7.341425895690918, 40362.0
8.000485897064209, 40511.0
8.182770013809204, 40749.0
8.186048030853271, 40828.0
8.321422815322876, 41301.0
8.452592849731445, 41883.0
8.562013864517212, 41967.0
9.125056743621826, 42316.0
9.234986066818237, 42587.0
9.26012396812439, 43065.0
9.476768016815186, 43759.0
9.693026781082153, 43799.0
9.694164037704468, 44488.0
9.69745683670044, 45113.0
9.741090774536133, 45538.0
9.745508909225464, 45890.0
10.09329891204834, 46573.0
10.371088981628418, 46981.0
10.384729862213135, 47188.0
10.676472902297974, 48102.0
11.151305913925171, 48362.0
11.153609991073608, 49150.0
11.20481276512146, 49952.0
11.298470973968506, 50215.0
11.35267186164856, 50547.0
11.360220909118652, 51213.0
11.39916181564331, 51796.0
11.7379310131073, 52611.0
12.040385723114014, 52889.0
12.678466796875, 53011.0
12.679612874984741, 53805.0
12.686184883117676, 54318.0
12.89001989364624, 54640.0
12.892251968383789, 54667.0
12.928927898406982, 54855.0
12.959883689880371, 55337.0
13.53554892539978, 55778.0
13.741676807403564, 55807.0
13.742822885513306, 56207.0
13.744983673095703, 56633.0
13.837862968444824, 57106.0
14.002165079116821, 57546.0
14.003344774246216, 58337.0
14.01130986213684, 58547.0
14.17543888092041, 58959.0
14.340176820755005, 59544.0
14.479915857315063, 59787.0
14.89674973487854, 60154.0
14.899809837341309, 61108.0
14.956380844116211, 61770.0
15.066404819488525, 61789.0
15.16733694076538, 62694.0
15.171738862991333, 62976.0
15.581722974777222, 63160.0
15.587289810180664, 63364.0
15.645553827285767, 63380.0
15.646697998046875, 64170.0
15.750301837921143, 64224.0
15.78152084350586, 64802.0
15.782640933990479, 65678.0
15.986478805541992, 65876.0
15.987603902816772, 66354.0
15.988748788833618, 66968.0
16.026667833328247, 67391.0
16.16580367088318, 67766.0
16.343621969223022, 68222.0
16.688418865203857, 68510.0
16.746923685073853, 68905.0
16.937797784805298, 69480.0
17.015241861343384, 70146.0
17.298531770706177, 70297.0
17.33536171913147, 71142.0
17.337594747543335, 71795.0
17.338741064071655, 72238.0
17.431484937667847, 72891.0
17.468241930007935, 73877.0
17.589345693588257, 74109.0
17.985615968704224, 74327.0
18.0828800201416, 74432.0
18.135294914245605, 74885.0
18.4057559967041, 74981.0
18.40688681602478, 75176.0
18.5293550491333, 75239.0
18.66703486442566, 76031.0
18.702180862426758, 76919.0
18.777761697769165, 77083.0
19.124568700790405, 77724.0
19.913737058639526, 78064.0
19.965173959732056, 78445.0
20.212376832962036, 78751.0
20.728230953216553, 78986.0
20.78758978843689, 79667.0
21.404458045959473, 79706.0
21.57000184059143, 80262.0
21.61024284362793, 80872.0
21.775023937225342, 81161.0
21.793861865997314, 81689.0
21.917157888412476, 81982.0
22.03334403038025, 82967.0
22.165530920028687, 83320.0
22.573988914489746, 83794.0
22.82141089439392, 83879.0
22.823647022247314, 84162.0
22.926700830459595, 84645.0
23.127068996429443, 85476.0
23.128219842910767, 85819.0
23.259122848510742, 86195.0
23.529578924179077, 86320.0
23.624664783477783, 87304.0
23.84282088279724, 88285.0
24.642920970916748, 88494.0
24.686646699905396, 88982.0
24.779062032699585, 89548.0
25.057079792022705, 90086.0
25.058231830596924, 90342.0
25.199254751205444, 91081.0
25.23743486404419, 91686.0
27.482757806777954, 91731.0
27.73941469192505, 92018.0
28.103487014770508, 92620.0
28.149430751800537, 92807.0
28.156880855560303, 93377.0
28.636995792388916, 93431.0
28.64048480987549, 93886.0
28.72540593147278, 94160.0
29.549400806427002, 94277.0
29.64247488975525, 94772.0
31.507422924041748, 94797.0
31.559558868408203, 94851.0
31.732399940490723, 95219.0
31.911585092544556, 95589.0
32.003294944763184, 95870.0
32.210447788238525, 96065.0
37.42690587043762, 96165.0
41.25546193122864, 96675.0
41.44444274902344, 96893.0
45.38448095321655, 97379.0
45.467511892318726, 98019.0
45.65446090698242, 98121.0
53.563689947128296, 98421.0
55.210366010665894, 98613.0
55.255088806152344, 98662.0
55.32727098464966, 98975.0
55.36600089073181, 99238.0
55.59960889816284, 99919.0
56.197163820266724, 99958.0
56.200549840927124, 100356.0
58.58442497253418, 100540.0
59.540167808532715, 100738.0
59.541329860687256, 100814.0
59.944607973098755, 101120.0
60.160422801971436, 101368.0
60.433146953582764, 101497.0
60.46759581565857, 101683.0
60.99180793762207, 101708.0
61.762555837631226, 101835.0
61.8984649181366, 102386.0
61.94036102294922, 102418.0
62.04769682884216, 103332.0
62.28175377845764, 103735.0
63.125727891922, 103779.0
63.24040389060974, 104425.0
63.41326069831848, 104809.0
63.42004990577698, 104889.0
64.45687770843506, 105187.0
65.29690384864807, 106012.0
65.30138087272644, 106343.0
65.37351989746094, 106611.0
65.41238498687744, 107118.0
65.45026588439941, 108115.0
65.65703892707825, 108417.0
66.20559906959534, 108721.0
66.64719271659851, 109058.0
67.04460501670837, 109963.0
67.04796695709229, 110132.0
67.20089602470398, 110575.0
68.32721781730652, 110729.0
68.33286881446838, 111099.0
68.37810373306274, 111300.0
68.4410879611969, 111303.0
69.51569986343384, 111388.0
69.58354473114014, 111398.0
69.65836787223816, 111756.0
69.6629467010498, 112162.0
69.70031380653381, 113160.0
75.49928402900696, 113255.0
75.63046979904175, 113648.0
75.7996928691864, 114246.0
76.0781877040863, 114527.0
77.32876491546631, 114591.0
77.37687182426453, 115162.0
78.45185494422913, 115646.0
78.55396795272827, 116043.0
78.59222292900085, 116411.0
78.82422494888306, 116752.0
78.82767271995544, 117372.0
78.85449981689453, 117470.0
78.88925075531006, 117530.0
79.25427675247192, 117782.0
79.31250476837158, 118070.0
79.31833672523499, 118981.0
79.34006977081299, 119309.0
79.34463787078857, 119786.0
79.40332865715027, 120179.0
79.7687418460846, 120196.0
79.97587990760803, 120546.0
80.16786479949951, 121365.0
80.95522785186768, 122004.0
80.95750784873962, 122416.0
81.0508348941803, 122437.0
81.10947370529175, 122450.0
81.34716987609863, 123411.0
81.3516857624054, 124062.0
81.41237187385559, 124066.0
81.44034004211426, 124245.0
82.17345595359802, 124552.0
82.23271298408508, 124989.0
83.4477026462555, 125302.0
83.50788688659668, 125886.0
83.59514093399048, 125985.0
83.68439078330994, 126012.0
83.74035477638245, 126070.0
109.46319270133972, 126641.0
155.36706280708313, 126789.0
155.45303392410278, 127436.0
155.4911868572235, 127998.0
155.51469683647156, 128895.0
155.51813292503357, 129849.0
155.7556927204132, 129885.0
155.9399287700653, 130482.0
155.94223999977112, 131349.0
155.9713637828827, 131541.0
157.11368489265442, 131729.0
157.26183676719666, 132283.0
174.45720767974854, 132445.0
176.1781678199768, 132730.0
176.20393300056458, 132867.0
176.23980975151062, 133755.0
176.26221179962158, 133846.0
179.41594195365906, 133883.0
179.98868989944458, 134259.0
187.78741979599, 134265.0
187.79083275794983, 134444.0
282.7438848018646, 134676.0
282.7741599082947, 134714.0
282.77532982826233, 135628.0
282.8647360801697, 135904.0
282.8996739387512, 136101.0
295.882661819458, 136274.0
295.8839030265808, 136358.0
295.9199297428131, 136435.0
303.9686179161072, 136690.0
313.8433449268341, 137125.0
313.8691108226776, 137172.0
313.9016888141632, 137350.0
316.23427295684814, 137624.0
316.50185775756836, 137841.0
316.865993976593, 138215.0
317.04456400871277, 138216.0
317.3812298774719, 138866.0
318.19063782691956, 139482.0
320.85705280303955, 140042.0
320.88504672050476, 140080.0
320.886225938797, 140925.0
320.91323494911194, 141427.0
320.9177711009979, 142139.0
320.92005467414856, 142471.0
320.9435667991638, 142848.0
321.2167658805847, 142877.0
450.6908140182495, 143352.0
