0.0, 59619.0
1.6667897701263428, 59698.0
1.8100779056549072, 59813.0
5.511107683181763, 59901.0
6.059973955154419, 60008.0
6.7581517696380615, 60163.0
6.864718914031982, 60277.0
7.493305921554565, 60396.0
7.62480092048645, 60504.0
8.971557855606079, 60614.0
9.30982494354248, 60659.0
9.524295806884766, 60783.0
9.526595830917358, 60910.0
9.864137887954712, 61012.0
10.35682988166809, 61013.0
10.414679050445557, 61146.0
10.527565002441406, 61268.0
10.568634748458862, 61409.0
11.742740869522095, 61430.0
11.748512029647827, 61559.0
12.100597858428955, 61570.0
12.114711999893188, 61686.0
12.212530851364136, 61794.0
12.700373888015747, 61888.0
13.3814058303833, 61997.0
13.68775987625122, 62116.0
14.174784898757935, 62202.0
14.302238941192627, 62269.0
14.361691951751709, 62402.0
15.1836838722229, 62518.0
16.917433738708496, 62619.0
17.012167930603027, 62698.0
17.178086757659912, 62814.0
17.180457830429077, 62918.0
19.992551803588867, 63013.0
20.684955835342407, 63116.0
21.68064785003662, 63195.0
22.233601093292236, 63304.0
22.50821304321289, 63383.0
22.882990837097168, 63515.0
25.977581024169922, 63608.0
26.08074378967285, 63718.0
26.270094871520996, 63818.0
27.575128078460693, 63819.0
31.850166082382202, 63915.0
34.17986512184143, 64010.0
35.24716591835022, 64101.0
35.24947690963745, 64304.0
35.79552388191223, 64369.0
35.941914796829224, 64484.0
35.99695682525635, 64607.0
36.520726919174194, 64730.0
36.57642078399658, 64863.0
36.93372392654419, 64902.0
37.351048946380615, 65059.0
37.52500677108765, 65171.0
37.533318758010864, 65285.0
37.95466899871826, 65312.0
38.610004901885986, 65387.0
38.644837856292725, 65518.0
42.232871770858765, 65519.0
42.67020893096924, 65522.0
42.678175926208496, 65806.0
42.81330585479736, 65920.0
42.940650939941406, 66090.0
43.22188186645508, 66272.0
43.40493106842041, 66425.0
43.54382681846619, 66545.0
43.60205101966858, 66701.0
43.70207476615906, 66817.0
45.454813957214355, 66850.0
45.95960187911987, 67005.0
46.02297401428223, 67100.0
46.31365180015564, 67216.0
46.343829870224, 67319.0
49.84439396858215, 67376.0
50.98906993865967, 67512.0
52.53409290313721, 67551.0
52.65837001800537, 67712.0
52.74560189247131, 67914.0
53.57317876815796, 67978.0
53.68866300582886, 68106.0
53.735191106796265, 68217.0
53.99084186553955, 68408.0
55.473270893096924, 68499.0
56.08533191680908, 68509.0
57.08444285392761, 68591.0
57.18335676193237, 68721.0
57.185669898986816, 68825.0
57.22706890106201, 68967.0
57.77155685424805, 69104.0
58.001538038253784, 69107.0
58.047855854034424, 69242.0
58.07778191566467, 69355.0
58.124505043029785, 69496.0
58.56669592857361, 69618.0
58.70820498466492, 69629.0
58.93292284011841, 69779.0
59.42877697944641, 69785.0
59.659313917160034, 69808.0
59.738282918930054, 69913.0
59.83332085609436, 69963.0
59.91962289810181, 70168.0
60.23174977302551, 70283.0
60.39569592475891, 70396.0
60.44941282272339, 70511.0
62.06729292869568, 70619.0
63.788489818573, 70693.0
65.66479992866516, 70854.0
65.80935597419739, 70955.0
66.19259285926819, 71116.0
69.72207474708557, 71221.0
69.77843499183655, 71374.0
70.01267886161804, 71559.0
70.02012801170349, 71708.0
70.53450798988342, 71911.0
71.38871097564697, 72013.0
72.47247099876404, 72054.0
72.56917190551758, 72194.0
72.67464089393616, 72388.0
73.07246685028076, 72406.0
73.32023882865906, 72411.0
73.40357708930969, 72564.0
73.42119812965393, 72790.0
73.77390789985657, 72918.0
75.17006802558899, 73006.0
75.65579175949097, 73107.0
75.87037205696106, 73216.0
76.01988792419434, 73318.0
76.34987592697144, 73498.0
76.66675782203674, 73603.0
77.01237201690674, 73709.0
77.06572389602661, 73810.0
77.41833806037903, 73822.0
77.42290306091309, 74002.0
79.22524690628052, 74014.0
79.28534984588623, 74108.0
79.99425482749939, 74317.0
80.48297381401062, 74392.0
80.88683581352234, 74501.0
81.7249858379364, 74515.0
82.05566596984863, 74526.0
82.12638783454895, 74653.0
82.27275085449219, 74797.0
82.27740001678467, 74925.0
82.28024077415466, 75066.0
82.7895040512085, 75210.0
84.03870797157288, 75215.0
85.07481980323792, 75316.0
86.75227069854736, 75421.0
86.7590720653534, 75582.0
87.03945994377136, 75598.0
87.35631990432739, 75703.0
88.12621092796326, 75798.0
88.44045996665955, 75907.0
89.00905799865723, 75991.0
89.01823902130127, 76106.0
89.61323380470276, 76313.0
90.64802694320679, 76411.0
91.14818096160889, 76517.0
91.60072183609009, 76593.0
91.65935587882996, 76702.0
91.98133611679077, 76812.0
93.49906992912292, 76895.0
93.57277393341064, 77017.0
93.77516794204712, 77044.0
94.19796085357666, 77212.0
95.33916282653809, 77316.0
95.80722403526306, 77378.0
95.98676681518555, 77514.0
96.34931683540344, 77676.0
96.38083410263062, 77899.0
96.59223794937134, 78012.0
97.00269174575806, 78102.0
97.07486009597778, 78209.0
97.84030103683472, 78296.0
98.34250497817993, 78400.0
98.48446202278137, 78502.0
98.9562599658966, 78538.0
98.96807193756104, 78687.0
98.97370791435242, 78789.0
99.25238299369812, 78985.0
100.17028284072876, 78987.0
100.23975706100464, 79111.0
100.8201699256897, 79118.0
103.69199109077454, 79205.0
106.54977488517761, 79293.0
106.84054803848267, 79364.0
107.0208158493042, 79483.0
108.160973072052, 79611.0
109.06113290786743, 79705.0
109.0950038433075, 79807.0
109.87521982192993, 79898.0
110.2196958065033, 80015.0
110.59116101264954, 80092.0
111.2268328666687, 80116.0
113.94474387168884, 80137.0
114.15547180175781, 80211.0
115.1123640537262, 80273.0
115.25523686408997, 80314.0
116.40076112747192, 80410.0
116.55242085456848, 80511.0
116.58859992027283, 80616.0
124.16162395477295, 80688.0
124.32595777511597, 80774.0
124.9530918598175, 80888.0
124.98592376708984, 81083.0
125.26066994667053, 81087.0
125.40685272216797, 81097.0
125.58462691307068, 81148.0
125.89066195487976, 81411.0
125.89299392700195, 81614.0
126.02568984031677, 81617.0
126.39246106147766, 81643.0
126.54105591773987, 81648.0
126.73973298072815, 81657.0
126.8378701210022, 81815.0
126.88618803024292, 81819.0
127.84122705459595, 81907.0
130.14626002311707, 82001.0
130.46930289268494, 82090.0
130.75600004196167, 82199.0
131.17597007751465, 82217.0
132.4618878364563, 82263.0
132.4960708618164, 82494.0
135.20444107055664, 82587.0
135.61027789115906, 82694.0
136.04355788230896, 82718.0
137.4402139186859, 82803.0
137.4787278175354, 82909.0
138.16403198242188, 82916.0
138.67691683769226, 82961.0
138.68147087097168, 83109.0
139.60461378097534, 83280.0
139.87372279167175, 83366.0
140.331524848938, 83501.0
140.67396306991577, 83541.0
140.74362587928772, 83680.0
140.84074687957764, 83810.0
141.15429496765137, 83930.0
141.29501581192017, 83984.0
141.5646448135376, 84003.0
143.8783438205719, 84026.0
144.11046600341797, 84054.0
144.44510793685913, 84146.0
144.5935218334198, 84261.0
144.77619290351868, 84319.0
144.9331738948822, 84517.0
146.3279480934143, 84591.0
146.54956483840942, 84698.0
146.9457049369812, 84775.0
147.12389612197876, 84825.0
147.2914469242096, 84936.0
147.29385685920715, 85084.0
147.66218090057373, 85205.0
147.98431301116943, 85276.0
147.99313879013062, 85401.0
148.33827090263367, 85578.0
148.47540998458862, 85687.0
148.74775886535645, 85806.0
148.96883893013, 85912.0
149.01021599769592, 86016.0
149.344468832016, 86079.0
149.50598406791687, 86188.0
149.64386892318726, 86302.0
150.54526901245117, 86433.0
150.7568929195404, 86582.0
150.82275390625, 86594.0
153.67564392089844, 86613.0
153.6802098751068, 86761.0
154.00463795661926, 86771.0
158.02192401885986, 86802.0
158.08726596832275, 86913.0
158.9276258945465, 86987.0
159.24486708641052, 87114.0
160.0963909626007, 87207.0
160.4409248828888, 87211.0
160.85883283615112, 87289.0
160.86560893058777, 87392.0
161.4159219264984, 87497.0
163.26878213882446, 87610.0
163.4261028766632, 87699.0
163.57059502601624, 87757.0
163.76072192192078, 87906.0
164.29534101486206, 88013.0
164.65209293365479, 88084.0
164.7346498966217, 88185.0
165.40518283843994, 88313.0
165.8549518585205, 88414.0
166.1003589630127, 88562.0
166.32041382789612, 88579.0
166.7315158843994, 88672.0
167.0337347984314, 88771.0
167.07911086082458, 88917.0
168.70952701568604, 88967.0
168.87335991859436, 89089.0
172.31405687332153, 89103.0
172.53204607963562, 89294.0
172.98474788665771, 89295.0
173.27707171440125, 89349.0
173.33163785934448, 89384.0
173.52754306793213, 89493.0
173.76073908805847, 89508.0
173.8642418384552, 89598.0
174.05820989608765, 89612.0
174.59902787208557, 89676.0
175.00945687294006, 89705.0
176.13690090179443, 89710.0
176.80183386802673, 89804.0
176.87111711502075, 89905.0
177.5754039287567, 90011.0
178.23372292518616, 90016.0
179.66831493377686, 90082.0
180.42326402664185, 90189.0
180.5724959373474, 90200.0
182.21307396888733, 90317.0
184.07371187210083, 90328.0
184.35356378555298, 90500.0
184.74807596206665, 90589.0
185.01829385757446, 90618.0
187.02011895179749, 90665.0
187.22532773017883, 90708.0
187.43788170814514, 90756.0
187.55868005752563, 90808.0
187.73176383972168, 90867.0
187.96326303482056, 90878.0
188.22675490379333, 91005.0
188.70173692703247, 91037.0
188.70537996292114, 91188.0
189.19949102401733, 91289.0
189.26000595092773, 91411.0
191.32103610038757, 91517.0
192.24758076667786, 91519.0
193.42401885986328, 91583.0
193.46669793128967, 91699.0
193.60268783569336, 91700.0
194.23602986335754, 91702.0
194.33392000198364, 91807.0
194.54069304466248, 91860.0
195.2194948196411, 91918.0
195.52342200279236, 92011.0
195.5458869934082, 92016.0
195.5944938659668, 92017.0
196.19769382476807, 92021.0
196.21675181388855, 92158.0
196.24176406860352, 92311.0
198.16463780403137, 92339.0
198.20021510124207, 92498.0
198.38418984413147, 92613.0
199.1865599155426, 92614.0
199.90708994865417, 92618.0
200.3012249469757, 92655.0
200.52043890953064, 92712.0
200.54524111747742, 92872.0
200.71765780448914, 92896.0
201.75991868972778, 92913.0
220.8215308189392, 92992.0
221.0095558166504, 93119.0
222.16852688789368, 93207.0
222.43935585021973, 93314.0
224.9335799217224, 93402.0
225.35855293273926, 93405.0
226.36142992973328, 93410.0
226.54005408287048, 93418.0
235.33938789367676, 93512.0
235.51255702972412, 93526.0
235.61049699783325, 93719.0
239.44537806510925, 93750.0
239.471755027771, 93896.0
239.51240491867065, 93907.0
243.73466396331787, 93910.0
244.08777809143066, 94012.0
244.1184549331665, 94113.0
244.62808299064636, 94118.0
245.64847588539124, 94131.0
246.10251808166504, 94316.0
248.06738591194153, 94393.0
248.10143494606018, 94509.0
248.27032089233398, 94707.0
248.41245007514954, 94813.0
249.02449584007263, 94907.0
249.05950093269348, 95100.0
250.1231780052185, 95113.0
250.6465368270874, 95209.0
251.21419501304626, 95214.0
251.5332489013672, 95255.0
251.60254001617432, 95375.0
251.63925504684448, 95477.0
251.79872369766235, 95508.0
251.94582986831665, 95586.0
260.78838872909546, 95597.0
261.406938791275, 95606.0
261.7167899608612, 95615.0
262.1552560329437, 95629.0
262.18196392059326, 95766.0
262.29150891304016, 95890.0
262.7440118789673, 95897.0
263.30135703086853, 95908.0
263.9718761444092, 95967.0
264.04825091362, 96100.0
264.1494777202606, 96124.0
264.2466790676117, 96219.0
264.2902641296387, 96391.0
264.63332891464233, 96416.0
264.7682409286499, 96471.0
264.98986172676086, 96506.0
265.76286792755127, 96521.0
265.85122203826904, 96646.0
265.88274002075195, 96819.0
266.4308307170868, 96923.0
266.4401710033417, 97099.0
267.66793298721313, 97218.0
269.1492819786072, 97280.0
269.9990749359131, 97299.0
275.4043378829956, 97374.0
280.8989908695221, 97417.0
282.8913519382477, 97498.0
283.1279499530792, 97549.0
283.17533898353577, 97657.0
283.25959396362305, 97812.0
287.09386014938354, 97918.0
290.20171999931335, 98016.0
292.10508704185486, 98018.0
309.33103370666504, 98079.0
309.80572271347046, 98181.0
309.9974739551544, 98203.0
310.179860830307, 98208.0
326.6456048488617, 98239.0
326.75292587280273, 98411.0
327.08284997940063, 98487.0
327.1888859272003, 98611.0
328.4090690612793, 98794.0
337.7421669960022, 98882.0
337.96347069740295, 98893.0
338.1198058128357, 98950.0
339.057235956192, 98964.0
339.1229476928711, 98996.0
339.8060767650604, 99018.0
349.09510707855225, 99117.0
349.20773792266846, 99118.0
354.69132804870605, 99204.0
354.7147970199585, 99318.0
355.16815304756165, 99321.0
355.3267660140991, 99467.0
355.5257658958435, 99508.0
358.632052898407, 99591.0
359.2639248371124, 99600.0
362.7151720523834, 99708.0
363.5796091556549, 99882.0
363.8130648136139, 99987.0
363.9441349506378, 100095.0
364.4785170555115, 100199.0
364.65693283081055, 100207.0
365.5437378883362, 100307.0
366.2056748867035, 100308.0
366.5053758621216, 100380.0
366.97571301460266, 100414.0
368.0674397945404, 100506.0
368.98140382766724, 100509.0
369.1866397857666, 100611.0
369.6385850906372, 100639.0
369.78539276123047, 100722.0
370.22014904022217, 100818.0
372.17924976348877, 100864.0
372.319149017334, 100950.0
372.5249400138855, 101059.0
372.562637090683, 101174.0
372.9786739349365, 101310.0
378.18657779693604, 101410.0
379.64855194091797, 101613.0
380.1542868614197, 101715.0
380.45365715026855, 101777.0
404.1338360309601, 101860.0
407.9672257900238, 101867.0
408.20634293556213, 102018.0
414.02227878570557, 102068.0
414.5363190174103, 102131.0
414.54539585113525, 102299.0
414.65008783340454, 102305.0
497.3157057762146, 102318.0
498.5646457672119, 102393.0
498.73555088043213, 102475.0
498.8806908130646, 102510.0
499.0375030040741, 102568.0
499.44060587882996, 102571.0
499.50995206832886, 102816.0
499.6564769744873, 102874.0
499.9917879104614, 102916.0
500.2109377384186, 102978.0
500.2886960506439, 103048.0
500.4246859550476, 103049.0
500.4974329471588, 103169.0
500.68068981170654, 103318.0
501.09737277030945, 103415.0
501.29523491859436, 103457.0
501.30723094940186, 103612.0
595.7518508434296, 103613.0
