0.0, 11919.0
1.571730136871338, 11957.0
1.6393649578094482, 12065.0
1.7199687957763672, 12208.0
2.2822840213775635, 12337.0
2.2860708236694336, 12508.0
2.598494052886963, 12584.0
2.599485158920288, 12702.0
2.869503974914551, 12767.0
2.9184348583221436, 12912.0
3.0721828937530518, 13063.0
3.186491012573242, 13068.0
3.2674431800842285, 13152.0
3.268342971801758, 13269.0
3.330148935317993, 13377.0
3.33225417137146, 13509.0
3.4427149295806885, 13618.0
3.907960891723633, 13664.0
4.131906986236572, 13765.0
4.132819175720215, 13887.0
4.1337010860443115, 14006.0
4.423933029174805, 14012.0
4.42622709274292, 14115.0
4.6150360107421875, 14216.0
4.7721850872039795, 14346.0
4.777575969696045, 14469.0
4.779726028442383, 14593.0
4.82261323928833, 14596.0
4.977825880050659, 14688.0
5.188989162445068, 14690.0
5.198419094085693, 14801.0
5.253715991973877, 14915.0
5.68388295173645, 15082.0
5.685599088668823, 15295.0
5.8182220458984375, 15399.0
6.0834550857543945, 15414.0
6.131392955780029, 15519.0
6.3071839809417725, 15616.0
6.54302978515625, 15676.0
6.6011340618133545, 15816.0
7.246117115020752, 15913.0
7.3558349609375, 15937.0
7.361257076263428, 16073.0
7.477779150009155, 16090.0
7.529407024383545, 16105.0
7.533720970153809, 16214.0
7.582751035690308, 16317.0
7.651839017868042, 16407.0
8.052112102508545, 16511.0
8.564946174621582, 16675.0
8.620739936828613, 16789.0
8.698515176773071, 16907.0
8.7242751121521, 16910.0
8.87062382698059, 17015.0
9.562900066375732, 17118.0
9.888734102249146, 17135.0
9.891818046569824, 17257.0
10.01480507850647, 17302.0
10.348928928375244, 17393.0
10.400270938873291, 17396.0
10.580327033996582, 17569.0
10.582962989807129, 17710.0
10.631551027297974, 17765.0
10.681117057800293, 17994.0
10.722391843795776, 18008.0
11.601152896881104, 18114.0
11.928017139434814, 18190.0
16.981781244277954, 18300.0
17.624616146087646, 18390.0
17.890546083450317, 18416.0
18.090815782546997, 18503.0
18.22857689857483, 18611.0
18.322004079818726, 18718.0
18.521060943603516, 18796.0
18.579504013061523, 18797.0
18.91570281982422, 18913.0
20.10209083557129, 18986.0
20.103007793426514, 19089.0
20.142544984817505, 19108.0
20.252373218536377, 19114.0
20.31286907196045, 19180.0
20.36854386329651, 19296.0
20.521667003631592, 19385.0
20.523131132125854, 19488.0
20.563371896743774, 19605.0
20.788071155548096, 19710.0
20.842005014419556, 19739.0
20.851144075393677, 19782.0
20.95022988319397, 19796.0
25.122982025146484, 19917.0
29.330446004867554, 19977.0
29.334033966064453, 20085.0
29.49072813987732, 20300.0
29.80915117263794, 20302.0
29.92233681678772, 20403.0
39.56249213218689, 20477.0
39.566580057144165, 20610.0
39.65297794342041, 20713.0
40.60850811004639, 20715.0
40.617424964904785, 20720.0
40.71312499046326, 20825.0
40.72009515762329, 20977.0
40.90424990653992, 21061.0
41.55545091629028, 21085.0
41.56090784072876, 21194.0
41.66839408874512, 21300.0
41.675084829330444, 21403.0
55.87191581726074, 21419.0
59.57022714614868, 21483.0
59.824339151382446, 21555.0
59.885175943374634, 21660.0
59.89008712768555, 21688.0
59.8910071849823, 21808.0
60.07171607017517, 21859.0
60.32339119911194, 21893.0
62.10181379318237, 22006.0
