0.0, 5093.0
0.8150382041931152, 5094.0
1.582165002822876, 5117.0
1.6694891452789307, 5237.0
1.736847162246704, 5313.0
1.7969341278076172, 5363.0
2.0596201419830322, 5469.0
2.152271032333374, 5576.0
2.2675492763519287, 5606.0
2.2684061527252197, 5734.0
7.6352880001068115, 5749.0
7.636169195175171, 5803.0
7.672912120819092, 5860.0
12.186846256256104, 5917.0
12.316028118133545, 5918.0
12.324669122695923, 5958.0
12.33125615119934, 5992.0
12.333152055740356, 5993.0
12.444118022918701, 6074.0
12.48721718788147, 6089.0
12.757638216018677, 6101.0
61.65015506744385, 6106.0
61.69200301170349, 6165.0
61.80824422836304, 6169.0
61.85084414482117, 6180.0
61.852132081985474, 6181.0
62.41926598548889, 6239.0
63.14646506309509, 6351.0
63.177722215652466, 6405.0
104.83288025856018, 6591.0
104.83862709999084, 6600.0
104.87638926506042, 6613.0
104.90464520454407, 6648.0
104.93937301635742, 6673.0
104.96555209159851, 6803.0
105.08056116104126, 6819.0
457.8788661956787, 6894.0
458.3950970172882, 6912.0
461.54305934906006, 7005.0
461.5494079589844, 7006.0
461.652951002121, 7009.0
461.79284620285034, 7020.0
461.8334712982178, 7021.0
462.0153810977936, 7078.0
462.363165140152, 7105.0
462.91759514808655, 7142.0
463.0017671585083, 7160.0
