0.0, 50202.0
0.9258699417114258, 50262.0
1.0968570709228516, 50263.0
1.8434758186340332, 50264.0
2.5454790592193604, 50328.0
6.133926153182983, 50329.0
8.708827018737793, 50417.0
9.255499839782715, 50631.0
10.058570861816406, 50653.0
10.623623847961426, 50718.0
11.014768123626709, 50826.0
16.44881296157837, 50874.0
16.94552993774414, 50875.0
17.256980895996094, 50879.0
17.574234008789062, 51033.0
17.956156730651855, 51140.0
19.41341996192932, 51227.0
27.29031801223755, 51240.0
28.157609939575195, 51270.0
30.03279995918274, 51358.0
30.88630175590515, 51438.0
30.96953797340393, 51444.0
35.050482749938965, 51569.0
36.069238901138306, 51570.0
41.17365503311157, 51585.0
41.27580690383911, 51669.0
41.385124921798706, 51721.0
41.56793212890625, 51729.0
43.14247798919678, 51730.0
58.292134046554565, 51771.0
58.74228382110596, 51772.0
58.87016582489014, 51846.0
62.144516944885254, 51851.0
63.75407409667969, 51852.0
63.935614824295044, 51853.0
64.10494303703308, 51856.0
69.77005004882812, 51974.0
71.28797793388367, 51995.0
71.86313390731812, 51996.0
73.76267099380493, 52046.0
75.22743487358093, 52081.0
75.5431559085846, 52180.0
95.22708988189697, 52206.0
96.89294290542603, 52275.0
97.22416615486145, 52299.0
102.91187691688538, 52333.0
103.65642786026001, 52368.0
103.7129430770874, 52369.0
103.79560112953186, 52430.0
105.15547895431519, 52451.0
105.9805338382721, 52493.0
107.4735119342804, 52601.0
112.07023096084595, 52633.0
113.37897992134094, 52710.0
115.8885748386383, 52786.0
116.57346606254578, 52878.0
122.59491086006165, 52879.0
126.86106586456299, 52970.0
126.9930260181427, 53034.0
128.0535809993744, 53056.0
128.15504789352417, 53137.0
129.12746477127075, 53177.0
129.31901788711548, 53178.0
133.47695779800415, 53253.0
134.0175359249115, 53263.0
134.4026689529419, 53343.0
134.48499989509583, 53387.0
135.06550192832947, 53479.0
135.0905740261078, 53480.0
135.6502869129181, 53522.0
136.15164494514465, 53581.0
136.44163608551025, 53627.0
136.72323989868164, 53629.0
138.07384204864502, 53724.0
139.83276891708374, 53794.0
140.33255791664124, 53849.0
140.4803750514984, 53889.0
140.74622511863708, 53906.0
142.95599794387817, 53929.0
156.52846693992615, 54039.0
157.07636404037476, 54041.0
161.8318419456482, 54045.0
162.00792384147644, 54116.0
162.27005290985107, 54132.0
162.37638592720032, 54263.0
162.97746872901917, 54324.0
163.0279037952423, 54341.0
166.40051078796387, 54394.0
166.47253799438477, 54395.0
166.74445295333862, 54404.0
167.6664800643921, 54467.0
167.703106880188, 54583.0
173.36145091056824, 54596.0
173.99288487434387, 54602.0
187.64507007598877, 54605.0
194.29867100715637, 54677.0
194.47980785369873, 54768.0
371.78404998779297, 54803.0
371.82214188575745, 54879.0
371.82458686828613, 54915.0
371.91413593292236, 55011.0
371.9166359901428, 55012.0
372.2226390838623, 55154.0
373.8006477355957, 55158.0
374.4269301891327, 55160.0
375.0169620513916, 55179.0
375.2089400291443, 55218.0
375.6361770629883, 55330.0
406.8637819290161, 55357.0
407.8577928543091, 55406.0
408.06173300743103, 55429.0
408.39650988578796, 55512.0
408.73359394073486, 55633.0
409.0179259777069, 55673.0
410.2616648674011, 55781.0
410.32209610939026, 55808.0
417.15296602249146, 55886.0
432.52768874168396, 55966.0
432.75314497947693, 56098.0
434.3716678619385, 56115.0
434.54915976524353, 56235.0
446.2469849586487, 56252.0
