0.0, 2479.0
0.7842230796813965, 2574.0
0.7887790203094482, 2609.0
0.8831350803375244, 2724.0
0.8888790607452393, 2764.0
0.8889861106872559, 2765.0
0.8914890289306641, 2772.0
1.2742159366607666, 2874.0
1.3379499912261963, 2917.0
1.34446120262146, 2938.0
1.3464009761810303, 3039.0
1.3968300819396973, 3142.0
1.7937231063842773, 3158.0
1.8070690631866455, 3231.0
17.971400022506714, 3277.0
17.9737651348114, 3302.0
31.86921715736389, 3405.0
31.86932897567749, 3546.0
82.81423306465149, 3595.0
82.96560597419739, 3604.0
83.00392293930054, 3642.0
83.41586709022522, 3723.0
83.5167350769043, 3724.0
83.69293308258057, 3725.0
83.77892088890076, 3850.0
83.87266802787781, 3862.0
84.19022703170776, 3905.0
84.57236003875732, 3934.0
