0.0, 12289.0
2.397094964981079, 12583.0
2.3984057903289795, 13072.0
2.460452079772949, 13293.0
2.7131760120391846, 14181.0
2.7186989784240723, 14581.0
2.769887924194336, 15013.0
2.7716290950775146, 15570.0
2.8776040077209473, 16513.0
2.8814010620117188, 16615.0
3.161669969558716, 16900.0
3.216994047164917, 17223.0
3.2215988636016846, 17418.0
3.286742925643921, 17659.0
3.365417003631592, 18275.0
3.3815181255340576, 18326.0
3.3819680213928223, 19278.0
3.436091184616089, 20265.0
3.588831901550293, 20642.0
4.179272890090942, 20753.0
4.91280198097229, 21350.0
4.91325306892395, 22052.0
4.919658899307251, 22396.0
5.2599217891693115, 22717.0
5.2612268924713135, 22760.0
5.291386127471924, 23490.0
5.31112813949585, 24158.0
5.315003871917725, 24286.0
5.363986968994141, 24407.0
5.365733861923218, 24952.0
5.888723850250244, 25716.0
6.045454978942871, 26249.0
6.1578638553619385, 26271.0
6.221389055252075, 26697.0
7.127028942108154, 26774.0
7.186589956283569, 26991.0
7.190472841262817, 27437.0
7.358821868896484, 27576.0
7.3605499267578125, 27700.0
7.364125967025757, 27953.0
7.707092046737671, 28467.0
7.8383629322052, 28867.0
8.084719181060791, 28945.0
8.37889313697815, 29377.0
8.428048133850098, 30168.0
8.536592960357666, 30514.0
8.538912057876587, 30596.0
8.54411005973816, 31434.0
8.603271961212158, 31951.0
8.606420993804932, 32279.0
8.607749938964844, 32753.0
9.40989375114441, 33297.0
9.410534858703613, 33913.0
9.521375894546509, 34140.0
9.525913000106812, 34152.0
9.598654985427856, 35034.0
9.604144096374512, 35652.0
9.673161029815674, 36523.0
9.712957859039307, 36761.0
9.71519684791565, 37424.0
9.758572101593018, 38172.0
10.74884819984436, 38459.0
10.751429796218872, 38666.0
10.82189393043518, 39223.0
10.824625968933105, 39231.0
10.82508397102356, 39880.0
10.874343872070312, 40521.0
10.923259019851685, 41085.0
11.661365032196045, 41407.0
11.74728798866272, 41490.0
11.86227297782898, 41950.0
11.86667275428772, 42122.0
11.913762092590332, 43008.0
13.216848134994507, 43759.0
13.644017934799194, 44167.0
13.644912958145142, 44184.0
13.64580512046814, 45084.0
13.836540937423706, 45491.0
13.837471008300781, 46430.0
18.423629999160767, 46771.0
18.427576065063477, 47481.0
18.578624963760376, 48045.0
18.855860948562622, 48617.0
18.95536518096924, 48673.0
18.95669984817505, 48926.0
18.959195852279663, 49220.0
18.9610538482666, 49636.0
18.99433398246765, 50347.0
19.12874484062195, 50851.0
30.322778940200806, 51686.0
30.591944932937622, 52105.0
33.958590030670166, 52361.0
33.9603807926178, 52652.0
34.009592056274414, 53552.0
34.01446080207825, 53715.0
34.05800199508667, 53723.0
34.16331696510315, 53859.0
34.164230823516846, 54562.0
34.21486210823059, 55156.0
34.74931502342224, 55351.0
35.26714491844177, 55635.0
44.23799395561218, 56011.0
44.31923508644104, 56928.0
45.16808199882507, 56960.0
45.23388481140137, 57799.0
45.24485182762146, 57874.0
45.31771206855774, 58803.0
47.57495903968811, 58855.0
47.615715980529785, 58866.0
47.665323972702026, 58968.0
47.71756100654602, 59160.0
47.724169969558716, 59717.0
47.95012593269348, 59971.0
47.95856595039368, 60069.0
48.02613592147827, 60698.0
48.02660512924194, 61362.0
96.60505104064941, 61467.0
96.68353796005249, 61623.0
96.90110898017883, 61713.0
284.9395041465759, 61865.0
284.97635412216187, 61870.0
285.0163149833679, 61877.0
285.01677894592285, 62609.0
285.02166509628296, 62735.0
529.1823389530182, 63334.0
529.1851100921631, 63554.0
529.2074129581451, 63793.0
529.2331278324127, 64629.0
