0.0, 24793.0
3.0317471027374268, 24806.0
3.126973867416382, 24970.0
4.348282098770142, 24999.0
4.684455156326294, 25025.0
5.038036823272705, 25044.0
5.1648218631744385, 25218.0
5.339418172836304, 25237.0
6.380529165267944, 25259.0
9.142421007156372, 25317.0
9.476325035095215, 25360.0
9.692545890808105, 25363.0
9.895918130874634, 25397.0
11.54897403717041, 25406.0
11.5569589138031, 25562.0
11.858206987380981, 25622.0
14.957129001617432, 25761.0
15.065031051635742, 25794.0
15.27488398551941, 25843.0
15.457376956939697, 25902.0
21.479769945144653, 25966.0
21.87740206718445, 25988.0
21.959264039993286, 26060.0
22.303596019744873, 26176.0
22.502104997634888, 26303.0
23.456573963165283, 26328.0
30.54380702972412, 26384.0
30.73079013824463, 26510.0
30.733849048614502, 26511.0
31.12847089767456, 26524.0
31.957754135131836, 26525.0
32.2558479309082, 26590.0
32.639634132385254, 26661.0
33.1685791015625, 26727.0
33.439993143081665, 26728.0
33.51383018493652, 26755.0
60.15387582778931, 26852.0
60.48995614051819, 26953.0
61.65850114822388, 26983.0
61.72574210166931, 27039.0
65.98371505737305, 27158.0
66.77356314659119, 27215.0
68.06398892402649, 27236.0
109.18387198448181, 27278.0
109.30821180343628, 27419.0
109.31771683692932, 27567.0
109.36097002029419, 27646.0
133.61362719535828, 27689.0
133.86051607131958, 27755.0
133.89664101600647, 27756.0
133.99727606773376, 27850.0
134.0035581588745, 27851.0
134.03895711898804, 27862.0
134.0742518901825, 27919.0
134.59416699409485, 27958.0
134.5988531112671, 28106.0
136.12202906608582, 28187.0
136.20458889007568, 28312.0
136.6606798171997, 28340.0
137.03034114837646, 28386.0
300.1130201816559, 28458.0
301.25308108329773, 28478.0
301.40797781944275, 28503.0
301.44877195358276, 28536.0
301.9499809741974, 28555.0
301.9570941925049, 28675.0
302.0924599170685, 28684.0
302.14472699165344, 28737.0
302.2245190143585, 28897.0
302.29167199134827, 28903.0
302.4224691390991, 28956.0
302.70306491851807, 29069.0
