0.0, 24793.0
1.8926582336425781, 24806.0
1.8993570804595947, 24970.0
2.5940170288085938, 24999.0
2.7707879543304443, 25025.0
3.0848400592803955, 25044.0
3.1656999588012695, 25218.0
3.1805710792541504, 25237.0
4.0548131465911865, 25259.0
5.421178102493286, 25317.0
5.627654075622559, 25360.0
5.727482080459595, 25363.0
5.790837049484253, 25397.0
6.619853973388672, 25406.0
6.627434968948364, 25562.0
6.860459089279175, 25622.0
8.473137140274048, 25761.0
8.572250127792358, 25794.0
8.626703023910522, 25843.0
8.644186019897461, 25902.0
12.713369131088257, 25966.0
12.995964050292969, 25988.0
13.002402067184448, 26060.0
13.378895998001099, 26176.0
13.45861005783081, 26303.0
14.026017904281616, 26328.0
18.56953001022339, 26384.0
18.66211700439453, 26510.0
18.708919048309326, 26511.0
18.84782099723816, 26524.0
19.21711802482605, 26525.0
19.356795072555542, 26590.0
19.545144081115723, 26661.0
19.939234972000122, 26727.0
20.07573914527893, 26728.0
20.116204023361206, 26755.0
36.59126114845276, 26852.0
36.766706228256226, 26953.0
37.42351722717285, 26983.0
37.42805004119873, 27039.0
39.86947512626648, 27158.0
40.266857862472534, 27215.0
41.06333518028259, 27236.0
70.74107313156128, 27278.0
70.84656500816345, 27419.0
70.84997797012329, 27567.0
70.90236902236938, 27646.0
95.12274098396301, 27689.0
95.322585105896, 27755.0
95.36912107467651, 27756.0
95.4480791091919, 27850.0
95.48092103004456, 27851.0
95.58826303482056, 27862.0
95.69080400466919, 27919.0
96.10191297531128, 27958.0
96.1279981136322, 28106.0
97.75299000740051, 28187.0
97.891526222229, 28312.0
98.32922911643982, 28340.0
98.70439124107361, 28386.0
263.0832920074463, 28458.0
264.2536759376526, 28478.0
264.43672490119934, 28503.0
264.4638681411743, 28536.0
264.9729549884796, 28555.0
264.9986469745636, 28675.0
265.11548590660095, 28684.0
265.1843249797821, 28737.0
265.26225090026855, 28897.0
265.33132696151733, 28903.0
265.5532751083374, 28956.0
265.87632298469543, 29069.0
