0.0, 3813.0
0.010383129119873047, 4524.0
0.014415979385375977, 4567.0
0.18613195419311523, 4947.0
0.18688106536865234, 5456.0
0.18698477745056152, 6389.0
0.19001483917236328, 7180.0
0.19069886207580566, 7821.0
0.19460606575012207, 8425.0
0.31871604919433594, 9101.0
0.3207089900970459, 9120.0
0.5049209594726562, 9754.0
0.508242130279541, 9917.0
0.8924248218536377, 10193.0
0.9843270778656006, 10616.0
1.2197160720825195, 10659.0
1.220184087753296, 10884.0
1.2203681468963623, 11453.0
1.2212989330291748, 11603.0
1.2221839427947998, 11998.0
1.2231841087341309, 12049.0
1.3178179264068604, 12244.0
1.3189060688018799, 13100.0
1.3226890563964844, 13322.0
1.323099136352539, 13768.0
1.325585126876831, 13953.0
1.326206922531128, 14410.0
1.4804258346557617, 14594.0
1.4882018566131592, 14764.0
1.861788034439087, 14843.0
1.8621978759765625, 15634.0
1.9450538158416748, 15952.0
1.99564790725708, 16203.0
1.996061086654663, 16646.0
1.9961698055267334, 16725.0
2.00860595703125, 16881.0
2.0088160037994385, 17835.0
2.0116469860076904, 18353.0
2.116878032684326, 18918.0
2.1181650161743164, 19829.0
8.796931982040405, 19982.0
9.171962976455688, 20143.0
9.259264945983887, 20429.0
9.259580135345459, 21220.0
16.1253559589386, 21616.0
23.156673908233643, 21990.0
23.279274940490723, 22477.0
23.279705047607422, 22850.0
23.28079891204834, 23173.0
67.41768383979797, 23578.0
67.46383309364319, 23717.0
67.5077760219574, 23817.0
67.5081639289856, 24012.0
67.51443982124329, 24193.0
67.61023998260498, 24334.0
67.61250185966492, 24777.0
71.6561210155487, 25105.0
75.67450499534607, 25106.0
75.72208714485168, 25191.0
75.77386379241943, 25319.0
75.77548408508301, 25421.0
75.87451100349426, 25520.0
76.11210012435913, 26007.0
76.16829204559326, 26950.0
