0.0, 2479.0
1.1960721015930176, 2574.0
1.1982500553131104, 2609.0
1.199343204498291, 2724.0
1.339637041091919, 2764.0
1.3397440910339355, 2765.0
1.3420941829681396, 2772.0
2.009139060974121, 2874.0
2.0108370780944824, 2917.0
2.0955493450164795, 2938.0
2.097478151321411, 3039.0
2.2263312339782715, 3142.0
2.8021771907806396, 3158.0
2.9641830921173096, 3231.0
28.58627724647522, 3277.0
28.58861207962036, 3302.0
50.281458139419556, 3405.0
50.28151202201843, 3546.0
119.06390905380249, 3595.0
119.19854521751404, 3604.0
119.20132827758789, 3642.0
119.57096123695374, 3723.0
119.66594815254211, 3724.0
119.79124617576599, 3725.0
119.97376108169556, 3850.0
120.0460159778595, 3862.0
120.44018411636353, 3905.0
120.81393909454346, 3934.0
