0.0, 5093.0
0.6661059856414795, 5094.0
1.3418910503387451, 5117.0
1.4464597702026367, 5237.0
1.4498059749603271, 5313.0
1.5065968036651611, 5363.0
1.6141507625579834, 5469.0
1.7099628448486328, 5576.0
1.7691199779510498, 5606.0
1.7699859142303467, 5734.0
6.631259918212891, 5749.0
6.6321210861206055, 5803.0
6.6683409214019775, 5860.0
10.980657815933228, 5917.0
11.057392835617065, 5918.0
11.13300085067749, 5958.0
11.137335062026978, 5992.0
11.168698787689209, 5993.0
11.220257997512817, 6074.0
11.312772035598755, 6089.0
11.411621809005737, 6101.0
52.63845086097717, 6106.0
52.672597885131836, 6165.0
52.7557168006897, 6169.0
52.76103496551514, 6180.0
52.76241874694824, 6181.0
53.28173089027405, 6239.0
53.90706777572632, 6351.0
53.909382820129395, 6405.0
88.22981977462769, 6591.0
88.23366498947144, 6600.0
88.23516488075256, 6613.0
88.28860092163086, 6648.0
88.34063673019409, 6673.0
88.34553790092468, 6803.0
88.45913887023926, 6819.0
385.4626748561859, 6894.0
385.76358795166016, 6912.0
388.204097032547, 7005.0
388.23057985305786, 7006.0
388.32180094718933, 7009.0
388.4419279098511, 7020.0
388.46881675720215, 7021.0
388.62157368659973, 7078.0
388.90091490745544, 7105.0
389.36264967918396, 7142.0
389.4492218494415, 7160.0
