0.0, 3989.0
0.2535719871520996, 4091.0
0.2749471664428711, 4632.0
0.28165602684020996, 5046.0
0.2834200859069824, 5130.0
0.283466100692749, 5246.0
0.2835121154785156, 6238.0
0.4779689311981201, 6376.0
0.4808170795440674, 6476.0
0.48356103897094727, 6833.0
0.8440079689025879, 7068.0
0.8445570468902588, 7353.0
0.8492460250854492, 7508.0
0.9685971736907959, 7655.0
0.9707620143890381, 8296.0
3.350696086883545, 8538.0
3.8838250637054443, 8900.0
3.886981964111328, 9789.0
5.818125009536743, 9940.0
6.101629972457886, 9959.0
6.562017202377319, 9960.0
6.666862964630127, 10472.0
6.6683669090271, 10566.0
7.873426914215088, 10631.0
