0.0, 12289.0
2.2255611419677734, 12583.0
2.226840019226074, 13072.0
2.2780539989471436, 13293.0
2.470257043838501, 14181.0
2.4753172397613525, 14581.0
2.4774231910705566, 15013.0
2.551703929901123, 15570.0
2.5589489936828613, 16513.0
2.6177051067352295, 16615.0
2.8832502365112305, 16900.0
2.892453193664551, 17223.0
2.953512191772461, 17418.0
3.020264148712158, 17659.0
3.0838990211486816, 18275.0
3.0862951278686523, 18326.0
3.086693048477173, 19278.0
3.1527721881866455, 20265.0
3.341454029083252, 20642.0
3.922729253768921, 20753.0
4.653162956237793, 21350.0
4.653391122817993, 22052.0
4.65667200088501, 22396.0
4.896857976913452, 22717.0
4.949703216552734, 22760.0
4.956881046295166, 23490.0
4.95902419090271, 24158.0
5.010578155517578, 24286.0
5.016122102737427, 24407.0
5.01787805557251, 24952.0
5.513473987579346, 25716.0
5.66619610786438, 26249.0
5.782342195510864, 26271.0
5.900688171386719, 26697.0
6.654176950454712, 26774.0
6.747487306594849, 26991.0
6.801189184188843, 27437.0
6.925197124481201, 27576.0
6.967432260513306, 27700.0
6.971779108047485, 27953.0
7.201478004455566, 28467.0
7.317409038543701, 28867.0
7.523106098175049, 28945.0
7.776268005371094, 29377.0
7.829996109008789, 30168.0
7.93367600440979, 30514.0
7.93541407585144, 30596.0
7.940510272979736, 31434.0
7.9423651695251465, 31951.0
7.9788291454315186, 32279.0
7.980176210403442, 32753.0
8.818394184112549, 33297.0
8.822700023651123, 33913.0
8.980445146560669, 34140.0
8.991475105285645, 34152.0
9.023742198944092, 35034.0
9.026223182678223, 35652.0
9.034663200378418, 36523.0
9.15500521659851, 36761.0
9.157197952270508, 37424.0
9.198418140411377, 38172.0
10.141167163848877, 38459.0
10.142471075057983, 38666.0
10.218297004699707, 39223.0
10.22093415260315, 39231.0
10.221395254135132, 39880.0
10.224606275558472, 40521.0
10.319154262542725, 41085.0
11.0904860496521, 41407.0
11.168041229248047, 41490.0
11.179127931594849, 41950.0
11.245755195617676, 42122.0
11.27013111114502, 43008.0
12.66957402229309, 43759.0
13.133524894714355, 44167.0
13.134433031082153, 44184.0
13.135315179824829, 45084.0
13.265783071517944, 45491.0
13.266675233840942, 46430.0
17.962435007095337, 46771.0
17.967846155166626, 47481.0
18.162896156311035, 48045.0
18.46424102783203, 48617.0
18.55859923362732, 48673.0
18.559943199157715, 48926.0
18.562211990356445, 49220.0
18.56400418281555, 49636.0
18.568657159805298, 50347.0
18.7729651927948, 50851.0
28.734602212905884, 51686.0
28.978541135787964, 52105.0
32.21307706832886, 52361.0
32.21488618850708, 52652.0
32.25705695152283, 53552.0
32.262062072753906, 53715.0
32.26605725288391, 53723.0
32.40917491912842, 53859.0
32.410101890563965, 54562.0
32.46328806877136, 55156.0
32.85696196556091, 55351.0
33.315120220184326, 55635.0
41.77320218086243, 56011.0
41.77834630012512, 56928.0
42.694982051849365, 56960.0
42.79459595680237, 57799.0
42.80169224739075, 57874.0
42.81417202949524, 58803.0
44.975614070892334, 58855.0
44.984365940093994, 58866.0
45.03927206993103, 58968.0
45.09189820289612, 59160.0
45.09489607810974, 59717.0
45.351134300231934, 59971.0
45.404354095458984, 60069.0
45.458229303359985, 60698.0
45.45869708061218, 61362.0
93.02269506454468, 61467.0
93.1030011177063, 61623.0
93.25353002548218, 61713.0
270.0150830745697, 61865.0
270.0181710720062, 61870.0
270.03511214256287, 61877.0
270.03558015823364, 62609.0
270.0403060913086, 62735.0
501.92298698425293, 63334.0
501.92434191703796, 63554.0
501.929888010025, 63793.0
501.9460048675537, 64629.0
