0.0, 1850.0
0.0017516613006591797, 2165.0
0.002124786376953125, 2265.0
0.0046977996826171875, 2989.0
0.0052337646484375, 3048.0
0.005508899688720703, 3297.0
0.005608797073364258, 3652.0
0.005967855453491211, 3833.0
0.007363796234130859, 4624.0
0.0161287784576416, 4834.0
0.02180194854736328, 5367.0
0.02245187759399414, 5423.0
0.022556781768798828, 5842.0
0.023401975631713867, 6352.0
0.3796658515930176, 6995.0
0.385009765625, 7248.0
0.5822567939758301, 7683.0
0.5824427604675293, 8140.0
0.5873029232025146, 8327.0
0.7781918048858643, 8549.0
0.7783138751983643, 8730.0
1.31294584274292, 8940.0
