0.0, 30605.0
2.807729959487915, 30695.0
3.0941717624664307, 30805.0
3.1007239818573, 30865.0
3.1842098236083984, 31072.0
3.2477219104766846, 31204.0
5.859131813049316, 31283.0
6.091875076293945, 31393.0
6.4849159717559814, 31697.0
6.996829986572266, 31698.0
6.997986078262329, 32057.0
7.169220924377441, 32173.0
7.253017902374268, 32369.0
7.299932956695557, 32479.0
7.917543888092041, 32512.0
7.930080890655518, 32620.0
8.043205738067627, 32750.0
8.349366903305054, 32864.0
8.541106939315796, 32971.0
8.597239971160889, 33074.0
8.650632858276367, 33092.0
8.942529916763306, 33177.0
9.087089776992798, 33226.0
9.091823816299438, 33371.0
9.13045597076416, 33504.0
9.23665475845337, 33573.0
9.331240892410278, 33796.0
9.609646081924438, 33902.0
9.646585702896118, 34005.0
10.448110818862915, 34070.0
10.493613004684448, 34231.0
10.49582576751709, 34380.0
10.585692882537842, 34505.0
10.891138076782227, 34604.0
11.01231575012207, 34655.0
11.086370944976807, 34802.0
11.598598957061768, 34904.0
12.00683069229126, 34993.0
12.079211950302124, 35301.0
12.583081007003784, 35304.0
12.740761041641235, 35346.0
12.884732961654663, 35493.0
13.48596715927124, 35583.0
13.580199956893921, 35686.0
14.035961866378784, 35699.0
14.429840803146362, 35799.0
14.787001132965088, 35971.0
14.7917160987854, 36188.0
14.861193895339966, 36248.0
14.971006870269775, 36277.0
15.206549882888794, 36386.0
15.290882110595703, 36404.0
15.592958927154541, 36414.0
15.719751834869385, 36573.0
15.782097816467285, 36753.0
15.792508840560913, 36862.0
15.882084846496582, 36960.0
15.981807947158813, 37098.0
16.37945294380188, 37204.0
16.887640953063965, 37282.0
17.443392038345337, 37301.0
17.63454794883728, 37388.0
17.63568687438965, 37489.0
17.763176918029785, 37605.0
18.00296902656555, 37607.0
18.044838905334473, 37728.0
18.295104026794434, 37842.0
18.38427996635437, 37973.0
18.43217396736145, 38071.0
19.05164098739624, 38234.0
19.142818927764893, 38403.0
20.04304790496826, 38410.0
20.092031002044678, 38596.0
20.36815094947815, 38620.0
20.382143020629883, 38804.0
21.035513162612915, 38834.0
21.218390941619873, 38904.0
21.832043886184692, 38999.0
22.224902868270874, 39033.0
22.22722101211548, 39148.0
22.35329294204712, 39271.0
22.61401391029358, 39305.0
23.345338821411133, 39477.0
23.497216939926147, 39586.0
23.58591389656067, 39595.0
24.168819904327393, 39704.0
24.81555199623108, 39795.0
24.92226791381836, 39912.0
25.081159830093384, 40092.0
25.137376070022583, 40166.0
25.29244112968445, 40193.0
25.727662086486816, 40197.0
26.139112949371338, 40295.0
26.237417936325073, 40396.0
27.692954778671265, 40397.0
27.698237895965576, 40555.0
27.772289037704468, 40683.0
27.774407863616943, 40874.0
27.908961057662964, 40995.0
28.94995093345642, 41091.0
29.142254114151, 41259.0
29.609834909439087, 41281.0
29.760507822036743, 41400.0
31.615276098251343, 41502.0
31.985756874084473, 41503.0
32.77627491950989, 41601.0
35.449506998062134, 41618.0
35.53166389465332, 41746.0
35.5350079536438, 41864.0
36.012771129608154, 41898.0
36.013952016830444, 42048.0
36.125311851501465, 42082.0
36.64645504951477, 42237.0
36.65112805366516, 42375.0
37.762731075286865, 42383.0
38.22897481918335, 42463.0
38.51643705368042, 42497.0
38.518691062927246, 42700.0
38.83407783508301, 42764.0
38.93251395225525, 42867.0
38.972723960876465, 42875.0
39.07557773590088, 42977.0
39.09354090690613, 43093.0
39.23562788963318, 43203.0
40.884105920791626, 43243.0
40.972068786621094, 43353.0
41.13429403305054, 43461.0
41.279698848724365, 43596.0
41.584805727005005, 43646.0
41.72394394874573, 43786.0
41.93844509124756, 43876.0
42.401044845581055, 43993.0
42.72732901573181, 44043.0
42.78360080718994, 44185.0
42.854737758636475, 44190.0
43.38709306716919, 44284.0
43.44584083557129, 44400.0
43.60307192802429, 44404.0
45.958547830581665, 44503.0
46.85242795944214, 44578.0
46.97046494483948, 44651.0
47.00562500953674, 44743.0
47.1063289642334, 44894.0
51.69944977760315, 45005.0
54.23889398574829, 45016.0
54.240845918655396, 45198.0
54.58620285987854, 45305.0
55.18230700492859, 45383.0
55.43098592758179, 45495.0
55.481483936309814, 45552.0
55.683440923690796, 45561.0
55.9137179851532, 45593.0
56.26097106933594, 45670.0
56.991381883621216, 45701.0
57.13164281845093, 45856.0
59.69674897193909, 45892.0
59.82974290847778, 45980.0
61.874897956848145, 46071.0
62.12154793739319, 46110.0
62.19199895858765, 46238.0
62.31820011138916, 46400.0
71.82926988601685, 46499.0
72.44104981422424, 46576.0
72.53319811820984, 46596.0
73.04608201980591, 46660.0
73.24903607368469, 46784.0
74.0573377609253, 46802.0
74.25741481781006, 46805.0
74.95268988609314, 46817.0
75.00219488143921, 46978.0
75.20868301391602, 47060.0
75.40681385993958, 47205.0
75.52029395103455, 47305.0
76.59985685348511, 47379.0
76.81736969947815, 47473.0
79.35371494293213, 47537.0
79.46593499183655, 47656.0
79.70024180412292, 47722.0
79.70829272270203, 47892.0
79.98222804069519, 47974.0
80.05155611038208, 48090.0
84.39880800247192, 48098.0
87.97001075744629, 48285.0
88.02276682853699, 48399.0
101.98715376853943, 48498.0
102.43723702430725, 48566.0
102.44182085990906, 48699.0
104.53893303871155, 48745.0
104.65526294708252, 48773.0
104.68970012664795, 48905.0
105.10083889961243, 48967.0
105.4087028503418, 49102.0
105.59162592887878, 49190.0
106.00626397132874, 49275.0
106.29511499404907, 49379.0
106.78230285644531, 49450.0
106.86754989624023, 49479.0
107.27027773857117, 49502.0
108.05602097511292, 49590.0
122.28874397277832, 49601.0
122.90518188476562, 49643.0
123.01331996917725, 49746.0
123.13653612136841, 49883.0
136.44012784957886, 49993.0
136.98679494857788, 50056.0
137.22284388542175, 50071.0
137.29912090301514, 50083.0
137.5292568206787, 50094.0
137.9758288860321, 50095.0
138.45869493484497, 50197.0
138.95352292060852, 50283.0
138.9856367111206, 50402.0
139.47420692443848, 50459.0
139.60710978507996, 50578.0
139.61069798469543, 50694.0
150.07141089439392, 50703.0
151.2581329345703, 50785.0
151.26162981987, 50903.0
165.88923001289368, 50994.0
174.70952486991882, 50995.0
175.02822399139404, 51082.0
175.16577100753784, 51088.0
256.86645698547363, 51141.0
256.8676369190216, 51293.0
256.96710872650146, 51304.0
257.3104829788208, 51341.0
257.36371994018555, 51483.0
257.44297790527344, 51501.0
269.75354075431824, 51505.0
383.77593898773193, 51592.0
384.05129384994507, 51686.0
384.33460092544556, 51693.0
384.67968487739563, 51705.0
407.67786598205566, 51782.0
407.9141240119934, 51899.0
409.2221040725708, 51902.0
410.32750701904297, 51923.0
410.3521521091461, 52084.0
412.1995139122009, 52091.0
412.32064414024353, 52195.0
503.4669289588928, 52201.0
503.68343591690063, 52296.0
503.7169189453125, 52340.0
503.7243869304657, 52456.0
503.7755289077759, 52556.0
503.8470530509949, 52585.0
503.9586269855499, 52594.0
504.0644657611847, 52655.0
504.06936287879944, 52797.0
