0.0, 5093.0
0.8549487590789795, 5094.0
1.6891849040985107, 5117.0
1.8397860527038574, 5237.0
1.8459558486938477, 5313.0
1.9162650108337402, 5363.0
2.107569932937622, 5469.0
2.183825969696045, 5576.0
2.2378151416778564, 5606.0
2.338204860687256, 5734.0
7.445610046386719, 5749.0
7.446500778198242, 5803.0
7.495577812194824, 5860.0
12.106487035751343, 5917.0
12.232404947280884, 5918.0
12.27481985092163, 5958.0
12.316837787628174, 5992.0
12.332186937332153, 5993.0
12.381563901901245, 6074.0
12.42325472831726, 6089.0
12.55644702911377, 6101.0
61.050418853759766, 6106.0
61.055195808410645, 6165.0
61.21861791610718, 6169.0
61.223750829696655, 6180.0
61.26243996620178, 6181.0
61.87622404098511, 6239.0
62.57759094238281, 6351.0
62.619776010513306, 6405.0
104.98304176330566, 6591.0
104.98932576179504, 6600.0
104.99082493782043, 6613.0
105.05621480941772, 6648.0
105.09596180915833, 6673.0
105.12493395805359, 6803.0
105.26203083992004, 6819.0
483.34496688842773, 6894.0
483.72508907318115, 6912.0
486.82924699783325, 7005.0
486.83574199676514, 7006.0
486.9766719341278, 7009.0
487.1139347553253, 7020.0
487.1343779563904, 7021.0
487.32971692085266, 7078.0
487.69368386268616, 7105.0
488.25899386405945, 7142.0
488.3623278141022, 7160.0
