0.0, 3989.0
0.3167307376861572, 4091.0
0.3249838352203369, 4632.0
0.43981075286865234, 5046.0
0.4413278102874756, 5130.0
0.44136977195739746, 5246.0
0.44141077995300293, 6238.0
0.44447994232177734, 6376.0
0.5482938289642334, 6476.0
0.5510966777801514, 6833.0
0.7693538665771484, 7068.0
0.9073848724365234, 7353.0
0.9117519855499268, 7508.0
0.9975578784942627, 7655.0
1.0000436305999756, 8296.0
3.2560858726501465, 8538.0
3.6431679725646973, 8900.0
3.646038770675659, 9789.0
5.811046838760376, 9940.0
6.045736789703369, 9959.0
6.568633794784546, 9960.0
6.666867971420288, 10472.0
6.668363809585571, 10566.0
8.007428884506226, 10631.0
