0.0, 12289.0
3.4260520935058594, 12583.0
3.4273669719696045, 13072.0
3.565622091293335, 13293.0
3.811673164367676, 14181.0
3.9884181022644043, 14581.0
3.990528106689453, 15013.0
3.992218017578125, 15570.0
4.1255340576171875, 16513.0
4.129339933395386, 16615.0
4.781840085983276, 16900.0
4.898219108581543, 17223.0
4.903801202774048, 17418.0
4.965022087097168, 17659.0
4.978276252746582, 18275.0
4.980454921722412, 18326.0
4.980838060379028, 19278.0
5.401776075363159, 20265.0
5.636374235153198, 20642.0
6.558807134628296, 20753.0
7.479575157165527, 21350.0
7.480027914047241, 22052.0
7.568918228149414, 22396.0
7.9824159145355225, 22717.0
7.985574007034302, 22760.0
7.99068808555603, 23490.0
8.073155164718628, 24158.0
8.077600002288818, 24286.0
8.157295942306519, 24407.0
8.160320043563843, 24952.0
9.082655191421509, 25716.0
9.285591125488281, 26249.0
9.583677053451538, 26271.0
9.673303127288818, 26697.0
11.34930419921875, 26774.0
11.36153507232666, 26991.0
11.36538815498352, 27437.0
11.903537034988403, 27576.0
11.905317068099976, 27700.0
11.910091161727905, 27953.0
12.343906164169312, 28467.0
12.610856056213379, 28867.0
12.9148108959198, 28945.0
13.436915159225464, 29377.0
13.612747192382812, 30168.0
13.639424085617065, 30514.0
13.644905090332031, 30596.0
13.789987087249756, 31434.0
13.793308973312378, 31951.0
13.899058103561401, 32279.0
13.905256986618042, 32753.0
15.487549066543579, 33297.0
15.488887071609497, 33913.0
15.705841064453125, 34140.0
15.824833154678345, 34152.0
15.830957174301147, 35034.0
15.90785002708435, 35652.0
15.981826066970825, 36523.0
15.992675065994263, 36761.0
16.07552695274353, 37424.0
16.152629137039185, 38172.0
17.782499074935913, 38459.0
17.78388214111328, 38666.0
17.873764991760254, 39223.0
17.876354217529297, 39231.0
17.87822389602661, 39880.0
17.880892992019653, 40521.0
18.074896097183228, 41085.0
19.15820288658142, 41407.0
19.282223224639893, 41490.0
19.353734016418457, 41950.0
19.358139991760254, 42122.0
19.451889991760254, 43008.0
21.45722723007202, 43759.0
22.13966703414917, 44167.0
22.140563011169434, 44184.0
22.14145803451538, 45084.0
22.316123008728027, 45491.0
22.316548109054565, 46430.0
28.6220600605011, 46771.0
28.69943928718567, 47481.0
28.90200924873352, 48045.0
29.33799409866333, 48617.0
29.645345211029053, 48673.0
29.646626234054565, 48926.0
29.64909601211548, 49220.0
29.650884866714478, 49636.0
29.744911909103394, 50347.0
30.129876136779785, 50851.0
46.671404123306274, 51686.0
47.05375909805298, 52105.0
52.74005103111267, 52361.0
52.74181008338928, 52652.0
52.81888699531555, 53552.0
52.82480812072754, 53715.0
52.91455912590027, 53723.0
53.02496314048767, 53859.0
53.025880098342896, 54562.0
53.10931706428528, 55156.0
53.99444627761841, 55351.0
54.97407913208008, 55635.0
69.80084729194641, 56011.0
69.87815523147583, 56928.0
71.2880220413208, 56960.0
71.52034997940063, 57799.0
71.52892708778381, 57874.0
71.60483407974243, 58803.0
75.79095721244812, 58855.0
75.97204518318176, 58866.0
75.9757170677185, 58968.0
76.13791418075562, 59160.0
76.14317226409912, 59717.0
76.70058822631836, 59971.0
76.76747608184814, 60069.0
76.85110402107239, 60698.0
76.851557970047, 61362.0
131.79914617538452, 61467.0
131.84304809570312, 61623.0
132.0409870147705, 61713.0
309.09394812583923, 61865.0
309.12383008003235, 61870.0
309.16412115097046, 61877.0
309.16475915908813, 62609.0
309.1991021633148, 62735.0
544.267637014389, 63334.0
544.269623041153, 63554.0
544.274827003479, 63793.0
544.3034620285034, 64629.0
