0.0, 6290.0
0.3912358283996582, 6351.0
0.3970487117767334, 6479.0
0.4899420738220215, 6587.0
0.4928438663482666, 6675.0
0.49323272705078125, 6795.0
0.49343276023864746, 6989.0
0.9248859882354736, 7076.0
0.9960639476776123, 7183.0
1.1754817962646484, 7288.0
1.1810669898986816, 7319.0
1.2389030456542969, 7440.0
1.3070149421691895, 7550.0
1.3803749084472656, 7587.0
1.9541471004486084, 7590.0
2.0232367515563965, 7681.0
2.2452428340911865, 7772.0
2.3322250843048096, 7855.0
2.3367607593536377, 7990.0
2.4079179763793945, 7996.0
2.460376739501953, 8128.0
2.465291976928711, 8286.0
2.8159658908843994, 8288.0
2.9459798336029053, 8303.0
2.9466259479522705, 8461.0
3.1413187980651855, 8477.0
3.203995943069458, 8561.0
3.2046778202056885, 8677.0
3.208798885345459, 8778.0
3.261013984680176, 8825.0
3.26350998878479, 8861.0
3.408292770385742, 8875.0
3.410423994064331, 8878.0
3.484611749649048, 8983.0
3.6098899841308594, 9040.0
3.6749179363250732, 9152.0
3.8353679180145264, 9240.0
3.9110867977142334, 9369.0
3.915555715560913, 9489.0
4.395087718963623, 9566.0
4.44676399230957, 9672.0
4.450467109680176, 9675.0
4.496554851531982, 9822.0
4.497219085693359, 9875.0
4.5701329708099365, 9980.0
6.105272054672241, 9990.0
6.247450828552246, 10031.0
6.249828815460205, 10077.0
6.253922939300537, 10187.0
7.638720989227295, 10226.0
7.640907049179077, 10348.0
7.678116798400879, 10382.0
7.895322799682617, 10406.0
7.895737886428833, 10532.0
7.895992755889893, 10642.0
7.964338779449463, 10648.0
7.965087890625, 10670.0
8.05820894241333, 10681.0
8.12272572517395, 10755.0
8.244263887405396, 10780.0
8.290762901306152, 10885.0
40.91792368888855, 10978.0
41.0174720287323, 11041.0
41.026341915130615, 11078.0
41.50760293006897, 11089.0
41.653273820877075, 11144.0
41.658689975738525, 11176.0
42.39134192466736, 11255.0
69.44169807434082, 11260.0
133.47718501091003, 11266.0
133.47750878334045, 11285.0
133.48163771629333, 11369.0
302.10386896133423, 11374.0
328.58664083480835, 11411.0
413.08899784088135, 11479.0
428.63992381095886, 11483.0
428.64795899391174, 11586.0
428.7267367839813, 11650.0
