0.0, 2479.0
0.7950477600097656, 2574.0
0.7981560230255127, 2609.0
0.7992660999298096, 2724.0
0.804318904876709, 2764.0
0.8044238090515137, 2765.0
0.9090497493743896, 2772.0
1.2595429420471191, 2874.0
1.2619547843933105, 2917.0
1.2686619758605957, 2938.0
1.3200037479400635, 3039.0
1.3242828845977783, 3142.0
1.7052838802337646, 3158.0
1.7083640098571777, 3231.0
18.10558581352234, 3277.0
18.154908895492554, 3302.0
30.56707000732422, 3405.0
30.567181825637817, 3546.0
74.31013488769531, 3595.0
74.47503995895386, 3604.0
74.47778296470642, 3642.0
74.83814287185669, 3723.0
74.92277669906616, 3724.0
75.06874704360962, 3725.0
75.15323281288147, 3850.0
75.19938588142395, 3862.0
75.50662183761597, 3905.0
75.86392092704773, 3934.0
