0.0, 25793.0
2.0804548263549805, 26502.0
2.0815858840942383, 27132.0
2.160430669784546, 27818.0
2.1615827083587646, 28493.0
2.1648879051208496, 28675.0
2.1671078205108643, 29555.0
2.2290868759155273, 29663.0
3.0409939289093018, 30304.0
3.3106868267059326, 30549.0
3.4448869228363037, 30950.0
3.449315071105957, 31308.0
3.6312079429626465, 31351.0
3.8277318477630615, 32271.0
3.9035446643829346, 32814.0
4.590477705001831, 33304.0
5.789942979812622, 33808.0
6.000098943710327, 34292.0
6.16802191734314, 35142.0
6.289376974105835, 35699.0
6.38888692855835, 36322.0
6.843787908554077, 36584.0
6.904477834701538, 37354.0
7.012634754180908, 37875.0
7.1144819259643555, 38196.0
7.127758741378784, 38226.0
7.3345746994018555, 39104.0
8.047981977462769, 39371.0
8.201515913009644, 40350.0
8.203751802444458, 40353.0
8.2688148021698, 40362.0
8.92467188835144, 40511.0
9.169179916381836, 40749.0
9.172878742218018, 40828.0
9.335767030715942, 41301.0
9.430192708969116, 41883.0
9.457318782806396, 41967.0
10.01276683807373, 42316.0
10.191763877868652, 42587.0
10.267475843429565, 43065.0
10.377148866653442, 43759.0
10.647885084152222, 43799.0
10.683604001998901, 44488.0
10.687012672424316, 45113.0
10.700669765472412, 45538.0
10.705106973648071, 45890.0
11.02011489868164, 46573.0
11.32974886894226, 46981.0
11.396614789962769, 47188.0
11.588263750076294, 48102.0
12.33573603630066, 48362.0
12.33795976638794, 49150.0
12.403455972671509, 49952.0
12.58584976196289, 50215.0
12.588088750839233, 50547.0
12.664958953857422, 51213.0
12.67061185836792, 51796.0
13.01069688796997, 52611.0
13.300448894500732, 52889.0
14.20895266532898, 53011.0
14.210152864456177, 53805.0
14.271297931671143, 54318.0
14.433189868927002, 54640.0
14.436413764953613, 54667.0
14.445231676101685, 54855.0
14.571814775466919, 55337.0
15.171715021133423, 55778.0
15.327215909957886, 55807.0
15.32839584350586, 56207.0
15.330887794494629, 56633.0
15.371022701263428, 57106.0
15.487698793411255, 57546.0
15.488860845565796, 58337.0
15.541894912719727, 58547.0
15.641915798187256, 58959.0
15.822436809539795, 59544.0
16.02843689918518, 59787.0
16.466822862625122, 60154.0
16.470168828964233, 61108.0
16.55012083053589, 61770.0
16.802743911743164, 61789.0
16.89241909980774, 62694.0
16.965125799179077, 62976.0
17.422261953353882, 63160.0
17.430443048477173, 63364.0
17.47938895225525, 63380.0
17.480536699295044, 64170.0
17.64295768737793, 64224.0
17.64737367630005, 64802.0
17.648524045944214, 65678.0
17.851534843444824, 65876.0
17.852670907974243, 66354.0
17.853806018829346, 66968.0
17.91693902015686, 67391.0
18.124918937683105, 67766.0
18.335803747177124, 68222.0
18.818447828292847, 68510.0
18.855753898620605, 68905.0
19.023201942443848, 69480.0
19.202584743499756, 70146.0
19.544955730438232, 70297.0
19.54837679862976, 71142.0
19.551026821136475, 71795.0
19.552182912826538, 72238.0
19.662139892578125, 72891.0
19.697383880615234, 73877.0
19.83928394317627, 74109.0
20.258903980255127, 74327.0
20.3955557346344, 74432.0
20.40050196647644, 74885.0
20.871219873428345, 74981.0
20.8717679977417, 75176.0
21.066849946975708, 75239.0
21.201289892196655, 76031.0
21.25393581390381, 76919.0
21.30334782600403, 77083.0
21.727698802947998, 77724.0
22.674985885620117, 78064.0
22.711405038833618, 78445.0
22.976999759674072, 78751.0
23.452951908111572, 78986.0
23.461344003677368, 79667.0
24.390235900878906, 79706.0
24.601930856704712, 80262.0
24.687274932861328, 80872.0
24.83253288269043, 81161.0
24.873594760894775, 81689.0
25.02278709411621, 81982.0
25.17911195755005, 82967.0
25.264670848846436, 83320.0
25.84784483909607, 83794.0
26.260729789733887, 83879.0
26.303292751312256, 84162.0
26.451245069503784, 84645.0
26.631414890289307, 85476.0
26.63300085067749, 85819.0
26.83239483833313, 86195.0
27.164312839508057, 86320.0
27.231608867645264, 87304.0
27.579696893692017, 88285.0
28.499178886413574, 88494.0
28.54691791534424, 88982.0
28.619982719421387, 89548.0
28.999417781829834, 90086.0
29.000576972961426, 90342.0
29.131507873535156, 91081.0
29.188069820404053, 91686.0
31.694278717041016, 91731.0
31.93779182434082, 92018.0
32.300447940826416, 92620.0
32.35092568397522, 92807.0
32.35966777801514, 93377.0
32.9024019241333, 93431.0
32.905953884124756, 93886.0
32.963181018829346, 94160.0
33.91553997993469, 94277.0
34.01501107215881, 94772.0
36.14527368545532, 94797.0
36.18630599975586, 94851.0
36.38508176803589, 95219.0
36.58469891548157, 95589.0
36.652981996536255, 95870.0
36.89085793495178, 96065.0
42.41550898551941, 96165.0
46.3459677696228, 96675.0
46.53687381744385, 96893.0
50.9541540145874, 97379.0
51.036484718322754, 98019.0
51.27101993560791, 98121.0
60.40546679496765, 98421.0
62.41823983192444, 98613.0
62.50490188598633, 98662.0
62.551530838012695, 98975.0
62.64249801635742, 99238.0
62.8501980304718, 99919.0
63.488285779953, 99958.0
63.53211283683777, 100356.0
65.79123997688293, 100540.0
66.82795786857605, 100738.0
66.82861185073853, 100814.0
67.22558093070984, 101120.0
67.50370669364929, 101368.0
67.78029108047485, 101497.0
67.81420588493347, 101683.0
68.391854763031, 101708.0
69.27680897712708, 101835.0
69.41424202919006, 102386.0
69.46886873245239, 102418.0
69.55860686302185, 103332.0
69.75085091590881, 103735.0
70.73440790176392, 103779.0
70.878084897995, 104425.0
71.05363488197327, 104809.0
71.08814477920532, 104889.0
72.13593697547913, 105187.0
73.07227087020874, 106012.0
73.07673788070679, 106343.0
73.15909504890442, 106611.0
73.21671485900879, 107118.0
73.26932096481323, 108115.0
73.49406003952026, 108417.0
74.13385391235352, 108721.0
74.60347890853882, 109058.0
75.01933693885803, 109963.0
75.02284002304077, 110132.0
75.21787071228027, 110575.0
76.3933687210083, 110729.0
76.43174767494202, 111099.0
76.4413378238678, 111300.0
76.48696684837341, 111303.0
77.63699293136597, 111388.0
77.73206973075867, 111398.0
77.8486099243164, 111756.0
77.85324001312256, 112162.0
77.89075088500977, 113160.0
84.43486595153809, 113255.0
84.65950202941895, 113648.0
84.8883318901062, 114246.0
85.34432888031006, 114527.0
87.27091574668884, 114591.0
87.34116768836975, 115162.0
88.73396563529968, 115646.0
88.89699983596802, 116043.0
88.94410276412964, 116411.0
89.22060894966125, 116752.0
89.24912571907043, 117372.0
89.25595784187317, 117470.0
89.30731987953186, 117530.0
89.95497179031372, 117782.0
90.09652781486511, 118070.0
90.10250997543335, 118981.0
90.13723587989807, 119309.0
90.14281177520752, 119786.0
90.22174191474915, 120179.0
90.76740097999573, 120196.0
91.01127290725708, 120546.0
91.24517869949341, 121365.0
92.36123180389404, 122004.0
92.36703205108643, 122416.0
92.49252390861511, 122437.0
92.54162979125977, 122450.0
92.82359290122986, 123411.0
92.82817482948303, 124062.0
92.92675399780273, 124066.0
92.96135401725769, 124245.0
93.8544487953186, 124552.0
93.92792701721191, 124989.0
95.64157581329346, 125302.0
95.70808386802673, 125886.0
95.7875120639801, 125985.0
95.88504886627197, 126012.0
95.95951676368713, 126070.0
125.94472694396973, 126641.0
181.7034878730774, 126789.0
181.81289076805115, 127436.0
181.8329999446869, 127998.0
181.8640787601471, 128895.0
181.8674829006195, 129849.0
182.16400575637817, 129885.0
182.40830779075623, 130482.0
182.41061282157898, 131349.0
182.43986582756042, 131541.0
183.80840706825256, 131729.0
183.98812174797058, 132283.0
204.88741302490234, 132445.0
206.96678495407104, 132730.0
206.9725890159607, 132867.0
207.02944588661194, 133755.0
207.03173685073853, 133846.0
210.8570728302002, 133883.0
211.50999093055725, 134259.0
220.96311807632446, 134265.0
220.99613690376282, 134444.0
335.1239528656006, 134676.0
335.15875577926636, 134714.0
335.1599359512329, 135628.0
335.2594747543335, 135904.0
335.3102478981018, 136101.0
351.1642038822174, 136274.0
351.1653869152069, 136358.0
351.24080085754395, 136435.0
360.90167593955994, 136690.0
373.3628957271576, 137125.0
373.390469789505, 137172.0
373.4358558654785, 137350.0
376.25008487701416, 137624.0
376.58780169487, 137841.0
377.0424928665161, 138215.0
377.2513928413391, 138216.0
377.67653489112854, 138866.0
378.6854667663574, 139482.0
381.8910298347473, 140042.0
381.9363729953766, 140080.0
381.93755078315735, 140925.0
381.9449419975281, 141427.0
381.9700217247009, 142139.0
381.97231888771057, 142471.0
381.9774148464203, 142848.0
382.32186579704285, 142877.0
534.9445419311523, 143352.0
