0.0, 10042.0
1.898953914642334, 10058.0
1.963580846786499, 10059.0
2.090329885482788, 10060.0
2.1447880268096924, 10280.0
2.214085817337036, 10281.0
2.220216751098633, 10375.0
2.587670087814331, 10429.0
5.8534159660339355, 10433.0
7.9284820556640625, 10513.0
8.332571983337402, 10567.0
8.520021915435791, 10583.0
8.563819885253906, 10607.0
8.569742918014526, 10648.0
8.699660062789917, 10689.0
8.742614030838013, 10691.0
8.998548030853271, 10770.0
9.72251296043396, 10771.0
10.737234830856323, 10798.0
10.778972864151001, 10845.0
10.781655073165894, 10902.0
10.871587753295898, 10977.0
11.791995763778687, 11026.0
11.844883918762207, 11044.0
11.971520900726318, 11062.0
12.011720895767212, 11126.0
18.224175930023193, 11256.0
22.048435926437378, 11285.0
22.145519733428955, 11356.0
23.022716999053955, 11376.0
23.58287477493286, 11439.0
23.834608793258667, 11463.0
23.93439793586731, 11464.0
28.144322872161865, 11495.0
28.300505876541138, 11514.0
28.419238805770874, 11603.0
28.527577877044678, 11659.0
28.58118987083435, 11665.0
28.624939918518066, 11705.0
28.670219898223877, 11847.0
28.96919083595276, 11857.0
36.50886082649231, 11907.0
36.50935506820679, 11908.0
36.51026105880737, 11909.0
36.57525300979614, 11925.0
36.62436890602112, 12041.0
36.67748308181763, 12082.0
36.72481989860535, 12117.0
255.1772060394287, 12149.0
255.5587227344513, 12224.0
256.1656038761139, 12245.0
258.1443541049957, 12340.0
258.4288408756256, 12448.0
258.53150701522827, 12464.0
341.6593747138977, 12519.0
342.5053780078888, 12547.0
342.7959167957306, 12571.0
343.1288969516754, 12624.0
343.2620458602905, 12660.0
