0.0, 3813.0
0.014232158660888672, 4524.0
0.15590500831604004, 4567.0
0.15640020370483398, 4947.0
0.15698719024658203, 5456.0
0.15707707405090332, 6389.0
0.16255998611450195, 7180.0
0.1632099151611328, 7821.0
0.16653013229370117, 8425.0
0.2776801586151123, 9101.0
0.2791879177093506, 9120.0
0.4542379379272461, 9754.0
0.45589399337768555, 9917.0
0.9766499996185303, 10193.0
0.9775609970092773, 10616.0
1.1968920230865479, 10659.0
1.1973609924316406, 10884.0
1.1976630687713623, 11453.0
1.199343204498291, 11603.0
1.2004680633544922, 11998.0
1.2015008926391602, 12049.0
1.3376069068908691, 12244.0
1.338597059249878, 13100.0
1.342484951019287, 13322.0
1.3428750038146973, 13768.0
1.345562219619751, 13953.0
1.3464009761810303, 14410.0
1.4590580463409424, 14594.0
1.467513084411621, 14764.0
1.887923002243042, 14843.0
1.888334035873413, 15634.0
1.9561970233917236, 15952.0
2.038120985031128, 16203.0
2.038530111312866, 16646.0
2.038638114929199, 16725.0
2.0974369049072266, 16881.0
2.097648859024048, 17835.0
2.1004951000213623, 18353.0
2.156481981277466, 18918.0
2.157608985900879, 19829.0
8.995573043823242, 19982.0
9.383440256118774, 20143.0
9.456900119781494, 20429.0
9.457213878631592, 21220.0
16.335658073425293, 21616.0
23.420997142791748, 21990.0
23.487040042877197, 22477.0
23.487683057785034, 22850.0
23.489835023880005, 23173.0
69.12313294410706, 23578.0
69.16650295257568, 23717.0
69.20569920539856, 23817.0
69.20601606369019, 24012.0
69.21113920211792, 24193.0
69.3113579750061, 24334.0
69.31365990638733, 24777.0
73.32566714286804, 25105.0
77.32620000839233, 25106.0
77.38505387306213, 25191.0
77.43155717849731, 25319.0
77.43499898910522, 25421.0
77.52479600906372, 25520.0
77.72126007080078, 26007.0
77.78542590141296, 26950.0
