0.0, 59619.0
1.5159580707550049, 59698.0
1.657228946685791, 59813.0
4.868430137634277, 59901.0
5.418015956878662, 60008.0
6.093959808349609, 60163.0
6.210023880004883, 60277.0
7.001964092254639, 60396.0
7.11367392539978, 60504.0
8.5868980884552, 60614.0
8.879381895065308, 60659.0
9.01647686958313, 60783.0
9.096229076385498, 60910.0
9.458667039871216, 61012.0
9.958913087844849, 61013.0
10.007376194000244, 61146.0
10.148910999298096, 61268.0
10.189514875411987, 61409.0
11.361057043075562, 61430.0
11.433411121368408, 61559.0
11.711026906967163, 61570.0
11.775984048843384, 61686.0
11.832969903945923, 61794.0
12.303003072738647, 61888.0
12.85186505317688, 61997.0
13.065749883651733, 62116.0
13.516309022903442, 62202.0
13.580543041229248, 62269.0
13.683281183242798, 62402.0
14.873850107192993, 62518.0
16.43485999107361, 62619.0
16.547626972198486, 62698.0
16.645722150802612, 62814.0
16.71215295791626, 62918.0
19.3848979473114, 63013.0
20.085875034332275, 63116.0
20.93538498878479, 63195.0
21.5276780128479, 63304.0
21.88436198234558, 63383.0
22.181015968322754, 63515.0
25.27852487564087, 63608.0
25.450298070907593, 63718.0
25.76900601387024, 63818.0
27.3388090133667, 63819.0
31.6631338596344, 63915.0
34.20312809944153, 64010.0
35.252963066101074, 64101.0
35.256775856018066, 64304.0
35.74832606315613, 64369.0
35.93230414390564, 64484.0
35.9701931476593, 64607.0
36.45807194709778, 64730.0
36.50887608528137, 64863.0
36.943706035614014, 64902.0
37.40943193435669, 65059.0
37.61703395843506, 65171.0
37.6556510925293, 65285.0
38.043801069259644, 65312.0
38.725021839141846, 65387.0
38.729758977890015, 65518.0
42.61032700538635, 65519.0
43.103002071380615, 65522.0
43.12704110145569, 65806.0
43.29325318336487, 65920.0
43.38856387138367, 66090.0
43.67182207107544, 66272.0
43.87621712684631, 66425.0
44.03425884246826, 66545.0
44.041351079940796, 66701.0
44.13185000419617, 66817.0
45.83119201660156, 66850.0
46.326226234436035, 67005.0
46.38438606262207, 67100.0
46.73096489906311, 67216.0
46.782127141952515, 67319.0
49.84126400947571, 67376.0
50.677258014678955, 67512.0
52.009193897247314, 67551.0
52.15546011924744, 67712.0
52.20946192741394, 67914.0
53.0352098941803, 67978.0
53.08757495880127, 68106.0
53.14338803291321, 68217.0
53.440178871154785, 68408.0
54.81932806968689, 68499.0
55.52159404754639, 68509.0
56.480544090270996, 68591.0
56.58147192001343, 68721.0
56.58378219604492, 68825.0
56.6681342124939, 68967.0
57.18462300300598, 69104.0
57.42235803604126, 69107.0
57.43339395523071, 69242.0
57.47154879570007, 69355.0
57.52664589881897, 69496.0
57.92425203323364, 69618.0
58.065515995025635, 69629.0
58.27655386924744, 69779.0
58.740291118621826, 69785.0
58.97919416427612, 69808.0
59.03860402107239, 69913.0
59.139310121536255, 69963.0
59.26563501358032, 70168.0
59.53691220283508, 70283.0
59.68742799758911, 70396.0
59.7074191570282, 70511.0
61.08137607574463, 70619.0
62.8206090927124, 70693.0
64.52751517295837, 70854.0
64.72487711906433, 70955.0
65.09701919555664, 71116.0
68.46941995620728, 71221.0
68.51928806304932, 71374.0
68.6440691947937, 71559.0
68.8105959892273, 71708.0
69.4689290523529, 71911.0
70.11999988555908, 72013.0
71.1816098690033, 72054.0
71.18608498573303, 72194.0
71.34825587272644, 72388.0
71.70733404159546, 72406.0
71.91593289375305, 72411.0
72.00556802749634, 72564.0
72.0127420425415, 72790.0
72.26952123641968, 72918.0
73.6066460609436, 73006.0
73.9535858631134, 73107.0
74.1694278717041, 73216.0
74.26002597808838, 73318.0
74.612872838974, 73498.0
74.86696696281433, 73603.0
75.12869191169739, 73709.0
75.17388701438904, 73810.0
75.56496095657349, 73822.0
75.56955218315125, 74002.0
77.05073308944702, 74014.0
77.14996099472046, 74108.0
77.81553888320923, 74317.0
78.29234886169434, 74392.0
78.5098090171814, 74501.0
79.29844307899475, 74515.0
79.60613799095154, 74526.0
79.60845422744751, 74653.0
79.7537579536438, 74797.0
79.79553413391113, 74925.0
79.7978789806366, 75066.0
80.354257106781, 75210.0
81.8156111240387, 75215.0
82.86756801605225, 75316.0
84.7223539352417, 75421.0
84.72951793670654, 75582.0
85.08091592788696, 75598.0
85.46498394012451, 75703.0
86.2866108417511, 75798.0
86.57386589050293, 75907.0
87.07322216033936, 75991.0
87.08206009864807, 76106.0
87.66234397888184, 76313.0
88.68998098373413, 76411.0
89.07661581039429, 76517.0
89.75767707824707, 76593.0
89.84648108482361, 76702.0
90.29279112815857, 76812.0
91.97279000282288, 76895.0
92.0136981010437, 77017.0
92.23967790603638, 77044.0
92.66894888877869, 77212.0
94.07199192047119, 77316.0
94.55449223518372, 77378.0
94.87286901473999, 77514.0
95.40259718894958, 77676.0
95.43659496307373, 77899.0
95.63783693313599, 78012.0
96.11500310897827, 78102.0
96.15052103996277, 78209.0
96.73730206489563, 78296.0
97.27203822135925, 78400.0
97.4488480091095, 78502.0
97.84905791282654, 78538.0
97.88892102241516, 78687.0
97.91589593887329, 78789.0
98.11488723754883, 78985.0
99.03146314620972, 78987.0
99.0847909450531, 79111.0
99.68141889572144, 79118.0
102.74912214279175, 79205.0
105.80761504173279, 79293.0
106.18705987930298, 79364.0
106.36736702919006, 79483.0
107.58699202537537, 79611.0
108.5881359577179, 79705.0
108.62448620796204, 79807.0
109.34960293769836, 79898.0
109.70956993103027, 80015.0
110.12723302841187, 80092.0
110.81732702255249, 80116.0
113.70488595962524, 80137.0
113.92544889450073, 80211.0
114.91079711914062, 80273.0
115.02171492576599, 80314.0
116.27655291557312, 80410.0
116.3673939704895, 80511.0
116.45810198783875, 80616.0
124.3887071609497, 80688.0
124.58711814880371, 80774.0
125.42868089675903, 80888.0
125.4365119934082, 81083.0
125.82353615760803, 81087.0
126.00632810592651, 81097.0
126.14214015007019, 81148.0
126.50136709213257, 81411.0
126.5037260055542, 81614.0
126.65555715560913, 81617.0
127.06113505363464, 81643.0
127.21104097366333, 81648.0
127.44105005264282, 81657.0
127.54552507400513, 81815.0
127.58711290359497, 81819.0
128.6901319026947, 81907.0
131.17957496643066, 82001.0
131.47940921783447, 82090.0
131.79445004463196, 82199.0
132.22553205490112, 82217.0
133.65086317062378, 82263.0
133.69034910202026, 82494.0
136.61802911758423, 82587.0
137.10218501091003, 82694.0
137.58636498451233, 82718.0
139.22424006462097, 82803.0
139.26715421676636, 82909.0
140.03754210472107, 82916.0
140.56828904151917, 82961.0
140.57307410240173, 83109.0
141.5279619693756, 83280.0
141.82850313186646, 83366.0
142.321702003479, 83501.0
142.74180102348328, 83541.0
142.7883801460266, 83680.0
142.93558597564697, 83810.0
143.23679208755493, 83930.0
143.42963004112244, 83984.0
143.6902871131897, 84003.0
146.2456979751587, 84026.0
146.49423694610596, 84054.0
146.8355929851532, 84146.0
146.9896218776703, 84261.0
147.23739409446716, 84319.0
147.39030003547668, 84517.0
148.703351020813, 84591.0
148.91556096076965, 84698.0
149.37609219551086, 84775.0
149.57507801055908, 84825.0
149.7301471233368, 84936.0
149.762766122818, 85084.0
150.15806007385254, 85205.0
150.51971983909607, 85276.0
150.52228808403015, 85401.0
150.86355710029602, 85578.0
151.02184796333313, 85687.0
151.34198594093323, 85806.0
151.54635500907898, 85912.0
151.63061022758484, 86016.0
151.99028611183167, 86079.0
152.19334197044373, 86188.0
152.34325695037842, 86302.0
153.33055520057678, 86433.0
153.55791091918945, 86582.0
153.6558530330658, 86594.0
156.76418900489807, 86613.0
156.7728729248047, 86761.0
157.1295599937439, 86771.0
161.8426330089569, 86802.0
161.86302518844604, 86913.0
162.90245389938354, 86987.0
163.39345002174377, 87114.0
164.36427211761475, 87207.0
164.723815202713, 87211.0
165.12904500961304, 87289.0
165.16727709770203, 87392.0
165.74048709869385, 87497.0
167.97305393218994, 87610.0
168.08784413337708, 87699.0
168.31055307388306, 87757.0
168.5418779850006, 87906.0
169.10637211799622, 88013.0
169.4936990737915, 88084.0
169.57522702217102, 88185.0
170.31218194961548, 88313.0
170.86640000343323, 88414.0
171.11721301078796, 88562.0
171.34564995765686, 88579.0
171.76421189308167, 88672.0
172.09987092018127, 88771.0
172.172856092453, 88917.0
173.88388514518738, 88967.0
174.03961491584778, 89089.0
177.91944813728333, 89103.0
178.14779901504517, 89294.0
178.63024616241455, 89295.0
178.95436215400696, 89349.0
178.98897194862366, 89384.0
179.21552896499634, 89493.0
179.4485878944397, 89508.0
179.55658793449402, 89598.0
179.77542400360107, 89612.0
180.56742596626282, 89676.0
181.10198712348938, 89705.0
182.3185031414032, 89710.0
183.0241630077362, 89804.0
183.09472107887268, 89905.0
183.88366794586182, 90011.0
184.56641817092896, 90016.0
186.1104280948639, 90082.0
187.0289032459259, 90189.0
187.20648002624512, 90200.0
189.2860391139984, 90317.0
191.1249861717224, 90328.0
191.50320887565613, 90500.0
192.04328227043152, 90589.0
192.36655402183533, 90618.0
195.1105990409851, 90665.0
195.30043601989746, 90708.0
195.63561296463013, 90756.0
195.85351490974426, 90808.0
196.04909420013428, 90867.0
196.3056800365448, 90878.0
196.60112404823303, 91005.0
197.0364489555359, 91037.0
197.04112887382507, 91188.0
197.6084520816803, 91289.0
197.68150806427002, 91411.0
199.8659119606018, 91517.0
200.90730905532837, 91519.0
202.18022394180298, 91583.0
202.23538994789124, 91699.0
202.39295887947083, 91700.0
203.0532569885254, 91702.0
203.13201189041138, 91807.0
203.38318300247192, 91860.0
204.05054092407227, 91918.0
204.43403315544128, 92011.0
204.4379370212555, 92016.0
204.5175380706787, 92017.0
205.09881591796875, 92021.0
205.1295018196106, 92158.0
205.16296815872192, 92311.0
207.21827602386475, 92339.0
207.2643461227417, 92498.0
207.43372011184692, 92613.0
208.29391312599182, 92614.0
209.08270001411438, 92618.0
209.49469590187073, 92655.0
209.78050899505615, 92712.0
209.83210396766663, 92872.0
210.00297808647156, 92896.0
211.11618995666504, 92913.0
230.55313301086426, 92992.0
230.7460741996765, 93119.0
231.9522340297699, 93207.0
232.27994799613953, 93314.0
234.93048405647278, 93402.0
235.43409991264343, 93405.0
236.59729886054993, 93410.0
236.78260207176208, 93418.0
246.6781361103058, 93512.0
246.8660159111023, 93526.0
246.97863507270813, 93719.0
251.2824079990387, 93750.0
251.32309103012085, 93896.0
251.36265015602112, 93907.0
256.03950786590576, 93910.0
256.4404752254486, 94012.0
256.4506080150604, 94113.0
256.9963901042938, 94118.0
258.1328420639038, 94131.0
258.64061522483826, 94316.0
260.8242130279541, 94393.0
260.87580704689026, 94509.0
261.08161997795105, 94707.0
261.2249310016632, 94813.0
261.96426486968994, 94907.0
261.9916400909424, 95100.0
263.1197979450226, 95113.0
263.724977016449, 95209.0
264.31704020500183, 95214.0
264.71050810813904, 95255.0
264.8199670314789, 95375.0
264.85397601127625, 95477.0
265.0381979942322, 95508.0
265.22344493865967, 95586.0
275.0838930606842, 95597.0
275.92377281188965, 95606.0
276.24265217781067, 95615.0
276.7498860359192, 95629.0
276.7545268535614, 95766.0
276.8578841686249, 95890.0
277.3829610347748, 95897.0
277.9782781600952, 95908.0
278.7860689163208, 95967.0
278.8910541534424, 96100.0
279.0076458454132, 96124.0
279.07477498054504, 96219.0
279.143807888031, 96391.0
279.4862380027771, 96416.0
279.6524500846863, 96471.0
279.9086010456085, 96506.0
280.82414412498474, 96521.0
280.8424780368805, 96646.0
280.8905999660492, 96819.0
281.54198813438416, 96923.0
281.5541889667511, 97099.0
282.7234559059143, 97218.0
284.32051515579224, 97280.0
285.3764989376068, 97299.0
291.2420988082886, 97374.0
297.2709310054779, 97417.0
299.2327539920807, 97498.0
299.47157192230225, 97549.0
299.6086781024933, 97657.0
299.68607211112976, 97812.0
303.8113920688629, 97918.0
307.1626329421997, 98016.0
309.1379361152649, 98018.0
328.1957359313965, 98079.0
328.5886068344116, 98181.0
328.73077917099, 98203.0
328.90332102775574, 98208.0
346.67513394355774, 98239.0
346.78252696990967, 98411.0
347.11729097366333, 98487.0
347.26377296447754, 98611.0
348.510290145874, 98794.0
358.9367549419403, 98882.0
359.07609009742737, 98893.0
359.1241340637207, 98950.0
360.3735439777374, 98964.0
360.44971108436584, 98996.0
361.26677918434143, 99018.0
371.54060196876526, 99117.0
371.6195340156555, 99118.0
377.219810962677, 99204.0
377.26403307914734, 99318.0
377.70950508117676, 99321.0
377.85304403305054, 99467.0
378.0708510875702, 99508.0
381.62044310569763, 99591.0
382.19980001449585, 99600.0
385.7187011241913, 99708.0
386.6429660320282, 99882.0
386.9112501144409, 99987.0
387.07064485549927, 100095.0
387.630145072937, 100199.0
387.8198299407959, 100207.0
388.7722601890564, 100307.0
389.2835781574249, 100308.0
389.57214403152466, 100380.0
390.05589294433594, 100414.0
391.2373700141907, 100506.0
392.21316289901733, 100509.0
392.4305839538574, 100611.0
392.9223139286041, 100639.0
393.07239389419556, 100722.0
393.5107960700989, 100818.0
395.74025893211365, 100864.0
395.87795186042786, 100950.0
396.09169006347656, 101059.0
396.13475704193115, 101174.0
396.6124300956726, 101310.0
402.1898829936981, 101410.0
403.77384209632874, 101613.0
404.32930397987366, 101715.0
404.6913719177246, 101777.0
430.21460604667664, 101860.0
433.6073739528656, 101867.0
433.6906008720398, 102018.0
438.4370369911194, 102068.0
438.88446521759033, 102131.0
438.9170649051666, 102299.0
439.0187449455261, 102305.0
520.1939630508423, 102318.0
521.3179161548615, 102393.0
521.479996919632, 102475.0
521.6241068840027, 102510.0
521.7597420215607, 102568.0
522.0506999492645, 102571.0
522.1157748699188, 102816.0
522.2583742141724, 102874.0
522.6316289901733, 102916.0
522.8352439403534, 102978.0
522.9387891292572, 103048.0
523.0724239349365, 103049.0
523.1401388645172, 103169.0
523.3112790584564, 103318.0
523.7580080032349, 103415.0
523.9448530673981, 103457.0
523.9917979240417, 103612.0
