0.0, 25793.0
1.9578189849853516, 26502.0
1.958967924118042, 27132.0
1.9623138904571533, 27818.0
1.9634289741516113, 28493.0
2.057305097579956, 28675.0
2.059480905532837, 29555.0
2.0659050941467285, 29663.0
2.8835208415985107, 30304.0
3.0476839542388916, 30549.0
3.160526990890503, 30950.0
3.1657238006591797, 31308.0
3.2845680713653564, 31351.0
3.396972894668579, 32271.0
3.458216905593872, 32814.0
4.271745920181274, 33304.0
5.657912015914917, 33808.0
5.781416893005371, 34292.0
6.073446750640869, 35142.0
6.173930883407593, 35699.0
6.2283549308776855, 36322.0
6.701900005340576, 36584.0
6.762237787246704, 37354.0
6.869410991668701, 37875.0
6.923605918884277, 38196.0
7.018573999404907, 38226.0
7.094482898712158, 39104.0
7.798673868179321, 39371.0
7.8975090980529785, 40350.0
7.934309959411621, 40353.0
7.959758996963501, 40362.0
8.63504672050476, 40511.0
8.83695101737976, 40749.0
8.842045783996582, 40828.0
8.976487874984741, 41301.0
9.118328094482422, 41883.0
9.165905952453613, 41967.0
9.639840841293335, 42316.0
9.760830879211426, 42587.0
9.848627805709839, 43065.0
10.02153992652893, 43759.0
10.214922904968262, 43799.0
10.21606707572937, 44488.0
10.219428062438965, 45113.0
10.262824773788452, 45538.0
10.267189979553223, 45890.0
10.60123586654663, 46573.0
10.8766188621521, 46981.0
10.894652843475342, 47188.0
11.179770946502686, 48102.0
11.843947887420654, 48362.0
11.846320152282715, 49150.0
11.90992784500122, 49952.0
12.051546096801758, 50215.0
12.057012796401978, 50547.0
12.114171028137207, 51213.0
12.21500301361084, 51796.0
12.681943893432617, 52611.0
12.995942831039429, 52889.0
13.71069884300232, 53011.0
13.711827993392944, 53805.0
13.746829986572266, 54318.0
13.966902017593384, 54640.0
14.0103919506073, 54667.0
14.016987800598145, 54855.0
14.05281686782837, 55337.0
14.609910011291504, 55778.0
14.757377862930298, 55807.0
14.758543014526367, 56207.0
14.76078987121582, 56633.0
14.807062864303589, 57106.0
15.017816066741943, 57546.0
15.018956899642944, 58337.0
15.032720804214478, 58547.0
15.077240943908691, 58959.0
15.441943883895874, 59544.0
15.62783694267273, 59787.0
16.060134172439575, 60154.0
16.063457012176514, 61108.0
16.13103675842285, 61770.0
16.263094902038574, 61789.0
16.40843105316162, 62694.0
16.413322925567627, 62976.0
16.98396110534668, 63160.0
16.994904041290283, 63364.0
17.067811965942383, 63380.0
17.077833890914917, 64170.0
17.26395893096924, 64224.0
17.26841115951538, 64802.0
17.269588947296143, 65678.0
17.451822996139526, 65876.0
17.452982902526855, 66354.0
17.48684597015381, 66968.0
17.496757984161377, 67391.0
17.680200815200806, 67766.0
17.89420199394226, 68222.0
18.34477996826172, 68510.0
18.353266954421997, 68905.0
18.595185041427612, 69480.0
18.861753940582275, 70146.0
19.16262698173523, 70297.0
19.165951013565063, 71142.0
19.19620704650879, 71795.0
19.19738006591797, 72238.0
19.30136489868164, 72891.0
19.30783200263977, 73877.0
19.433897972106934, 74109.0
19.786195993423462, 74327.0
20.007646799087524, 74432.0
20.00996494293213, 74885.0
20.45318913459778, 74981.0
20.454360008239746, 75176.0
20.680657863616943, 75239.0
20.80785608291626, 76031.0
20.924922943115234, 76919.0
21.05409002304077, 77083.0
21.42679190635681, 77724.0
22.337854862213135, 78064.0
22.392433166503906, 78445.0
22.63200092315674, 78751.0
23.22379994392395, 78986.0
23.26477313041687, 79667.0
23.892131090164185, 79706.0
24.124454021453857, 80262.0
24.200254917144775, 80872.0
24.348424911499023, 81161.0
24.401408910751343, 81689.0
24.559813022613525, 81982.0
24.702338933944702, 82967.0
24.964000940322876, 83320.0
25.503093957901, 83794.0
25.767936944961548, 83879.0
25.7702579498291, 84162.0
25.877192974090576, 84645.0
26.11635994911194, 85476.0
26.117520093917847, 85819.0
26.203069925308228, 86195.0
26.577208042144775, 86320.0
26.71804904937744, 87304.0
26.966017961502075, 88285.0
27.902856826782227, 88494.0
27.95621609687805, 88982.0
28.063114881515503, 89548.0
28.408952951431274, 90086.0
28.410141944885254, 90342.0
28.501553773880005, 91081.0
28.605233907699585, 91686.0
31.459341049194336, 91731.0
31.84238290786743, 92018.0
32.20325493812561, 92620.0
32.25302076339722, 92807.0
32.26320672035217, 93377.0
32.677905797958374, 93431.0
32.681275844573975, 93886.0
32.839974880218506, 94160.0
33.80535697937012, 94277.0
33.91783595085144, 94772.0
36.0762300491333, 94797.0
36.187854051589966, 94851.0
36.333555936813354, 95219.0
36.52258491516113, 95589.0
36.61981987953186, 95870.0
36.87939190864563, 96065.0
42.69968891143799, 96165.0
46.85197997093201, 96675.0
47.107969999313354, 96893.0
52.342631816864014, 97379.0
52.44727802276611, 98019.0
52.673423051834106, 98121.0
61.91268706321716, 98421.0
63.75556302070618, 98613.0
63.82468795776367, 98662.0
63.93315291404724, 98975.0
63.97414708137512, 99238.0
64.30934691429138, 99919.0
65.0229549407959, 99958.0
65.05200409889221, 100356.0
67.71591091156006, 100540.0
68.88753509521484, 100738.0
68.95910906791687, 100814.0
69.40406394004822, 101120.0
69.72028994560242, 101368.0
70.03017902374268, 101497.0
70.097247838974, 101683.0
70.66557192802429, 101708.0
71.63789987564087, 101835.0
71.80788493156433, 102386.0
71.871994972229, 102418.0
71.9751489162445, 103332.0
72.16018605232239, 103735.0
73.3697419166565, 103779.0
73.54305672645569, 104425.0
73.72153997421265, 104809.0
73.80826210975647, 104889.0
74.87863183021545, 105187.0
76.01790308952332, 106012.0
76.02328896522522, 106343.0
76.03993892669678, 106611.0
76.19838404655457, 107118.0
76.24098706245422, 108115.0
76.45362710952759, 108417.0
77.20934295654297, 108721.0
77.68757796287537, 109058.0
78.20400595664978, 109963.0
78.23577094078064, 110132.0
78.4533920288086, 110575.0
79.67113995552063, 110729.0
79.6820559501648, 111099.0
79.68900179862976, 111300.0
79.80783677101135, 111303.0
81.04569292068481, 111388.0
81.171306848526, 111398.0
81.24193978309631, 111756.0
81.24911689758301, 112162.0
81.30289101600647, 113160.0
87.83048892021179, 113255.0
87.99278998374939, 113648.0
88.16075301170349, 114246.0
88.47132802009583, 114527.0
90.03053092956543, 114591.0
90.08754777908325, 115162.0
91.69106602668762, 115646.0
91.85945391654968, 116043.0
91.96642994880676, 116411.0
92.23891592025757, 116752.0
92.26681685447693, 117372.0
92.27418112754822, 117470.0
92.31433176994324, 117530.0
92.75770211219788, 117782.0
92.83809876441956, 118070.0
92.8437180519104, 118981.0
92.84492683410645, 119309.0
92.87117099761963, 119786.0
92.94250273704529, 120179.0
93.36059784889221, 120196.0
93.61838698387146, 120546.0
93.8411808013916, 121365.0
94.76624083518982, 122004.0
94.76854491233826, 122416.0
94.90561294555664, 122437.0
94.95141911506653, 122450.0
95.27067494392395, 123411.0
95.3058249950409, 124062.0
95.37336015701294, 124066.0
95.38333988189697, 124245.0
96.26521801948547, 124552.0
96.33590483665466, 124989.0
98.03666710853577, 125302.0
98.10433197021484, 125886.0
98.20636296272278, 125985.0
98.27514791488647, 126012.0
98.43166995048523, 126070.0
127.60393285751343, 126641.0
181.16086292266846, 126789.0
181.23954892158508, 127436.0
181.30524897575378, 127998.0
181.33435702323914, 128895.0
181.34012985229492, 129849.0
181.62017607688904, 129885.0
181.8347728252411, 130482.0
181.8373899459839, 131349.0
181.8730480670929, 131541.0
183.37431693077087, 131729.0
183.53743410110474, 132283.0
203.692608833313, 132445.0
205.67922496795654, 132730.0
205.6848919391632, 132867.0
205.77306699752808, 133755.0
205.7771351337433, 133846.0
209.7675929069519, 133883.0
210.57878994941711, 134259.0
220.11368489265442, 134265.0
220.11713194847107, 134444.0
330.4095449447632, 134676.0
330.46726083755493, 134714.0
330.4684889316559, 135628.0
330.54658699035645, 135904.0
330.6222538948059, 136101.0
346.29944705963135, 136274.0
346.3006179332733, 136358.0
346.35213685035706, 136435.0
356.0610589981079, 136690.0
367.7672381401062, 137125.0
367.79741311073303, 137172.0
367.8386449813843, 137350.0
370.55095911026, 137624.0
370.88329792022705, 137841.0
371.33271288871765, 138215.0
371.5392849445343, 138216.0
371.9152789115906, 138866.0
372.8730819225311, 139482.0
375.94591784477234, 140042.0
375.9800708293915, 140080.0
375.98124384880066, 140925.0
376.01156973838806, 141427.0
376.0426490306854, 142139.0
376.0450098514557, 142471.0
376.04846000671387, 142848.0
376.3548159599304, 142877.0
533.9196548461914, 143352.0
