0.0, 55395.0
0.8531999588012695, 55552.0
0.9432621002197266, 56215.0
1.4602141380310059, 56935.0
2.0675430297851562, 56969.0
4.214479923248291, 57267.0
4.626033067703247, 57657.0
4.703430891036987, 58504.0
5.801140069961548, 59157.0
5.811010122299194, 59241.0
5.879354000091553, 59715.0
6.012722015380859, 59787.0
6.114403963088989, 60112.0
6.120018005371094, 60914.0
6.437851905822754, 61404.0
6.530298948287964, 61776.0
6.669934988021851, 62535.0
6.841640949249268, 62801.0
9.654575824737549, 62904.0
9.886696100234985, 63788.0
11.843952894210815, 64222.0
12.067747116088867, 64830.0
12.116365194320679, 65157.0
12.427327156066895, 65841.0
12.817612171173096, 65951.0
13.39208984375, 66716.0
17.407618045806885, 67372.0
17.68568992614746, 67861.0
17.721720218658447, 68589.0
17.90976309776306, 69031.0
18.813760995864868, 69044.0
18.935042142868042, 69691.0
19.08936095237732, 70054.0
19.455029010772705, 71052.0
19.506134033203125, 71261.0
19.697701930999756, 71771.0
19.699969053268433, 72478.0
20.24643898010254, 73061.0
20.71613383293152, 73852.0
21.044991970062256, 74305.0
22.02185297012329, 74432.0
22.603403091430664, 75291.0
23.68222999572754, 75969.0
24.017184019088745, 76488.0
25.130003929138184, 76874.0
26.06932520866394, 76921.0
26.15720295906067, 77242.0
26.160688877105713, 77592.0
26.203896045684814, 78046.0
26.36095905303955, 78389.0
27.134526014328003, 78610.0
30.297343969345093, 78838.0
30.554814100265503, 79072.0
33.1729941368103, 79177.0
33.23308706283569, 79947.0
33.23744606971741, 79983.0
33.38855814933777, 80968.0
33.74977684020996, 81236.0
33.928926944732666, 81431.0
33.934019804000854, 82075.0
34.0222110748291, 82761.0
34.73955202102661, 83314.0
35.13709592819214, 83837.0
35.37973618507385, 84266.0
35.435750007629395, 85253.0
35.88158893585205, 85970.0
35.930516958236694, 86889.0
36.02091407775879, 87425.0
36.40458393096924, 87868.0
36.407522201538086, 88093.0
36.4122371673584, 88770.0
36.46924018859863, 88928.0
36.7886757850647, 89579.0
37.339390993118286, 89596.0
37.360904932022095, 90081.0
38.630342960357666, 90821.0
38.722328186035156, 91808.0
39.7631471157074, 92610.0
39.831278800964355, 93296.0
39.96155095100403, 93853.0
42.61186218261719, 94030.0
42.615150928497314, 94472.0
42.8747022151947, 94478.0
42.88566994667053, 95046.0
42.95115089416504, 95418.0
43.05762696266174, 96294.0
43.15052509307861, 96685.0
43.15279793739319, 97489.0
44.31716585159302, 97671.0
45.53985118865967, 97891.0
46.0911922454834, 98490.0
46.22103786468506, 99310.0
50.371054887771606, 99435.0
50.707661151885986, 100066.0
51.88291597366333, 100776.0
52.47390794754028, 101145.0
52.57708501815796, 101699.0
53.98115682601929, 101730.0
53.98470997810364, 102219.0
53.99830508232117, 102472.0
54.00092101097107, 103114.0
54.00333905220032, 103930.0
56.77108311653137, 104578.0
57.84395909309387, 104592.0
57.889196157455444, 105386.0
57.9070611000061, 105881.0
58.37819814682007, 106373.0
58.53818702697754, 106601.0
58.54275107383728, 107273.0
58.549458026885986, 107551.0
58.62129807472229, 108287.0
59.145750999450684, 108805.0
59.2730917930603, 108912.0
59.80391502380371, 109107.0
60.00862193107605, 109293.0
60.05955195426941, 109862.0
60.06791305541992, 110691.0
60.50613498687744, 110973.0
60.603190183639526, 111143.0
61.9576530456543, 111643.0
62.285563945770264, 111694.0
62.70848202705383, 112296.0
62.80273795127869, 112867.0
63.30659794807434, 112941.0
63.367368936538696, 113011.0
63.52636098861694, 113457.0
63.567903995513916, 113594.0
63.751100063323975, 114480.0
64.0744321346283, 115421.0
64.383141040802, 116259.0
64.40759897232056, 116589.0
65.26782011985779, 117332.0
66.66381001472473, 117425.0
66.66621589660645, 118417.0
66.71410894393921, 118773.0
67.40360713005066, 118979.0
67.85210299491882, 119472.0
67.9045078754425, 119940.0
68.64177799224854, 119944.0
68.70830297470093, 120552.0
68.79028987884521, 121170.0
71.10524201393127, 122047.0
73.19334602355957, 122479.0
73.37737703323364, 122561.0
73.42692804336548, 123541.0
73.53589200973511, 123835.0
73.70315504074097, 123869.0
74.25647115707397, 124505.0
75.25194978713989, 124526.0
76.20800399780273, 124616.0
76.94020414352417, 124705.0
77.07056498527527, 125616.0
77.43803095817566, 125962.0
77.47027897834778, 126903.0
77.47265791893005, 127446.0
77.6389319896698, 128430.0
77.64413189888, 128881.0
77.90861010551453, 129392.0
79.06395196914673, 129747.0
79.38498497009277, 129941.0
79.38711786270142, 130337.0
79.44389700889587, 130919.0
79.83830499649048, 130928.0
80.00819683074951, 131791.0
80.13989520072937, 132601.0
81.1641538143158, 132886.0
82.0554850101471, 133616.0
82.94549679756165, 134184.0
83.46658110618591, 134329.0
83.46892285346985, 134712.0
83.50931000709534, 135583.0
83.96916103363037, 135953.0
84.1001250743866, 136277.0
84.20197677612305, 136336.0
84.48264002799988, 136458.0
85.38685703277588, 137363.0
86.7136070728302, 137397.0
86.74230313301086, 138005.0
87.60914587974548, 138064.0
87.65179800987244, 138103.0
87.65551590919495, 138935.0
87.6688380241394, 139435.0
87.98541593551636, 140326.0
88.28612112998962, 140767.0
88.41690802574158, 141224.0
88.45445108413696, 141562.0
88.4904670715332, 141671.0
88.57609295845032, 142057.0
91.64979195594788, 142228.0
92.03415298461914, 142451.0
92.68356895446777, 142719.0
92.72279715538025, 142749.0
92.72732186317444, 142931.0
92.84590220451355, 143776.0
93.4192099571228, 144099.0
93.54505515098572, 144714.0
93.61230802536011, 144921.0
93.61888313293457, 145082.0
93.65324282646179, 145174.0
93.79353189468384, 145278.0
93.8834388256073, 145708.0
94.82968497276306, 146269.0
95.62202906608582, 146580.0
95.77077102661133, 147007.0
96.04265189170837, 147154.0
96.15647101402283, 147263.0
96.1610209941864, 147975.0
96.49948811531067, 148368.0
96.59808993339539, 148832.0
97.8846869468689, 149050.0
98.27255702018738, 149589.0
98.4848849773407, 149669.0
98.8423719406128, 150019.0
98.84470105171204, 150135.0
98.87955093383789, 151104.0
98.91868185997009, 151188.0
98.92829608917236, 151588.0
99.0972831249237, 152320.0
99.17319703102112, 152939.0
99.29603886604309, 153455.0
99.45881199836731, 153659.0
99.52446794509888, 153678.0
101.2272641658783, 153880.0
101.51916909217834, 153981.0
101.56202816963196, 154109.0
101.91526198387146, 154263.0
102.4937071800232, 154587.0
102.56196594238281, 155235.0
102.75704097747803, 155664.0
103.92357397079468, 155851.0
104.33597588539124, 156107.0
104.48036313056946, 156556.0
104.53583216667175, 156782.0
104.57351207733154, 157382.0
105.09816813468933, 157652.0
105.13462781906128, 158105.0
105.21073007583618, 158667.0
105.64729809761047, 159099.0
105.67842316627502, 159363.0
105.68073296546936, 160334.0
105.84947800636292, 160686.0
106.19658184051514, 161022.0
106.29738903045654, 161701.0
106.39831900596619, 162516.0
106.60437417030334, 163374.0
107.673837184906, 163512.0
107.69908618927002, 163985.0
107.87808203697205, 164398.0
107.97100591659546, 164886.0
108.00674796104431, 165591.0
110.71939992904663, 166450.0
110.78299021720886, 167136.0
110.81438112258911, 168066.0
111.38455891609192, 168338.0
111.8418550491333, 168780.0
112.02364802360535, 168900.0
112.07627391815186, 169446.0
113.09838700294495, 169784.0
113.22831606864929, 170758.0
113.28531312942505, 170761.0
113.43318510055542, 171217.0
114.25787019729614, 171251.0
114.44041204452515, 171314.0
114.44273805618286, 172202.0
114.5245909690857, 173099.0
114.57022905349731, 173872.0
114.70913100242615, 174269.0
114.76154494285583, 174900.0
115.09752893447876, 174909.0
116.04502892494202, 175356.0
116.93746995925903, 175444.0
116.99566006660461, 175643.0
117.25286793708801, 176568.0
117.61603999137878, 176601.0
117.96446394920349, 177235.0
117.99068808555603, 178217.0
118.15839695930481, 178489.0
118.36482501029968, 179473.0
118.63988304138184, 180260.0
119.35888314247131, 180625.0
119.7198281288147, 180675.0
123.1298189163208, 181227.0
123.16284489631653, 181846.0
123.20277500152588, 182071.0
123.69590902328491, 182132.0
123.75689911842346, 183044.0
123.96150612831116, 183512.0
124.06386995315552, 184293.0
124.13243389129639, 184580.0
124.22909593582153, 185559.0
124.60108494758606, 186142.0
125.61041307449341, 186557.0
125.65950393676758, 187111.0
126.85239887237549, 187506.0
128.55250597000122, 187676.0
128.69444513320923, 187947.0
128.74325108528137, 188831.0
128.83742594718933, 189145.0
128.91578698158264, 189839.0
129.0445339679718, 190316.0
129.09378004074097, 190421.0
129.18675112724304, 191241.0
129.2890179157257, 192002.0
129.31982398033142, 192259.0
129.36269402503967, 192333.0
129.52385115623474, 192613.0
130.14710092544556, 193398.0
134.9029791355133, 193803.0
135.00646090507507, 194312.0
135.04699397087097, 194607.0
135.31374287605286, 194765.0
135.3183889389038, 195046.0
135.45552706718445, 195559.0
135.56069207191467, 195657.0
136.21297907829285, 196273.0
136.2425880432129, 196747.0
136.38274478912354, 197251.0
140.36602306365967, 197602.0
141.35007214546204, 197880.0
141.84323406219482, 198358.0
142.06879115104675, 198630.0
142.2372648715973, 198851.0
142.36500310897827, 199750.0
143.2030839920044, 200269.0
143.31085181236267, 200831.0
143.57936000823975, 201495.0
143.88219285011292, 201987.0
143.99566006660461, 202771.0
144.64593601226807, 202897.0
146.87183284759521, 202914.0
147.49152994155884, 203296.0
147.49459886550903, 204080.0
147.52566719055176, 205055.0
148.76702284812927, 205509.0
151.1959810256958, 205945.0
151.29883003234863, 205971.0
151.3657419681549, 206738.0
151.592383146286, 206979.0
151.8396098613739, 207279.0
155.63141989707947, 207316.0
155.83669686317444, 208141.0
158.81487488746643, 208511.0
158.978089094162, 209497.0
159.17712593078613, 209725.0
160.4061939716339, 209734.0
160.60750102996826, 210576.0
161.0180208683014, 211563.0
162.06378984451294, 211811.0
162.06618404388428, 212568.0
162.08217000961304, 213340.0
162.44500207901, 213700.0
162.94569396972656, 213942.0
163.61229300498962, 214127.0
163.65029191970825, 214136.0
163.75752305984497, 214548.0
165.0421178340912, 214744.0
165.22038412094116, 215197.0
166.2976679801941, 215820.0
166.29999804496765, 216298.0
166.34369492530823, 216938.0
167.18133783340454, 217283.0
167.24683713912964, 217608.0
167.66565990447998, 217715.0
167.69739603996277, 218239.0
169.79512095451355, 218714.0
171.10189294815063, 218766.0
172.24062609672546, 218909.0
172.2430181503296, 219741.0
172.30783009529114, 220145.0
172.51817917823792, 220614.0
172.62723994255066, 220732.0
172.69880294799805, 221304.0
173.99994492530823, 221871.0
174.2123260498047, 222601.0
174.51388096809387, 223587.0
174.55788397789001, 224158.0
174.7701120376587, 224593.0
175.428395986557, 225074.0
175.48454999923706, 225326.0
181.29438710212708, 225998.0
184.33349680900574, 226196.0
184.48780393600464, 226845.0
210.83605098724365, 227628.0
211.14895486831665, 228040.0
211.27020406723022, 228218.0
211.36841917037964, 229208.0
211.5946340560913, 229530.0
211.6365020275116, 229694.0
211.81465911865234, 229904.0
211.87270784378052, 230188.0
212.4845471382141, 230826.0
214.19053602218628, 230932.0
214.40689992904663, 231347.0
215.05562615394592, 231403.0
215.51226902008057, 231845.0
215.93175983428955, 232655.0
216.07368516921997, 232989.0
216.31759595870972, 233550.0
216.3244171142578, 233896.0
216.90283298492432, 234357.0
217.22457003593445, 234913.0
217.6643888950348, 235132.0
225.7590470314026, 235751.0
226.72460007667542, 235807.0
241.63870811462402, 235825.0
241.6475100517273, 236516.0
241.74844908714294, 237287.0
265.9804470539093, 237922.0
266.9639949798584, 238099.0
267.2619390487671, 238398.0
268.1315269470215, 238696.0
269.83473014831543, 238828.0
269.8622269630432, 239558.0
269.93714785575867, 239975.0
269.9394950866699, 240400.0
269.96354699134827, 240994.0
270.28658413887024, 241007.0
270.8040761947632, 241037.0
278.06715202331543, 241163.0
278.3424141407013, 241945.0
278.52485609054565, 242074.0
289.4223449230194, 242758.0
289.49239206314087, 242976.0
294.5667600631714, 243315.0
294.61195182800293, 243422.0
294.6823539733887, 244332.0
295.60420203208923, 244638.0
296.2063989639282, 245369.0
296.60912108421326, 246054.0
296.8474371433258, 246527.0
297.5778651237488, 247092.0
297.6097869873047, 247271.0
297.74595522880554, 247497.0
298.53169798851013, 248292.0
300.07465720176697, 248492.0
300.62882113456726, 248634.0
300.73694491386414, 249268.0
303.4612958431244, 249411.0
304.9757590293884, 249939.0
305.0065770149231, 250412.0
305.36423206329346, 250438.0
307.1840569972992, 250751.0
307.2132999897003, 251038.0
307.4955720901489, 251494.0
307.57066798210144, 251512.0
307.63871693611145, 251935.0
307.744668006897, 252793.0
309.107794046402, 252994.0
309.1563799381256, 253331.0
309.1886420249939, 253916.0
309.83312606811523, 254625.0
309.894907951355, 254673.0
310.009535074234, 254687.0
310.0791039466858, 255188.0
310.25986909866333, 255317.0
310.715726852417, 255643.0
310.78778195381165, 256590.0
311.8646490573883, 256976.0
312.15951704978943, 257406.0
312.29278111457825, 258077.0
312.5644030570984, 258455.0
312.9213140010834, 258532.0
313.2252821922302, 258667.0
315.68002104759216, 258810.0
316.1826288700104, 258818.0
316.24488711357117, 259475.0
319.36314702033997, 259640.0
320.48494601249695, 259902.0
320.6131920814514, 260787.0
320.79818391799927, 260910.0
320.83818197250366, 261295.0
321.4304039478302, 261817.0
322.29005908966064, 262171.0
322.38848400115967, 262562.0
322.5062470436096, 263142.0
322.71171593666077, 263847.0
323.14133405685425, 264253.0
323.2303948402405, 265034.0
324.0127921104431, 265044.0
324.0667338371277, 265587.0
324.84856605529785, 265621.0
325.22773694992065, 265912.0
325.50117802619934, 266049.0
325.6625680923462, 266094.0
325.8261477947235, 266430.0
355.0977301597595, 266759.0
355.29822182655334, 267354.0
355.3354549407959, 267367.0
355.59834718704224, 267519.0
359.0543119907379, 267856.0
359.0935161113739, 267977.0
360.7421090602875, 268403.0
360.77232694625854, 268431.0
360.8359019756317, 269402.0
458.7604470252991, 269889.0
458.8611989021301, 270214.0
458.88183403015137, 270408.0
459.61940002441406, 270420.0
459.65601420402527, 270557.0
460.09268522262573, 270616.0
460.481565952301, 271303.0
460.6787941455841, 271320.0
463.3289301395416, 271396.0
464.40121817588806, 271431.0
464.51559495925903, 272000.0
464.5457401275635, 272251.0
464.54814291000366, 272268.0
464.6996512413025, 273084.0
465.1680269241333, 273667.0
548.1844069957733, 273734.0
548.207747220993, 273895.0
548.3816139698029, 274169.0
548.6343729496002, 275012.0
548.8725252151489, 275069.0
559.2193748950958, 275219.0
559.396476984024, 275608.0
559.556676864624, 275641.0
559.6663670539856, 275744.0
559.7170279026031, 275801.0
582.7576777935028, 275954.0
583.0669519901276, 276159.0
584.1263408660889, 276448.0
