0.0, 25793.0
2.1132280826568604, 26502.0
2.114360809326172, 27132.0
2.171515941619873, 27818.0
2.1726510524749756, 28493.0
2.1759390830993652, 28675.0
2.178133964538574, 29555.0
2.3192620277404785, 29663.0
2.926501750946045, 30304.0
3.0774059295654297, 30549.0
3.0873749256134033, 30950.0
3.0917351245880127, 31308.0
3.191235065460205, 31351.0
3.3399150371551514, 32271.0
3.4015748500823975, 32814.0
4.21823787689209, 33304.0
5.762726783752441, 33808.0
5.96644401550293, 34292.0
6.190911054611206, 35142.0
6.304766893386841, 35699.0
6.360430717468262, 36322.0
6.835968017578125, 36584.0
6.881256818771362, 37354.0
7.031684875488281, 37875.0
7.118535995483398, 38196.0
7.180511951446533, 38226.0
7.223484992980957, 39104.0
7.9662089347839355, 39371.0
8.108112812042236, 40350.0
8.110339879989624, 40353.0
8.1701979637146, 40362.0
9.08221697807312, 40511.0
9.267976999282837, 40749.0
9.271280765533447, 40828.0
9.36688780784607, 41301.0
9.448717832565308, 41883.0
9.52707290649414, 41967.0
9.95521092414856, 42316.0
10.097843885421753, 42587.0
10.143495798110962, 43065.0
10.204867124557495, 43759.0
10.409682989120483, 43799.0
10.410822868347168, 44488.0
10.414109945297241, 45113.0
10.417499780654907, 45538.0
10.422828912734985, 45890.0
10.907330989837646, 46573.0
11.187579870223999, 46981.0
11.300521850585938, 47188.0
11.447014808654785, 48102.0
11.932174921035767, 48362.0
11.988671064376831, 49150.0
11.992198944091797, 49952.0
12.076131105422974, 50215.0
12.078482866287231, 50547.0
12.113584756851196, 51213.0
12.119154930114746, 51796.0
12.402379989624023, 52611.0
12.681864023208618, 52889.0
13.350841760635376, 53011.0
13.351982831954956, 53805.0
13.396568775177002, 54318.0
13.647804975509644, 54640.0
13.650003910064697, 54667.0
13.686659812927246, 54855.0
13.724511861801147, 55337.0
14.220677852630615, 55778.0
14.351063966751099, 55807.0
14.352195024490356, 56207.0
14.462585926055908, 56633.0
14.467904090881348, 57106.0
14.659255981445312, 57546.0
14.66040301322937, 58337.0
14.694561958312988, 58547.0
14.745309829711914, 58959.0
14.976891994476318, 59544.0
15.120116949081421, 59787.0
15.544182062149048, 60154.0
15.54752802848816, 61108.0
15.599621772766113, 61770.0
15.731723070144653, 61789.0
15.838006019592285, 62694.0
15.842436790466309, 62976.0
16.250818967819214, 63160.0
16.330337047576904, 63364.0
16.35701894760132, 63380.0
16.35787796974182, 64170.0
16.446253061294556, 64224.0
16.48508071899414, 64802.0
16.48624300956726, 65678.0
16.67720079421997, 65876.0
16.6785249710083, 66354.0
16.67957592010498, 66968.0
16.714439868927002, 67391.0
16.876293897628784, 67766.0
17.05664587020874, 68222.0
17.495534896850586, 68510.0
17.53983783721924, 68905.0
17.675182104110718, 69480.0
17.81212282180786, 70146.0
18.08918786048889, 70297.0
18.13715100288391, 71142.0
18.139349937438965, 71795.0
18.140508890151978, 72238.0
18.22092580795288, 72891.0
18.25491189956665, 73877.0
18.403587102890015, 74109.0
18.728107929229736, 74327.0
18.856804847717285, 74432.0
18.89171576499939, 74885.0
19.1520037651062, 74981.0
19.15316891670227, 75176.0
19.2944598197937, 75239.0
19.423288822174072, 76031.0
19.463363885879517, 76919.0
19.50649094581604, 77083.0
19.832629919052124, 77724.0
20.60162091255188, 78064.0
20.640360832214355, 78445.0
20.857406854629517, 78751.0
21.26853895187378, 78986.0
21.305384874343872, 79667.0
21.846538066864014, 79706.0
21.998649835586548, 80262.0
22.080002069473267, 80872.0
22.21261191368103, 81161.0
22.22148084640503, 81689.0
22.347683906555176, 81982.0
22.54757785797119, 82967.0
22.676035165786743, 83320.0
23.15003800392151, 83794.0
23.383588790893555, 83879.0
23.385823011398315, 84162.0
23.49112606048584, 84645.0
23.731303930282593, 85476.0
23.732465982437134, 85819.0
23.895808935165405, 86195.0
24.150881052017212, 86320.0
24.27448296546936, 87304.0
24.535570859909058, 88285.0
25.281295776367188, 88494.0
25.328873872756958, 88982.0
25.40311098098755, 89548.0
25.69004797935486, 90086.0
25.691290855407715, 90342.0
25.839555025100708, 91081.0
25.882956981658936, 91686.0
27.944600105285645, 91731.0
28.165230751037598, 92018.0
28.441467761993408, 92620.0
28.47778582572937, 92807.0
28.511330127716064, 93377.0
28.922143936157227, 93431.0
28.925535917282104, 93886.0
28.958359956741333, 94160.0
29.797136783599854, 94277.0
29.90749192237854, 94772.0
31.925724983215332, 94797.0
31.973855018615723, 94851.0
32.14550495147705, 95219.0
32.31038784980774, 95589.0
32.386494874954224, 95870.0
32.592589139938354, 96065.0
37.65831780433655, 96165.0
40.98877477645874, 96675.0
41.20259499549866, 96893.0
45.11535596847534, 97379.0
45.18726992607117, 98019.0
45.34464693069458, 98121.0
52.93115496635437, 98421.0
54.80932092666626, 98613.0
54.867817878723145, 98662.0
54.94104075431824, 98975.0
54.988929986953735, 99238.0
55.18485498428345, 99919.0
55.78563094139099, 99958.0
55.788991928100586, 100356.0
57.82170295715332, 100540.0
58.74114394187927, 100738.0
58.74230694770813, 100814.0
59.15824484825134, 101120.0
59.41539406776428, 101368.0
59.701815128326416, 101497.0
59.753390073776245, 101683.0
60.33509683609009, 101708.0
61.21336793899536, 101835.0
61.32130575180054, 102386.0
61.360682010650635, 102418.0
61.40848898887634, 103332.0
61.61020493507385, 103735.0
62.40380597114563, 103779.0
62.587682008743286, 104425.0
62.71923303604126, 104809.0
62.74955081939697, 104889.0
63.7175407409668, 105187.0
64.4913101196289, 106012.0
64.54567980766296, 106343.0
64.59362983703613, 106611.0
64.70381188392639, 107118.0
64.70728302001953, 108115.0
64.93341493606567, 108417.0
65.59076595306396, 108721.0
65.9844799041748, 109058.0
66.30806088447571, 109963.0
66.31146597862244, 110132.0
66.49994277954102, 110575.0
67.4441180229187, 110729.0
67.44976305961609, 111099.0
67.50010585784912, 111300.0
67.53632593154907, 111303.0
68.52626895904541, 111388.0
68.6094708442688, 111398.0
68.68259882926941, 111756.0
68.68721795082092, 112162.0
68.73383092880249, 113160.0
74.6593108177185, 113255.0
74.77517700195312, 113648.0
74.89284300804138, 114246.0
75.17284393310547, 114527.0
76.32473182678223, 114591.0
76.38316893577576, 115162.0
77.86387085914612, 115646.0
77.96136498451233, 116043.0
78.07861089706421, 116411.0
78.42942476272583, 116752.0
78.45564389228821, 117372.0
78.46253800392151, 117470.0
78.53890991210938, 117530.0
79.08996891975403, 117782.0
79.17116069793701, 118070.0
79.17704892158508, 118981.0
79.17820906639099, 119309.0
79.20612788200378, 119786.0
79.25561189651489, 120179.0
79.80874800682068, 120196.0
80.01389479637146, 120546.0
80.30355095863342, 121365.0
81.2756769657135, 122004.0
81.30921196937561, 122416.0
81.38063097000122, 122437.0
81.4012360572815, 122450.0
81.72508788108826, 123411.0
81.72961783409119, 124062.0
81.79169368743896, 124066.0
81.86970591545105, 124245.0
82.6327109336853, 124552.0
82.73723697662354, 124989.0
84.04127883911133, 125302.0
84.10800099372864, 125886.0
84.20192384719849, 125985.0
84.26731276512146, 126012.0
84.34393811225891, 126070.0
109.20419573783875, 126641.0
155.34252905845642, 126789.0
155.40753293037415, 127436.0
155.46587491035461, 127998.0
155.4692599773407, 128895.0
155.49302196502686, 129849.0
155.71094489097595, 129885.0
155.89381194114685, 130482.0
155.89612698554993, 131349.0
155.9253010749817, 131541.0
157.06772589683533, 131729.0
157.2179310321808, 132283.0
174.4317388534546, 132445.0
176.220685005188, 132730.0
176.22636795043945, 132867.0
176.28199195861816, 133755.0
176.28431010246277, 133846.0
179.43457293510437, 133883.0
180.01109790802002, 134259.0
187.79371905326843, 134265.0
187.8174889087677, 134444.0
282.8833558559418, 134676.0
282.91365098953247, 134714.0
282.9148988723755, 135628.0
283.00229597091675, 135904.0
283.037517786026, 136101.0
296.053493976593, 136274.0
296.0546889305115, 136358.0
296.0907027721405, 136435.0
304.1438751220703, 136690.0
314.01712799072266, 137125.0
314.0227949619293, 137172.0
314.0736138820648, 137350.0
316.4103150367737, 137624.0
316.67584681510925, 137841.0
317.05377101898193, 138215.0
317.2326600551605, 138216.0
317.56964087486267, 138866.0
318.3855118751526, 139482.0
321.04863476753235, 140042.0
321.071084022522, 140080.0
321.07227182388306, 140925.0
321.07913279533386, 141427.0
321.10387992858887, 142139.0
321.1062068939209, 142471.0
321.10966086387634, 142848.0
321.4025158882141, 142877.0
452.03209495544434, 143352.0
