0.0, 9825.0
0.028147220611572266, 10059.0
0.03037428855895996, 10161.0
0.032488346099853516, 10387.0
0.03267812728881836, 10415.0
0.535933256149292, 10508.0
0.536994218826294, 11168.0
0.5399501323699951, 11547.0
0.5823252201080322, 11973.0
0.653494119644165, 12812.0
0.7809052467346191, 13584.0
0.7817142009735107, 14149.0
0.7821192741394043, 14381.0
0.8943252563476562, 14515.0
0.9036862850189209, 14710.0
1.1951992511749268, 14830.0
1.200857162475586, 15399.0
1.3336901664733887, 15806.0
1.335158109664917, 16027.0
1.6848852634429932, 16414.0
1.685105323791504, 16662.0
1.6905829906463623, 17605.0
1.7963860034942627, 18324.0
1.8185594081878662, 18809.0
2.142181158065796, 18942.0
2.1893341541290283, 19609.0
2.628380298614502, 19641.0
2.6305532455444336, 19767.0
2.6956253051757812, 19890.0
2.755772113800049, 19893.0
3.233302116394043, 19992.0
3.236513137817383, 20599.0
3.2369463443756104, 21072.0
3.3978111743927, 21074.0
3.41239333152771, 21454.0
3.526120185852051, 21957.0
4.0818891525268555, 22321.0
4.1549012660980225, 22486.0
4.159987211227417, 22916.0
4.354605197906494, 22947.0
4.358201265335083, 23783.0
4.359274387359619, 23874.0
4.3603503704071045, 24071.0
4.4183502197265625, 24518.0
4.419273376464844, 24728.0
4.5461931228637695, 25226.0
4.8171021938323975, 25411.0
5.385115146636963, 25492.0
5.385558128356934, 26444.0
5.3864240646362305, 26944.0
5.392473220825195, 27026.0
5.474884271621704, 27621.0
7.386229991912842, 28136.0
7.777176141738892, 28791.0
8.282379150390625, 28839.0
8.946689128875732, 29018.0
8.951669216156006, 29236.0
9.100138187408447, 29357.0
9.19797396659851, 29802.0
10.053394317626953, 30400.0
10.057743072509766, 31170.0
15.658994197845459, 31630.0
15.772227048873901, 31984.0
29.58653736114502, 32210.0
33.53622913360596, 32542.0
33.536460161209106, 33422.0
33.54025316238403, 33817.0
50.341273069381714, 34253.0
50.34194016456604, 34319.0
50.539647340774536, 34410.0
50.548415184020996, 34451.0
50.54953622817993, 35009.0
50.6219961643219, 35213.0
50.70249009132385, 35432.0
300.6453251838684, 35718.0
300.6727993488312, 35973.0
311.3243362903595, 36791.0
346.0581350326538, 37150.0
362.8467733860016, 37704.0
362.89546632766724, 37743.0
362.9113962650299, 37799.0
362.91502833366394, 38506.0
373.72977924346924, 39396.0
391.86612915992737, 39593.0
424.2984871864319, 40079.0
427.05697321891785, 40366.0
427.50937700271606, 40377.0
429.2656214237213, 40694.0
430.6582410335541, 41041.0
430.7419943809509, 41789.0
430.7487463951111, 42021.0
434.08706617355347, 42116.0
435.56565499305725, 42418.0
435.5720932483673, 42643.0
435.5736119747162, 42925.0
435.6088852882385, 43020.0
435.65058422088623, 43774.0
435.6871871948242, 43993.0
435.7164800167084, 44119.0
435.72261023521423, 44146.0
435.7607753276825, 44309.0
435.78907537460327, 44713.0
436.16558718681335, 44837.0
437.6949870586395, 45107.0
437.6974251270294, 45807.0
452.16883301734924, 46133.0
452.48293924331665, 46160.0
452.5557701587677, 46190.0
458.4796390533447, 46217.0
458.50727224349976, 46759.0
460.1738193035126, 46983.0
461.9208781719208, 47135.0
462.02787232398987, 47421.0
