0.0, 11919.0
2.1599647998809814, 11957.0
2.1612720489501953, 12065.0
2.2682809829711914, 12208.0
3.1453890800476074, 12337.0
3.1493759155273438, 12508.0
3.757617235183716, 12584.0
3.758479118347168, 12702.0
4.239985942840576, 12767.0
4.2801830768585205, 12912.0
4.628556966781616, 13063.0
4.893283128738403, 13068.0
5.037415981292725, 13152.0
5.038669109344482, 13269.0
5.143099069595337, 13377.0
5.145198106765747, 13509.0
5.343522071838379, 13618.0
6.005718946456909, 13664.0
6.122652053833008, 13765.0
6.267364025115967, 13887.0
6.268391847610474, 14006.0
6.63631796836853, 14012.0
6.6380767822265625, 14115.0
6.943847894668579, 14216.0
7.216723918914795, 14346.0
7.219571828842163, 14469.0
7.2217347621917725, 14593.0
7.3030478954315186, 14596.0
7.579156875610352, 14688.0
8.03560996055603, 14690.0
8.049745082855225, 14801.0
8.137068033218384, 14915.0
8.944988012313843, 15082.0
8.94672679901123, 15295.0
9.336604833602905, 15399.0
9.889514923095703, 15414.0
10.01460599899292, 15519.0
10.326488018035889, 15616.0
10.890805959701538, 15676.0
10.91451907157898, 15816.0
12.137336015701294, 15913.0
12.33116888999939, 15937.0
12.335556030273438, 16073.0
12.411866188049316, 16090.0
12.427170991897583, 16105.0
12.432395935058594, 16214.0
12.436326026916504, 16317.0
12.908704996109009, 16407.0
13.927112817764282, 16511.0
14.916481971740723, 16675.0
14.992140054702759, 16789.0
15.115375995635986, 16907.0
15.198955059051514, 16910.0
15.3820321559906, 17015.0
16.64466881752014, 17118.0
17.154669046401978, 17135.0
17.221513032913208, 17257.0
17.31199312210083, 17302.0
17.916456937789917, 17393.0
17.922619104385376, 17396.0
18.227146863937378, 17569.0
18.229634046554565, 17710.0
18.318569898605347, 17765.0
18.40893006324768, 17994.0
18.494421005249023, 18008.0
19.835822105407715, 18114.0
20.3643581867218, 18190.0
27.216648817062378, 18300.0
28.124038219451904, 18390.0
28.568248987197876, 18416.0
28.97097110748291, 18503.0
29.32722806930542, 18611.0
29.60904598236084, 18718.0
29.980257987976074, 18796.0
30.092647790908813, 18797.0
30.38931703567505, 18913.0
32.52568793296814, 18986.0
32.52661395072937, 19089.0
32.535921812057495, 19108.0
32.81200695037842, 19114.0
32.89126396179199, 19180.0
32.892497062683105, 19296.0
33.365504026412964, 19385.0
33.366880893707275, 19488.0
33.373974084854126, 19605.0
33.66596508026123, 19710.0
33.740464210510254, 19739.0
33.82433199882507, 19782.0
34.007817029953, 19796.0
40.15445303916931, 19917.0
46.12813997268677, 19977.0
46.14147615432739, 20085.0
46.50887179374695, 20300.0
47.04845690727234, 20302.0
47.296289920806885, 20403.0
63.00186800956726, 20477.0
63.00744009017944, 20610.0
63.12946605682373, 20713.0
64.68488192558289, 20715.0
64.76483201980591, 20720.0
64.8401038646698, 20825.0
64.84659910202026, 20977.0
65.1588339805603, 21061.0
66.21147894859314, 21085.0
66.34386205673218, 21194.0
66.4343490600586, 21300.0
66.52522993087769, 21403.0
90.65131497383118, 21419.0
95.28499698638916, 21483.0
95.51336908340454, 21555.0
95.61548805236816, 21660.0
95.62171602249146, 21688.0
95.67023205757141, 21808.0
95.86232495307922, 21859.0
96.1859200000763, 21893.0
98.08444786071777, 22006.0
