0.0, 10042.0
3.319441795349121, 10058.0
3.478599786758423, 10059.0
3.8616158962249756, 10060.0
3.8705029487609863, 10280.0
3.966162919998169, 10281.0
4.01177191734314, 10375.0
4.632829904556274, 10429.0
11.038952827453613, 10433.0
14.91343379020691, 10513.0
15.527202844619751, 10567.0
15.796801805496216, 10583.0
15.801031827926636, 10607.0
15.933231830596924, 10648.0
16.234232664108276, 10689.0
16.34108281135559, 10691.0
16.69254469871521, 10770.0
17.63235569000244, 10771.0
18.83201789855957, 10798.0
18.97335386276245, 10845.0
18.975879907608032, 10902.0
19.066033840179443, 10977.0
20.691720962524414, 11026.0
20.850865840911865, 11044.0
21.017936944961548, 11062.0
21.06093692779541, 11126.0
30.502830743789673, 11256.0
37.015299797058105, 11285.0
37.18378973007202, 11356.0
38.45130777359009, 11376.0
39.140511989593506, 11439.0
39.4682457447052, 11463.0
39.47169065475464, 11464.0
46.883484840393066, 11495.0
47.134909868240356, 11514.0
47.42911386489868, 11603.0
47.58567571640015, 11659.0
47.82727575302124, 11665.0
47.83745074272156, 11705.0
47.92712664604187, 11847.0
48.519386768341064, 11857.0
62.465343952178955, 11907.0
62.46603870391846, 11908.0
62.46695876121521, 11909.0
62.63667273521423, 11925.0
62.71799683570862, 12041.0
62.796146869659424, 12082.0
62.8776638507843, 12117.0
292.5014407634735, 12149.0
292.8535256385803, 12224.0
293.4940528869629, 12245.0
295.39975094795227, 12340.0
295.6757388114929, 12448.0
295.7736008167267, 12464.0
373.77521896362305, 12519.0
374.3573648929596, 12547.0
374.59950065612793, 12571.0
374.87073159217834, 12624.0
375.0504729747772, 12660.0
