0.0, 11919.0
1.5641398429870605, 11957.0
1.5654208660125732, 12065.0
1.574747085571289, 12208.0
2.2312679290771484, 12337.0
2.235046148300171, 12508.0
2.555281162261963, 12584.0
2.556126832962036, 12702.0
2.8477418422698975, 12767.0
2.853959083557129, 12912.0
3.0873489379882812, 13063.0
3.295743942260742, 13068.0
3.392275810241699, 13152.0
3.393598794937134, 13269.0
3.4492220878601074, 13377.0
3.4513399600982666, 13509.0
3.7015678882598877, 13618.0
4.282933950424194, 13664.0
4.399200916290283, 13765.0
4.400078058242798, 13887.0
4.400925874710083, 14006.0
4.68087911605835, 14012.0
4.6825950145721436, 14115.0
4.855605840682983, 14216.0
5.033782958984375, 14346.0
5.0361950397491455, 14469.0
5.038340091705322, 14593.0
5.085218906402588, 14596.0
5.257920026779175, 14688.0
5.497046947479248, 14690.0
5.504734992980957, 14801.0
5.552499055862427, 14915.0
6.004011869430542, 15082.0
6.005737781524658, 15295.0
6.168354034423828, 15399.0
6.372869968414307, 15414.0
6.423539161682129, 15519.0
6.570317029953003, 15616.0
6.8115739822387695, 15676.0
6.85158896446228, 15816.0
7.370984792709351, 15913.0
7.521385908126831, 15937.0
7.523559093475342, 16073.0
7.619565963745117, 16090.0
7.659898042678833, 16105.0
7.663102865219116, 16214.0
7.666554927825928, 16317.0
7.834396123886108, 16407.0
8.210258960723877, 16511.0
8.703649044036865, 16675.0
8.755870819091797, 16789.0
8.791314840316772, 16907.0
8.857575178146362, 16910.0
8.979398965835571, 17015.0
9.722234010696411, 17118.0
10.18160605430603, 17135.0
10.18464708328247, 17257.0
10.295396089553833, 17302.0
10.59868597984314, 17393.0
10.605282068252563, 17396.0
10.795872926712036, 17569.0
10.85533094406128, 17710.0
10.868518114089966, 17765.0
10.906158924102783, 17994.0
10.989323854446411, 18008.0
11.808064937591553, 18114.0
12.166828870773315, 18190.0
17.23634099960327, 18300.0
17.802239894866943, 18390.0
18.13094687461853, 18416.0
18.229416847229004, 18503.0
18.47098398208618, 18611.0
18.54943084716797, 18718.0
18.821985006332397, 18796.0
18.912553787231445, 18797.0
19.098205089569092, 18913.0
20.179932117462158, 18986.0
20.180872201919556, 19089.0
20.236631870269775, 19108.0
20.369625091552734, 19114.0
20.438884973526, 19180.0
20.46432876586914, 19296.0
20.6063449382782, 19385.0
20.641490936279297, 19488.0
20.701106071472168, 19605.0
20.81702709197998, 19710.0
20.874732971191406, 19739.0
21.048897981643677, 19782.0
21.182612895965576, 19796.0
25.391911029815674, 19917.0
29.066749811172485, 19977.0
29.102463960647583, 20085.0
29.26906681060791, 20300.0
29.543254852294922, 20302.0
29.689651012420654, 20403.0
38.73366689682007, 20477.0
38.73724889755249, 20610.0
38.782763957977295, 20713.0
39.75108599662781, 20715.0
39.7906699180603, 20720.0
39.83830809593201, 20825.0
39.8445098400116, 20977.0
40.03345084190369, 21061.0
40.60273098945618, 21085.0
40.660929918289185, 21194.0
40.715481996536255, 21300.0
40.756935119628906, 21403.0
54.70699596405029, 21419.0
58.29466199874878, 21483.0
58.54405689239502, 21555.0
58.583006858825684, 21660.0
58.587985038757324, 21688.0
58.588897943496704, 21808.0
58.75156092643738, 21859.0
59.00357484817505, 21893.0
60.8104190826416, 22006.0
