0.0, 9825.0
0.3832671642303467, 10059.0
0.3853340148925781, 10161.0
0.38721418380737305, 10387.0
0.387404203414917, 10415.0
0.6123840808868408, 10508.0
0.6134521961212158, 11168.0
0.6164331436157227, 11547.0
0.6200051307678223, 11973.0
0.7290220260620117, 12812.0
0.8288781642913818, 13584.0
0.8296780586242676, 14149.0
0.8301141262054443, 14381.0
0.9828963279724121, 14515.0
0.9913361072540283, 14710.0
1.1810340881347656, 14830.0
1.1828689575195312, 15399.0
1.2601771354675293, 15806.0
1.2616331577301025, 16027.0
1.4408929347991943, 16414.0
1.4410181045532227, 16662.0
1.523880958557129, 17605.0
1.5282011032104492, 18324.0
1.5305023193359375, 18809.0
1.924046277999878, 18942.0
1.9282302856445312, 19609.0
2.6166422367095947, 19641.0
2.618849039077759, 19767.0
2.74963116645813, 19890.0
2.75748610496521, 19893.0
3.247154951095581, 19992.0
3.2908990383148193, 20599.0
3.2913401126861572, 21072.0
3.4012351036071777, 21074.0
3.4062771797180176, 21454.0
3.5007212162017822, 21957.0
3.851919174194336, 22321.0
3.910487174987793, 22486.0
3.9155819416046143, 22916.0
4.209391117095947, 22947.0
4.213490962982178, 23783.0
4.214799165725708, 23874.0
4.215847969055176, 24071.0
4.218002080917358, 24518.0
4.218871116638184, 24728.0
4.363452911376953, 25226.0
4.605023145675659, 25411.0
5.138737201690674, 25492.0
5.139174222946167, 26444.0
5.140048265457153, 26944.0
5.199053049087524, 27026.0
5.280548095703125, 27621.0
7.512946367263794, 28136.0
7.9154372215271, 28791.0
8.490564107894897, 28839.0
9.278699159622192, 29018.0
9.367936134338379, 29236.0
9.488108158111572, 29357.0
9.634619235992432, 29802.0
10.420777082443237, 30400.0
10.424370288848877, 31170.0
15.217932224273682, 31630.0
15.30090618133545, 31984.0
26.791454076766968, 32210.0
29.901961088180542, 32542.0
29.902191162109375, 33422.0
29.904786109924316, 33817.0
44.688005208969116, 34253.0
44.688668966293335, 34319.0
44.87987303733826, 34410.0
44.880537271499634, 34451.0
44.88120126724243, 35009.0
44.921276330947876, 35213.0
44.958099126815796, 35432.0
255.37364101409912, 35718.0
255.40677094459534, 35973.0
264.22731709480286, 36791.0
292.8569071292877, 37150.0
306.638423204422, 37704.0
306.6951141357422, 37743.0
306.7280960083008, 37799.0
306.7316040992737, 38506.0
315.6567542552948, 39396.0
330.16456413269043, 39593.0
357.3635022640228, 40079.0
359.58488512039185, 40366.0
359.9762260913849, 40377.0
361.40017104148865, 40694.0
362.48524498939514, 41041.0
362.57030606269836, 41789.0
362.57663321495056, 42021.0
365.3980369567871, 42116.0
366.6602072715759, 42418.0
366.6667830944061, 42643.0
366.66830706596375, 42925.0
366.6960391998291, 43020.0
366.7276101112366, 43774.0
366.75123620033264, 43993.0
366.78024196624756, 44119.0
366.78634905815125, 44146.0
366.8183753490448, 44309.0
366.84461426734924, 44713.0
367.1718180179596, 44837.0
368.4960150718689, 45107.0
368.5072042942047, 45807.0
380.7321081161499, 46133.0
380.9834339618683, 46160.0
381.0439512729645, 46190.0
386.0651271343231, 46217.0
386.0680181980133, 46759.0
387.5172371864319, 46983.0
389.01926827430725, 47135.0
389.1294982433319, 47421.0
