0.0, 55395.0
0.7139701843261719, 55552.0
0.8361070156097412, 56215.0
1.387099266052246, 56935.0
1.7026503086090088, 56969.0
3.9449472427368164, 57267.0
4.326828241348267, 57657.0
4.375712156295776, 58504.0
5.3056840896606445, 59157.0
5.3083531856536865, 59241.0
5.362889051437378, 59715.0
5.58598518371582, 59787.0
5.593376159667969, 60112.0
5.642627239227295, 60914.0
5.960182189941406, 61404.0
6.073163032531738, 61776.0
6.1440629959106445, 62535.0
6.354657173156738, 62801.0
9.26479721069336, 62904.0
9.517368078231812, 63788.0
11.568500995635986, 64222.0
11.852840423583984, 64830.0
11.857238054275513, 65157.0
12.169786214828491, 65841.0
12.36826229095459, 65951.0
12.776105165481567, 66716.0
16.42835307121277, 67372.0
16.822553157806396, 67861.0
16.87599015235901, 68589.0
17.088725090026855, 69031.0
17.716784238815308, 69044.0
17.894891023635864, 69691.0
17.99750018119812, 70054.0
18.453468322753906, 71052.0
18.52933406829834, 71261.0
18.76479411125183, 71771.0
18.767773389816284, 72478.0
19.13676118850708, 73061.0
19.39516019821167, 73852.0
19.64997410774231, 74305.0
20.671170234680176, 74432.0
21.357137203216553, 75291.0
22.512163162231445, 75969.0
22.88779616355896, 76488.0
24.115377187728882, 76874.0
24.78598117828369, 76921.0
24.948561191558838, 77242.0
24.950876235961914, 77592.0
25.026617288589478, 78046.0
25.168878078460693, 78389.0
25.989187240600586, 78610.0
28.9446861743927, 78838.0
29.129313230514526, 79072.0
31.834115266799927, 79177.0
31.872506141662598, 79947.0
31.8772611618042, 79983.0
31.988012075424194, 80968.0
32.377092123031616, 81236.0
32.45230317115784, 81431.0
32.45689821243286, 82075.0
32.54348707199097, 82761.0
33.19427013397217, 83314.0
33.57646727561951, 83837.0
33.72966814041138, 84266.0
33.84556221961975, 85253.0
34.19616413116455, 85970.0
34.23832607269287, 86889.0
34.34234809875488, 87425.0
34.70867919921875, 87868.0
34.71107816696167, 88093.0
34.71338129043579, 88770.0
34.75747728347778, 88928.0
35.05645227432251, 89579.0
35.69609808921814, 89596.0
35.74961614608765, 90081.0
36.94673728942871, 90821.0
36.97018599510193, 91808.0
38.10678315162659, 92610.0
38.18992328643799, 93296.0
38.31501126289368, 93853.0
40.9424409866333, 94030.0
40.94688820838928, 94472.0
41.15829515457153, 94478.0
41.207003355026245, 95046.0
41.21385717391968, 95418.0
41.44591808319092, 96294.0
41.49263906478882, 96685.0
41.49540305137634, 97489.0
42.59486627578735, 97671.0
43.79187726974487, 97891.0
44.40534830093384, 98490.0
44.57502317428589, 99310.0
47.8592472076416, 99435.0
48.14427328109741, 100066.0
49.182714223861694, 100776.0
49.75708818435669, 101145.0
49.80502915382385, 101699.0
51.18958902359009, 101730.0
51.23775124549866, 102219.0
51.28094220161438, 102472.0
51.283231019973755, 103114.0
51.28662919998169, 103930.0
53.796173095703125, 104578.0
54.75657033920288, 104592.0
54.79692006111145, 105386.0
54.84152126312256, 105881.0
55.18393421173096, 106373.0
55.32667326927185, 106601.0
55.33153510093689, 107273.0
55.333924293518066, 107551.0
55.420979261398315, 108287.0
55.91643023490906, 108805.0
56.05325627326965, 108912.0
56.57123017311096, 109107.0
56.763445138931274, 109293.0
56.768423318862915, 109862.0
56.80663228034973, 110691.0
57.230388164520264, 110973.0
57.330241203308105, 111143.0
58.56690835952759, 111643.0
58.8819100856781, 111694.0
59.34250807762146, 112296.0
59.416099071502686, 112867.0
59.848053216934204, 112941.0
59.947784423828125, 113011.0
60.08755826950073, 113457.0
60.11363101005554, 113594.0
60.32405138015747, 114480.0
60.56758213043213, 115421.0
60.81092929840088, 116259.0
60.815741300582886, 116589.0
61.658101081848145, 117332.0
62.90710210800171, 117425.0
62.909409046173096, 118417.0
62.9490852355957, 118773.0
63.530150175094604, 118979.0
63.98781704902649, 119472.0
64.07515907287598, 119940.0
64.66224837303162, 119944.0
64.67459630966187, 120552.0
64.81213808059692, 121170.0
66.98921513557434, 122047.0
69.06944513320923, 122479.0
69.22432208061218, 122561.0
69.28098320960999, 123541.0
69.39159512519836, 123835.0
69.53946709632874, 123869.0
70.00586605072021, 124505.0
70.98267436027527, 124526.0
71.76943635940552, 124616.0
72.35875010490417, 124705.0
72.44648218154907, 125616.0
72.94241619110107, 125962.0
72.94472122192383, 126903.0
72.94697117805481, 127446.0
73.11610221862793, 128430.0
73.12072825431824, 128881.0
73.3434522151947, 129392.0
74.30624222755432, 129747.0
74.59362316131592, 129941.0
74.64412426948547, 130337.0
74.64859127998352, 130919.0
75.07371807098389, 130928.0
75.21280431747437, 131791.0
75.35631513595581, 132601.0
76.21501636505127, 132886.0
76.9573130607605, 133616.0
77.85597324371338, 134184.0
78.3942482471466, 134329.0
78.39998531341553, 134712.0
78.43182229995728, 135583.0
78.9495952129364, 135953.0
79.12777805328369, 136277.0
79.2049343585968, 136336.0
79.50527906417847, 136458.0
80.40869522094727, 137363.0
81.59638524055481, 137397.0
81.60132312774658, 138005.0
82.65203022956848, 138064.0
82.71495723724365, 138103.0
82.71741700172424, 138935.0
82.7218964099884, 139435.0
83.00093698501587, 140326.0
83.3721673488617, 140767.0
83.58230137825012, 141224.0
83.70996832847595, 141562.0
83.74637007713318, 141671.0
83.83066511154175, 142057.0
86.9540810585022, 142228.0
87.22648811340332, 142451.0
87.8403000831604, 142719.0
87.88041114807129, 142749.0
87.88517713546753, 142931.0
87.9789822101593, 143776.0
88.7726571559906, 144099.0
88.89239239692688, 144714.0
88.9887170791626, 144921.0
89.01437330245972, 145082.0
89.02145528793335, 145174.0
89.18485832214355, 145278.0
89.25816321372986, 145708.0
90.38728618621826, 146269.0
91.28335618972778, 146580.0
91.4229462146759, 147007.0
91.70695400238037, 147154.0
91.86817622184753, 147263.0
91.87265825271606, 147975.0
92.22494626045227, 148368.0
92.2877402305603, 148832.0
93.3201231956482, 149050.0
93.6814353466034, 149589.0
93.99271130561829, 149669.0
94.2243001461029, 150019.0
94.22666335105896, 150135.0
94.24336218833923, 151104.0
94.35223722457886, 151188.0
94.36299920082092, 151588.0
94.51210021972656, 152320.0
94.58093023300171, 152939.0
94.71398138999939, 153455.0
94.8719973564148, 153659.0
94.91828107833862, 153678.0
96.48063731193542, 153880.0
96.78055238723755, 153981.0
96.85355424880981, 154109.0
97.19171833992004, 154263.0
97.883376121521, 154587.0
97.95555210113525, 155235.0
98.17495822906494, 155664.0
99.54683327674866, 155851.0
99.99744915962219, 156107.0
100.13553524017334, 156556.0
100.20060229301453, 156782.0
100.24515199661255, 157382.0
100.75839114189148, 157652.0
100.79812407493591, 158105.0
100.87609219551086, 158667.0
101.32613039016724, 159099.0
101.36425518989563, 159363.0
101.36710405349731, 160334.0
101.53204822540283, 160686.0
101.92157530784607, 161022.0
102.03661012649536, 161701.0
102.14340615272522, 162516.0
102.35818910598755, 163374.0
103.57765913009644, 163512.0
103.59083533287048, 163985.0
103.76734328269958, 164398.0
103.90337014198303, 164886.0
103.95036220550537, 165591.0
106.73784232139587, 166450.0
106.79642009735107, 167136.0
106.83441424369812, 168066.0
107.5123462677002, 168338.0
107.97456121444702, 168780.0
108.13988733291626, 168900.0
108.19986510276794, 169446.0
109.25821423530579, 169784.0
109.38729929924011, 170758.0
109.4206702709198, 170761.0
109.55454635620117, 171217.0
110.40025115013123, 171251.0
110.54686117172241, 171314.0
110.54941821098328, 172202.0
110.65731620788574, 173099.0
110.68440413475037, 173872.0
110.82488512992859, 174269.0
110.86796021461487, 174900.0
111.18869519233704, 174909.0
112.18384218215942, 175356.0
113.10420036315918, 175444.0
113.14689016342163, 175643.0
113.42939615249634, 176568.0
113.78345918655396, 176601.0
114.15942406654358, 177235.0
114.1646101474762, 178217.0
114.31875824928284, 178489.0
114.53609609603882, 179473.0
114.86131310462952, 180260.0
115.58609533309937, 180625.0
116.01544237136841, 180675.0
119.5278582572937, 181227.0
119.56772112846375, 181846.0
119.60361123085022, 182071.0
120.06096625328064, 182132.0
120.12673211097717, 183044.0
120.33793425559998, 183512.0
120.42817997932434, 184293.0
120.51369714736938, 184580.0
120.60390400886536, 185559.0
120.96541905403137, 186142.0
121.9766411781311, 186557.0
122.01536226272583, 187111.0
123.28204536437988, 187506.0
125.06066417694092, 187676.0
125.2077100276947, 187947.0
125.2821831703186, 188831.0
125.3753502368927, 189145.0
125.45365142822266, 189839.0
125.54990315437317, 190316.0
125.62747716903687, 190421.0
125.67439222335815, 191241.0
125.77673721313477, 192002.0
125.814777135849, 192259.0
125.85098123550415, 192333.0
126.01604509353638, 192613.0
126.60854911804199, 193398.0
131.56161427497864, 193803.0
131.682959318161, 194312.0
131.75014233589172, 194607.0
132.02021622657776, 194765.0
132.03493309020996, 195046.0
132.1817831993103, 195559.0
132.26453828811646, 195657.0
132.9983491897583, 196273.0
133.00513005256653, 196747.0
133.19694423675537, 197251.0
137.26526737213135, 197602.0
138.2156002521515, 197880.0
138.75038123130798, 198358.0
138.94315028190613, 198630.0
139.13998007774353, 198851.0
139.24642324447632, 199750.0
140.08218216896057, 200269.0
140.20958638191223, 200831.0
140.4891872406006, 201495.0
140.7825882434845, 201987.0
140.92156600952148, 202771.0
141.5020592212677, 202897.0
143.5804271697998, 202914.0
144.21465134620667, 203296.0
144.21705222129822, 204080.0
144.2241222858429, 205055.0
145.67299818992615, 205509.0
148.13979601860046, 205945.0
148.23326635360718, 205971.0
148.36290407180786, 206738.0
148.66867423057556, 206979.0
148.93215107917786, 207279.0
152.7568211555481, 207316.0
152.95176911354065, 208141.0
155.99165534973145, 208511.0
156.1584062576294, 209497.0
156.39690113067627, 209725.0
157.63050436973572, 209734.0
157.77848601341248, 210576.0
158.21399021148682, 211563.0
159.25712323188782, 211811.0
159.28614711761475, 212568.0
159.3225133419037, 213340.0
159.6682891845703, 213700.0
160.16505813598633, 213942.0
160.80332803726196, 214127.0
160.8545801639557, 214136.0
160.93607711791992, 214548.0
162.21823620796204, 214744.0
162.39840531349182, 215197.0
163.50373935699463, 215820.0
163.5357871055603, 216298.0
163.57536625862122, 216938.0
164.42670798301697, 217283.0
164.49424529075623, 217608.0
164.91013526916504, 217715.0
164.93709015846252, 218239.0
166.98301005363464, 218714.0
168.31532907485962, 218766.0
169.39184427261353, 218909.0
169.39557027816772, 219741.0
169.46473908424377, 220145.0
169.67456316947937, 220614.0
169.7843472957611, 220732.0
169.85770320892334, 221304.0
171.0905830860138, 221871.0
171.3416872024536, 222601.0
171.6546323299408, 223587.0
171.66198420524597, 224158.0
171.872887134552, 224593.0
172.55147337913513, 225074.0
172.6144552230835, 225326.0
178.3468461036682, 225998.0
181.1973750591278, 226196.0
181.34331011772156, 226845.0
208.25510716438293, 227628.0
208.46783828735352, 228040.0
208.5794219970703, 228218.0
208.70580410957336, 229208.0
208.91118741035461, 229530.0
208.95096516609192, 229694.0
209.16179728507996, 229904.0
209.20786714553833, 230188.0
209.77935528755188, 230826.0
211.46958112716675, 230932.0
211.6536750793457, 231347.0
212.26912903785706, 231403.0
212.72775506973267, 231845.0
213.14662313461304, 232655.0
213.27284622192383, 232989.0
213.50399112701416, 233550.0
213.5381622314453, 233896.0
214.05678915977478, 234357.0
214.3977711200714, 234913.0
214.8320562839508, 235132.0
222.94948410987854, 235751.0
223.87753820419312, 235807.0
240.56635522842407, 235825.0
240.60798621177673, 236516.0
240.70817613601685, 237287.0
266.24431109428406, 237922.0
267.2428071498871, 238099.0
267.39419317245483, 238398.0
268.2947301864624, 238696.0
270.0818250179291, 238828.0
270.11189126968384, 239558.0
270.1917612552643, 239975.0
270.1941010951996, 240400.0
270.23016238212585, 240994.0
270.5011603832245, 241007.0
271.07298016548157, 241037.0
278.5500910282135, 241163.0
278.82443618774414, 241945.0
279.0024950504303, 242074.0
290.4807722568512, 242758.0
290.5845220088959, 242976.0
295.8618302345276, 243315.0
295.90636920928955, 243422.0
295.9766962528229, 244332.0
296.9043860435486, 244638.0
297.5552382469177, 245369.0
297.9296860694885, 246054.0
298.14428424835205, 246527.0
298.9785420894623, 247092.0
299.01879024505615, 247271.0
299.15520215034485, 247497.0
299.9401741027832, 248292.0
301.40970611572266, 248492.0
301.99146127700806, 248634.0
302.07993721961975, 249268.0
305.05856108665466, 249411.0
306.6172070503235, 249939.0
306.62229919433594, 250412.0
306.9979522228241, 250438.0
308.8629913330078, 250751.0
308.8676652908325, 251038.0
309.14566016197205, 251494.0
309.2476842403412, 251512.0
309.28920340538025, 251935.0
309.4297752380371, 252793.0
310.8364360332489, 252994.0
310.85962438583374, 253331.0
310.901025056839, 253916.0
311.3680419921875, 254625.0
311.45637917518616, 254673.0
311.56295824050903, 254687.0
311.6267902851105, 255188.0
311.81251311302185, 255317.0
312.2737400531769, 255643.0
312.3589713573456, 256590.0
313.52379536628723, 256976.0
313.82434010505676, 257406.0
313.9405791759491, 258077.0
314.22773027420044, 258455.0
314.6361801624298, 258532.0
314.9653639793396, 258667.0
317.5425431728363, 258810.0
318.0524311065674, 258818.0
318.16097021102905, 259475.0
321.3796103000641, 259640.0
322.61063504219055, 259902.0
322.7458350658417, 260787.0
322.92675733566284, 260910.0
323.0123851299286, 261295.0
323.65742802619934, 261817.0
324.53988099098206, 262171.0
324.6112263202667, 262562.0
324.72531509399414, 263142.0
324.93320322036743, 263847.0
325.3730790615082, 264253.0
325.47476625442505, 265034.0
326.2406482696533, 265044.0
326.3122651576996, 265587.0
327.15185618400574, 265621.0
327.4912631511688, 265912.0
327.8075621128082, 266049.0
327.98850107192993, 266094.0
328.0950322151184, 266430.0
357.55630803108215, 266759.0
357.77248430252075, 267354.0
357.8083620071411, 267367.0
358.0792450904846, 267519.0
361.8902921676636, 267856.0
361.93211030960083, 267977.0
363.6035420894623, 268403.0
363.614294052124, 268431.0
363.66388416290283, 269402.0
457.3627681732178, 269889.0
457.450302362442, 270214.0
457.5365421772003, 270408.0
458.1973292827606, 270420.0
458.2302520275116, 270557.0
458.634886264801, 270616.0
458.97459506988525, 271303.0
459.156170129776, 271320.0
461.63097620010376, 271396.0
462.6962230205536, 271431.0
462.81162214279175, 272000.0
462.8427062034607, 272251.0
462.84516310691833, 272268.0
462.9500150680542, 273084.0
463.37002420425415, 273667.0
543.5485472679138, 273734.0
543.5911371707916, 273895.0
543.7351272106171, 274169.0
543.9480283260345, 275012.0
544.2262761592865, 275069.0
552.5828001499176, 275219.0
552.7230951786041, 275608.0
552.8785443305969, 275641.0
552.9445130825043, 275744.0
553.0057091712952, 275801.0
574.4128022193909, 275954.0
574.723390340805, 276159.0
575.7366042137146, 276448.0
