0.0, 10042.0
1.866337776184082, 10058.0
1.9443449974060059, 10059.0
2.178570032119751, 10060.0
2.2258808612823486, 10280.0
2.291757822036743, 10281.0
2.295496940612793, 10375.0
2.6102259159088135, 10429.0
6.113814115524292, 10433.0
8.311245918273926, 10513.0
8.661582946777344, 10567.0
8.810096025466919, 10583.0
8.847918033599854, 10607.0
8.853144884109497, 10648.0
9.064843893051147, 10689.0
9.148380994796753, 10691.0
9.383625984191895, 10770.0
9.947404861450195, 10771.0
10.794846057891846, 10798.0
10.81338882446289, 10845.0
10.816585063934326, 10902.0
10.93630599975586, 10977.0
12.122092962265015, 11026.0
12.320681095123291, 11044.0
12.45256781578064, 11062.0
12.466957807540894, 11126.0
18.71526789665222, 11256.0
22.27792000770569, 11285.0
22.366266012191772, 11356.0
23.17183017730713, 11376.0
23.521925926208496, 11439.0
23.732549905776978, 11463.0
23.73611092567444, 11464.0
27.941967964172363, 11495.0
28.066861867904663, 11514.0
28.21487593650818, 11603.0
28.2911319732666, 11659.0
28.391233921051025, 11665.0
28.430546045303345, 11705.0
28.486326217651367, 11847.0
28.772742986679077, 11857.0
35.86568307876587, 11907.0
35.86615204811096, 11908.0
35.867063999176025, 11909.0
35.915045976638794, 11925.0
35.96845102310181, 12041.0
36.01346707344055, 12082.0
36.053781032562256, 12117.0
240.90522408485413, 12149.0
241.24003386497498, 12224.0
241.85736989974976, 12245.0
243.68969988822937, 12340.0
243.97506594657898, 12448.0
244.07638788223267, 12464.0
320.8669259548187, 12519.0
321.4677789211273, 12547.0
321.6697371006012, 12571.0
322.01921796798706, 12624.0
322.14851212501526, 12660.0
593.2066640853882, 12781.0
