0.0, 3813.0
0.006235837936401367, 4524.0
0.01025700569152832, 4567.0
0.010833978652954102, 4947.0
0.01150202751159668, 5456.0
0.011600971221923828, 6389.0
0.23960590362548828, 7180.0
0.24039602279663086, 7821.0
0.25814104080200195, 8425.0
0.3688178062438965, 9101.0
0.3705270290374756, 9120.0
0.3794550895690918, 9754.0
0.5065798759460449, 9917.0
0.9427578449249268, 10193.0
1.0442309379577637, 10616.0
1.3865559101104736, 10659.0
1.3870620727539062, 10884.0
1.3872699737548828, 11453.0
1.3882958889007568, 11603.0
1.3892250061035156, 11998.0
1.3902809619903564, 12049.0
1.391462802886963, 12244.0
1.3923521041870117, 13100.0
1.4933319091796875, 13322.0
1.4937658309936523, 13768.0
1.4961140155792236, 13953.0
1.4962928295135498, 14410.0
1.6450920104980469, 14594.0
1.7251100540161133, 14764.0
2.1129138469696045, 14843.0
2.113323926925659, 15634.0
2.119724988937378, 15952.0
2.1892201900482178, 16203.0
2.189631938934326, 16646.0
2.1897389888763428, 16725.0
2.24953293800354, 16881.0
2.2497427463531494, 17835.0
2.2525830268859863, 18353.0
2.4289798736572266, 18918.0
2.430109977722168, 19829.0
9.49962592124939, 19982.0
9.954866886138916, 20143.0
10.007678985595703, 20429.0
10.04709506034851, 21220.0
17.103940963745117, 21616.0
24.09656596183777, 21990.0
24.169742107391357, 22477.0
24.17015504837036, 22850.0
24.171287059783936, 23173.0
68.5311050415039, 23578.0
68.57555413246155, 23717.0
68.58317279815674, 23817.0
68.5834949016571, 24012.0
68.633957862854, 24193.0
68.68460488319397, 24334.0
68.68688702583313, 24777.0
72.43884181976318, 25105.0
76.59859800338745, 25106.0
76.64663195610046, 25191.0
76.65071487426758, 25319.0
76.6865348815918, 25421.0
76.80270385742188, 25520.0
77.06249713897705, 26007.0
77.10487198829651, 26950.0
