0.0, 2479.0
0.9349489212036133, 2574.0
0.9372868537902832, 2609.0
1.0493388175964355, 2724.0
1.0538671016693115, 2764.0
1.0539588928222656, 2765.0
1.0562779903411865, 2772.0
1.47117280960083, 2874.0
1.4728960990905762, 2917.0
1.546983003616333, 2938.0
1.5490031242370605, 3039.0
1.5529658794403076, 3142.0
1.873236894607544, 3158.0
1.877938985824585, 3231.0
17.823915004730225, 3277.0
17.826154947280884, 3302.0
30.637814044952393, 3405.0
30.637939929962158, 3546.0
80.91802406311035, 3595.0
81.07134294509888, 3604.0
81.07403898239136, 3642.0
81.47910189628601, 3723.0
81.53768920898438, 3724.0
81.72832202911377, 3725.0
81.83549904823303, 3850.0
81.88289594650269, 3862.0
82.17738199234009, 3905.0
82.58637809753418, 3934.0
