0.0, 1195.0
0.004986286163330078, 1297.0
0.30817723274230957, 1390.0
0.318021297454834, 1392.0
0.33127927780151367, 1486.0
0.3350541591644287, 1494.0
0.3368499279022217, 1588.0
0.33701205253601074, 1673.0
0.33711814880371094, 1797.0
0.3385632038116455, 1887.0
0.33998918533325195, 1928.0
0.34059715270996094, 2009.0
0.3477671146392822, 2062.0
0.6452221870422363, 2064.0
0.6473872661590576, 2150.0
0.6511549949645996, 2186.0
0.7407691478729248, 2188.0
0.7459962368011475, 2274.0
0.747643232345581, 2283.0
0.8891909122467041, 2293.0
1.803218126296997, 2392.0
2.1003222465515137, 2475.0
2.938082218170166, 2495.0
