0.0, 9825.0
0.31827592849731445, 10059.0
0.3205840587615967, 10161.0
0.3226959705352783, 10387.0
0.43182897567749023, 10415.0
0.5494358539581299, 10508.0
0.5504558086395264, 11168.0
0.5533180236816406, 11547.0
0.6836817264556885, 11973.0
0.7988870143890381, 12812.0
0.8058750629425049, 13584.0
0.8067038059234619, 14149.0
0.807121992111206, 14381.0
0.9028689861297607, 14515.0
1.0530660152435303, 14710.0
1.1423907279968262, 14830.0
1.2267637252807617, 15399.0
1.3137359619140625, 15806.0
1.3151979446411133, 16027.0
1.4602329730987549, 16414.0
1.4604558944702148, 16662.0
1.5283539295196533, 17605.0
1.5343098640441895, 18324.0
1.5366308689117432, 18809.0
1.944870948791504, 18942.0
1.949862003326416, 19609.0
2.539134979248047, 19641.0
2.541254997253418, 19767.0
2.5900719165802, 19890.0
2.596665859222412, 19893.0
3.290428876876831, 19992.0
3.377039909362793, 20599.0
3.377501964569092, 21072.0
3.605116844177246, 21074.0
3.610125780105591, 21454.0
3.77665376663208, 21957.0
4.19019079208374, 22321.0
4.229226112365723, 22486.0
4.234969854354858, 22916.0
4.404942989349365, 22947.0
4.40856409072876, 23783.0
4.409642934799194, 23874.0
4.467235803604126, 24071.0
4.468533992767334, 24518.0
4.469398736953735, 24728.0
4.590200901031494, 25226.0
4.761180877685547, 25411.0
5.319411039352417, 25492.0
5.3198511600494385, 26444.0
5.320713996887207, 26944.0
5.405188798904419, 27026.0
5.4633800983428955, 27621.0
7.292675971984863, 28136.0
7.820054769515991, 28791.0
8.313004732131958, 28839.0
8.93713903427124, 29018.0
8.942458868026733, 29236.0
9.09951400756836, 29357.0
9.212946891784668, 29802.0
10.25188684463501, 30400.0
10.255300998687744, 31170.0
15.903563022613525, 31630.0
15.956772804260254, 31984.0
30.129141092300415, 32210.0
33.81979179382324, 32542.0
33.820029973983765, 33422.0
33.82261300086975, 33817.0
50.04903507232666, 34253.0
50.049697160720825, 34319.0
50.23025703430176, 34410.0
50.26353693008423, 34451.0
50.26421785354614, 35009.0
50.32219386100769, 35213.0
50.3619339466095, 35432.0
301.2565038204193, 35718.0
301.29645800590515, 35973.0
311.97418189048767, 36791.0
346.26654291152954, 37150.0
362.8805420398712, 37704.0
362.9484398365021, 37743.0
362.9963939189911, 37799.0
363.01931405067444, 38506.0
374.2467348575592, 39396.0
392.40808296203613, 39593.0
424.8087639808655, 40079.0
427.63283681869507, 40366.0
428.2583718299866, 40377.0
430.39823174476624, 40694.0
431.80885004997253, 41041.0
431.9698660373688, 41789.0
432.01281690597534, 42021.0
435.4937868118286, 42116.0
437.0237729549408, 42418.0
437.05207991600037, 42643.0
437.0536410808563, 42925.0
437.085569858551, 43020.0
437.1201500892639, 43774.0
437.1253020763397, 43993.0
437.1642339229584, 44119.0
437.1951229572296, 44146.0
437.2352828979492, 44309.0
437.2441508769989, 44713.0
437.63580894470215, 44837.0
439.1313900947571, 45107.0
439.13383507728577, 45807.0
453.5862638950348, 46133.0
453.91064286231995, 46160.0
453.96095275878906, 46190.0
460.6628098487854, 46217.0
460.7139530181885, 46759.0
462.8193390369415, 46983.0
464.6730990409851, 47135.0
464.7863118648529, 47421.0
