0.0, 1195.0
0.0050201416015625, 1297.0
0.30965495109558105, 1390.0
0.3168959617614746, 1392.0
0.4130089282989502, 1486.0
0.5347192287445068, 1494.0
0.5362710952758789, 1588.0
0.5366098880767822, 1673.0
0.5368328094482422, 1797.0
0.5392820835113525, 1887.0
0.540626049041748, 1928.0
0.5410468578338623, 2009.0
0.6275429725646973, 2062.0
0.6346700191497803, 2064.0
0.6367909908294678, 2150.0
0.7248690128326416, 2186.0
0.7270309925079346, 2188.0
0.8021349906921387, 2274.0
0.8040149211883545, 2283.0
0.9850070476531982, 2293.0
1.8071820735931396, 2392.0
2.0534439086914062, 2475.0
2.883676052093506, 2495.0
