0.0, 10042.0
2.3640336990356445, 10058.0
2.4593470096588135, 10059.0
2.628938913345337, 10060.0
2.6966207027435303, 10280.0
2.776524782180786, 10281.0
2.780478000640869, 10375.0
3.1294028759002686, 10429.0
6.797137975692749, 10433.0
8.686882734298706, 10513.0
9.069490909576416, 10567.0
9.164669036865234, 10583.0
9.168972730636597, 10607.0
9.273839950561523, 10648.0
9.414164066314697, 10689.0
9.42236590385437, 10691.0
9.654706001281738, 10770.0
10.2635178565979, 10771.0
11.003545761108398, 10798.0
11.018829822540283, 10845.0
11.152086734771729, 10902.0
11.220034837722778, 10977.0
12.3159818649292, 11026.0
12.389657974243164, 11044.0
12.631857872009277, 11062.0
12.717865943908691, 11126.0
19.310242891311646, 11256.0
23.157753944396973, 11285.0
23.28504490852356, 11356.0
24.16537880897522, 11376.0
24.5940580368042, 11439.0
24.819988012313843, 11463.0
24.823529958724976, 11464.0
29.309882879257202, 11495.0
29.488914966583252, 11514.0
29.639980792999268, 11603.0
29.72445583343506, 11659.0
29.837345123291016, 11665.0
29.938209056854248, 11705.0
29.995879888534546, 11847.0
30.38218593597412, 11857.0
38.715007066726685, 11907.0
38.71547293663025, 11908.0
38.716383934020996, 11909.0
38.808374881744385, 11925.0
38.86521887779236, 12041.0
38.880942821502686, 12082.0
38.96036887168884, 12117.0
251.64271783828735, 12149.0
252.00233387947083, 12224.0
252.6000518798828, 12245.0
254.4248650074005, 12340.0
254.6863570213318, 12448.0
254.7638599872589, 12464.0
332.7139558792114, 12519.0
333.31748485565186, 12547.0
333.5364878177643, 12571.0
333.894828081131, 12624.0
334.06695890426636, 12660.0
