0.0, 3116.0
0.0031197071075439453, 3194.0
0.0037450790405273438, 3303.0
0.004672050476074219, 3354.0
0.0057909488677978516, 3457.0
0.006496906280517578, 3605.0
0.01123189926147461, 3678.0
0.01735997200012207, 3787.0
0.01859307289123535, 3903.0
0.033705949783325195, 4068.0
0.03477883338928223, 4204.0
0.034924983978271484, 4496.0
0.03655290603637695, 4576.0
0.03918313980102539, 4696.0
0.29292988777160645, 4778.0
0.2933828830718994, 4885.0
0.3768799304962158, 4898.0
0.6650018692016602, 4899.0
0.9842700958251953, 4908.0
1.4386188983917236, 4998.0
1.5025608539581299, 5009.0
1.503066062927246, 5179.0
1.5072429180145264, 5313.0
1.649399995803833, 5369.0
1.712148904800415, 5409.0
1.842108964920044, 5410.0
1.9060029983520508, 5507.0
1.9087181091308594, 5610.0
3.001655101776123, 5613.0
9.521159887313843, 5616.0
12.799579858779907, 5717.0
32.437946796417236, 5802.0
32.804563999176025, 5807.0
32.92573380470276, 5812.0
33.564067125320435, 5913.0
34.91820001602173, 6010.0
77.38487195968628, 6081.0
77.38860392570496, 6102.0
79.3084008693695, 6112.0
