0.0, 1850.0
0.001664876937866211, 2165.0
0.002032756805419922, 2265.0
0.0041768550872802734, 2989.0
0.004686117172241211, 3048.0
0.14429283142089844, 3297.0
0.1443769931793213, 3652.0
0.14474081993103027, 3833.0
0.14609193801879883, 4624.0
0.15352988243103027, 4834.0
0.2847127914428711, 5367.0
0.2853507995605469, 5423.0
0.28545403480529785, 5842.0
0.28629589080810547, 6352.0
0.4697427749633789, 6995.0
0.47400689125061035, 7248.0
0.9193108081817627, 7683.0
0.9195067882537842, 8140.0
0.9231259822845459, 8327.0
1.0537519454956055, 8549.0
1.053870677947998, 8730.0
1.6267058849334717, 8940.0
