0.0, 59619.0
2.398017168045044, 59698.0
2.771150827407837, 59813.0
8.367130994796753, 59901.0
9.356706142425537, 60008.0
10.772154808044434, 60163.0
11.02704381942749, 60277.0
12.344535112380981, 60396.0
12.540619134902954, 60504.0
15.55192494392395, 60614.0
16.09328007698059, 60659.0
16.322341918945312, 60783.0
16.328087091445923, 60910.0
16.961377143859863, 61012.0
17.61744999885559, 61013.0
17.7387478351593, 61146.0
17.8781840801239, 61268.0
18.020488023757935, 61409.0
19.7431161403656, 61430.0
19.748483896255493, 61559.0
20.2811541557312, 61570.0
20.28818988800049, 61686.0
20.456626892089844, 61794.0
21.102251052856445, 61888.0
21.84247899055481, 61997.0
22.18437695503235, 62116.0
22.767910957336426, 62202.0
22.93173313140869, 62269.0
23.018754959106445, 62402.0
24.51926898956299, 62518.0
26.71446204185486, 62619.0
26.96745800971985, 62698.0
27.136439085006714, 62814.0
27.138827085494995, 62918.0
31.717798948287964, 63013.0
33.08590793609619, 63116.0
34.29266691207886, 63195.0
35.216753005981445, 63304.0
35.77193880081177, 63383.0
36.3479528427124, 63515.0
41.131311893463135, 63608.0
41.30717086791992, 63718.0
41.601239919662476, 63818.0
44.03738284111023, 63819.0
50.76220488548279, 63915.0
54.87785291671753, 64010.0
56.72011399269104, 64101.0
56.7223801612854, 64304.0
57.57389283180237, 64369.0
57.829066038131714, 64484.0
57.835808992385864, 64607.0
58.65888786315918, 64730.0
58.819612979888916, 64863.0
59.324230909347534, 64902.0
60.102553844451904, 65059.0
60.31705594062805, 65171.0
60.41620993614197, 65285.0
61.123355865478516, 65312.0
62.23280692100525, 65387.0
62.23485803604126, 65518.0
68.69689798355103, 65519.0
69.41857385635376, 65522.0
69.42406296730042, 65806.0
69.69753503799438, 65920.0
69.87158513069153, 66090.0
70.36736106872559, 66272.0
70.6822280883789, 66425.0
71.04260993003845, 66545.0
71.16383481025696, 66701.0
71.24650192260742, 66817.0
74.92659211158752, 66850.0
75.71939301490784, 67005.0
75.74342513084412, 67100.0
76.46293997764587, 67216.0
76.52522397041321, 67319.0
82.1876060962677, 67376.0
83.56607294082642, 67512.0
85.8199098110199, 67551.0
86.00671100616455, 67712.0
86.17012882232666, 67914.0
87.44595193862915, 67978.0
87.60434794425964, 68106.0
87.67435503005981, 68217.0
87.99282002449036, 68408.0
89.9001829624176, 68499.0
90.93438792228699, 68509.0
92.24918413162231, 68591.0
92.39807391166687, 68721.0
92.4003438949585, 68825.0
92.52784705162048, 68967.0
93.21896409988403, 69104.0
93.48533987998962, 69107.0
93.55899810791016, 69242.0
93.56395292282104, 69355.0
93.61588191986084, 69496.0
94.06022191047668, 69618.0
94.20132780075073, 69629.0
94.46901202201843, 69779.0
94.98508596420288, 69785.0
95.24523186683655, 69808.0
95.34571981430054, 69913.0
95.44478392601013, 69963.0
95.58786201477051, 70168.0
95.86014485359192, 70283.0
95.98289203643799, 70396.0
96.0606119632721, 70511.0
97.88031101226807, 70619.0
99.68059492111206, 70693.0
101.73153495788574, 70854.0
101.88276791572571, 70955.0
102.24893283843994, 71116.0
105.63251304626465, 71221.0
105.7362790107727, 71374.0
105.90359783172607, 71559.0
105.95081806182861, 71708.0
106.67650699615479, 71911.0
107.31507682800293, 72013.0
108.36797499656677, 72054.0
108.3727068901062, 72194.0
108.50198602676392, 72388.0
108.84042406082153, 72406.0
109.02534198760986, 72411.0
109.03689885139465, 72564.0
109.10859179496765, 72790.0
109.36561489105225, 72918.0
110.71300888061523, 73006.0
111.02491593360901, 73107.0
111.17500710487366, 73216.0
111.29342293739319, 73318.0
111.66762399673462, 73498.0
111.91873598098755, 73603.0
112.1585419178009, 73709.0
112.23206186294556, 73810.0
112.64495587348938, 73822.0
112.64940094947815, 74002.0
114.10728001594543, 74014.0
114.14996004104614, 74108.0
114.86057186126709, 74317.0
115.31956315040588, 74392.0
115.68117880821228, 74501.0
116.41381096839905, 74515.0
116.70266079902649, 74526.0
116.75154995918274, 74653.0
116.87112188339233, 74797.0
116.90964102745056, 74925.0
116.91198587417603, 75066.0
117.41559886932373, 75210.0
118.69727182388306, 75215.0
119.8496367931366, 75316.0
121.53412413597107, 75421.0
121.54050588607788, 75582.0
121.77310013771057, 75598.0
122.185222864151, 75703.0
122.95101690292358, 75798.0
123.36755204200745, 75907.0
123.98442196846008, 75991.0
124.01380681991577, 76106.0
124.758553981781, 76313.0
125.87808203697205, 76411.0
126.25102806091309, 76517.0
126.57003092765808, 76593.0
126.60995483398438, 76702.0
126.90430998802185, 76812.0
128.45956993103027, 76895.0
128.54411792755127, 77017.0
128.79825901985168, 77044.0
129.47438788414001, 77212.0
130.7038848400116, 77316.0
131.17624878883362, 77378.0
131.35932397842407, 77514.0
131.74244785308838, 77676.0
131.76932191848755, 77899.0
132.03027987480164, 78012.0
132.57241296768188, 78102.0
132.62433004379272, 78209.0
133.11605095863342, 78296.0
133.5705668926239, 78400.0
133.7343020439148, 78502.0
134.224613904953, 78538.0
134.26438307762146, 78687.0
134.292631149292, 78789.0
134.49195384979248, 78985.0
135.40358686447144, 78987.0
135.47153115272522, 79111.0
136.02436995506287, 79118.0
138.92728185653687, 79205.0
142.08992099761963, 79293.0
142.66233491897583, 79364.0
142.8419749736786, 79483.0
144.19484281539917, 79611.0
145.18248987197876, 79705.0
145.21946597099304, 79807.0
145.97421073913574, 79898.0
146.44534516334534, 80015.0
146.80209302902222, 80092.0
147.61603903770447, 80116.0
150.64529395103455, 80137.0
150.84474086761475, 80211.0
151.8379819393158, 80273.0
152.00638008117676, 80314.0
153.27011895179749, 80410.0
153.3864939212799, 80511.0
153.42556381225586, 80616.0
162.02352595329285, 80688.0
162.21378374099731, 80774.0
163.0470268726349, 80888.0
163.05167388916016, 81083.0
163.33828496932983, 81087.0
163.52152299880981, 81097.0
163.67984700202942, 81148.0
164.04490184783936, 81411.0
164.04722213745117, 81614.0
164.1475830078125, 81617.0
164.57253575325012, 81643.0
164.70030999183655, 81648.0
164.92036890983582, 81657.0
165.02402997016907, 81815.0
165.06630086898804, 81819.0
166.07580184936523, 81907.0
168.43417716026306, 82001.0
168.7322130203247, 82090.0
169.02767491340637, 82199.0
169.4886748790741, 82217.0
170.8568730354309, 82263.0
170.86510801315308, 82494.0
173.6568820476532, 82587.0
174.1235888004303, 82694.0
174.5932149887085, 82718.0
176.0738377571106, 82803.0
176.10553979873657, 82909.0
176.77838397026062, 82916.0
177.25038290023804, 82961.0
177.25712895393372, 83109.0
178.15091681480408, 83280.0
178.432687997818, 83366.0
178.86557912826538, 83501.0
179.22079706192017, 83541.0
179.2784378528595, 83680.0
179.39663290977478, 83810.0
179.67595982551575, 83930.0
179.85567593574524, 83984.0
180.13881993293762, 84003.0
182.53071188926697, 84026.0
182.74377489089966, 84054.0
183.0445168018341, 84146.0
183.22280597686768, 84261.0
183.45073699951172, 84319.0
183.60284090042114, 84517.0
184.79922199249268, 84591.0
185.02964687347412, 84698.0
185.506334066391, 84775.0
185.68230199813843, 84825.0
185.84959483146667, 84936.0
185.85413193702698, 85084.0
186.21764302253723, 85205.0
186.5753197669983, 85276.0
186.57768511772156, 85401.0
186.89187788963318, 85578.0
187.04780507087708, 85687.0
187.35468077659607, 85806.0
187.5758547782898, 85912.0
187.61933398246765, 86016.0
187.98069310188293, 86079.0
188.13262605667114, 86188.0
188.2976589202881, 86302.0
189.3114697933197, 86433.0
189.54682612419128, 86582.0
189.60808396339417, 86594.0
192.52801489830017, 86613.0
192.5326840877533, 86761.0
192.86241388320923, 86771.0
197.1851201057434, 86802.0
197.216402053833, 86913.0
198.17621779441833, 86987.0
198.4923689365387, 87114.0
199.6017050743103, 87207.0
200.0520899295807, 87211.0
200.63038992881775, 87289.0
200.662260055542, 87392.0
201.29242181777954, 87497.0
203.3503439426422, 87610.0
203.43203687667847, 87699.0
203.60699081420898, 87757.0
203.81398677825928, 87906.0
204.37772798538208, 88013.0
204.7246949672699, 88084.0
204.79972577095032, 88185.0
205.48968291282654, 88313.0
205.97350096702576, 88414.0
206.22113490104675, 88562.0
206.41568994522095, 88579.0
206.8340528011322, 88672.0
207.13358187675476, 88771.0
207.24323201179504, 88917.0
208.8552761077881, 88967.0
208.99012517929077, 89089.0
212.71475410461426, 89103.0
212.9314398765564, 89294.0
213.40808701515198, 89295.0
213.7202980518341, 89349.0
213.75122380256653, 89384.0
213.94824600219727, 89493.0
214.16625380516052, 89508.0
214.26942491531372, 89598.0
214.4642848968506, 89612.0
215.0187861919403, 89676.0
215.43345499038696, 89705.0
216.56382703781128, 89710.0
217.2914261817932, 89804.0
217.3682198524475, 89905.0
218.11057806015015, 90011.0
218.71870017051697, 90016.0
220.17274713516235, 90082.0
220.93759179115295, 90189.0
221.0966501235962, 90200.0
222.77135014533997, 90317.0
224.52158188819885, 90328.0
224.81517505645752, 90500.0
225.23007893562317, 90589.0
225.49072790145874, 90618.0
227.58778285980225, 90665.0
227.77441477775574, 90708.0
227.9837031364441, 90756.0
228.10913109779358, 90808.0
228.2902798652649, 90867.0
228.5246479511261, 90878.0
228.77398991584778, 91005.0
229.22144293785095, 91037.0
229.22396898269653, 91188.0
229.71812510490417, 91289.0
229.7533130645752, 91411.0
231.79427194595337, 91517.0
232.66176390647888, 91519.0
233.99546098709106, 91583.0
234.02776408195496, 91699.0
234.19500708580017, 91700.0
234.79751205444336, 91702.0
234.8964638710022, 91807.0
235.12292313575745, 91860.0
235.7640347480774, 91918.0
236.06673002243042, 92011.0
236.07266306877136, 92016.0
236.13386607170105, 92017.0
236.6391990184784, 92021.0
236.67487382888794, 92158.0
236.6817638874054, 92311.0
238.57288098335266, 92339.0
238.60896396636963, 92498.0
238.7541379928589, 92613.0
239.5734679698944, 92614.0
240.27787590026855, 92618.0
240.6512999534607, 92655.0
240.86530685424805, 92712.0
240.89799189567566, 92872.0
241.07386708259583, 92896.0
242.09531807899475, 92913.0
260.19085001945496, 92992.0
260.3608739376068, 93119.0
261.4999089241028, 93207.0
261.7513198852539, 93314.0
264.1654260158539, 93402.0
264.5858929157257, 93405.0
265.56838297843933, 93410.0
265.76123905181885, 93418.0
275.19927501678467, 93512.0
275.36677503585815, 93526.0
275.4769959449768, 93719.0
279.5415999889374, 93750.0
279.5463778972626, 93896.0
279.5769910812378, 93907.0
283.9498989582062, 93910.0
284.2508509159088, 94012.0
284.28276205062866, 94113.0
284.83066296577454, 94118.0
285.84811902046204, 94131.0
286.29775190353394, 94316.0
288.3536467552185, 94393.0
288.3581759929657, 94509.0
288.5766808986664, 94707.0
288.729012966156, 94813.0
289.41762495040894, 94907.0
289.43296694755554, 95100.0
290.5461130142212, 95113.0
291.06784296035767, 95209.0
291.6168599128723, 95214.0
291.93044996261597, 95255.0
292.00468587875366, 95375.0
292.01450085639954, 95477.0
292.18078899383545, 95508.0
292.36240887641907, 95586.0
301.5161690711975, 95597.0
302.1558699607849, 95606.0
302.4466288089752, 95615.0
302.94319105148315, 95629.0
302.98373675346375, 95766.0
303.10253381729126, 95890.0
303.60181879997253, 95897.0
304.1368660926819, 95908.0
304.8007230758667, 95967.0
304.896448135376, 96100.0
305.00726675987244, 96124.0
305.08486795425415, 96219.0
305.1609070301056, 96391.0
305.49645709991455, 96416.0
305.64131212234497, 96471.0
305.89697098731995, 96506.0
306.74230694770813, 96521.0
306.79011487960815, 96646.0
306.81624388694763, 96819.0
307.3563220500946, 96923.0
307.39348578453064, 97099.0
308.4515950679779, 97218.0
309.9677240848541, 97280.0
310.8701651096344, 97299.0
316.6612219810486, 97374.0
322.0403380393982, 97417.0
323.9321150779724, 97498.0
324.14185404777527, 97549.0
324.23377799987793, 97657.0
324.3050470352173, 97812.0
328.05280208587646, 97918.0
331.17432498931885, 98016.0
333.03491473197937, 98018.0
350.036052942276, 98079.0
350.42447996139526, 98181.0
350.5497679710388, 98203.0
350.7307679653168, 98208.0
367.59126687049866, 98239.0
367.64665699005127, 98411.0
367.9821398258209, 98487.0
368.0868330001831, 98611.0
369.2254910469055, 98794.0
378.40513586997986, 98882.0
378.61882185935974, 98893.0
378.7648959159851, 98950.0
379.6796839237213, 98964.0
379.7638339996338, 98996.0
380.4571158885956, 99018.0
390.02714490890503, 99117.0
390.14178800582886, 99118.0
396.5478217601776, 99204.0
396.5805871486664, 99318.0
397.202486038208, 99321.0
397.3710730075836, 99467.0
397.6220600605011, 99508.0
401.82779812812805, 99591.0
402.48267912864685, 99600.0
405.9230179786682, 99708.0
406.7818429470062, 99882.0
407.0419111251831, 99987.0
407.2082619667053, 100095.0
407.7647271156311, 100199.0
407.937796831131, 100207.0
408.90021204948425, 100307.0
409.422621011734, 100308.0
409.707731962204, 100380.0
410.18466901779175, 100414.0
411.26118683815, 100506.0
412.2431387901306, 100509.0
412.45593881607056, 100611.0
412.9473180770874, 100639.0
413.11222982406616, 100722.0
413.56225991249084, 100818.0
415.60816383361816, 100864.0
415.75291895866394, 100950.0
415.98545479774475, 101059.0
416.033882856369, 101174.0
416.45465087890625, 101310.0
421.9240310192108, 101410.0
423.428759098053, 101613.0
423.9844949245453, 101715.0
424.2798547744751, 101777.0
451.089280128479, 101860.0
454.35802817344666, 101867.0
454.3778269290924, 102018.0
458.89972591400146, 102068.0
459.36143493652344, 102131.0
459.3906309604645, 102299.0
459.49915194511414, 102305.0
537.6158428192139, 102318.0
538.7588980197906, 102393.0
538.922562122345, 102475.0
539.0603959560394, 102510.0
539.192990064621, 102568.0
539.5010049343109, 102571.0
539.5598108768463, 102816.0
539.6817181110382, 102874.0
540.0363531112671, 102916.0
540.2707779407501, 102978.0
540.3430459499359, 103048.0
540.4867091178894, 103049.0
540.5445001125336, 103169.0
540.7087497711182, 103318.0
541.1463580131531, 103415.0
541.3278291225433, 103457.0
541.355721950531, 103612.0
