0.0, 3813.0
0.006445169448852539, 4524.0
0.010358095169067383, 4567.0
0.010854959487915039, 4947.0
0.3270680904388428, 5456.0
0.3271780014038086, 6389.0
0.33013010025024414, 7180.0
0.33081912994384766, 7821.0
0.33412885665893555, 8425.0
0.49775004386901855, 9101.0
0.49937891960144043, 9120.0
0.5083489418029785, 9754.0
0.5102159976959229, 9917.0
1.0189170837402344, 10193.0
1.0198352336883545, 10616.0
1.3598370552062988, 10659.0
1.3603363037109375, 10884.0
1.3605411052703857, 11453.0
1.3615319728851318, 11603.0
1.3624272346496582, 11998.0
1.363394021987915, 12049.0
1.4285790920257568, 12244.0
1.4296021461486816, 13100.0
1.4334721565246582, 13322.0
1.4338810443878174, 13768.0
1.4390740394592285, 13953.0
1.439281940460205, 14410.0
1.621697187423706, 14594.0
1.6286101341247559, 14764.0
1.9393260478973389, 14843.0
1.93973708152771, 15634.0
1.994610071182251, 15952.0
2.0006489753723145, 16203.0
2.0010831356048584, 16646.0
2.001193046569824, 16725.0
2.1556150913238525, 16881.0
2.1558279991149902, 17835.0
2.1587069034576416, 18353.0
2.267062187194824, 18918.0
2.2708969116210938, 19829.0
9.302618980407715, 19982.0
9.71048092842102, 20143.0
9.779905080795288, 20429.0
9.780219316482544, 21220.0
16.88305687904358, 21616.0
23.98198103904724, 21990.0
23.99095106124878, 22477.0
23.991369009017944, 22850.0
24.028947114944458, 23173.0
70.03444623947144, 23578.0
70.04011797904968, 23717.0
70.08962607383728, 23817.0
70.08994698524475, 24012.0
70.0972192287445, 24193.0
70.19989109039307, 24334.0
70.20202803611755, 24777.0
74.13488793373108, 25105.0
78.06268405914307, 25106.0
78.07300996780396, 25191.0
78.15406894683838, 25319.0
78.15539908409119, 25421.0
78.25677609443665, 25520.0
78.504478931427, 26007.0
78.54886817932129, 26950.0
