0.0, 1850.0
0.001638174057006836, 2165.0
0.0018439292907714844, 2265.0
0.003763914108276367, 2989.0
0.0041980743408203125, 3048.0
0.004527091979980469, 3297.0
0.004620075225830078, 3652.0
0.005112171173095703, 3833.0
0.006555080413818359, 4624.0
0.24389100074768066, 4834.0
0.2515890598297119, 5367.0
0.2523031234741211, 5423.0
0.2524070739746094, 5842.0
0.2548830509185791, 6352.0
0.6111500263214111, 6995.0
0.6172261238098145, 7248.0
1.2527329921722412, 7683.0
1.2529220581054688, 8140.0
1.2564001083374023, 8327.0
1.4937431812286377, 8549.0
1.4939048290252686, 8730.0
2.3045949935913086, 8940.0
