0.0, 3116.0
0.0026388168334960938, 3194.0
0.0031228065490722656, 3303.0
0.003785848617553711, 3354.0
0.004754781723022461, 3457.0
0.0055696964263916016, 3605.0
0.009701728820800781, 3678.0
0.015126705169677734, 3787.0
0.18547677993774414, 3903.0
0.3345637321472168, 4068.0
0.33632469177246094, 4204.0
0.3366236686706543, 4496.0
0.33821678161621094, 4576.0
0.33899903297424316, 4696.0
0.3430647850036621, 4778.0
0.34357285499572754, 4885.0
0.4883756637573242, 4898.0
0.726036787033081, 4899.0
1.058534860610962, 4908.0
1.479428768157959, 4998.0
1.5432748794555664, 5009.0
1.5435729026794434, 5179.0
1.5458686351776123, 5313.0
1.750755786895752, 5369.0
1.805572748184204, 5409.0
1.9936528205871582, 5410.0
2.0973708629608154, 5507.0
2.0990917682647705, 5610.0
3.4012248516082764, 5613.0
10.295095682144165, 5616.0
13.9631187915802, 5717.0
32.44788193702698, 5802.0
32.867950677871704, 5807.0
32.99841094017029, 5812.0
33.67260265350342, 5913.0
34.8253288269043, 6010.0
71.75836062431335, 6081.0
71.81865072250366, 6102.0
73.55168581008911, 6112.0
