0.0, 30605.0
4.543281078338623, 30695.0
5.078337907791138, 30805.0
5.084817886352539, 30865.0
5.443347930908203, 31072.0
5.582788944244385, 31204.0
9.97072720527649, 31283.0
10.5106680393219, 31393.0
11.333277940750122, 31697.0
12.092309951782227, 31698.0
12.093472003936768, 32057.0
12.403409957885742, 32173.0
12.494588136672974, 32369.0
12.50141191482544, 32479.0
13.669861078262329, 32512.0
13.672082901000977, 32620.0
13.975754976272583, 32750.0
14.694517850875854, 32864.0
14.913810968399048, 32971.0
15.000706911087036, 33074.0
15.119354009628296, 33092.0
15.655655145645142, 33177.0
15.779538869857788, 33226.0
15.881524801254272, 33371.0
15.887996912002563, 33504.0
16.15984296798706, 33573.0
16.241760969161987, 33796.0
16.826794862747192, 33902.0
16.837634086608887, 34005.0
18.137743949890137, 34070.0
18.245414972305298, 34231.0
18.247611045837402, 34380.0
18.385044813156128, 34505.0
18.953639030456543, 34604.0
19.117353916168213, 34655.0
19.189945936203003, 34802.0
19.930526971817017, 34904.0
20.513681888580322, 34993.0
20.579370975494385, 35301.0
21.414748191833496, 35304.0
21.74609398841858, 35346.0
22.02009892463684, 35493.0
22.760936975479126, 35583.0
22.861884832382202, 35686.0
23.612788915634155, 35699.0
24.143059968948364, 35799.0
24.505263090133667, 35971.0
24.509232997894287, 36188.0
24.6389479637146, 36248.0
24.644192934036255, 36277.0
24.962574005126953, 36386.0
25.053192853927612, 36404.0
25.544225931167603, 36414.0
25.710756063461304, 36573.0
25.783613920211792, 36753.0
25.790218830108643, 36862.0
25.96008014678955, 36960.0
26.04312801361084, 37098.0
26.474910974502563, 37204.0
27.20611810684204, 37282.0
27.94539475440979, 37301.0
28.292016983032227, 37388.0
28.29319190979004, 37489.0
28.621423959732056, 37605.0
28.913851022720337, 37607.0
28.981070041656494, 37728.0
29.736371994018555, 37842.0
29.831345796585083, 37973.0
29.998466968536377, 38071.0
30.857489109039307, 38234.0
30.953346967697144, 38403.0
32.30948805809021, 38410.0
32.31149101257324, 38596.0
32.94503378868103, 38620.0
33.06961989402771, 38804.0
33.980172872543335, 38834.0
34.16577982902527, 38904.0
35.312296867370605, 38999.0
35.744760036468506, 39033.0
35.74702310562134, 39148.0
35.988033056259155, 39271.0
36.356709003448486, 39305.0
37.31169891357422, 39477.0
37.63842797279358, 39586.0
37.78561782836914, 39595.0
38.707740783691406, 39704.0
39.78631091117859, 39795.0
39.87555289268494, 39912.0
40.18221473693848, 40092.0
40.259377002716064, 40166.0
40.515641927719116, 40193.0
41.179895877838135, 40197.0
41.59770584106445, 40295.0
41.75679397583008, 40396.0
43.986087799072266, 40397.0
44.062304973602295, 40555.0
44.17535090446472, 40683.0
44.17648410797119, 40874.0
44.366332054138184, 40995.0
45.641939878463745, 41091.0
45.968783140182495, 41259.0
46.77522397041321, 41281.0
47.152365922927856, 41400.0
50.10771703720093, 41502.0
50.904040813446045, 41503.0
52.067883014678955, 41601.0
56.71368908882141, 41618.0
56.82842803001404, 41746.0
56.831814765930176, 41864.0
57.69371199607849, 41898.0
57.69502782821655, 42048.0
57.93761205673218, 42082.0
58.7594039440155, 42237.0
58.76415681838989, 42375.0
60.45795202255249, 42383.0
61.23289895057678, 42463.0
61.76147699356079, 42497.0
61.76434803009033, 42700.0
62.21869778633118, 42764.0
62.43776082992554, 42867.0
62.45193004608154, 42875.0
62.651081800460815, 42977.0
62.74829292297363, 43093.0
63.02303600311279, 43203.0
65.55958700180054, 43243.0
65.65208911895752, 43353.0
66.00658893585205, 43461.0
66.264643907547, 43596.0
66.80348682403564, 43646.0
67.05893182754517, 43786.0
67.44716000556946, 43876.0
68.38730001449585, 43993.0
68.85185503959656, 44043.0
68.85999298095703, 44185.0
69.01489090919495, 44190.0
69.79726099967957, 44284.0
69.89145112037659, 44400.0
70.15583395957947, 44404.0
74.50686502456665, 44503.0
76.19880700111389, 44578.0
76.53523087501526, 44651.0
76.53990483283997, 44743.0
76.68931198120117, 44894.0
85.27544116973877, 45005.0
89.10017776489258, 45016.0
89.10251784324646, 45198.0
89.55884003639221, 45305.0
90.3353488445282, 45383.0
90.69378304481506, 45495.0
90.75285911560059, 45552.0
91.03089499473572, 45561.0
91.35304689407349, 45593.0
91.78148198127747, 45670.0
92.9115800857544, 45701.0
93.12941884994507, 45856.0
96.09463381767273, 45892.0
96.25131011009216, 45980.0
98.52199792861938, 46071.0
98.72427892684937, 46110.0
98.82553791999817, 46238.0
99.01216101646423, 46400.0
108.74303793907166, 46499.0
109.35348987579346, 46576.0
109.41767811775208, 46596.0
109.9493670463562, 46660.0
110.16087698936462, 46784.0
110.95116591453552, 46802.0
111.14402604103088, 46805.0
111.90396094322205, 46817.0
111.90623617172241, 46978.0
112.14509582519531, 47060.0
112.29839515686035, 47205.0
112.4204089641571, 47305.0
113.46024703979492, 47379.0
113.60209083557129, 47473.0
116.20359802246094, 47537.0
116.34246277809143, 47656.0
116.57756400108337, 47722.0
116.58558797836304, 47892.0
116.89346504211426, 47974.0
116.92406892776489, 48090.0
121.28667902946472, 48098.0
125.05413293838501, 48285.0
125.09354209899902, 48399.0
138.10334086418152, 48498.0
138.48496198654175, 48566.0
138.51185774803162, 48699.0
140.52742290496826, 48745.0
140.6506679058075, 48773.0
140.6719570159912, 48905.0
141.06741499900818, 48967.0
141.31984305381775, 49102.0
141.5049021244049, 49190.0
141.88817715644836, 49275.0
142.45982694625854, 49379.0
143.04653406143188, 49450.0
143.1182210445404, 49479.0
143.60011887550354, 49502.0
144.46522283554077, 49590.0
159.09857606887817, 49601.0
159.74301195144653, 49643.0
159.87811994552612, 49746.0
159.9854838848114, 49883.0
172.91970205307007, 49993.0
173.40423703193665, 50056.0
173.66237497329712, 50071.0
173.7145619392395, 50083.0
173.93354892730713, 50094.0
174.36871194839478, 50095.0
174.82522797584534, 50197.0
175.3185329437256, 50283.0
175.32337999343872, 50402.0
175.81283974647522, 50459.0
175.91879796981812, 50578.0
175.91998410224915, 50694.0
185.60692811012268, 50703.0
186.70067501068115, 50785.0
186.70409893989563, 50903.0
200.6902298927307, 50994.0
208.97116994857788, 50995.0
209.28078985214233, 51082.0
209.41043186187744, 51088.0
282.85148882865906, 51141.0
282.8526759147644, 51293.0
282.9011149406433, 51304.0
283.2377679347992, 51341.0
283.2885990142822, 51483.0
283.3415358066559, 51501.0
294.7061688899994, 51505.0
400.6304008960724, 51592.0
400.95709800720215, 51686.0
401.21493792533875, 51693.0
401.73405504226685, 51705.0
424.0992519855499, 51782.0
424.27704787254333, 51899.0
425.428111076355, 51902.0
426.48264384269714, 51923.0
426.51459193229675, 52084.0
428.2734799385071, 52091.0
428.4000279903412, 52195.0
518.4711210727692, 52201.0
518.825786113739, 52296.0
518.8367409706116, 52340.0
518.9162058830261, 52456.0
518.9991648197174, 52556.0
519.0547828674316, 52585.0
519.1701509952545, 52594.0
519.2775537967682, 52655.0
519.2997479438782, 52797.0
