0.0, 5093.0
0.6988010406494141, 5094.0
1.3473339080810547, 5117.0
1.4546730518341064, 5237.0
1.458266258239746, 5313.0
1.5716631412506104, 5363.0
1.7000839710235596, 5469.0
1.776684045791626, 5576.0
1.8392300605773926, 5606.0
1.8400931358337402, 5734.0
6.860887050628662, 5749.0
6.86175012588501, 5803.0
6.863250970840454, 5860.0
11.366530179977417, 5917.0
11.470582008361816, 5918.0
11.511085271835327, 5958.0
11.513111114501953, 5992.0
11.51497507095337, 5993.0
11.579946994781494, 6074.0
11.639682054519653, 6089.0
11.661721229553223, 6101.0
58.66447901725769, 6106.0
58.66997218132019, 6165.0
58.813759088516235, 6169.0
58.819170236587524, 6180.0
58.86549711227417, 6181.0
59.458038091659546, 6239.0
60.13517117500305, 6351.0
60.13722014427185, 6405.0
101.36606216430664, 6591.0
101.39586114883423, 6600.0
101.3973650932312, 6613.0
101.44319415092468, 6648.0
101.47784090042114, 6673.0
101.50935196876526, 6803.0
101.61525011062622, 6819.0
454.3606562614441, 6894.0
454.7288010120392, 6912.0
457.5389881134033, 7005.0
457.54544019699097, 7006.0
457.64190697669983, 7009.0
457.78454208374023, 7020.0
457.82312417030334, 7021.0
457.99812507629395, 7078.0
458.3250722885132, 7105.0
458.8102271556854, 7142.0
458.9400911331177, 7160.0
