0.0, 55395.0
0.6662328243255615, 55552.0
0.850395917892456, 56215.0
1.5674920082092285, 56935.0
1.8305060863494873, 56969.0
3.8470358848571777, 57267.0
4.237544059753418, 57657.0
4.2439188957214355, 58504.0
5.4304211139678955, 59157.0
5.433847904205322, 59241.0
5.480664968490601, 59715.0
5.7121901512146, 59787.0
5.723877906799316, 60112.0
5.85059118270874, 60914.0
6.169811964035034, 61404.0
6.324608087539673, 61776.0
6.3799169063568115, 62535.0
6.595515012741089, 62801.0
9.649959087371826, 62904.0
9.894479990005493, 63788.0
11.764302015304565, 64222.0
11.944724082946777, 64830.0
11.976441860198975, 65157.0
12.134018898010254, 65841.0
12.34658694267273, 65951.0
12.84636402130127, 66716.0
16.386735916137695, 67372.0
16.666059017181396, 67861.0
16.670609951019287, 68589.0
16.86895179748535, 69031.0
17.580206871032715, 69044.0
17.68849205970764, 69691.0
17.80659008026123, 70054.0
18.142770051956177, 71052.0
18.1938579082489, 71261.0
18.3606059551239, 71771.0
18.384562969207764, 72478.0
18.771915197372437, 73061.0
19.06223702430725, 73852.0
19.28817105293274, 74305.0
20.06771993637085, 74432.0
20.65401291847229, 75291.0
21.482057094573975, 75969.0
21.724474906921387, 76488.0
22.54052209854126, 76874.0
23.395156145095825, 76921.0
23.492291927337646, 77242.0
23.494571208953857, 77592.0
23.589168071746826, 78046.0
23.698248147964478, 78389.0
24.397369861602783, 78610.0
27.06287384033203, 78838.0
27.20268702507019, 79072.0
29.20230507850647, 79177.0
29.255937814712524, 79947.0
29.260342121124268, 79983.0
29.367180109024048, 80968.0
29.671849012374878, 81236.0
29.846439123153687, 81431.0
29.850929975509644, 82075.0
29.963274002075195, 82761.0
30.643944025039673, 83314.0
31.02092695236206, 83837.0
31.2254319190979, 84266.0
31.306241035461426, 85253.0
31.641887187957764, 85970.0
31.64849281311035, 86889.0
31.74143123626709, 87425.0
32.0434410572052, 87868.0
32.04571509361267, 88093.0
32.07805800437927, 88770.0
32.086978912353516, 88928.0
32.35137915611267, 89579.0
32.809847831726074, 89596.0
32.85871195793152, 90081.0
33.898406982421875, 90821.0
33.98846197128296, 91808.0
34.80106806755066, 92610.0
34.86820316314697, 93296.0
35.02251601219177, 93853.0
37.454732179641724, 94030.0
37.45700478553772, 94472.0
37.61951398849487, 94478.0
37.652820110321045, 95046.0
37.69026017189026, 95418.0
37.81175398826599, 96294.0
37.906805992126465, 96685.0
37.909064054489136, 97489.0
38.82974815368652, 97671.0
39.85552382469177, 97891.0
40.3569130897522, 98490.0
40.49919009208679, 99310.0
43.60137891769409, 99435.0
43.799275159835815, 100066.0
44.649044036865234, 100776.0
45.09319090843201, 101145.0
45.16791892051697, 101699.0
46.3077609539032, 101730.0
46.31004285812378, 102219.0
46.35396599769592, 102472.0
46.35611891746521, 103114.0
46.39566087722778, 103930.0
48.76528191566467, 104578.0
49.60452580451965, 104592.0
49.648940086364746, 105386.0
49.69347786903381, 105881.0
50.004456996917725, 106373.0
50.13067984580994, 106601.0
50.13516807556152, 107273.0
50.164488077163696, 107551.0
50.20445394515991, 108287.0
50.61889386177063, 108805.0
50.749655961990356, 108912.0
51.15775012969971, 109107.0
51.31957197189331, 109293.0
51.328381061553955, 109862.0
51.33928298950195, 110691.0
51.74457311630249, 110973.0
51.79841899871826, 111143.0
52.91008901596069, 111643.0
53.254148960113525, 111694.0
53.68983316421509, 112296.0
53.85129714012146, 112867.0
54.26582098007202, 112941.0
54.356525897979736, 113011.0
54.4575572013855, 113457.0
54.49976706504822, 113594.0
54.64549517631531, 114480.0
54.86523699760437, 115421.0
55.077112913131714, 116259.0
55.1119430065155, 116589.0
55.82911014556885, 117332.0
56.85394215583801, 117425.0
56.85621786117554, 118417.0
56.885586977005005, 118773.0
57.392737865448, 118979.0
57.793437004089355, 119472.0
57.83789801597595, 119940.0
58.35143303871155, 119944.0
58.41471600532532, 120552.0
58.46764922142029, 121170.0
60.49696588516235, 122047.0
62.150038957595825, 122479.0
62.295446157455444, 122561.0
62.338918924331665, 123541.0
62.4004340171814, 123835.0
62.518860816955566, 123869.0
62.946096897125244, 124505.0
63.73202586174011, 124526.0
64.43430399894714, 124616.0
65.03457498550415, 124705.0
65.12989497184753, 125616.0
65.53539490699768, 125962.0
65.53760504722595, 126903.0
65.53977608680725, 127446.0
65.6929030418396, 128430.0
65.72948694229126, 128881.0
65.89722204208374, 129392.0
66.70037698745728, 129747.0
66.96970510482788, 129941.0
66.97420191764832, 130337.0
66.97860789299011, 130919.0
67.31542420387268, 130928.0
67.40651607513428, 131791.0
67.53957414627075, 132601.0
68.30087208747864, 132886.0
68.94519519805908, 133616.0
69.74991703033447, 134184.0
70.17487907409668, 134329.0
70.17716407775879, 134712.0
70.21368408203125, 135583.0
70.68820691108704, 135953.0
70.82808518409729, 136277.0
70.90838193893433, 136336.0
71.14901113510132, 136458.0
72.02112793922424, 137363.0
73.45640206336975, 137397.0
73.48174595832825, 138005.0
74.29400610923767, 138064.0
74.30544996261597, 138103.0
74.3318841457367, 138935.0
74.3363869190216, 139435.0
74.50038886070251, 140326.0
74.69033312797546, 140767.0
74.78157806396484, 141224.0
74.85281491279602, 141562.0
74.86289596557617, 141671.0
74.90430283546448, 142057.0
77.41812705993652, 142228.0
77.81080293655396, 142451.0
78.55352306365967, 142719.0
78.58447194099426, 142749.0
78.61768102645874, 142931.0
78.74120688438416, 143776.0
79.44826602935791, 144099.0
79.5768609046936, 144714.0
79.63102197647095, 144921.0
79.63589596748352, 145082.0
79.6747190952301, 145174.0
79.74776411056519, 145278.0
79.81888389587402, 145708.0
80.89595293998718, 146269.0
81.548348903656, 146580.0
81.75930404663086, 147007.0
81.98185992240906, 147154.0
82.16268396377563, 147263.0
82.16715407371521, 147975.0
82.45219206809998, 148368.0
82.54702591896057, 148832.0
83.42669200897217, 149050.0
83.75829601287842, 149589.0
83.98090505599976, 149669.0
84.15183806419373, 150019.0
84.18246006965637, 150135.0
84.18709802627563, 151104.0
84.32825207710266, 151188.0
84.34720802307129, 151588.0
84.43025493621826, 152320.0
84.45772409439087, 152939.0
84.57777690887451, 153455.0
84.71614813804626, 153659.0
84.75180912017822, 153678.0
86.15666222572327, 153880.0
86.40664005279541, 153981.0
86.46642208099365, 154109.0
86.730712890625, 154263.0
87.24806785583496, 154587.0
87.30810713768005, 155235.0
87.48947310447693, 155664.0
88.5124979019165, 155851.0
88.87294006347656, 156107.0
89.02012491226196, 156556.0
89.04746413230896, 156782.0
89.08469009399414, 157382.0
89.5148389339447, 157652.0
89.59019804000854, 158105.0
89.64602088928223, 158667.0
90.01383304595947, 159099.0
90.04287815093994, 159363.0
90.04516410827637, 160334.0
90.19175100326538, 160686.0
90.50872778892517, 161022.0
90.60220408439636, 161701.0
90.69340801239014, 162516.0
90.87155604362488, 163374.0
91.80808091163635, 163512.0
91.83266592025757, 163985.0
91.98296618461609, 164398.0
92.07814693450928, 164886.0
92.1364381313324, 165591.0
94.43747115135193, 166450.0
94.47206997871399, 167136.0
94.50119686126709, 168066.0
94.9874939918518, 168338.0
95.35267376899719, 168780.0
95.53328013420105, 168900.0
95.56805896759033, 169446.0
96.46840715408325, 169784.0
96.56644320487976, 170758.0
96.5973699092865, 170761.0
96.71770000457764, 171217.0
97.44105195999146, 171251.0
97.58814907073975, 171314.0
97.5904631614685, 172202.0
97.68271899223328, 173099.0
97.70956206321716, 173872.0
97.80752301216125, 174269.0
97.86104202270508, 174900.0
98.0876100063324, 174909.0
98.93155694007874, 175356.0
99.69591784477234, 175444.0
99.7497980594635, 175643.0
99.9918200969696, 176568.0
100.292720079422, 176601.0
100.56740212440491, 177235.0
100.59074282646179, 178217.0
100.71112298965454, 178489.0
100.87259101867676, 179473.0
101.1467649936676, 180260.0
101.74659705162048, 180625.0
102.05493688583374, 180675.0
105.01973581314087, 181227.0
105.02424502372742, 181846.0
105.07809209823608, 182071.0
105.4696478843689, 182132.0
105.50526714324951, 183044.0
105.68548893928528, 183512.0
105.7758719921112, 184293.0
105.8408510684967, 184580.0
105.93023300170898, 185559.0
106.2605562210083, 186142.0
107.08301711082458, 186557.0
107.13921117782593, 187111.0
108.19324994087219, 187506.0
109.65165901184082, 187676.0
109.76976013183594, 187947.0
109.83488011360168, 188831.0
109.90139985084534, 189145.0
109.955815076828, 189839.0
110.07454299926758, 190316.0
110.134761095047, 190421.0
110.1934700012207, 191241.0
110.28123497962952, 192002.0
110.29018306732178, 192259.0
110.34823799133301, 192333.0
110.4788408279419, 192613.0
110.9900062084198, 193398.0
115.07050514221191, 193803.0
115.15682911872864, 194312.0
115.21533203125, 194607.0
115.42532300949097, 194765.0
115.42983508110046, 195046.0
115.5503261089325, 195559.0
115.64714884757996, 195657.0
116.22305703163147, 196273.0
116.24759411811829, 196747.0
116.37259912490845, 197251.0
119.77903699874878, 197602.0
120.59809899330139, 197880.0
121.05132818222046, 198358.0
121.23277711868286, 198630.0
121.38456988334656, 198851.0
121.49875998497009, 199750.0
122.20194697380066, 200269.0
122.31422901153564, 200831.0
122.53854489326477, 201495.0
122.8045060634613, 201987.0
122.9208631515503, 202771.0
123.46400809288025, 202897.0
125.2169291973114, 202914.0
125.76210808753967, 203296.0
125.76438093185425, 204080.0
125.79127883911133, 205055.0
126.87751007080078, 205509.0
128.9992961883545, 205945.0
129.08159112930298, 205971.0
129.1437029838562, 206738.0
129.35220217704773, 206979.0
129.56938409805298, 207279.0
132.8687708377838, 207316.0
133.04547095298767, 208141.0
135.6478509902954, 208511.0
135.77353501319885, 209497.0
135.9536669254303, 209725.0
137.00489616394043, 209734.0
137.1570119857788, 210576.0
137.51523685455322, 211563.0
138.39770197868347, 211811.0
138.42009091377258, 212568.0
138.45377206802368, 213340.0
138.75622701644897, 213700.0
139.17696118354797, 213942.0
139.72402381896973, 214127.0
139.76350283622742, 214136.0
139.87640619277954, 214548.0
140.93081307411194, 214744.0
141.08066487312317, 215197.0
142.0078830718994, 215820.0
142.01020503044128, 216298.0
142.04377603530884, 216938.0
142.77431297302246, 217283.0
142.83466720581055, 217608.0
143.18961691856384, 217715.0
143.2210350036621, 218239.0
145.17542505264282, 218714.0
146.28778982162476, 218766.0
147.2217161655426, 218909.0
147.2240447998047, 219741.0
147.28003787994385, 220145.0
147.4674220085144, 220614.0
147.55942296981812, 220732.0
147.61767101287842, 221304.0
148.69864201545715, 221871.0
148.88289213180542, 222601.0
149.15104484558105, 223587.0
149.17788910865784, 224158.0
149.3346540927887, 224593.0
149.89802503585815, 225074.0
149.95730113983154, 225326.0
154.7946388721466, 225998.0
157.26599192619324, 226196.0
157.38890504837036, 226845.0
179.41878509521484, 227628.0
179.57754516601562, 228040.0
179.6697599887848, 228218.0
179.76146006584167, 229208.0
179.94353103637695, 229530.0
179.97497987747192, 229694.0
180.15354824066162, 229904.0
180.18491983413696, 230188.0
180.6701419353485, 230826.0
182.07635688781738, 230932.0
182.2330310344696, 231347.0
182.77939319610596, 231403.0
183.17072010040283, 231845.0
183.53582191467285, 232655.0
183.6617569923401, 232989.0
183.8456630706787, 233550.0
183.87259101867676, 233896.0
184.3277280330658, 234357.0
184.6257119178772, 234913.0
184.95718502998352, 235132.0
191.70270013809204, 235751.0
192.53838896751404, 235807.0
205.42670488357544, 235825.0
205.43356084823608, 236516.0
205.52547001838684, 237287.0
227.13376116752625, 237922.0
227.9762680530548, 238099.0
228.0986750125885, 238398.0
228.86035323143005, 238696.0
230.366366147995, 238828.0
230.37312698364258, 239558.0
230.4384729862213, 239975.0
230.44081115722656, 240400.0
230.4577031135559, 240994.0
230.75717520713806, 241007.0
231.19020199775696, 241037.0
237.44798016548157, 241163.0
237.68015098571777, 241945.0
237.84776401519775, 242074.0
247.0407199859619, 242758.0
247.098956823349, 242976.0
251.33633494377136, 243315.0
251.3909010887146, 243422.0
251.44455099105835, 244332.0
252.23382997512817, 244638.0
252.75724911689758, 245369.0
253.08275198936462, 246054.0
253.26916098594666, 246527.0
253.9241020679474, 247092.0
253.95326018333435, 247271.0
254.05061101913452, 247497.0
254.71009278297424, 248292.0
255.98118996620178, 248492.0
256.4641580581665, 248634.0
256.5500271320343, 249268.0
258.84832191467285, 249411.0
260.1349320411682, 249939.0
260.1395061016083, 250412.0
260.451514005661, 250438.0
262.0671560764313, 250751.0
262.08177495002747, 251038.0
262.303848028183, 251494.0
262.38785099983215, 251512.0
262.4503560066223, 251935.0
262.5423860549927, 252793.0
263.7233190536499, 252994.0
263.7503387928009, 253331.0
263.77950501441956, 253916.0
264.20723700523376, 254625.0
264.2657051086426, 254673.0
264.35399413108826, 254687.0
264.41477704048157, 255188.0
264.5653829574585, 255317.0
264.9586980342865, 255643.0
265.02149415016174, 256590.0
265.93032789230347, 256976.0
266.170352935791, 257406.0
266.28519201278687, 258077.0
266.50032591819763, 258455.0
266.83100509643555, 258532.0
267.27586102485657, 258667.0
269.3475570678711, 258810.0
269.7727129459381, 258818.0
269.8289098739624, 259475.0
272.44293308258057, 259640.0
273.41672801971436, 259902.0
273.51144194602966, 260787.0
273.66124510765076, 260910.0
273.69753098487854, 261295.0
274.2353479862213, 261817.0
274.9377999305725, 262171.0
275.0233769416809, 262562.0
275.1178719997406, 263142.0
275.29770612716675, 263847.0
275.65899991989136, 264253.0
275.7446060180664, 265034.0
276.38196301460266, 265044.0
276.4135539531708, 265587.0
277.1191198825836, 265621.0
277.4121298789978, 265912.0
277.6453740596771, 266049.0
277.79795479774475, 266094.0
277.89044308662415, 266430.0
302.15367007255554, 266759.0
302.3153328895569, 267354.0
302.3446538448334, 267367.0
302.5820460319519, 267519.0
305.55473279953003, 267856.0
305.6065309047699, 267977.0
306.9708330631256, 268403.0
307.0000579357147, 268431.0
307.054044008255, 269402.0
384.17484402656555, 269889.0
384.26361298561096, 270214.0
384.29542899131775, 270408.0
384.8943588733673, 270420.0
384.92146396636963, 270557.0
385.26830291748047, 270616.0
385.5638520717621, 271303.0
385.7227280139923, 271320.0
387.87019395828247, 271396.0
388.76937198638916, 271431.0
388.8597180843353, 272000.0
388.8887791633606, 272251.0
388.8912019729614, 272268.0
388.98907709121704, 273084.0
389.3540470600128, 273667.0
463.797709941864, 273734.0
463.836452960968, 273895.0
463.96884417533875, 274169.0
464.1946909427643, 275012.0
464.42294788360596, 275069.0
472.6112070083618, 275219.0
472.79185605049133, 275608.0
472.9721429347992, 275641.0
473.038419008255, 275744.0
473.0995559692383, 275801.0
492.4781358242035, 275954.0
492.75701785087585, 276159.0
493.64598989486694, 276448.0
