0.0, 30605.0
2.732274055480957, 30695.0
3.0573320388793945, 30805.0
3.065474033355713, 30865.0
3.123400926589966, 31072.0
3.1859829425811768, 31204.0
5.85086989402771, 31283.0
6.074045896530151, 31393.0
6.473190069198608, 31697.0
6.892510175704956, 31698.0
6.8936450481414795, 32057.0
7.057694911956787, 32173.0
7.1105570793151855, 32369.0
7.1204750537872314, 32479.0
7.73376727104187, 32512.0
7.743895053863525, 32620.0
7.858637094497681, 32750.0
8.132657051086426, 32864.0
8.380324125289917, 32971.0
8.432768106460571, 33074.0
8.471179008483887, 33092.0
8.794157981872559, 33177.0
8.869707107543945, 33226.0
8.871906995773315, 33371.0
8.878870010375977, 33504.0
9.033528089523315, 33573.0
9.067708253860474, 33796.0
9.424222946166992, 33902.0
9.477282047271729, 34005.0
10.158306121826172, 34070.0
10.222791194915771, 34231.0
10.22499394416809, 34380.0
10.238452911376953, 34505.0
10.736758947372437, 34604.0
10.856755256652832, 34655.0
10.912085056304932, 34802.0
11.36596393585205, 34904.0
11.96920394897461, 34993.0
11.977012872695923, 35301.0
12.533060073852539, 35304.0
12.712883949279785, 35346.0
12.844883918762207, 35493.0
13.369768142700195, 35583.0
13.51487421989441, 35686.0
13.965383052825928, 35699.0
14.295150995254517, 35799.0
14.591921091079712, 35971.0
14.594158172607422, 36188.0
14.60525107383728, 36248.0
14.66248607635498, 36277.0
14.811198949813843, 36386.0
14.929898977279663, 36404.0
15.19925308227539, 36414.0
15.309324026107788, 36573.0
15.36362600326538, 36753.0
15.403594970703125, 36862.0
15.495130062103271, 36960.0
15.499902963638306, 37098.0
15.855122089385986, 37204.0
16.26201319694519, 37282.0
16.952741146087646, 37301.0
17.17471718788147, 37388.0
17.218744039535522, 37489.0
17.3661150932312, 37605.0
17.545265197753906, 37607.0
17.551878213882446, 37728.0
17.84216594696045, 37842.0
17.85438299179077, 37973.0
17.985169172286987, 38071.0
18.70844006538391, 38234.0
18.76020097732544, 38403.0
19.508467197418213, 38410.0
19.554122924804688, 38596.0
19.821058988571167, 38620.0
19.86109685897827, 38804.0
20.444917917251587, 38834.0
20.542211055755615, 38904.0
21.061171293258667, 38999.0
21.617151975631714, 39033.0
21.61941123008728, 39148.0
21.76163911819458, 39271.0
22.037391185760498, 39305.0
22.617175102233887, 39477.0
22.76390814781189, 39586.0
22.85150408744812, 39595.0
23.694698095321655, 39704.0
24.402489185333252, 39795.0
24.459334135055542, 39912.0
24.656797170639038, 40092.0
24.69447898864746, 40166.0
24.766897201538086, 40193.0
25.233421087265015, 40197.0
25.523426055908203, 40295.0
25.538257122039795, 40396.0
26.848862886428833, 40397.0
26.856627225875854, 40555.0
26.897767066955566, 40683.0
26.89908719062805, 40874.0
26.994554042816162, 40995.0
27.78252601623535, 41091.0
27.977646112442017, 41259.0
28.42227816581726, 41281.0
28.599131107330322, 41400.0
30.364526987075806, 41502.0
30.768381118774414, 41503.0
31.47937297821045, 41601.0
34.06102013587952, 41618.0
34.06910419464111, 41746.0
34.1124210357666, 41864.0
34.597229957580566, 41898.0
34.59839200973511, 42048.0
34.713900089263916, 42082.0
35.207000970840454, 42237.0
35.26063823699951, 42375.0
36.21295714378357, 42383.0
36.60351610183716, 42463.0
36.857982873916626, 42497.0
36.90837597846985, 42700.0
37.21042513847351, 42764.0
37.295753955841064, 42867.0
37.35195016860962, 42875.0
37.46956014633179, 42977.0
37.48474907875061, 43093.0
37.61063289642334, 43203.0
39.15583801269531, 43243.0
39.210509061813354, 43353.0
39.408231258392334, 43461.0
39.556151151657104, 43596.0
39.82533597946167, 43646.0
39.958518981933594, 43786.0
40.15828609466553, 43876.0
40.578333139419556, 43993.0
40.793607234954834, 44043.0
40.84152007102966, 44185.0
40.94300317764282, 44190.0
41.41406798362732, 44284.0
41.46553587913513, 44400.0
41.64074110984802, 44404.0
43.91214203834534, 44503.0
44.82839226722717, 44578.0
44.91575217247009, 44651.0
44.97122621536255, 44743.0
45.07693314552307, 44894.0
49.71617102622986, 45005.0
52.160480976104736, 45016.0
52.16282320022583, 45198.0
52.48952102661133, 45305.0
53.00364685058594, 45383.0
53.27097487449646, 45495.0
53.37309408187866, 45552.0
53.52903604507446, 45561.0
53.75190496444702, 45593.0
54.121501207351685, 45670.0
54.86411905288696, 45701.0
55.010464906692505, 45856.0
57.53152894973755, 45892.0
57.6866660118103, 45980.0
59.57318186759949, 46071.0
59.78333306312561, 46110.0
59.87053203582764, 46238.0
59.96800398826599, 46400.0
69.10937809944153, 46499.0
69.73649406433105, 46576.0
69.79483318328857, 46596.0
70.25245308876038, 46660.0
70.45061111450195, 46784.0
71.31616520881653, 46802.0
71.49465489387512, 46805.0
72.19664311408997, 46817.0
72.23262619972229, 46978.0
72.4168529510498, 47060.0
72.58949613571167, 47205.0
72.78192615509033, 47305.0
73.86261296272278, 47379.0
74.0522210597992, 47473.0
76.60496401786804, 47537.0
76.69545698165894, 47656.0
76.898118019104, 47722.0
76.94870615005493, 47892.0
77.24379420280457, 47974.0
77.28127717971802, 48090.0
81.2853581905365, 48098.0
84.909343957901, 48285.0
84.96210598945618, 48399.0
97.96223616600037, 48498.0
98.3647871017456, 48566.0
98.39051413536072, 48699.0
100.48989009857178, 48745.0
100.62751412391663, 48773.0
100.66555595397949, 48905.0
101.05342102050781, 48967.0
101.30435514450073, 49102.0
101.45204019546509, 49190.0
101.87513399124146, 49275.0
102.18350625038147, 49379.0
102.63414120674133, 49450.0
102.70471119880676, 49479.0
103.08750414848328, 49502.0
103.87428092956543, 49590.0
117.62579202651978, 49601.0
118.19106006622314, 49643.0
118.40026497840881, 49746.0
118.49773907661438, 49883.0
130.99326515197754, 49993.0
131.48225092887878, 50056.0
131.73449897766113, 50071.0
131.83394718170166, 50083.0
132.05340695381165, 50094.0
132.4802942276001, 50095.0
132.91784119606018, 50197.0
133.3477349281311, 50283.0
133.34992003440857, 50402.0
133.91631507873535, 50459.0
134.0119731426239, 50578.0
134.0439600944519, 50694.0
143.71216011047363, 50703.0
144.85425209999084, 50785.0
144.91339206695557, 50903.0
157.93018698692322, 50994.0
165.7434470653534, 50995.0
166.04783511161804, 51082.0
166.18416905403137, 51088.0
241.86710214614868, 51141.0
241.88692808151245, 51293.0
241.9714548587799, 51304.0
242.3312840461731, 51341.0
242.39943504333496, 51483.0
242.4380521774292, 51501.0
254.37298107147217, 51505.0
361.849986076355, 51592.0
362.107577085495, 51686.0
362.35952711105347, 51693.0
362.7186141014099, 51705.0
385.576189994812, 51782.0
385.73259687423706, 51899.0
386.87911796569824, 51902.0
388.0530481338501, 51923.0
388.09031105041504, 52084.0
389.87064123153687, 52091.0
389.99388217926025, 52195.0
476.5692181587219, 52201.0
476.8275270462036, 52296.0
476.8451089859009, 52340.0
476.8517429828644, 52456.0
476.90468096733093, 52556.0
476.9808931350708, 52585.0
477.1053810119629, 52594.0
477.26151490211487, 52655.0
477.2666711807251, 52797.0
