0.0, 24793.0
1.9181480407714844, 24806.0
1.9246251583099365, 24970.0
2.938762903213501, 24999.0
3.173145055770874, 25025.0
3.343092918395996, 25044.0
3.4579601287841797, 25218.0
3.515458106994629, 25237.0
4.212483167648315, 25259.0
5.7081451416015625, 25317.0
5.887892961502075, 25360.0
6.026299238204956, 25363.0
6.089832305908203, 25397.0
7.0485711097717285, 25406.0
7.0852210521698, 25562.0
7.318145036697388, 25622.0
8.908190250396729, 25761.0
9.055999040603638, 25794.0
9.164055109024048, 25843.0
9.274654150009155, 25902.0
13.439005136489868, 25966.0
13.778985977172852, 25988.0
13.82597804069519, 26060.0
14.17935824394226, 26176.0
14.232088088989258, 26303.0
14.75681209564209, 26328.0
19.07834506034851, 26384.0
19.18810224533081, 26510.0
19.194706201553345, 26511.0
19.320075035095215, 26524.0
19.769840240478516, 26525.0
20.07530426979065, 26590.0
20.341914176940918, 26661.0
20.597811222076416, 26727.0
20.72681999206543, 26728.0
20.777172088623047, 26755.0
36.961726903915405, 26852.0
37.16407012939453, 26953.0
37.86605787277222, 26983.0
37.8723828792572, 27039.0
40.23277306556702, 27158.0
40.66606402397156, 27215.0
41.37055420875549, 27236.0
70.2677550315857, 27278.0
70.35235714912415, 27419.0
70.39155602455139, 27567.0
70.39826917648315, 27646.0
95.17926120758057, 27689.0
95.37883424758911, 27755.0
95.41985726356506, 27756.0
95.52266597747803, 27850.0
95.53083109855652, 27851.0
95.6759660243988, 27862.0
95.82199287414551, 27919.0
96.27776002883911, 27958.0
96.31221508979797, 28106.0
97.8598792552948, 28187.0
97.98526310920715, 28312.0
98.39095115661621, 28340.0
98.7708899974823, 28386.0
261.4681751728058, 28458.0
262.66236996650696, 28478.0
262.80006408691406, 28503.0
262.8532609939575, 28536.0
263.3591458797455, 28555.0
263.3881299495697, 28675.0
263.4955680370331, 28684.0
263.58171105384827, 28737.0
263.7584729194641, 28897.0
263.8057153224945, 28903.0
263.98896312713623, 28956.0
264.2386951446533, 29069.0
