0.0, 11919.0
1.3546850681304932, 11957.0
1.3559050559997559, 12065.0
1.4174890518188477, 12208.0
1.9026298522949219, 12337.0
1.955383062362671, 12508.0
2.168393135070801, 12584.0
2.2219951152801514, 12702.0
2.4220759868621826, 12767.0
2.4899189472198486, 12912.0
2.644676923751831, 13063.0
2.7819979190826416, 13068.0
2.8217720985412598, 13152.0
2.8225209712982178, 13269.0
2.8776750564575195, 13377.0
2.879802942276001, 13509.0
2.9983980655670166, 13618.0
3.4510419368743896, 13664.0
3.6569979190826416, 13765.0
3.657865047454834, 13887.0
3.6593129634857178, 14006.0
3.9599430561065674, 14012.0
3.997537136077881, 14115.0
4.101125955581665, 14216.0
4.276956081390381, 14346.0
4.279872179031372, 14469.0
4.352505922317505, 14593.0
4.35857892036438, 14596.0
4.56760311126709, 14688.0
4.7346720695495605, 14690.0
4.7804319858551025, 14801.0
4.783873796463013, 14915.0
5.2362730503082275, 15082.0
5.23841118812561, 15295.0
5.371308088302612, 15399.0
5.593387126922607, 15414.0
5.634418964385986, 15519.0
5.814568042755127, 15616.0
6.045571804046631, 15676.0
6.075286865234375, 15816.0
6.583683013916016, 15913.0
6.734698057174683, 15937.0
6.7381370067596436, 16073.0
6.794913053512573, 16090.0
6.8505859375, 16105.0
6.85519814491272, 16214.0
6.900674819946289, 16317.0
6.919548988342285, 16407.0
7.433912992477417, 16511.0
7.954941034317017, 16675.0
7.961880922317505, 16789.0
8.035433053970337, 16907.0
8.088941812515259, 16910.0
8.191502809524536, 17015.0
8.861608028411865, 17118.0
9.242316961288452, 17135.0
9.2465500831604, 17257.0
9.30473780632019, 17302.0
9.684134006500244, 17393.0
9.717593908309937, 17396.0
9.879553079605103, 17569.0
9.901042938232422, 17710.0
9.955276012420654, 17765.0
9.970954179763794, 17994.0
10.02659010887146, 18008.0
10.92936897277832, 18114.0
11.395226001739502, 18190.0
16.31678295135498, 18300.0
16.96633005142212, 18390.0
17.31833004951477, 18416.0
17.51369881629944, 18503.0
17.70959997177124, 18611.0
17.799762964248657, 18718.0
17.948535919189453, 18796.0
17.95734691619873, 18797.0
18.190068006515503, 18913.0
19.273895978927612, 18986.0
19.27479887008667, 19089.0
19.3041250705719, 19108.0
19.42038106918335, 19114.0
19.47185707092285, 19180.0
19.4755117893219, 19296.0
19.67669701576233, 19385.0
19.677979946136475, 19488.0
19.730067014694214, 19605.0
19.811722993850708, 19710.0
19.978878021240234, 19739.0
19.98582887649536, 19782.0
20.213340044021606, 19796.0
24.43145775794983, 19917.0
27.69992995262146, 19977.0
27.703477144241333, 20085.0
27.85105800628662, 20300.0
28.130449056625366, 20302.0
28.277495861053467, 20403.0
37.32598519325256, 20477.0
37.32989287376404, 20610.0
37.3690710067749, 20713.0
38.384721994400024, 20715.0
38.39144992828369, 20720.0
38.4433970451355, 20825.0
38.483144998550415, 20977.0
38.64089798927307, 21061.0
39.26345705986023, 21085.0
39.30581212043762, 21194.0
39.381832122802734, 21300.0
39.42072415351868, 21403.0
53.010663986206055, 21419.0
57.14252185821533, 21483.0
57.33423709869385, 21555.0
57.352210998535156, 21660.0
57.461479902267456, 21688.0
57.462398052215576, 21808.0
57.5714111328125, 21859.0
57.868715047836304, 21893.0
59.47369408607483, 22006.0
