0.0, 3989.0
0.19973301887512207, 4091.0
0.363483190536499, 4632.0
0.4891510009765625, 5046.0
0.490706205368042, 5130.0
0.49074721336364746, 5246.0
0.4907870292663574, 6238.0
0.49379920959472656, 6376.0
0.5975511074066162, 6476.0
0.6004891395568848, 6833.0
0.8560309410095215, 7068.0
0.8565480709075928, 7353.0
0.9734220504760742, 7508.0
1.0751490592956543, 7655.0
1.0772461891174316, 8296.0
3.280316114425659, 8538.0
4.030184268951416, 8900.0
4.033310174942017, 9789.0
5.879152059555054, 9940.0
6.095319032669067, 9959.0
6.546159029006958, 9960.0
6.646650075912476, 10472.0
6.648190975189209, 10566.0
8.040434122085571, 10631.0
