0.0, 30605.0
2.8713390827178955, 30695.0
3.2500460147857666, 30805.0
3.348371982574463, 30865.0
3.3743491172790527, 31072.0
3.5590591430664062, 31204.0
6.308078289031982, 31283.0
6.566580057144165, 31393.0
6.952428102493286, 31697.0
7.370690107345581, 31698.0
7.37452507019043, 32057.0
7.533802032470703, 32173.0
7.54472017288208, 32369.0
7.601733207702637, 32479.0
8.175437211990356, 32512.0
8.177722215652466, 32620.0
8.280091285705566, 32750.0
8.600429058074951, 32864.0
8.703717231750488, 32971.0
8.754319190979004, 33074.0
8.801732301712036, 33092.0
9.161205053329468, 33177.0
9.219024181365967, 33226.0
9.286786079406738, 33371.0
9.295015096664429, 33504.0
9.439014196395874, 33573.0
9.48530626296997, 33796.0
9.81882905960083, 33902.0
9.859740972518921, 34005.0
10.535584211349487, 34070.0
10.583354234695435, 34231.0
10.642232179641724, 34380.0
10.687531232833862, 34505.0
11.017189264297485, 34604.0
11.197295188903809, 34655.0
11.203975200653076, 34802.0
11.76972222328186, 34904.0
12.175220012664795, 34993.0
12.25717306137085, 35301.0
13.035192251205444, 35304.0
13.284122228622437, 35346.0
13.518381118774414, 35493.0
14.052449226379395, 35583.0
14.180885076522827, 35686.0
14.592015266418457, 35699.0
14.84602403640747, 35799.0
15.095752000808716, 35971.0
15.128433227539062, 36188.0
15.23512601852417, 36248.0
15.23845624923706, 36277.0
15.632971048355103, 36386.0
15.680249214172363, 36404.0
16.05493712425232, 36414.0
16.150140285491943, 36573.0
16.16995906829834, 36753.0
16.19678807258606, 36862.0
16.279313325881958, 36960.0
16.3260281085968, 37098.0
16.62579917907715, 37204.0
17.301265239715576, 37282.0
17.850847005844116, 37301.0
18.05690598487854, 37388.0
18.05887532234192, 37489.0
18.22464895248413, 37605.0
18.427492141723633, 37607.0
18.479300260543823, 37728.0
18.744567155838013, 37842.0
18.898334980010986, 37973.0
18.976961135864258, 38071.0
19.61445713043213, 38234.0
19.718613147735596, 38403.0
20.60588026046753, 38410.0
20.70116424560547, 38596.0
21.067856311798096, 38620.0
21.14345908164978, 38804.0
21.652536153793335, 38834.0
21.752310037612915, 38904.0
22.37552523612976, 38999.0
22.71095108985901, 39033.0
22.713199138641357, 39148.0
22.81918716430664, 39271.0
23.056157112121582, 39305.0
23.72600507736206, 39477.0
23.92777919769287, 39586.0
24.007041215896606, 39595.0
24.61689305305481, 39704.0
25.35840916633606, 39795.0
25.431254148483276, 39912.0
25.618072271347046, 40092.0
25.705451011657715, 40166.0
25.840644121170044, 40193.0
26.18574595451355, 40197.0
26.469444274902344, 40295.0
26.52475905418396, 40396.0
27.699679136276245, 40397.0
27.76793122291565, 40555.0
27.776214122772217, 40683.0
27.777454137802124, 40874.0
27.896427154541016, 40995.0
28.642752170562744, 41091.0
28.831659078598022, 41259.0
29.27695322036743, 41281.0
29.5129132270813, 41400.0
31.51862406730652, 41502.0
32.12008500099182, 41503.0
32.72401738166809, 41601.0
35.424795150756836, 41618.0
35.45388126373291, 41746.0
35.45734405517578, 41864.0
35.96563410758972, 41898.0
35.9667751789093, 42048.0
36.08944225311279, 42082.0
36.63635301589966, 42237.0
36.665799379348755, 42375.0
37.66641306877136, 42383.0
38.177218198776245, 42463.0
38.42928695678711, 42497.0
38.43033719062805, 42700.0
38.77691411972046, 42764.0
38.83576726913452, 42867.0
38.88248133659363, 42875.0
38.97634816169739, 42977.0
39.03463315963745, 43093.0
39.17963218688965, 43203.0
40.82064628601074, 43243.0
40.86683702468872, 43353.0
41.02652335166931, 43461.0
41.213683128356934, 43596.0
41.516831159591675, 43646.0
41.60941004753113, 43786.0
41.806392192840576, 43876.0
42.30394220352173, 43993.0
42.542543172836304, 44043.0
42.54968810081482, 44185.0
42.6352162361145, 44190.0
43.14761233329773, 44284.0
43.20438814163208, 44400.0
43.32180309295654, 44404.0
45.706193923950195, 44503.0
46.60171818733215, 44578.0
46.75706720352173, 44651.0
46.765385150909424, 44743.0
46.855112075805664, 44894.0
52.36641812324524, 45005.0
55.00287914276123, 45016.0
55.07629323005676, 45198.0
55.40231204032898, 45305.0
55.98261308670044, 45383.0
56.27654814720154, 45495.0
56.321906089782715, 45552.0
56.524585008621216, 45561.0
56.823121309280396, 45593.0
57.13016128540039, 45670.0
57.992177963256836, 45701.0
58.14111518859863, 45856.0
60.85588622093201, 45892.0
60.973286151885986, 45980.0
62.93592309951782, 46071.0
63.22369313240051, 46110.0
63.26594114303589, 46238.0
63.38370108604431, 46400.0
73.43771719932556, 46499.0
74.07655215263367, 46576.0
74.19119429588318, 46596.0
74.69047927856445, 46660.0
74.86394500732422, 46784.0
75.83200430870056, 46802.0
76.0528290271759, 46805.0
76.91755318641663, 46817.0
76.95595335960388, 46978.0
77.2226631641388, 47060.0
77.38279032707214, 47205.0
77.49489212036133, 47305.0
78.64102816581726, 47379.0
78.90946102142334, 47473.0
81.79356503486633, 47537.0
81.92215919494629, 47656.0
82.14330816268921, 47722.0
82.16074013710022, 47892.0
82.42546319961548, 47974.0
82.47456312179565, 48090.0
86.58544635772705, 48098.0
89.85907220840454, 48285.0
89.89807415008545, 48399.0
102.7413330078125, 48498.0
103.12657427787781, 48566.0
103.14225625991821, 48699.0
105.00557708740234, 48745.0
105.10665822029114, 48773.0
105.11747622489929, 48905.0
105.52837204933167, 48967.0
105.78376197814941, 49102.0
105.93740606307983, 49190.0
106.32077121734619, 49275.0
106.59087634086609, 49379.0
107.02895331382751, 49450.0
107.1040551662445, 49479.0
107.47348213195801, 49502.0
108.1566059589386, 49590.0
121.44701433181763, 49601.0
122.00668120384216, 49643.0
122.14607524871826, 49746.0
122.22157716751099, 49883.0
134.36548519134521, 49993.0
134.8245451450348, 50056.0
135.06759405136108, 50071.0
135.16709923744202, 50083.0
135.3550102710724, 50094.0
135.75519013404846, 50095.0
136.17885422706604, 50197.0
136.6163272857666, 50283.0
136.65064311027527, 50402.0
137.1366150379181, 50459.0
137.19707608222961, 50578.0
137.19826412200928, 50694.0
146.89023518562317, 50703.0
147.9569411277771, 50785.0
147.9603841304779, 50903.0
160.76511216163635, 50994.0
168.60567212104797, 50995.0
168.89049911499023, 51082.0
169.02151203155518, 51088.0
242.91582798957825, 51141.0
242.9399642944336, 51293.0
243.02176213264465, 51304.0
243.3372962474823, 51341.0
243.42584419250488, 51483.0
243.4668161869049, 51501.0
254.46809315681458, 51505.0
358.47233724594116, 51592.0
358.7281243801117, 51686.0
359.01617908477783, 51693.0
359.3582260608673, 51705.0
380.9899163246155, 51782.0
381.1475772857666, 51899.0
382.32382011413574, 51902.0
383.29688811302185, 51923.0
383.32458114624023, 52084.0
385.04837918281555, 52091.0
385.1508791446686, 52195.0
477.56050205230713, 52201.0
477.8698523044586, 52296.0
477.9064681529999, 52340.0
477.9110610485077, 52456.0
477.97572922706604, 52556.0
478.055388212204, 52585.0
478.13902711868286, 52594.0
478.2768681049347, 52655.0
478.2854220867157, 52797.0
