0.0, 11919.0
1.513422966003418, 11957.0
1.5147218704223633, 12065.0
1.5820248126983643, 12208.0
2.2222399711608887, 12337.0
2.2240209579467773, 12508.0
2.6020889282226562, 12584.0
2.602947950363159, 12702.0
2.829285144805908, 12767.0
2.8369929790496826, 12912.0
3.0675530433654785, 13063.0
3.1993448734283447, 13068.0
3.2662839889526367, 13152.0
3.267151117324829, 13269.0
3.2728800773620605, 13377.0
3.2746260166168213, 13509.0
3.3969409465789795, 13618.0
3.8781790733337402, 13664.0
4.0000998973846436, 13765.0
4.000960826873779, 13887.0
4.001836061477661, 14006.0
4.250363826751709, 14012.0
4.252152919769287, 14115.0
4.499090909957886, 14216.0
4.613632917404175, 14346.0
4.663410902023315, 14469.0
4.665607929229736, 14593.0
4.670392990112305, 14596.0
4.925564765930176, 14688.0
5.105947732925415, 14690.0
5.116913795471191, 14801.0
5.120345115661621, 14915.0
5.617002964019775, 15082.0
5.618830919265747, 15295.0
5.874974966049194, 15399.0
6.086488962173462, 15414.0
6.089479923248291, 15519.0
6.3047521114349365, 15616.0
6.490691900253296, 15676.0
6.5398290157318115, 15816.0
7.08432674407959, 15913.0
7.11832594871521, 15937.0
7.120502948760986, 16073.0
7.318437814712524, 16090.0
7.398106098175049, 16105.0
7.403596878051758, 16214.0
7.407109022140503, 16317.0
7.54299783706665, 16407.0
8.01850175857544, 16511.0
8.655736923217773, 16675.0
8.716298818588257, 16789.0
8.723069906234741, 16907.0
8.82968807220459, 16910.0
8.892816066741943, 17015.0
9.58722996711731, 17118.0
10.030097723007202, 17135.0
10.034755945205688, 17257.0
10.132592916488647, 17302.0
10.48273491859436, 17393.0
10.488773822784424, 17396.0
10.562910795211792, 17569.0
10.565519094467163, 17710.0
10.708034992218018, 17765.0
10.753963947296143, 17994.0
10.802443027496338, 18008.0
11.774419784545898, 18114.0
12.109447956085205, 18190.0
17.004194021224976, 18300.0
17.624645709991455, 18390.0
17.82194995880127, 18416.0
17.99868392944336, 18503.0
18.14264702796936, 18611.0
18.246652841567993, 18718.0
18.44316267967224, 18796.0
18.512093782424927, 18797.0
18.904844999313354, 18913.0
19.938217878341675, 18986.0
19.93912386894226, 19089.0
19.999216079711914, 19108.0
20.089958906173706, 19114.0
20.24168586730957, 19180.0
20.244435787200928, 19296.0
20.443216800689697, 19385.0
20.444621086120605, 19488.0
20.492604732513428, 19605.0
20.640074014663696, 19710.0
20.70593500137329, 19739.0
20.77270793914795, 19782.0
20.915201902389526, 19796.0
24.678874731063843, 19917.0
28.018719911575317, 19977.0
28.05951189994812, 20085.0
28.208868980407715, 20300.0
28.504919052124023, 20302.0
28.655987977981567, 20403.0
36.956165075302124, 20477.0
36.95971894264221, 20610.0
37.00519394874573, 20713.0
37.87135887145996, 20715.0
37.90946102142334, 20720.0
37.95363712310791, 20825.0
37.959898710250854, 20977.0
38.10691285133362, 21061.0
38.6648108959198, 21085.0
38.67184591293335, 21194.0
38.737576961517334, 21300.0
38.74417996406555, 21403.0
50.86871695518494, 21419.0
54.11491870880127, 21483.0
54.27850699424744, 21555.0
54.364120960235596, 21660.0
54.40278601646423, 21688.0
54.40370988845825, 21808.0
54.495155811309814, 21859.0
54.720587968826294, 21893.0
56.191099882125854, 22006.0
