0.0, 3116.0
0.00302886962890625, 3194.0
0.0035839080810546875, 3303.0
0.006637096405029297, 3354.0
0.007666110992431641, 3457.0
0.008414983749389648, 3605.0
0.22659897804260254, 3678.0
0.23252487182617188, 3787.0
0.23380804061889648, 3903.0
0.3438680171966553, 4068.0
0.3458900451660156, 4204.0
0.3461909294128418, 4496.0
0.44719505310058594, 4576.0
0.44811010360717773, 4696.0
0.4518592357635498, 4778.0
0.4523890018463135, 4885.0
0.5932550430297852, 4898.0
0.9276971817016602, 4899.0
1.1959731578826904, 4908.0
1.6973669528961182, 4998.0
1.707871913909912, 5009.0
1.7081780433654785, 5179.0
1.7960760593414307, 5313.0
1.9819250106811523, 5369.0
2.006514072418213, 5409.0
2.210996150970459, 5410.0
2.2175040245056152, 5507.0
2.286729097366333, 5610.0
3.492314100265503, 5613.0
10.188019037246704, 5616.0
13.328634977340698, 5717.0
34.163464069366455, 5802.0
34.57426595687866, 5807.0
34.7059440612793, 5812.0
35.41843390464783, 5913.0
36.74455809593201, 6010.0
79.53821802139282, 6081.0
79.57057499885559, 6102.0
81.47088289260864, 6112.0
