0.0, 9825.0
0.324862003326416, 10059.0
0.3296520709991455, 10161.0
0.33172106742858887, 10387.0
0.3319509029388428, 10415.0
0.6141581535339355, 10508.0
0.6151711940765381, 11168.0
0.6179180145263672, 11547.0
0.621528148651123, 11973.0
0.7680861949920654, 12812.0
0.9347841739654541, 13584.0
0.9355850219726562, 14149.0
0.9359948635101318, 14381.0
0.9546279907226562, 14515.0
1.1593859195709229, 14710.0
1.3416872024536133, 14830.0
1.3442471027374268, 15399.0
1.51615309715271, 15806.0
1.5175838470458984, 16027.0
2.0096168518066406, 16414.0
2.0098230838775635, 16662.0
2.014457941055298, 17605.0
2.16601300239563, 18324.0
2.168307065963745, 18809.0
2.761929988861084, 18942.0
2.7663230895996094, 19609.0
3.734572172164917, 19641.0
3.736013174057007, 19767.0
3.8289339542388916, 19890.0
3.835793972015381, 19893.0
4.764709949493408, 19992.0
4.921091079711914, 20599.0
4.925774097442627, 21072.0
5.161962032318115, 21074.0
5.296610116958618, 21454.0
5.508730888366699, 21957.0
6.556888103485107, 22321.0
6.6264488697052, 22486.0
6.746618986129761, 22916.0
7.0470170974731445, 22947.0
7.139286994934082, 23783.0
7.140354156494141, 23874.0
7.141416072845459, 24071.0
7.142702102661133, 24518.0
7.143558979034424, 24728.0
7.3553690910339355, 25226.0
7.765931129455566, 25411.0
8.802122116088867, 25492.0
8.802561044692993, 26444.0
8.803421974182129, 26944.0
8.892717123031616, 27026.0
8.989701986312866, 27621.0
12.741384983062744, 28136.0
13.500915050506592, 28791.0
14.410674095153809, 28839.0
15.931118249893188, 29018.0
15.936608076095581, 29236.0
16.15218687057495, 29357.0
16.356703996658325, 29802.0
17.888493061065674, 30400.0
17.89189887046814, 31170.0
26.237787008285522, 31630.0
26.37923002243042, 31984.0
49.04408502578735, 32210.0
55.49331998825073, 32542.0
55.49355101585388, 33422.0
55.56834006309509, 33817.0
85.81569314002991, 34253.0
85.87567710876465, 34319.0
86.19400715827942, 34410.0
86.19466614723206, 34451.0
86.19532299041748, 35009.0
86.27886700630188, 35213.0
86.34742712974548, 35432.0
339.8309750556946, 35718.0
339.87211084365845, 35973.0
349.96501111984253, 36791.0
383.29749727249146, 37150.0
401.7490198612213, 37704.0
401.7930061817169, 37743.0
401.88771510124207, 37799.0
401.89203691482544, 38506.0
412.9239749908447, 39396.0
430.5060110092163, 39593.0
464.7749650478363, 40079.0
467.5181691646576, 40366.0
467.9636092185974, 40377.0
469.77649998664856, 40694.0
471.1044008731842, 41041.0
471.2058651447296, 41789.0
471.2140281200409, 42021.0
475.13130712509155, 42116.0
477.046128988266, 42418.0
477.0544240474701, 42643.0
477.05593609809875, 42925.0
477.1001741886139, 43020.0
477.1442120075226, 43774.0
477.17871594429016, 43993.0
477.23488306999207, 44119.0
477.24136090278625, 44146.0
477.2855439186096, 44309.0
477.3324739933014, 44713.0
477.9516360759735, 44837.0
479.7626130580902, 45107.0
479.7650001049042, 45807.0
494.10532999038696, 46133.0
494.4199481010437, 46160.0
494.47776317596436, 46190.0
500.40642786026, 46217.0
500.40926122665405, 46759.0
502.2334780693054, 46983.0
503.9636240005493, 47135.0
504.0723190307617, 47421.0
