0.0, 1850.0
0.0025420188903808594, 2165.0
0.0030078887939453125, 2265.0
0.10687088966369629, 2989.0
0.10733580589294434, 3048.0
0.10762190818786621, 3297.0
0.1077120304107666, 3652.0
0.10810279846191406, 3833.0
0.10959291458129883, 4624.0
0.1560959815979004, 4834.0
0.32143592834472656, 5367.0
0.3220548629760742, 5423.0
0.3221580982208252, 5842.0
0.3229207992553711, 6352.0
0.42563772201538086, 6995.0
0.5560188293457031, 7248.0
0.8923768997192383, 7683.0
0.8925650119781494, 8140.0
1.0031728744506836, 8327.0
1.1336476802825928, 8549.0
1.1337637901306152, 8730.0
1.5718328952789307, 8940.0
