0.0, 6290.0
0.3135831356048584, 6351.0
0.3202400207519531, 6479.0
0.5465121269226074, 6587.0
0.5498521327972412, 6675.0
0.5502510070800781, 6795.0
0.5504391193389893, 6989.0
0.9287312030792236, 7076.0
0.9355981349945068, 7183.0
1.115434169769287, 7288.0
1.177004098892212, 7319.0
1.1819429397583008, 7440.0
1.3791131973266602, 7550.0
1.445235252380371, 7587.0
1.82877516746521, 7590.0
1.8924431800842285, 7681.0
2.122758150100708, 7772.0
2.187445878982544, 7855.0
2.189716100692749, 7990.0
2.2055468559265137, 7996.0
2.3269522190093994, 8128.0
2.332106113433838, 8286.0
2.6596081256866455, 8288.0
2.813260078430176, 8303.0
2.813906192779541, 8461.0
3.0773942470550537, 8477.0
3.0828731060028076, 8561.0
3.0835070610046387, 8677.0
3.145709991455078, 8778.0
3.1509580612182617, 8825.0
3.154330015182495, 8861.0
3.2636830806732178, 8875.0
3.26580810546875, 8878.0
3.382636070251465, 8983.0
3.3965930938720703, 9040.0
3.4734959602355957, 9152.0
3.5734171867370605, 9240.0
3.6302900314331055, 9369.0
3.6349971294403076, 9489.0
4.075301170349121, 9566.0
4.128795146942139, 9672.0
4.13240909576416, 9675.0
4.1797239780426025, 9822.0
4.180535078048706, 9875.0
4.238223075866699, 9980.0
5.748693227767944, 9990.0
5.841347932815552, 10031.0
5.843530893325806, 10077.0
5.8962342739105225, 10187.0
7.1145970821380615, 10226.0
7.1960930824279785, 10348.0
7.202890157699585, 10382.0
7.4526612758636475, 10406.0
7.453096151351929, 10532.0
7.453325033187866, 10642.0
7.513642311096191, 10648.0
7.618211030960083, 10670.0
7.70065712928772, 10681.0
7.761150121688843, 10755.0
7.949582099914551, 10780.0
7.977777004241943, 10885.0
38.737473011016846, 10978.0
38.799785137176514, 11041.0
38.86103320121765, 11078.0
39.3933379650116, 11089.0
39.56042695045471, 11144.0
39.567481994628906, 11176.0
40.203304052352905, 11255.0
67.78083395957947, 11260.0
130.85798811912537, 11266.0
130.85899114608765, 11285.0
130.88193821907043, 11369.0
288.7502419948578, 11374.0
315.0414741039276, 11411.0
395.6932280063629, 11479.0
410.5023789405823, 11483.0
410.50791692733765, 11586.0
410.5805811882019, 11650.0
