0.0, 3989.0
0.1518399715423584, 4091.0
0.2734529972076416, 4632.0
0.4237239360809326, 5046.0
0.4254131317138672, 5130.0
0.42545294761657715, 5246.0
0.4254930019378662, 6238.0
0.42843174934387207, 6376.0
0.4695308208465576, 6476.0
0.4727017879486084, 6833.0
0.7003898620605469, 7068.0
0.7009179592132568, 7353.0
0.8055098056793213, 7508.0
0.8115670680999756, 7655.0
0.8137819766998291, 8296.0
3.1280078887939453, 8538.0
3.5754318237304688, 8900.0
3.5783069133758545, 9789.0
5.557770013809204, 9940.0
5.778970003128052, 9959.0
6.293679714202881, 9960.0
6.415015935897827, 10472.0
6.419005870819092, 10566.0
7.636439085006714, 10631.0
