0.0, 11919.0
1.5059609413146973, 11957.0
1.5090289115905762, 12065.0
1.6038658618927002, 12208.0
2.2244391441345215, 12337.0
2.307302951812744, 12508.0
2.5994958877563477, 12584.0
2.60038685798645, 12702.0
2.927072048187256, 12767.0
2.93451189994812, 12912.0
3.1728971004486084, 13063.0
3.3302841186523438, 13068.0
3.4013869762420654, 13152.0
3.4022531509399414, 13269.0
3.4581298828125, 13377.0
3.460202932357788, 13509.0
3.481860876083374, 13618.0
3.995577812194824, 13664.0
4.114734888076782, 13765.0
4.115620851516724, 13887.0
4.1170690059661865, 14006.0
4.4314796924591064, 14012.0
4.433207750320435, 14115.0
4.653859853744507, 14216.0
4.776395082473755, 14346.0
4.778960943222046, 14469.0
4.781104803085327, 14593.0
4.852978944778442, 14596.0
5.056240797042847, 14688.0
5.212394952774048, 14690.0
5.220027923583984, 14801.0
5.225683927536011, 14915.0
5.790642976760864, 15082.0
5.7948317527771, 15295.0
5.9459099769592285, 15399.0
6.243437767028809, 15414.0
6.293621063232422, 15519.0
6.473679780960083, 15616.0
6.6865808963775635, 15676.0
6.733442068099976, 15816.0
7.298552751541138, 15913.0
7.419286012649536, 15937.0
7.4244890213012695, 16073.0
7.480057954788208, 16090.0
7.530421018600464, 16105.0
7.534711122512817, 16214.0
7.595475912094116, 16317.0
7.709192991256714, 16407.0
8.142354011535645, 16511.0
8.69556999206543, 16675.0
8.702533960342407, 16789.0
8.766686916351318, 16907.0
8.815083026885986, 16910.0
8.91007375717163, 17015.0
9.614914894104004, 17118.0
9.948533058166504, 17135.0
9.958208084106445, 17257.0
9.996344804763794, 17302.0
10.386159896850586, 17393.0
10.427858829498291, 17396.0
10.563808917999268, 17569.0
10.58681607246399, 17710.0
10.64244794845581, 17765.0
10.651113033294678, 17994.0
10.751088857650757, 18008.0
11.543279886245728, 18114.0
11.882717847824097, 18190.0
16.8351948261261, 18300.0
17.65615701675415, 18390.0
17.892019033432007, 18416.0
18.023998022079468, 18503.0
18.209832906723022, 18611.0
18.270272970199585, 18718.0
18.47298574447632, 18796.0
18.51548194885254, 18797.0
18.81436014175415, 18913.0
20.098196029663086, 18986.0
20.099135875701904, 19089.0
20.107746124267578, 19108.0
20.203266859054565, 19114.0
20.298506021499634, 19180.0
20.301146984100342, 19296.0
20.546183824539185, 19385.0
20.547526836395264, 19488.0
20.627917766571045, 19605.0
20.793885946273804, 19710.0
20.9022479057312, 19739.0
20.91823101043701, 19782.0
21.04999089241028, 19796.0
25.15000891685486, 19917.0
28.626049995422363, 19977.0
28.6650869846344, 20085.0
28.817687034606934, 20300.0
29.11184287071228, 20302.0
29.26094388961792, 20403.0
38.98270583152771, 20477.0
38.98628091812134, 20610.0
39.00043296813965, 20713.0
39.989075899124146, 20715.0
40.03316307067871, 20720.0
40.04271697998047, 20825.0
40.0828218460083, 20977.0
40.24399495124817, 21061.0
40.886292934417725, 21085.0
40.93052792549133, 21194.0
40.987135887145996, 21300.0
41.02215504646301, 21403.0
55.953359842300415, 21419.0
59.884774923324585, 21483.0
60.10037398338318, 21555.0
60.19509410858154, 21660.0
60.24944996833801, 21688.0
60.2504358291626, 21808.0
60.33985090255737, 21859.0
60.61990404129028, 21893.0
62.332767963409424, 22006.0
