0.0, 55395.0
1.058866024017334, 55552.0
1.1978299617767334, 56215.0
2.13681697845459, 56935.0
2.759854793548584, 56969.0
6.104192018508911, 57267.0
6.813323020935059, 57657.0
6.820088863372803, 58504.0
8.833186864852905, 59157.0
8.835846900939941, 59241.0
8.971006870269775, 59715.0
9.446375846862793, 59787.0
9.453486919403076, 60112.0
9.532977819442749, 60914.0
10.314580917358398, 61404.0
10.584865093231201, 61776.0
10.711676836013794, 62535.0
11.110574960708618, 62801.0
16.439062118530273, 62904.0
16.81253409385681, 63788.0
19.74096703529358, 64222.0
20.08093810081482, 64830.0
20.158184051513672, 65157.0
20.5068199634552, 65841.0
20.86822199821472, 65951.0
21.607933044433594, 66716.0
27.306970834732056, 67372.0
27.77026677131653, 67861.0
27.77460789680481, 68589.0
28.21902108192444, 69031.0
29.80967402458191, 69044.0
29.98201298713684, 69691.0
30.28310513496399, 70054.0
30.873284816741943, 71052.0
30.893934965133667, 71261.0
31.332267999649048, 71771.0
31.3340060710907, 72478.0
32.40240216255188, 73061.0
32.94049310684204, 73852.0
33.437779903411865, 74305.0
34.95064401626587, 74432.0
36.09824275970459, 75291.0
37.709542989730835, 75969.0
38.120781898498535, 76488.0
39.738285064697266, 76874.0
41.09167695045471, 76921.0
41.27274799346924, 77242.0
41.275059938430786, 77592.0
41.405165910720825, 78046.0
41.56935977935791, 78389.0
43.166152000427246, 78610.0
48.324755907058716, 78838.0
48.66684913635254, 79072.0
52.79117298126221, 79177.0
52.90467882156372, 79947.0
52.90910601615906, 79983.0
53.200770139694214, 80968.0
53.86260795593262, 81236.0
54.22287583351135, 81431.0
54.23048496246338, 82075.0
54.42855191230774, 82761.0
55.457581758499146, 83314.0
56.19493103027344, 83837.0
56.50259470939636, 84266.0
56.668734073638916, 85253.0
57.304269790649414, 85970.0
57.38699698448181, 86889.0
57.49987006187439, 87425.0
58.08553886413574, 87868.0
58.08780074119568, 88093.0
58.09119200706482, 88770.0
58.17705798149109, 88928.0
58.699527978897095, 89579.0
59.761114835739136, 89596.0
59.84068298339844, 90081.0
62.081238985061646, 90821.0
62.24430012702942, 91808.0
63.91256093978882, 92610.0
64.08636093139648, 93296.0
64.3371729850769, 93853.0
69.10276198387146, 94030.0
69.10510015487671, 94472.0
69.46003580093384, 94478.0
69.55479192733765, 95046.0
69.5628969669342, 95418.0
69.97850394248962, 96294.0
70.21030879020691, 96685.0
70.21259689331055, 97489.0
72.48416805267334, 97671.0
74.71909880638123, 97891.0
75.88179898262024, 98490.0
76.17710900306702, 99310.0
82.36754202842712, 99435.0
82.77703094482422, 100066.0
84.54579210281372, 100776.0
85.39505004882812, 101145.0
85.4791100025177, 101699.0
87.45168805122375, 101730.0
87.54624271392822, 102219.0
87.62087512016296, 102472.0
87.62326884269714, 103114.0
87.62664604187012, 103930.0
91.20293092727661, 104578.0
92.63612794876099, 104592.0
92.64095497131348, 105386.0
92.6985969543457, 105881.0
93.1477210521698, 106373.0
93.34559893608093, 106601.0
93.41004395484924, 107273.0
93.41447496414185, 107551.0
93.4782018661499, 108287.0
94.0151059627533, 108805.0
94.18217086791992, 108912.0
94.76925897598267, 109107.0
94.93766498565674, 109293.0
94.948410987854, 109862.0
94.9552230834961, 110691.0
95.65866088867188, 110973.0
95.75365781784058, 111143.0
97.20617294311523, 111643.0
97.50105714797974, 111694.0
98.10191011428833, 112296.0
98.1891520023346, 112867.0
98.69261384010315, 112941.0
98.74563193321228, 113011.0
99.0222909450531, 113457.0
99.03199696540833, 113594.0
99.23932600021362, 114480.0
99.45754384994507, 115421.0
99.80806303024292, 116259.0
99.81270408630371, 116589.0
100.76063394546509, 117332.0
102.07099914550781, 117425.0
102.07368874549866, 118417.0
102.17474293708801, 118773.0
102.85607409477234, 118979.0
103.3821918964386, 119472.0
103.42404508590698, 119940.0
104.11696195602417, 119944.0
104.19105005264282, 120552.0
104.20739197731018, 121170.0
106.45116686820984, 122047.0
108.29089593887329, 122479.0
108.56802797317505, 122561.0
108.57713890075684, 123541.0
108.65859293937683, 123835.0
108.78276991844177, 123869.0
109.28984594345093, 124505.0
110.25358891487122, 124526.0
111.03134274482727, 124616.0
111.66708397865295, 124705.0
111.7672770023346, 125616.0
112.14616203308105, 125962.0
112.14868688583374, 126903.0
112.15149283409119, 127446.0
112.29808497428894, 128430.0
112.34505891799927, 128881.0
112.54757499694824, 129392.0
113.50777816772461, 129747.0
113.74672389030457, 129941.0
113.82509589195251, 130337.0
113.83053016662598, 130919.0
114.19238877296448, 130928.0
114.33125615119934, 131791.0
114.48384284973145, 132601.0
115.30978989601135, 132886.0
116.05224299430847, 133616.0
117.02600288391113, 134184.0
117.55688977241516, 134329.0
117.55918788909912, 134712.0
117.60726499557495, 135583.0
118.28599786758423, 135953.0
118.42640376091003, 136277.0
118.52438402175903, 136336.0
118.80872082710266, 136458.0
119.80854511260986, 137363.0
121.16984796524048, 137397.0
121.20832681655884, 138005.0
122.2305600643158, 138064.0
122.30582880973816, 138103.0
122.34714913368225, 138935.0
122.3515567779541, 139435.0
122.62692093849182, 140326.0
122.86553287506104, 140767.0
123.04845595359802, 141224.0
123.15666103363037, 141562.0
123.20416378974915, 141671.0
123.25331473350525, 142057.0
126.15224099159241, 142228.0
126.57972502708435, 142451.0
127.2177050113678, 142719.0
127.2542769908905, 142749.0
127.28237891197205, 142931.0
127.39083290100098, 143776.0
128.240562915802, 144099.0
128.39711785316467, 144714.0
128.46752381324768, 144921.0
128.472393989563, 145082.0
128.48047590255737, 145174.0
128.62265396118164, 145278.0
128.6811089515686, 145708.0
129.76012897491455, 146269.0
130.5491840839386, 146580.0
130.74148392677307, 147007.0
131.03830981254578, 147154.0
131.1302809715271, 147263.0
131.13240694999695, 147975.0
131.61959600448608, 148368.0
131.72707676887512, 148832.0
132.6565020084381, 149050.0
133.1498420238495, 149589.0
133.35945796966553, 149669.0
133.61579394340515, 150019.0
133.61814093589783, 150135.0
133.62299704551697, 151104.0
133.706228017807, 151188.0
133.76130890846252, 151588.0
133.89696788787842, 152320.0
133.9401228427887, 152939.0
134.1267867088318, 153455.0
134.2706708908081, 153659.0
134.31816506385803, 153678.0
135.91337394714355, 153880.0
136.20271587371826, 153981.0
136.24948501586914, 154109.0
136.62684798240662, 154263.0
137.29686093330383, 154587.0
137.36527109146118, 155235.0
137.58696699142456, 155664.0
138.84268999099731, 155851.0
139.25985193252563, 156107.0
139.43546080589294, 156556.0
139.4778709411621, 156782.0
139.51445889472961, 157382.0
140.00390601158142, 157652.0
140.07201194763184, 158105.0
140.14230608940125, 158667.0
140.5969409942627, 159099.0
140.64340209960938, 159363.0
140.64568996429443, 160334.0
140.92753195762634, 160686.0
141.4978518486023, 161022.0
141.72439408302307, 161701.0
141.838702917099, 162516.0
142.09488797187805, 163374.0
143.42790985107422, 163512.0
143.43364310264587, 163985.0
143.61531901359558, 164398.0
143.77696204185486, 164886.0
143.85106492042542, 165591.0
146.81148505210876, 166450.0
146.91855907440186, 167136.0
146.92779803276062, 168066.0
147.75300312042236, 168338.0
148.20882892608643, 168780.0
148.42398691177368, 168900.0
148.48116207122803, 169446.0
149.61420702934265, 169784.0
149.72933101654053, 170758.0
149.75873589515686, 170761.0
149.90936183929443, 171217.0
150.82967495918274, 171251.0
151.03752398490906, 171314.0
151.03992891311646, 172202.0
151.1577389240265, 173099.0
151.18712306022644, 173872.0
151.34024786949158, 174269.0
151.36914491653442, 174900.0
151.68018579483032, 174909.0
152.73284578323364, 175356.0
153.7167558670044, 175444.0
153.80183601379395, 175643.0
154.0885829925537, 176568.0
154.4111728668213, 176601.0
154.7614448070526, 177235.0
154.767395734787, 178217.0
154.8599350452423, 178489.0
155.1204559803009, 179473.0
155.56858897209167, 180260.0
156.42102885246277, 180625.0
156.79977202415466, 180675.0
160.87909603118896, 181227.0
160.9121379852295, 181846.0
160.96305584907532, 182071.0
161.4936249256134, 182132.0
161.5768859386444, 183044.0
161.78563785552979, 183512.0
161.89432096481323, 184293.0
162.025799036026, 184580.0
162.15170788764954, 185559.0
162.57580494880676, 186142.0
163.64414381980896, 186557.0
163.71136593818665, 187111.0
164.94299292564392, 187506.0
166.7073199748993, 187676.0
166.8522608280182, 187947.0
166.98497700691223, 188831.0
167.02884674072266, 189145.0
167.12430000305176, 189839.0
167.25771403312683, 190316.0
167.33990597724915, 190421.0
167.38880801200867, 191241.0
167.49282002449036, 192002.0
167.52092289924622, 192259.0
167.61239981651306, 192333.0
167.7569179534912, 192613.0
168.3961639404297, 193398.0
173.3262050151825, 193803.0
173.3966419696808, 194312.0
173.51129603385925, 194607.0
173.76932573318481, 194765.0
173.80144786834717, 195046.0
173.97416710853577, 195559.0
174.07455801963806, 195657.0
174.73974514007568, 196273.0
174.76080203056335, 196747.0
174.9456980228424, 197251.0
179.0142867565155, 197602.0
180.03065490722656, 197880.0
180.61954474449158, 198358.0
180.8255980014801, 198630.0
181.01385402679443, 198851.0
181.15049505233765, 199750.0
181.97268891334534, 200269.0
182.08234190940857, 200831.0
182.33691596984863, 201495.0
182.61506390571594, 201987.0
182.69603991508484, 202771.0
183.37329483032227, 202897.0
185.56908798217773, 202914.0
186.24306201934814, 203296.0
186.28731989860535, 204080.0
186.29549503326416, 205055.0
187.59915804862976, 205509.0
190.15087580680847, 205945.0
190.22951102256775, 205971.0
190.30147314071655, 206738.0
190.54128694534302, 206979.0
190.79074478149414, 207279.0
194.96924996376038, 207316.0
195.16384100914001, 208141.0
198.52197885513306, 208511.0
198.72382187843323, 209497.0
198.98958706855774, 209725.0
200.54882311820984, 209734.0
200.73431396484375, 210576.0
201.2100911140442, 211563.0
202.36405897140503, 211811.0
202.3663671016693, 212568.0
202.41656804084778, 213340.0
202.75710797309875, 213700.0
203.2635838985443, 213942.0
203.87207698822021, 214127.0
203.94105505943298, 214136.0
204.06014704704285, 214548.0
205.43362092971802, 214744.0
205.58830499649048, 215197.0
206.75474095344543, 215820.0
206.78350806236267, 216298.0
206.8216109275818, 216938.0
207.66759395599365, 217283.0
207.746887922287, 217608.0
208.14744591712952, 217715.0
208.15498280525208, 218239.0
210.2712209224701, 218714.0
211.64483880996704, 218766.0
212.7658360004425, 218909.0
212.76818990707397, 219741.0
212.8180549144745, 220145.0
213.0656418800354, 220614.0
213.18394494056702, 220732.0
213.2589750289917, 221304.0
214.48311710357666, 221871.0
214.58495378494263, 222601.0
215.02410078048706, 223587.0
215.05645084381104, 224158.0
215.26563692092896, 224593.0
215.95542979240417, 225074.0
216.02686285972595, 225326.0
221.88380789756775, 225998.0
224.83887004852295, 226196.0
224.99624609947205, 226845.0
250.58177995681763, 227628.0
250.75256299972534, 228040.0
250.8674190044403, 228218.0
250.96984887123108, 229208.0
251.22053790092468, 229530.0
251.2542519569397, 229694.0
251.4613618850708, 229904.0
251.51308393478394, 230188.0
252.05695390701294, 230826.0
253.73003602027893, 230932.0
253.92977690696716, 231347.0
254.5621190071106, 231403.0
255.0208878517151, 231845.0
255.42032384872437, 232655.0
255.56257581710815, 232989.0
255.7791678905487, 233550.0
255.78651690483093, 233896.0
256.34053087234497, 234357.0
256.7097680568695, 234913.0
257.09451484680176, 235132.0
265.0684049129486, 235751.0
266.01444697380066, 235807.0
281.51584792137146, 235825.0
281.5231149196625, 236516.0
281.63767290115356, 237287.0
306.73375487327576, 237922.0
307.65409898757935, 238099.0
307.82474994659424, 238398.0
308.75684690475464, 238696.0
310.55426478385925, 238828.0
310.5905759334564, 239558.0
310.65680480003357, 239975.0
310.6595199108124, 240400.0
310.69490003585815, 240994.0
311.0085120201111, 241007.0
311.55783700942993, 241037.0
319.03224873542786, 241163.0
319.3087749481201, 241945.0
319.4823579788208, 242074.0
330.14624094963074, 242758.0
330.2281427383423, 242976.0
335.1700978279114, 243315.0
335.19870686531067, 243422.0
335.2649369239807, 244332.0
336.19793581962585, 244638.0
336.8416950702667, 245369.0
337.1447718143463, 246054.0
337.43280696868896, 246527.0
338.1957290172577, 247092.0
338.22970390319824, 247271.0
338.34504294395447, 247497.0
339.08185291290283, 248292.0
340.5717990398407, 248492.0
341.0927748680115, 248634.0
341.1770250797272, 249268.0
343.94105291366577, 249411.0
345.44931411743164, 249939.0
345.4823179244995, 250412.0
345.82445192337036, 250438.0
347.6857280731201, 250751.0
347.7075068950653, 251038.0
347.99429988861084, 251494.0
348.06916093826294, 251512.0
348.1186010837555, 251935.0
348.2394549846649, 252793.0
349.61612486839294, 252994.0
349.6465847492218, 253331.0
349.68291902542114, 253916.0
350.21952271461487, 254625.0
350.2912368774414, 254673.0
350.3652079105377, 254687.0
350.4250729084015, 255188.0
350.6238269805908, 255317.0
351.10307002067566, 255643.0
351.1812958717346, 256590.0
352.37398982048035, 256976.0
352.6657280921936, 257406.0
352.79801893234253, 258077.0
353.0651309490204, 258455.0
353.58018374443054, 258532.0
353.88256001472473, 258667.0
356.3991029262543, 258810.0
356.8990008831024, 258818.0
356.9801058769226, 259475.0
360.02261209487915, 259640.0
361.21789288520813, 259902.0
361.32324290275574, 260787.0
361.4930679798126, 260910.0
361.56109070777893, 261295.0
362.18082213401794, 261817.0
363.09762597084045, 262171.0
363.19493198394775, 262562.0
363.3189489841461, 263142.0
363.53194975852966, 263847.0
363.949010848999, 264253.0
364.0571060180664, 265034.0
364.7559497356415, 265044.0
364.79900908470154, 265587.0
365.616849899292, 265621.0
365.96791982650757, 265912.0
366.209529876709, 266049.0
366.41034603118896, 266094.0
366.51504492759705, 266430.0
396.91680002212524, 266759.0
397.1597309112549, 267354.0
397.1965219974518, 267367.0
397.507257938385, 267519.0
401.93482398986816, 267856.0
401.9851498603821, 267977.0
403.7309329509735, 268403.0
403.7405288219452, 268431.0
403.7948250770569, 269402.0
500.9304778575897, 269889.0
501.0334599018097, 270214.0
501.0781579017639, 270408.0
501.77874207496643, 270420.0
501.81275701522827, 270557.0
502.25602984428406, 270616.0
502.57232093811035, 271303.0
502.76050305366516, 271320.0
505.3171739578247, 271396.0
506.3719050884247, 271431.0
506.45756793022156, 272000.0
506.50561594963074, 272251.0
506.5079870223999, 272268.0
506.6881830692291, 273084.0
507.25531697273254, 273667.0
587.7462878227234, 273734.0
587.8055250644684, 273895.0
587.941104888916, 274169.0
588.2029209136963, 275012.0
588.4398758411407, 275069.0
596.8542170524597, 275219.0
596.9974710941315, 275608.0
597.1506459712982, 275641.0
597.2407310009003, 275744.0
597.2946088314056, 275801.0
