0.0, 1850.0
0.0028569698333740234, 2165.0
0.0032570362091064453, 2265.0
0.0054590702056884766, 2989.0
0.005927085876464844, 3048.0
0.006217002868652344, 3297.0
0.006309032440185547, 3652.0
0.006702899932861328, 3833.0
0.00817108154296875, 4624.0
0.17097997665405273, 4834.0
0.2531161308288574, 5367.0
0.2538268566131592, 5423.0
0.25394487380981445, 5842.0
0.2548220157623291, 6352.0
0.3512401580810547, 6995.0
0.4301719665527344, 7248.0
0.6968259811401367, 7683.0
0.697019100189209, 8140.0
0.764066219329834, 8327.0
0.8668210506439209, 8549.0
0.8669450283050537, 8730.0
1.2169082164764404, 8940.0
