0.0, 3116.0
0.006223917007446289, 3194.0
0.006802797317504883, 3303.0
0.00758814811706543, 3354.0
0.008586883544921875, 3457.0
0.00954890251159668, 3605.0
0.13341689109802246, 3678.0
0.14032292366027832, 3787.0
0.2313840389251709, 3903.0
0.3659520149230957, 4068.0
0.3678269386291504, 4204.0
0.3682060241699219, 4496.0
0.37085795402526855, 4576.0
0.37166595458984375, 4696.0
0.37555885314941406, 4778.0
0.3760349750518799, 4885.0
0.481395959854126, 4898.0
0.7558789253234863, 4899.0
1.1499378681182861, 4908.0
1.792907953262329, 4998.0
1.9099431037902832, 5009.0
1.9102609157562256, 5179.0
1.9123568534851074, 5313.0
1.9854059219360352, 5369.0
2.1501879692077637, 5409.0
2.2931718826293945, 5410.0
2.362143039703369, 5507.0
2.3638060092926025, 5610.0
3.8951289653778076, 5613.0
10.639659881591797, 5616.0
14.05652403831482, 5717.0
34.243627071380615, 5802.0
34.591395139694214, 5807.0
34.74701690673828, 5812.0
35.519301891326904, 5913.0
36.96802306175232, 6010.0
81.98921394348145, 6081.0
82.00350594520569, 6102.0
83.90748286247253, 6112.0
