0.0, 9825.0
0.25890469551086426, 10059.0
0.2736649513244629, 10161.0
0.27542686462402344, 10387.0
0.27555203437805176, 10415.0
0.4498307704925537, 10508.0
0.4507429599761963, 11168.0
0.45328378677368164, 11547.0
0.5910646915435791, 11973.0
0.713115930557251, 12812.0
0.7198798656463623, 13584.0
0.8373377323150635, 14149.0
0.8377590179443359, 14381.0
0.8422877788543701, 14515.0
0.9583539962768555, 14710.0
1.0854568481445312, 14830.0
1.1882097721099854, 15399.0
1.3122639656066895, 15806.0
1.3139028549194336, 16027.0
1.5036649703979492, 16414.0
1.5038866996765137, 16662.0
1.5976877212524414, 17605.0
1.6023800373077393, 18324.0
1.6047050952911377, 18809.0
1.9558830261230469, 18942.0
2.001046657562256, 19609.0
2.525869846343994, 19641.0
2.64898681640625, 19767.0
2.656794786453247, 19890.0
2.748222827911377, 19893.0
3.3545947074890137, 19992.0
3.3577988147735596, 20599.0
3.3582398891448975, 21072.0
3.582307815551758, 21074.0
3.5867068767547607, 21454.0
3.75191593170166, 21957.0
4.217071771621704, 22321.0
4.232663869857788, 22486.0
4.237762689590454, 22916.0
4.49121880531311, 22947.0
4.497539758682251, 23783.0
4.541475772857666, 23874.0
4.542547941207886, 24071.0
4.546337842941284, 24518.0
4.5471978187561035, 24728.0
4.65775990486145, 25226.0
4.883335828781128, 25411.0
5.407305002212524, 25492.0
5.4077489376068115, 26444.0
5.408623933792114, 26944.0
5.567978858947754, 27026.0
5.64651894569397, 27621.0
7.558970928192139, 28136.0
7.956847906112671, 28791.0
8.504923820495605, 28839.0
9.113462924957275, 29018.0
9.17302393913269, 29236.0
9.260459899902344, 29357.0
9.36946988105774, 29802.0
10.253705024719238, 30400.0
10.257158756256104, 31170.0
15.673296928405762, 31630.0
15.686561822891235, 31984.0
30.0186128616333, 32210.0
34.09163188934326, 32542.0
34.09186267852783, 33422.0
34.09446406364441, 33817.0
51.97316288948059, 34253.0
51.973816871643066, 34319.0
52.16246199607849, 34410.0
52.26272487640381, 34451.0
52.26339364051819, 35009.0
52.2975959777832, 35213.0
52.31033706665039, 35432.0
298.66312074661255, 35718.0
298.7246398925781, 35973.0
309.0053918361664, 36791.0
342.8592917919159, 37150.0
359.39291286468506, 37704.0
359.44687485694885, 37743.0
359.49726700782776, 37799.0
359.50081491470337, 38506.0
370.0326318740845, 39396.0
386.83258080482483, 39593.0
422.4832887649536, 40079.0
425.5889389514923, 40366.0
426.0765838623047, 40377.0
427.9082670211792, 40694.0
429.2458770275116, 41041.0
429.3434498310089, 41789.0
429.3498158454895, 42021.0
432.9772038459778, 42116.0
434.4983968734741, 42418.0
434.52233695983887, 42643.0
434.52399802207947, 42925.0
434.5647916793823, 43020.0
434.5991907119751, 43774.0
434.60535192489624, 43993.0
434.66166400909424, 44119.0
434.6678669452667, 44146.0
434.68003582954407, 44309.0
434.7337667942047, 44713.0
435.1319398880005, 44837.0
436.61865282058716, 45107.0
436.6218056678772, 45807.0
452.0259199142456, 46133.0
452.3329920768738, 46160.0
452.35864877700806, 46190.0
458.8918218612671, 46217.0
458.9575219154358, 46759.0
460.8116717338562, 46983.0
462.687863111496, 47135.0
462.80128288269043, 47421.0
