0.0, 2479.0
0.9885549545288086, 2574.0
0.9907398223876953, 2609.0
0.9918327331542969, 2724.0
0.9970629215240479, 2764.0
0.9971809387207031, 2765.0
1.101503849029541, 2772.0
1.6348469257354736, 2874.0
1.6369938850402832, 2917.0
1.6837959289550781, 2938.0
1.6856980323791504, 3039.0
1.6902217864990234, 3142.0
2.026120901107788, 3158.0
2.029188871383667, 3231.0
17.95207381248474, 3277.0
18.042487859725952, 3302.0
30.733459949493408, 3405.0
30.733569860458374, 3546.0
82.23533582687378, 3595.0
82.40456700325012, 3604.0
82.44132399559021, 3642.0
82.83984875679016, 3723.0
82.93300676345825, 3724.0
83.0859866142273, 3725.0
83.19105887413025, 3850.0
83.23658275604248, 3862.0
83.63785290718079, 3905.0
84.00589895248413, 3934.0
