0.0, 5093.0
0.7850680351257324, 5094.0
1.6165189743041992, 5117.0
1.7492117881774902, 5237.0
1.7528777122497559, 5313.0
1.8649170398712158, 5363.0
2.000169038772583, 5469.0
2.133631944656372, 5576.0
2.2050697803497314, 5606.0
2.205933094024658, 5734.0
7.495308876037598, 5749.0
7.54777979850769, 5803.0
7.54928994178772, 5860.0
12.02350378036499, 5917.0
12.251804828643799, 5918.0
12.266169786453247, 5958.0
12.321686029434204, 5992.0
12.325685977935791, 5993.0
12.338283061981201, 6074.0
12.425709009170532, 6089.0
12.547478914260864, 6101.0
59.15844988822937, 6106.0
59.163156032562256, 6165.0
59.30787491798401, 6169.0
59.31298780441284, 6180.0
59.31683087348938, 6181.0
60.14066290855408, 6239.0
60.99309587478638, 6351.0
60.99549698829651, 6405.0
101.70661091804504, 6591.0
101.71044588088989, 6600.0
101.71193814277649, 6613.0
101.77596807479858, 6648.0
101.82467579841614, 6673.0
101.82951188087463, 6803.0
101.96399188041687, 6819.0
460.36297607421875, 6894.0
460.7169427871704, 6912.0
464.03216886520386, 7005.0
464.0412847995758, 7006.0
464.16379284858704, 7009.0
464.30567502975464, 7020.0
464.339537858963, 7021.0
464.52770376205444, 7078.0
464.876571893692, 7105.0
465.4695580005646, 7142.0
465.5430908203125, 7160.0
