0.0, 6290.0
0.307171106338501, 6351.0
0.4353914260864258, 6479.0
0.5321531295776367, 6587.0
0.5347731113433838, 6675.0
0.5351572036743164, 6795.0
0.5353531837463379, 6989.0
0.8911783695220947, 7076.0
0.8991143703460693, 7183.0
1.1396872997283936, 7288.0
1.1452271938323975, 7319.0
1.1889374256134033, 7440.0
1.3139042854309082, 7550.0
1.3695590496063232, 7587.0
1.7046561241149902, 7590.0
1.7562823295593262, 7681.0
1.9155282974243164, 7772.0
1.971548318862915, 7855.0
2.014162302017212, 7990.0
2.0711452960968018, 7996.0
2.074120283126831, 8128.0
2.130690097808838, 8286.0
2.39660906791687, 8288.0
2.5080442428588867, 8303.0
2.508669376373291, 8461.0
2.669785261154175, 8477.0
2.722414255142212, 8561.0
2.7230641841888428, 8677.0
2.7272121906280518, 8778.0
2.7633543014526367, 8825.0
2.7658891677856445, 8861.0
2.781548023223877, 8875.0
2.852870225906372, 8878.0
2.9047842025756836, 8983.0
3.035889148712158, 9040.0
3.0796453952789307, 9152.0
3.170184373855591, 9240.0
3.256643295288086, 9369.0
3.261446237564087, 9489.0
3.6860930919647217, 9566.0
3.692927360534668, 9672.0
3.7505500316619873, 9675.0
3.7542452812194824, 9822.0
3.754913091659546, 9875.0
3.8442113399505615, 9980.0
5.522043228149414, 9990.0
5.674389123916626, 10031.0
5.676559209823608, 10077.0
5.677886247634888, 10187.0
6.94098424911499, 10226.0
6.943158149719238, 10348.0
6.984240293502808, 10382.0
7.227354288101196, 10406.0
7.227798223495483, 10532.0
7.228030204772949, 10642.0
7.237272262573242, 10648.0
7.23793625831604, 10670.0
7.342059135437012, 10681.0
7.410316228866577, 10755.0
7.565755128860474, 10780.0
7.572510242462158, 10885.0
35.14721941947937, 10978.0
35.23141312599182, 11041.0
35.24914622306824, 11078.0
35.717713356018066, 11089.0
35.84521818161011, 11144.0
35.84778332710266, 11176.0
36.39655923843384, 11255.0
60.55957317352295, 11260.0
113.18761610984802, 11266.0
113.1882872581482, 11285.0
113.19092726707458, 11369.0
245.51918125152588, 11374.0
266.5488131046295, 11411.0
333.20400619506836, 11479.0
345.4451982975006, 11483.0
345.47077918052673, 11586.0
345.53047013282776, 11650.0
