0.0, 55395.0
0.6781771183013916, 55552.0
0.8245601654052734, 56215.0
1.2619073390960693, 56935.0
1.686988115310669, 56969.0
3.7044050693511963, 57267.0
4.067726135253906, 57657.0
4.205933094024658, 58504.0
5.199097156524658, 59157.0
5.2014241218566895, 59241.0
5.263432264328003, 59715.0
5.403494119644165, 59787.0
5.412185192108154, 60112.0
5.416665077209473, 60914.0
5.737549066543579, 61404.0
5.912662982940674, 61776.0
6.00565505027771, 62535.0
6.185019254684448, 62801.0
9.287107229232788, 62904.0
9.653926134109497, 63788.0
11.573527097702026, 64222.0
11.84836196899414, 64830.0
11.85273814201355, 65157.0
12.023512125015259, 65841.0
12.182475090026855, 65951.0
12.670902967453003, 66716.0
16.81769609451294, 67372.0
17.16943907737732, 67861.0
17.172362089157104, 68589.0
17.32878017425537, 69031.0
18.138575077056885, 69044.0
18.262991189956665, 69691.0
18.486993074417114, 70054.0
18.824831008911133, 71052.0
18.887065172195435, 71261.0
19.215803146362305, 71771.0
19.218061208724976, 72478.0
19.667392015457153, 73061.0
19.970110177993774, 73852.0
20.290570974349976, 74305.0
21.399501085281372, 74432.0
22.08514714241028, 75291.0
23.185523986816406, 75969.0
23.481075286865234, 76488.0
24.519083976745605, 76874.0
25.43196415901184, 76921.0
25.545834064483643, 77242.0
25.548225164413452, 77592.0
25.721045970916748, 78046.0
25.90124225616455, 78389.0
26.857421159744263, 78610.0
30.38605523109436, 78838.0
30.592029333114624, 79072.0
33.14963722229004, 79177.0
33.194623947143555, 79947.0
33.20526909828186, 79983.0
33.43112921714783, 80968.0
33.842143058776855, 81236.0
33.971200942993164, 81431.0
33.97569012641907, 82075.0
34.07001209259033, 82761.0
34.781336069107056, 83314.0
35.13995003700256, 83837.0
35.39228415489197, 84266.0
35.487147092819214, 85253.0
35.875537157058716, 85970.0
35.91588521003723, 86889.0
36.05256509780884, 87425.0
36.31053113937378, 87868.0
36.37514019012451, 88093.0
36.38026809692383, 88770.0
36.420868158340454, 88928.0
36.67512321472168, 89579.0
37.30536508560181, 89596.0
37.38713502883911, 90081.0
38.658987045288086, 90821.0
38.740151166915894, 91808.0
39.77047801017761, 92610.0
39.85514807701111, 93296.0
40.004414319992065, 93853.0
42.764642000198364, 94030.0
42.76693820953369, 94472.0
43.063791036605835, 94478.0
43.13005805015564, 95046.0
43.196813106536865, 95418.0
43.38269901275635, 96294.0
43.489519119262695, 96685.0
43.491799116134644, 97489.0
44.53835916519165, 97671.0
45.790040016174316, 97891.0
46.38690209388733, 98490.0
46.540186166763306, 99310.0
49.832417011260986, 99435.0
50.08509421348572, 100066.0
51.10846304893494, 100776.0
51.704493045806885, 101145.0
51.79958701133728, 101699.0
53.11716604232788, 101730.0
53.16044306755066, 102219.0
53.20424127578735, 102472.0
53.206562995910645, 103114.0
53.20880317687988, 103930.0
55.81717395782471, 104578.0
56.82313108444214, 104592.0
56.82759404182434, 105386.0
56.873284101486206, 105881.0
57.16791391372681, 106373.0
57.3662211894989, 106601.0
57.37080502510071, 107273.0
57.40940809249878, 107551.0
57.45593810081482, 108287.0
57.9680061340332, 108805.0
58.110198974609375, 108912.0
58.67129611968994, 109107.0
58.822787046432495, 109293.0
58.8762412071228, 109862.0
58.92203712463379, 110691.0
59.38903331756592, 110973.0
59.47753024101257, 111143.0
60.7654390335083, 111643.0
61.07735323905945, 111694.0
61.56696605682373, 112296.0
61.61664009094238, 112867.0
62.07381820678711, 112941.0
62.15955090522766, 113011.0
62.327524185180664, 113457.0
62.33378314971924, 113594.0
62.568228244781494, 114480.0
62.74067401885986, 115421.0
63.043155908584595, 116259.0
63.05070424079895, 116589.0
63.90382623672485, 117332.0
65.16729497909546, 117425.0
65.16963624954224, 118417.0
65.232173204422, 118773.0
65.77847719192505, 118979.0
66.29414224624634, 119472.0
66.33916020393372, 119940.0
67.0047709941864, 119944.0
67.05275702476501, 120552.0
67.15138506889343, 121170.0
69.51791715621948, 122047.0
71.55479598045349, 122479.0
71.73597121238708, 122561.0
71.74302411079407, 123541.0
71.82195615768433, 123835.0
71.93826103210449, 123869.0
72.47110915184021, 124505.0
73.40006709098816, 124526.0
74.20803499221802, 124616.0
74.8351981639862, 124705.0
74.89186310768127, 125616.0
75.2689962387085, 125962.0
75.27130818367004, 126903.0
75.2735800743103, 127446.0
75.42433524131775, 128430.0
75.42891526222229, 128881.0
75.65838098526001, 129392.0
76.623948097229, 129747.0
76.98780703544617, 129941.0
76.9922981262207, 130337.0
77.02934503555298, 130919.0
77.38550233840942, 130928.0
77.49559617042542, 131791.0
77.68914318084717, 132601.0
78.50502014160156, 132886.0
79.38966703414917, 133616.0
80.28324508666992, 134184.0
80.84618592262268, 134329.0
80.84854292869568, 134712.0
80.89313626289368, 135583.0
81.56765222549438, 135953.0
81.746985912323, 136277.0
81.85072112083435, 136336.0
82.02501511573792, 136458.0
83.04284429550171, 137363.0
84.2521800994873, 137397.0
84.25677418708801, 138005.0
85.57667207717896, 138064.0
85.60797429084778, 138103.0
85.61028504371643, 138935.0
85.61401915550232, 139435.0
85.87420010566711, 140326.0
86.22193217277527, 140767.0
86.46883511543274, 141224.0
86.49255609512329, 141562.0
86.54297208786011, 141671.0
86.59772109985352, 142057.0
89.39135813713074, 142228.0
90.08068609237671, 142451.0
90.77958130836487, 142719.0
90.84717893600464, 142749.0
90.86003017425537, 142931.0
91.03955912590027, 143776.0
91.71198797225952, 144099.0
91.93799114227295, 144714.0
92.01129698753357, 144921.0
92.01804518699646, 145082.0
92.04739022254944, 145174.0
92.17822623252869, 145278.0
92.25521302223206, 145708.0
93.31028604507446, 146269.0
94.26255202293396, 146580.0
94.45226001739502, 147007.0
94.73041105270386, 147154.0
94.93950414657593, 147263.0
94.96183800697327, 147975.0
95.47579431533813, 148368.0
95.62345910072327, 148832.0
96.77722716331482, 149050.0
97.20993995666504, 149589.0
97.42689728736877, 149669.0
97.68060326576233, 150019.0
97.68423008918762, 150135.0
97.7078320980072, 151104.0
97.75932621955872, 151188.0
97.79182410240173, 151588.0
97.9366500377655, 152320.0
98.00944709777832, 152939.0
98.14836311340332, 153455.0
98.31189393997192, 153659.0
98.38158011436462, 153678.0
100.06960821151733, 153880.0
100.47904205322266, 153981.0
100.53006100654602, 154109.0
100.86144709587097, 154263.0
101.5446240901947, 154587.0
101.62669324874878, 155235.0
101.85891032218933, 155664.0
103.1138129234314, 155851.0
103.60149192810059, 156107.0
103.7726719379425, 156556.0
103.84239912033081, 156782.0
103.87357425689697, 157382.0
104.42600011825562, 157652.0
104.4992082118988, 158105.0
104.57791829109192, 158667.0
105.03475308418274, 159099.0
105.07854104042053, 159363.0
105.08087110519409, 160334.0
105.26114296913147, 160686.0
105.66054916381836, 161022.0
105.76173210144043, 161701.0
105.87934899330139, 162516.0
106.09173202514648, 163374.0
107.25889110565186, 163512.0
107.29145312309265, 163985.0
107.49593114852905, 164398.0
107.61123609542847, 164886.0
107.65918612480164, 165591.0
110.55787205696106, 166450.0
110.59480714797974, 167136.0
110.6295530796051, 168066.0
111.23237204551697, 168338.0
111.74380707740784, 168780.0
111.96515202522278, 168900.0
112.00216698646545, 169446.0
113.14439010620117, 169784.0
113.26760601997375, 170758.0
113.2976701259613, 170761.0
113.44946813583374, 171217.0
114.33121514320374, 171251.0
114.48367309570312, 171314.0
114.48748326301575, 172202.0
114.62220907211304, 173099.0
114.62895894050598, 173872.0
114.7795341014862, 174269.0
114.82129096984863, 174900.0
115.13240504264832, 174909.0
116.13749122619629, 175356.0
117.11022305488586, 175444.0
117.15781807899475, 175643.0
117.4455361366272, 176568.0
117.8360960483551, 176601.0
118.19345831871033, 177235.0
118.19798707962036, 178217.0
118.3507981300354, 178489.0
118.5982460975647, 179473.0
118.9172580242157, 180260.0
119.62352991104126, 180625.0
120.05525612831116, 180675.0
123.74513912200928, 181227.0
123.74973511695862, 181846.0
123.79750299453735, 182071.0
124.30460810661316, 182132.0
124.32262921333313, 183044.0
124.56560921669006, 183512.0
124.67800211906433, 184293.0
124.81754803657532, 184580.0
124.93120408058167, 185559.0
125.30474805831909, 186142.0
126.54752731323242, 186557.0
126.56560206413269, 187111.0
127.94321823120117, 187506.0
129.78782892227173, 187676.0
129.93679213523865, 187947.0
130.0307321548462, 188831.0
130.10840129852295, 189145.0
130.1983139514923, 189839.0
130.33269619941711, 190316.0
130.4051492214203, 190421.0
130.49075031280518, 191241.0
130.5818543434143, 192002.0
130.6154751777649, 192259.0
130.69036102294922, 192333.0
130.84044003486633, 192613.0
131.4826271533966, 193398.0
136.6727831363678, 193803.0
136.78009605407715, 194312.0
136.85695910453796, 194607.0
137.11173820495605, 194765.0
137.14620327949524, 195046.0
137.32358503341675, 195559.0
137.4162302017212, 195657.0
138.1223361492157, 196273.0
138.15051007270813, 196747.0
138.34357810020447, 197251.0
142.65893602371216, 197602.0
143.66585326194763, 197880.0
144.21896815299988, 198358.0
144.45361924171448, 198630.0
144.65691328048706, 198851.0
144.79567623138428, 199750.0
145.70001006126404, 200269.0
145.81587719917297, 200831.0
146.09531116485596, 201495.0
146.40878105163574, 201987.0
146.56934809684753, 202771.0
147.29204607009888, 202897.0
149.50909113883972, 202914.0
150.217627286911, 203296.0
150.219975233078, 204080.0
150.25333309173584, 205055.0
151.61922216415405, 205509.0
154.26508712768555, 205945.0
154.34715914726257, 205971.0
154.42610812187195, 206738.0
154.68848991394043, 206979.0
154.94224214553833, 207279.0
159.16827535629272, 207316.0
159.37133526802063, 208141.0
163.17099595069885, 208511.0
163.42715907096863, 209497.0
163.65054416656494, 209725.0
165.02091312408447, 209734.0
165.22847199440002, 210576.0
165.6694619655609, 211563.0
166.78746604919434, 211811.0
166.78860998153687, 212568.0
166.83637189865112, 213340.0
167.33663511276245, 213700.0
167.95332407951355, 213942.0
168.7052321434021, 214127.0
168.74774026870728, 214136.0
168.88858914375305, 214548.0
170.35399913787842, 214744.0
170.54133415222168, 215197.0
171.71808314323425, 215820.0
171.7204532623291, 216298.0
171.75645899772644, 216938.0
172.6588852405548, 217283.0
172.72807598114014, 217608.0
173.17182302474976, 217715.0
173.21051120758057, 218239.0
175.6325192451477, 218714.0
177.0585231781006, 218766.0
178.26510524749756, 218909.0
178.26745319366455, 219741.0
178.33792424201965, 220145.0
178.5669071674347, 220614.0
178.68022513389587, 220732.0
178.74804019927979, 221304.0
180.16279315948486, 221871.0
180.53340220451355, 222601.0
180.93861031532288, 223587.0
181.0117151737213, 224158.0
181.22033524513245, 224593.0
181.93184113502502, 225074.0
182.00334215164185, 225326.0
188.57517004013062, 225998.0
191.8643672466278, 226196.0
192.08585333824158, 226845.0
220.79222702980042, 227628.0
221.00812101364136, 228040.0
221.11894011497498, 228218.0
221.2403781414032, 229208.0
221.46825003623962, 229530.0
221.51240921020508, 229694.0
221.7213261127472, 229904.0
221.76473331451416, 230188.0
222.4381971359253, 230826.0
224.18996715545654, 230932.0
224.4161021709442, 231347.0
225.06480813026428, 231403.0
225.55048608779907, 231845.0
225.98779916763306, 232655.0
226.1652171611786, 232989.0
226.4083821773529, 233550.0
226.41819310188293, 233896.0
227.03000617027283, 234357.0
227.39372515678406, 234913.0
227.83869314193726, 235132.0
236.62476015090942, 235751.0
237.67754411697388, 235807.0
254.41011929512024, 235825.0
254.44637727737427, 236516.0
254.56957626342773, 237287.0
281.7294840812683, 237922.0
282.80567598342896, 238099.0
282.9256181716919, 238398.0
283.90352511405945, 238696.0
285.8280670642853, 238828.0
285.8593189716339, 239558.0
285.9340453147888, 239975.0
285.93632316589355, 240400.0
285.9655690193176, 240994.0
286.343945980072, 241007.0
286.9157612323761, 241037.0
294.9586112499237, 241163.0
295.2522671222687, 241945.0
295.44408917427063, 242074.0
307.0619649887085, 242758.0
307.1432931423187, 242976.0
312.7535421848297, 243315.0
312.82259821891785, 243422.0
312.867995262146, 244332.0
313.88143825531006, 244638.0
314.5351560115814, 245369.0
314.8995010852814, 246054.0
315.1894452571869, 246527.0
316.04467725753784, 247092.0
316.10140204429626, 247271.0
316.22176718711853, 247497.0
317.1898400783539, 248292.0
318.793004989624, 248492.0
319.3401563167572, 248634.0
319.44264912605286, 249268.0
322.37509202957153, 249411.0
324.00451922416687, 249939.0
324.00940895080566, 250412.0
324.4121472835541, 250438.0
326.45389223098755, 250751.0
326.4607050418854, 251038.0
326.76846528053284, 251494.0
326.8403751850128, 251512.0
326.941908121109, 251935.0
327.05337715148926, 252793.0
328.5854151248932, 252994.0
328.61943006515503, 253331.0
328.6589529514313, 253916.0
329.19072008132935, 254625.0
329.286062002182, 254673.0
329.41016602516174, 254687.0
329.46737813949585, 255188.0
329.64596033096313, 255317.0
330.1697142124176, 255643.0
330.2578549385071, 256590.0
331.47566318511963, 256976.0
331.7779221534729, 257406.0
331.91231513023376, 258077.0
332.1818790435791, 258455.0
332.6495039463043, 258532.0
332.93788409233093, 258667.0
335.5505590438843, 258810.0
336.1285192966461, 258818.0
336.17386531829834, 259475.0
339.4953489303589, 259640.0
340.7187283039093, 259902.0
340.83348417282104, 260787.0
341.01998805999756, 260910.0
341.09291529655457, 261295.0
341.7840530872345, 261817.0
342.7449142932892, 262171.0
342.8276882171631, 262562.0
342.96166825294495, 263142.0
343.1991331577301, 263847.0
343.6793541908264, 264253.0
343.7616879940033, 265034.0
344.5735800266266, 265044.0
344.61662316322327, 265587.0
345.502001285553, 265621.0
345.89612793922424, 265912.0
346.15025520324707, 266049.0
346.38637113571167, 266094.0
346.49588203430176, 266430.0
378.52102398872375, 266759.0
378.7309801578522, 267354.0
378.7647981643677, 267367.0
379.05330300331116, 267519.0
382.9422872066498, 267856.0
382.98573207855225, 267977.0
384.6234862804413, 268403.0
384.6672010421753, 268431.0
384.70709204673767, 269402.0
482.4594101905823, 269889.0
482.56833934783936, 270214.0
482.60456228256226, 270408.0
483.3397262096405, 270420.0
483.3764021396637, 270557.0
483.79440116882324, 270616.0
484.1137430667877, 271303.0
484.3266942501068, 271320.0
487.0414409637451, 271396.0
488.0945761203766, 271431.0
488.1822199821472, 272000.0
488.2483892440796, 272251.0
488.25084710121155, 272268.0
488.3654010295868, 273084.0
488.8092360496521, 273667.0
570.9527668952942, 273734.0
571.0045480728149, 273895.0
571.1593301296234, 274169.0
571.5757071971893, 275012.0
571.8392460346222, 275069.0
580.4009761810303, 275219.0
580.5496482849121, 275608.0
580.7109749317169, 275641.0
580.7765192985535, 275744.0
580.8394260406494, 275801.0
