0.0, 55395.0
0.6095278263092041, 55552.0
0.6717166900634766, 56215.0
1.1337578296661377, 56935.0
1.5698719024658203, 56969.0
3.4248478412628174, 57267.0
3.7550418376922607, 57657.0
3.7586679458618164, 58504.0
4.720880746841431, 59157.0
4.771058797836304, 59241.0
4.802060842514038, 59715.0
4.98355770111084, 59787.0
5.050360679626465, 60112.0
5.054768800735474, 60914.0
5.3759377002716064, 61404.0
5.523073673248291, 61776.0
5.625114917755127, 62535.0
5.809647798538208, 62801.0
8.868326902389526, 62904.0
9.315147876739502, 63788.0
11.328412771224976, 64222.0
11.619862794876099, 64830.0
11.624724864959717, 65157.0
11.868282794952393, 65841.0
12.20082688331604, 65951.0
12.683681011199951, 66716.0
16.525296926498413, 67372.0
16.9130916595459, 67861.0
16.918776750564575, 68589.0
17.137776851654053, 69031.0
17.866902828216553, 69044.0
18.0898277759552, 69691.0
18.205689668655396, 70054.0
18.638612985610962, 71052.0
18.685959815979004, 71261.0
18.871466875076294, 71771.0
18.90534281730652, 72478.0
19.364501953125, 73061.0
19.623400926589966, 73852.0
19.873106956481934, 74305.0
21.089480876922607, 74432.0
21.716219902038574, 75291.0
22.815101861953735, 75969.0
23.275654792785645, 76488.0
24.34534978866577, 76874.0
25.202444076538086, 76921.0
25.30580973625183, 77242.0
25.3552827835083, 77592.0
25.39795470237732, 78046.0
25.50265073776245, 78389.0
26.23982286453247, 78610.0
29.220512866973877, 78838.0
29.40963101387024, 79072.0
31.697738885879517, 79177.0
31.704988956451416, 79947.0
31.79608988761902, 79983.0
31.900213956832886, 80968.0
32.28802990913391, 81236.0
32.39828395843506, 81431.0
32.435513734817505, 82075.0
32.4830117225647, 82761.0
33.12439298629761, 83314.0
33.467949867248535, 83837.0
33.65147805213928, 84266.0
33.75464606285095, 85253.0
34.16677784919739, 85970.0
34.173935890197754, 86889.0
34.26605486869812, 87425.0
34.65728163719177, 87868.0
34.65968370437622, 88093.0
34.66195368766785, 88770.0
34.70373201370239, 88928.0
35.00499200820923, 89579.0
35.60197401046753, 89596.0
35.647448778152466, 90081.0
36.908514738082886, 90821.0
37.036046743392944, 91808.0
38.170668840408325, 92610.0
38.287866830825806, 93296.0
38.45535898208618, 93853.0
41.72913575172424, 94030.0
41.732441902160645, 94472.0
41.88348174095154, 94478.0
42.01369285583496, 95046.0
42.02165675163269, 95418.0
42.272215843200684, 96294.0
42.38979887962341, 96685.0
42.39617896080017, 97489.0
43.796865701675415, 97671.0
44.98096776008606, 97891.0
45.580498933792114, 98490.0
45.78701591491699, 99310.0
49.109625816345215, 99435.0
49.362380027770996, 100066.0
50.34215974807739, 100776.0
50.9456787109375, 101145.0
51.0580358505249, 101699.0
52.43218994140625, 101730.0
52.4625608921051, 102219.0
52.52217984199524, 102472.0
52.5249457359314, 103114.0
52.530152797698975, 103930.0
55.09606981277466, 104578.0
56.14669489860535, 104592.0
56.15773892402649, 105386.0
56.202831745147705, 105881.0
56.59145188331604, 106373.0
56.757941007614136, 106601.0
56.790172815322876, 107273.0
56.794827938079834, 107551.0
56.84873700141907, 108287.0
57.3750159740448, 108805.0
57.508556842803955, 108912.0
58.16393971443176, 109107.0
58.31818389892578, 109293.0
58.3731210231781, 109862.0
58.431063652038574, 110691.0
58.969090700149536, 110973.0
59.08293676376343, 111143.0
60.543707847595215, 111643.0
60.853057622909546, 111694.0
61.29657983779907, 112296.0
61.3732328414917, 112867.0
61.835633754730225, 112941.0
61.91676068305969, 113011.0
62.01056265830994, 113457.0
62.0753710269928, 113594.0
62.27404594421387, 114480.0
62.50485682487488, 115421.0
62.76921486854553, 116259.0
62.7728328704834, 116589.0
63.629098892211914, 117332.0
64.86538171768188, 117425.0
64.86897683143616, 118417.0
64.90838885307312, 118773.0
65.47979187965393, 118979.0
65.99225974082947, 119472.0
66.04828786849976, 119940.0
66.70840501785278, 119944.0
66.76574683189392, 120552.0
66.84968972206116, 121170.0
68.90313601493835, 122047.0
70.90900993347168, 122479.0
71.115318775177, 122561.0
71.12259793281555, 123541.0
71.24351572990417, 123835.0
71.44192695617676, 123869.0
71.91081976890564, 124505.0
72.88027691841125, 124526.0
73.7100260257721, 124616.0
74.2880539894104, 124705.0
74.38819479942322, 125616.0
74.76000380516052, 125962.0
74.76318073272705, 126903.0
74.76549768447876, 127446.0
74.91716885566711, 128430.0
74.92290186882019, 128881.0
75.12947463989258, 129392.0
76.03988575935364, 129747.0
76.42473864555359, 129941.0
76.43129777908325, 130337.0
76.47329092025757, 130919.0
76.81854486465454, 130928.0
76.91632103919983, 131791.0
77.06812286376953, 132601.0
78.03788185119629, 132886.0
78.96465468406677, 133616.0
79.95991086959839, 134184.0
80.41897296905518, 134329.0
80.42201280593872, 134712.0
80.4627058506012, 135583.0
81.0416009426117, 135953.0
81.1618537902832, 136277.0
81.26649594306946, 136336.0
81.5255377292633, 136458.0
82.59128189086914, 137363.0
84.02195191383362, 137397.0
84.05890774726868, 138005.0
85.07583284378052, 138064.0
85.11414670944214, 138103.0
85.11646795272827, 138935.0
85.15676784515381, 139435.0
85.3758499622345, 140326.0
85.6405827999115, 140767.0
85.74552178382874, 141224.0
85.80440092086792, 141562.0
85.82386374473572, 141671.0
85.89975881576538, 142057.0
89.25458097457886, 142228.0
89.61876678466797, 142451.0
90.39002966880798, 142719.0
90.44240999221802, 142749.0
90.46959066390991, 142931.0
90.58718681335449, 143776.0
91.240797996521, 144099.0
91.38116669654846, 144714.0
91.45872282981873, 144921.0
91.50820565223694, 145082.0
91.51482963562012, 145174.0
91.68384099006653, 145278.0
91.75793266296387, 145708.0
92.81500482559204, 146269.0
93.60688376426697, 146580.0
93.78178095817566, 147007.0
94.06222581863403, 147154.0
94.1848258972168, 147263.0
94.21296381950378, 147975.0
94.55574989318848, 148368.0
94.64859795570374, 148832.0
95.73879981040955, 149050.0
96.13838481903076, 149589.0
96.341383934021, 149669.0
96.58564305305481, 150019.0
96.63517785072327, 150135.0
96.64142084121704, 151104.0
96.72720003128052, 151188.0
96.73770499229431, 151588.0
96.98517775535583, 152320.0
97.03846979141235, 152939.0
97.18019199371338, 153455.0
97.4322669506073, 153659.0
97.48984599113464, 153678.0
99.16155171394348, 153880.0
99.52579975128174, 153981.0
99.58290791511536, 154109.0
100.02760291099548, 154263.0
100.76442384719849, 154587.0
100.85100793838501, 155235.0
101.08274579048157, 155664.0
102.34627294540405, 155851.0
102.74786281585693, 156107.0
102.93673777580261, 156556.0
102.97294998168945, 156782.0
103.01660966873169, 157382.0
103.62005281448364, 157652.0
103.65962767601013, 158105.0
103.73824691772461, 158667.0
104.25798177719116, 159099.0
104.26726293563843, 159363.0
104.29174184799194, 160334.0
104.4526846408844, 160686.0
104.86733174324036, 161022.0
104.97570896148682, 161701.0
105.0786018371582, 162516.0
105.28046488761902, 163374.0
106.43341279029846, 163512.0
106.45651292800903, 163985.0
106.6388988494873, 164398.0
106.75498986244202, 164886.0
106.82203793525696, 165591.0
109.58455777168274, 166450.0
109.62121295928955, 167136.0
109.65438675880432, 168066.0
110.38291573524475, 168338.0
110.83353781700134, 168780.0
111.0693130493164, 168900.0
111.09696793556213, 169446.0
112.12931776046753, 169784.0
112.26828598976135, 170758.0
112.28910064697266, 170761.0
112.4308910369873, 171217.0
113.2902159690857, 171251.0
113.46154499053955, 171314.0
113.4638729095459, 172202.0
113.56897187232971, 173099.0
113.59803581237793, 173872.0
113.74389481544495, 174269.0
113.78101563453674, 174900.0
114.1035258769989, 174909.0
115.05345892906189, 175356.0
116.0199248790741, 175444.0
116.08299374580383, 175643.0
116.36158084869385, 176568.0
116.73058891296387, 176601.0
117.05368781089783, 177235.0
117.08212184906006, 178217.0
117.22744679450989, 178489.0
117.42948293685913, 179473.0
117.74667882919312, 180260.0
118.53297877311707, 180625.0
118.88046383857727, 180675.0
122.92034888267517, 181227.0
122.94666290283203, 181846.0
122.985271692276, 182071.0
123.42626476287842, 182132.0
123.49560880661011, 183044.0
123.70037078857422, 183512.0
123.79611873626709, 184293.0
123.86947464942932, 184580.0
123.97128486633301, 185559.0
124.35308480262756, 186142.0
125.34466886520386, 186557.0
125.38458395004272, 187111.0
126.64451479911804, 187506.0
128.43994188308716, 187676.0
128.5853087902069, 187947.0
128.67993187904358, 188831.0
128.75182485580444, 189145.0
128.82292199134827, 189839.0
128.9536488056183, 190316.0
129.0391149520874, 190421.0
129.09662985801697, 191241.0
129.20461082458496, 192002.0
129.21371698379517, 192259.0
129.27952885627747, 192333.0
129.4097559452057, 192613.0
130.04366064071655, 193398.0
134.908118724823, 193803.0
134.98846888542175, 194312.0
135.03219771385193, 194607.0
135.2902216911316, 194765.0
135.29433703422546, 195046.0
135.49161767959595, 195559.0
135.5949387550354, 195657.0
136.30752277374268, 196273.0
136.33255195617676, 196747.0
136.47907304763794, 197251.0
140.65144872665405, 197602.0
141.64646983146667, 197880.0
142.19163966178894, 198358.0
142.41888785362244, 198630.0
142.59991192817688, 198851.0
142.72374081611633, 199750.0
143.57929182052612, 200269.0
143.732834815979, 200831.0
144.0075387954712, 201495.0
144.29674077033997, 201987.0
144.44464683532715, 202771.0
145.09621405601501, 202897.0
147.18964982032776, 202914.0
147.87063193321228, 203296.0
147.87306761741638, 204080.0
147.910728931427, 205055.0
149.1987588405609, 205509.0
151.86325788497925, 205945.0
151.9827377796173, 205971.0
152.06772089004517, 206738.0
152.3195037841797, 206979.0
152.58843684196472, 207279.0
156.59117698669434, 207316.0
156.7483048439026, 208141.0
159.95995688438416, 208511.0
160.080406665802, 209497.0
160.29077291488647, 209725.0
161.5362639427185, 209734.0
161.84954595565796, 210576.0
162.20457696914673, 211563.0
163.35199880599976, 211811.0
163.3546838760376, 212568.0
163.39386868476868, 213340.0
163.68880581855774, 213700.0
164.2263469696045, 213942.0
164.81558394432068, 214127.0
164.87991786003113, 214136.0
165.0027289390564, 214548.0
166.37439584732056, 214744.0
166.52406787872314, 215197.0
167.69298672676086, 215820.0
167.71980690956116, 216298.0
167.76833200454712, 216938.0
168.58004093170166, 217283.0
168.6808156967163, 217608.0
169.0721468925476, 217715.0
169.1437487602234, 218239.0
171.33077096939087, 218714.0
172.6577227115631, 218766.0
173.79350090026855, 218909.0
173.79759883880615, 219741.0
173.85917782783508, 220145.0
174.09793996810913, 220614.0
174.21030282974243, 220732.0
174.26211977005005, 221304.0
175.6173448562622, 221871.0
175.8415937423706, 222601.0
176.14242672920227, 223587.0
176.18395686149597, 224158.0
176.37310886383057, 224593.0
177.11364364624023, 225074.0
177.1750328540802, 225326.0
183.46350479125977, 225998.0
186.5761559009552, 226196.0
186.71932578086853, 226845.0
214.39598989486694, 227628.0
214.5888409614563, 228040.0
214.6811547279358, 228218.0
214.79626774787903, 229208.0
215.00374293327332, 229530.0
215.0318956375122, 229694.0
215.24040174484253, 229904.0
215.270263671875, 230188.0
215.88752269744873, 230826.0
217.554949760437, 230932.0
217.77240586280823, 231347.0
218.40071082115173, 231403.0
218.82649183273315, 231845.0
219.24485182762146, 232655.0
219.39419794082642, 232989.0
219.61086082458496, 233550.0
219.6453218460083, 233896.0
220.15905785560608, 234357.0
220.52579283714294, 234913.0
220.9387137889862, 235132.0
228.73777794837952, 235751.0
229.7088418006897, 235807.0
245.5958957672119, 235825.0
245.62433791160583, 236516.0
245.72830986976624, 237287.0
271.22673773765564, 237922.0
272.22571182250977, 238099.0
272.3822326660156, 238398.0
273.5294768810272, 238696.0
275.4115216732025, 238828.0
275.4204638004303, 239558.0
275.48842763900757, 239975.0
275.4908208847046, 240400.0
275.502995967865, 240994.0
275.85886788368225, 241007.0
276.40540385246277, 241037.0
284.1063838005066, 241163.0
284.3948197364807, 241945.0
284.5821588039398, 242074.0
296.4549686908722, 242758.0
296.5268249511719, 242976.0
301.7502887248993, 243315.0
301.7830898761749, 243422.0
301.85272765159607, 244332.0
302.82969975471497, 244638.0
303.44320487976074, 245369.0
303.837251663208, 246054.0
304.1977198123932, 246527.0
304.9737238883972, 247092.0
305.00654888153076, 247271.0
305.1037268638611, 247497.0
305.92039585113525, 248292.0
307.60276675224304, 248492.0
308.17404079437256, 248634.0
308.27870178222656, 249268.0
311.6519868373871, 249411.0
313.55778789520264, 249939.0
313.56442880630493, 250412.0
313.9933660030365, 250438.0
315.90382385253906, 250751.0
315.90715861320496, 251038.0
316.1847097873688, 251494.0
316.2695469856262, 251512.0
316.3439140319824, 251935.0
316.47347688674927, 252793.0
317.87975883483887, 252994.0
317.88729596138, 253331.0
317.9436137676239, 253916.0
318.4740557670593, 254625.0
318.5528540611267, 254673.0
318.64420676231384, 254687.0
318.7215266227722, 255188.0
318.9316668510437, 255317.0
319.4123818874359, 255643.0
319.48673486709595, 256590.0
320.60003995895386, 256976.0
320.92276096343994, 257406.0
321.06993794441223, 258077.0
321.3158369064331, 258455.0
321.7014636993408, 258532.0
321.96155190467834, 258667.0
324.70856380462646, 258810.0
325.3618769645691, 258818.0
325.40521597862244, 259475.0
328.8536629676819, 259640.0
329.96757984161377, 259902.0
330.1005218029022, 260787.0
330.2589886188507, 260910.0
330.30768275260925, 261295.0
330.92787289619446, 261817.0
331.87921476364136, 262171.0
332.0070197582245, 262562.0
332.1189937591553, 263142.0
332.4056556224823, 263847.0
332.89270973205566, 264253.0
333.01694083213806, 265034.0
333.880197763443, 265044.0
333.94484996795654, 265587.0
334.9294409751892, 265621.0
335.3213458061218, 265912.0
335.66547775268555, 266049.0
335.87320494651794, 266094.0
336.0050687789917, 266430.0
365.95054388046265, 266759.0
366.18061900138855, 267354.0
366.2136650085449, 267367.0
366.4621367454529, 267519.0
370.0058867931366, 267856.0
370.049950838089, 267977.0
371.6791298389435, 268403.0
371.68853783607483, 268431.0
371.7511899471283, 269402.0
469.8620798587799, 269889.0
469.961119890213, 270214.0
469.99986481666565, 270408.0
470.77657985687256, 270420.0
470.79857778549194, 270557.0
471.21946692466736, 270616.0
471.5710418224335, 271303.0
471.78194999694824, 271320.0
474.83783888816833, 271396.0
476.00004291534424, 271431.0
476.1466119289398, 272000.0
476.167368888855, 272251.0
476.17015504837036, 272268.0
476.3653347492218, 273084.0
476.9140088558197, 273667.0
555.1646478176117, 273734.0
555.2148480415344, 273895.0
555.3471028804779, 274169.0
555.6175377368927, 275012.0
555.8619630336761, 275069.0
564.6663706302643, 275219.0
564.8255586624146, 275608.0
564.9834628105164, 275641.0
565.0583107471466, 275744.0
565.1182518005371, 275801.0
586.0397136211395, 275954.0
586.3397829532623, 276159.0
587.3673069477081, 276448.0
