0.0, 2479.0
0.8325991630554199, 2574.0
0.8345489501953125, 2609.0
0.9125771522521973, 2724.0
0.9176011085510254, 2764.0
0.9177060127258301, 2765.0
0.919975996017456, 2772.0
1.2907359600067139, 2874.0
1.29243803024292, 2917.0
1.34312105178833, 2938.0
1.3447680473327637, 3039.0
1.4038748741149902, 3142.0
1.635502815246582, 3158.0
1.6887969970703125, 3231.0
16.076630115509033, 3277.0
16.124895095825195, 3302.0
26.960905075073242, 3405.0
26.96101689338684, 3546.0
71.39105796813965, 3595.0
71.5427930355072, 3604.0
71.54551291465759, 3642.0
71.86756300926208, 3723.0
71.94920992851257, 3724.0
72.08586192131042, 3725.0
72.16388988494873, 3850.0
72.28780198097229, 3862.0
72.55180287361145, 3905.0
72.83641505241394, 3934.0
