0.0, 50202.0
0.7172882556915283, 50262.0
0.8296682834625244, 50263.0
1.197500228881836, 50264.0
1.6072990894317627, 50328.0
3.7210402488708496, 50329.0
5.168734312057495, 50417.0
5.431181192398071, 50631.0
5.773893117904663, 50653.0
5.988676309585571, 50718.0
6.212208271026611, 50826.0
8.98761510848999, 50874.0
9.236816167831421, 50875.0
9.388870239257812, 50879.0
9.6216402053833, 51033.0
9.841313123703003, 51140.0
11.078617095947266, 51227.0
16.532008409500122, 51240.0
17.027791261672974, 51270.0
18.109496116638184, 51358.0
18.573135137557983, 51438.0
18.617282152175903, 51444.0
20.99635124206543, 51569.0
21.662488222122192, 51570.0
25.11956524848938, 51585.0
25.185461044311523, 51669.0
25.244476318359375, 51721.0
25.39441418647766, 51729.0
26.212326288223267, 51730.0
35.04315638542175, 51771.0
35.35991930961609, 51772.0
35.40222907066345, 51846.0
37.277902126312256, 51851.0
38.28783917427063, 51852.0
38.401493072509766, 51853.0
38.56389403343201, 51856.0
41.72111105918884, 51974.0
42.44681715965271, 51995.0
42.78705430030823, 51996.0
43.70158839225769, 52046.0
44.64407706260681, 52081.0
44.789252281188965, 52180.0
57.88116526603699, 52206.0
59.20698809623718, 52275.0
59.48300123214722, 52299.0
64.69309115409851, 52333.0
65.32818627357483, 52368.0
65.40459132194519, 52369.0
65.42089223861694, 52430.0
66.74625515937805, 52451.0
67.52509808540344, 52493.0
69.0065290927887, 52601.0
73.88980412483215, 52633.0
75.23408842086792, 52710.0
77.67752122879028, 52786.0
78.37395930290222, 52878.0
84.21894240379333, 52879.0
88.51564025878906, 52970.0
88.6464741230011, 53034.0
89.76225924491882, 53056.0
89.82335829734802, 53137.0
90.7958471775055, 53177.0
90.9233992099762, 53178.0
94.89293217658997, 53253.0
95.4151201248169, 53263.0
95.77872109413147, 53343.0
95.85674619674683, 53387.0
96.40621638298035, 53479.0
96.40849423408508, 53480.0
97.03773427009583, 53522.0
97.57960915565491, 53581.0
97.91339230537415, 53627.0
98.17616105079651, 53629.0
99.69075417518616, 53724.0
101.45080423355103, 53794.0
101.8995771408081, 53849.0
102.08984327316284, 53889.0
102.3842990398407, 53906.0
104.10340309143066, 53929.0
117.04112529754639, 54039.0
117.52314925193787, 54041.0
121.83383512496948, 54045.0
122.00792217254639, 54116.0
122.22904324531555, 54132.0
122.2996621131897, 54263.0
122.85087418556213, 54324.0
122.89629316329956, 54341.0
126.2073712348938, 54394.0
126.28544735908508, 54395.0
126.54817724227905, 54404.0
127.47333025932312, 54467.0
127.51342725753784, 54583.0
133.23117017745972, 54596.0
133.85596227645874, 54602.0
147.57111239433289, 54605.0
154.11453914642334, 54677.0
154.3093981742859, 54768.0
337.32247018814087, 54803.0
337.36079835891724, 54879.0
337.36398005485535, 54915.0
337.45382618904114, 55011.0
337.45820116996765, 55012.0
337.7833662033081, 55154.0
339.451913356781, 55158.0
340.0703721046448, 55160.0
340.681015253067, 55179.0
340.89629435539246, 55218.0
341.3219163417816, 55330.0
370.872935295105, 55357.0
371.89706325531006, 55406.0
372.081001996994, 55429.0
372.3599302768707, 55512.0
372.6821322441101, 55633.0
372.9855680465698, 55673.0
374.16108226776123, 55781.0
374.2022602558136, 55808.0
381.884642124176, 55886.0
396.95084524154663, 55966.0
397.15265011787415, 56098.0
398.5464131832123, 56115.0
398.66192841529846, 56235.0
408.73298931121826, 56252.0
