0.0, 55395.0
0.5662541389465332, 55552.0
0.6228711605072021, 56215.0
0.9725351333618164, 56935.0
1.3036651611328125, 56969.0
2.9527831077575684, 57267.0
3.2781901359558105, 57657.0
3.3269152641296387, 58504.0
4.313031196594238, 59157.0
4.3152923583984375, 59241.0
4.3620500564575195, 59715.0
4.5363383293151855, 59787.0
4.595047235488892, 60112.0
4.643203258514404, 60914.0
5.144012212753296, 61404.0
5.3269641399383545, 61776.0
5.413470983505249, 62535.0
5.651470184326172, 62801.0
8.62654733657837, 62904.0
8.88820195198059, 63788.0
10.636556148529053, 64222.0
10.869362354278564, 64830.0
10.921813011169434, 65157.0
11.207203149795532, 65841.0
11.417314052581787, 65951.0
11.899107217788696, 66716.0
15.331786155700684, 67372.0
15.568424940109253, 67861.0
15.624795198440552, 68589.0
15.726637125015259, 69031.0
16.431540966033936, 69044.0
16.559406280517578, 69691.0
16.669387102127075, 70054.0
16.974826097488403, 71052.0
17.026962280273438, 71261.0
17.178317070007324, 71771.0
17.220911264419556, 72478.0
17.642301321029663, 73061.0
17.881097078323364, 73852.0
18.148916006088257, 74305.0
18.982434034347534, 74432.0
19.591185331344604, 75291.0
20.594985961914062, 75969.0
20.861886978149414, 76488.0
21.666967153549194, 76874.0
22.424503087997437, 76921.0
22.495941162109375, 77242.0
22.4982693195343, 77592.0
22.552847146987915, 78046.0
22.66443705558777, 78389.0
23.397226095199585, 78610.0
26.101295232772827, 78838.0
26.25231909751892, 79072.0
28.538531064987183, 79177.0
28.545146226882935, 79947.0
28.577486276626587, 79983.0
28.601569175720215, 80968.0
28.828718185424805, 81236.0
28.974281072616577, 81431.0
28.978729009628296, 82075.0
29.074029207229614, 82761.0
29.660941123962402, 83314.0
29.98491907119751, 83837.0
30.176023244857788, 84266.0
30.269438982009888, 85253.0
30.60900616645813, 85970.0
30.61559224128723, 86889.0
30.70240831375122, 87425.0
30.995110273361206, 87868.0
30.99736714363098, 88093.0
31.024027109146118, 88770.0
31.07326316833496, 88928.0
31.344847202301025, 89579.0
31.87260127067566, 89596.0
31.916271209716797, 90081.0
33.0055832862854, 90821.0
33.07796025276184, 91808.0
34.01239514350891, 92610.0
34.061660289764404, 93296.0
34.20395016670227, 93853.0
36.688589096069336, 94030.0
36.690808057785034, 94472.0
36.85977029800415, 94478.0
36.9049232006073, 95046.0
36.92143797874451, 95418.0
37.08395028114319, 96294.0
37.178845167160034, 96685.0
37.18112325668335, 97489.0
38.15588092803955, 97671.0
39.388108015060425, 97891.0
39.98410129547119, 98490.0
40.12734627723694, 99310.0
43.06704831123352, 99435.0
43.26456022262573, 100066.0
44.188512086868286, 100776.0
44.700218200683594, 101145.0
44.78426504135132, 101699.0
45.94158720970154, 101730.0
45.972936391830444, 102219.0
46.02383017539978, 102472.0
46.026116132736206, 103114.0
46.02837824821472, 103930.0
48.54106426239014, 104578.0
49.432969093322754, 104592.0
49.477725982666016, 105386.0
49.5177800655365, 105881.0
49.84473705291748, 106373.0
49.996113300323486, 106601.0
50.00060224533081, 107273.0
50.038119316101074, 107551.0
50.076924324035645, 108287.0
50.496437072753906, 108805.0
50.639106035232544, 108912.0
51.0778911113739, 109107.0
51.24268126487732, 109293.0
51.279441356658936, 109862.0
51.32445430755615, 110691.0
51.70579504966736, 110973.0
51.78797698020935, 111143.0
52.83159518241882, 111643.0
53.120604276657104, 111694.0
53.556708097457886, 112296.0
53.60211420059204, 112867.0
54.03500819206238, 112941.0
54.07934212684631, 113011.0
54.19878029823303, 113457.0
54.23617935180664, 113594.0
54.43447709083557, 114480.0
54.623648166656494, 115421.0
54.86240530014038, 116259.0
54.89164710044861, 116589.0
55.639873027801514, 117332.0
56.83039832115173, 117425.0
56.86495327949524, 118417.0
56.87372708320618, 118773.0
57.47937321662903, 118979.0
57.98883104324341, 119472.0
58.0376832485199, 119940.0
58.599942207336426, 119944.0
58.63216996192932, 120552.0
58.70864415168762, 121170.0
60.550528049468994, 122047.0
62.2721631526947, 122479.0
62.44369626045227, 122561.0
62.45038914680481, 123541.0
62.51836538314819, 123835.0
62.64812707901001, 123869.0
63.16291618347168, 124505.0
63.997843980789185, 124526.0
64.72403717041016, 124616.0
65.28911018371582, 124705.0
65.36200618743896, 125616.0
65.72932410240173, 125962.0
65.78069519996643, 126903.0
65.782968044281, 127446.0
65.90794324874878, 128430.0
65.91437911987305, 128881.0
66.12234807014465, 129392.0
66.97219204902649, 129747.0
67.28708100318909, 129941.0
67.32501721382141, 130337.0
67.32958126068115, 130919.0
67.70560836791992, 130928.0
67.83585715293884, 131791.0
68.00413417816162, 132601.0
68.79127216339111, 132886.0
69.43249917030334, 133616.0
70.42598128318787, 134184.0
70.82333421707153, 134329.0
70.86844611167908, 134712.0
70.8752121925354, 135583.0
71.3651111125946, 135953.0
71.48432421684265, 136277.0
71.54024720191956, 136336.0
71.82475018501282, 136458.0
72.60022020339966, 137363.0
73.68504810333252, 137397.0
73.77233624458313, 138005.0
74.53132915496826, 138064.0
74.56256818771362, 138103.0
74.58581018447876, 138935.0
74.5903172492981, 139435.0
74.83910608291626, 140326.0
75.0609781742096, 140767.0
75.16057705879211, 141224.0
75.23089098930359, 141562.0
75.26429104804993, 141671.0
75.29560327529907, 142057.0
77.62568712234497, 142228.0
77.87037801742554, 142451.0
78.35188102722168, 142719.0
78.38097405433655, 142749.0
78.4065043926239, 142931.0
78.48883509635925, 143776.0
78.98210310935974, 144099.0
79.07395005226135, 144714.0
79.13175916671753, 144921.0
79.13623929023743, 145082.0
79.16302108764648, 145174.0
79.28080916404724, 145278.0
79.34131622314453, 145708.0
80.15761518478394, 146269.0
80.79342222213745, 146580.0
80.91553115844727, 147007.0
81.12882423400879, 147154.0
81.22295308113098, 147263.0
81.24767732620239, 147975.0
81.52770519256592, 148368.0
81.61714625358582, 148832.0
82.43604826927185, 149050.0
82.77367806434631, 149589.0
82.93180537223816, 149669.0
83.13811826705933, 150019.0
83.14047908782959, 150135.0
83.14501023292542, 151104.0
83.20100712776184, 151188.0
83.23014402389526, 151588.0
83.35014033317566, 152320.0
83.38798213005066, 152939.0
83.50340723991394, 153455.0
83.62796020507812, 153659.0
83.68364214897156, 153678.0
84.96596097946167, 153880.0
85.20791411399841, 153981.0
85.24383020401001, 154109.0
85.53674817085266, 154263.0
86.05579018592834, 154587.0
86.11582016944885, 155235.0
86.30049514770508, 155664.0
87.32434821128845, 155851.0
87.68977928161621, 156107.0
87.81582999229431, 156556.0
87.84755039215088, 156782.0
87.90147829055786, 157382.0
88.35257601737976, 157652.0
88.38837122917175, 158105.0
88.4507200717926, 158667.0
88.84263825416565, 159099.0
88.87184309959412, 159363.0
88.87417602539062, 160334.0
89.02312922477722, 160686.0
89.32599020004272, 161022.0
89.41529512405396, 161701.0
89.50668025016785, 162516.0
89.76016306877136, 163374.0
90.93002915382385, 163512.0
90.93458724021912, 163985.0
91.14164519309998, 164398.0
91.28374195098877, 164886.0
91.34300708770752, 165591.0
93.65151834487915, 166450.0
93.68497610092163, 167136.0
93.71410918235779, 168066.0
94.22260212898254, 168338.0
94.58566403388977, 168780.0
94.74504232406616, 168900.0
94.77643322944641, 169446.0
95.6653470993042, 169784.0
95.78443813323975, 170758.0
95.79121994972229, 170761.0
95.91221404075623, 171217.0
96.6438820362091, 171251.0
96.79120206832886, 171314.0
96.79350137710571, 172202.0
96.88475799560547, 173099.0
96.91156101226807, 173872.0
97.02957701683044, 174269.0
97.06309127807617, 174900.0
97.32629609107971, 174909.0
98.14138698577881, 175356.0
99.26777720451355, 175444.0
99.28149199485779, 175643.0
99.59227228164673, 176568.0
99.91468214988708, 176601.0
100.19347023963928, 177235.0
100.19805908203125, 178217.0
100.31785821914673, 178489.0
100.49506211280823, 179473.0
100.76463007926941, 180260.0
101.36448311805725, 180625.0
101.67046809196472, 180675.0
104.70923328399658, 181227.0
104.73016214370728, 181846.0
104.76218819618225, 182071.0
105.16768908500671, 182132.0
105.20624113082886, 183044.0
105.38663816452026, 183512.0
105.47900819778442, 184293.0
105.54708623886108, 184580.0
105.63641619682312, 185559.0
105.98001313209534, 186142.0
106.80817008018494, 186557.0
106.8675901889801, 187111.0
108.10790920257568, 187506.0
109.62967228889465, 187676.0
109.74673628807068, 187947.0
109.80803728103638, 188831.0
109.87360525131226, 189145.0
109.93384027481079, 189839.0
110.05697631835938, 190316.0
110.11752915382385, 190421.0
110.17550420761108, 191241.0
110.24608111381531, 192002.0
110.2697491645813, 192259.0
110.32802820205688, 192333.0
110.45226502418518, 192613.0
110.96572208404541, 193398.0
115.10662126541138, 193803.0
115.19381022453308, 194312.0
115.2518961429596, 194607.0
115.46310830116272, 194765.0
115.46782636642456, 195046.0
115.58626937866211, 195559.0
115.67560505867004, 195657.0
116.25232911109924, 196273.0
116.27687907218933, 196747.0
116.40202617645264, 197251.0
119.8301100730896, 197602.0
120.64521408081055, 197880.0
121.11906933784485, 198358.0
121.30125331878662, 198630.0
121.4508810043335, 198851.0
121.54782629013062, 199750.0
122.27592515945435, 200269.0
122.37786436080933, 200831.0
122.60868310928345, 201495.0
122.87638306617737, 201987.0
122.97650098800659, 202771.0
123.54020023345947, 202897.0
125.28985214233398, 202914.0
125.8320791721344, 203296.0
125.85449123382568, 204080.0
125.86130833625793, 205055.0
126.9690260887146, 205509.0
129.053316116333, 205945.0
129.11833333969116, 205971.0
129.18098521232605, 206738.0
129.39361214637756, 206979.0
129.60638523101807, 207279.0
132.92738103866577, 207316.0
133.11320114135742, 208141.0
135.71576929092407, 208511.0
135.8410611152649, 209497.0
136.02005624771118, 209725.0
137.08030915260315, 209734.0
137.25240397453308, 210576.0
137.5919942855835, 211563.0
138.49499535560608, 211811.0
138.51745200157166, 212568.0
138.5510401725769, 213340.0
138.84885025024414, 213700.0
139.2707781791687, 213942.0
139.82717108726501, 214127.0
139.8781750202179, 214136.0
139.97018814086914, 214548.0
141.0580291748047, 214744.0
141.2125382423401, 215197.0
142.12007308006287, 215820.0
142.14250111579895, 216298.0
142.17613220214844, 216938.0
142.90168714523315, 217283.0
142.9623990058899, 217608.0
143.32529616355896, 217715.0
143.35674023628235, 218239.0
145.13961815834045, 218714.0
146.249272108078, 218766.0
147.19709420204163, 218909.0
147.1994490623474, 219741.0
147.2520501613617, 220145.0
147.45826411247253, 220614.0
147.55456829071045, 220732.0
147.61277532577515, 221304.0
148.7071931362152, 221871.0
148.8918251991272, 222601.0
149.15886735916138, 223587.0
149.1857831478119, 224158.0
149.34463834762573, 224593.0
149.911700963974, 225074.0
149.96280813217163, 225326.0
154.82648825645447, 225998.0
157.30920505523682, 226196.0
157.432715177536, 226845.0
179.55864024162292, 227628.0
179.73672223091125, 228040.0
179.82789015769958, 228218.0
179.91984224319458, 229208.0
180.10282802581787, 229530.0
180.1343171596527, 229694.0
180.31308698654175, 229904.0
180.34453415870667, 230188.0
180.8322560787201, 230826.0
182.24875211715698, 230932.0
182.40568923950195, 231347.0
182.97214102745056, 231403.0
183.32901620864868, 231845.0
183.69653916358948, 232655.0
183.82159519195557, 232989.0
184.0252480506897, 233550.0
184.0325150489807, 233896.0
184.50856018066406, 234357.0
184.77849435806274, 234913.0
185.1475682258606, 235132.0
191.94704008102417, 235751.0
192.76556515693665, 235807.0
205.87088322639465, 235825.0
205.89787435531616, 236516.0
205.9899640083313, 237287.0
227.39481019973755, 237922.0
228.2447853088379, 238099.0
228.36824226379395, 238398.0
229.20168709754944, 238696.0
230.7125051021576, 238828.0
230.73956036567688, 239558.0
230.79812502861023, 239975.0
230.80056500434875, 240400.0
230.8335862159729, 240994.0
231.10040497779846, 241007.0
231.55807423591614, 241037.0
237.81148433685303, 241163.0
238.05223512649536, 241945.0
238.20271635055542, 242074.0
247.51337218284607, 242758.0
247.5717282295227, 242976.0
251.8490092754364, 243315.0
251.90515208244324, 243422.0
251.94155526161194, 244332.0
252.75113320350647, 244638.0
253.27339005470276, 245369.0
253.6010501384735, 246054.0
253.79044318199158, 246527.0
254.44669914245605, 247092.0
254.47585201263428, 247271.0
254.5721800327301, 247497.0
255.23344016075134, 248292.0
256.52984404563904, 248492.0
257.03596115112305, 248634.0
257.09853434562683, 249268.0
259.41982221603394, 249411.0
260.72438621520996, 249939.0
260.7290551662445, 250412.0
261.0306942462921, 250438.0
262.60065937042236, 250751.0
262.62538504600525, 251038.0
262.8737223148346, 251494.0
262.9367711544037, 251512.0
262.9976210594177, 251935.0
263.09053015708923, 252793.0
264.2498822212219, 252994.0
264.2963173389435, 253331.0
264.3255822658539, 253916.0
264.7744371891022, 254625.0
264.83294916152954, 254673.0
264.90078020095825, 254687.0
264.9616630077362, 255188.0
265.27872824668884, 255317.0
265.70076608657837, 255643.0
265.7739791870117, 256590.0
266.6840000152588, 256976.0
266.9275541305542, 257406.0
267.04310297966003, 258077.0
267.2549293041229, 258455.0
267.59021615982056, 258532.0
267.832337141037, 258667.0
269.9247291088104, 258810.0
270.33324909210205, 258818.0
270.38993215560913, 259475.0
273.13768911361694, 259640.0
274.13115525245667, 259902.0
274.21861505508423, 260787.0
274.36705017089844, 260910.0
274.40312910079956, 261295.0
274.9401352405548, 261817.0
275.6429431438446, 262171.0
275.7377231121063, 262562.0
275.82524609565735, 263142.0
276.0055012702942, 263847.0
276.3680262565613, 264253.0
276.45395040512085, 265034.0
277.0881781578064, 265044.0
277.1194472312927, 265587.0
277.84165024757385, 265621.0
278.14214515686035, 265912.0
278.35580611228943, 266049.0
278.52912521362305, 266094.0
278.62162828445435, 266430.0
302.94092631340027, 266759.0
303.1192729473114, 267354.0
303.14874815940857, 267367.0
303.3858721256256, 267519.0
306.37444829940796, 267856.0
306.40594935417175, 267977.0
307.790488243103, 268403.0
307.81985211372375, 268431.0
307.8537242412567, 269402.0
384.45480704307556, 269889.0
384.52262115478516, 270214.0
384.5541591644287, 270408.0
385.15721702575684, 270420.0
385.1851031780243, 270557.0
385.5283930301666, 270616.0
385.80078411102295, 271303.0
385.9760992527008, 271320.0
388.08307814598083, 271396.0
388.9321472644806, 271431.0
389.02377009391785, 272000.0
389.0508852005005, 272251.0
389.0532443523407, 272268.0
389.1682643890381, 273084.0
389.5033531188965, 273667.0
464.1282660961151, 273734.0
464.1564962863922, 273895.0
464.3009903430939, 274169.0
464.5343451499939, 275012.0
464.7518012523651, 275069.0
472.6936330795288, 275219.0
472.83728408813477, 275608.0
472.98321413993835, 275641.0
473.0356123447418, 275744.0
473.10412216186523, 275801.0
492.9362292289734, 275954.0
493.2074851989746, 276159.0
494.11006903648376, 276448.0
