0.0, 25793.0
2.08717679977417, 26502.0
2.0883209705352783, 27132.0
2.0915889739990234, 27818.0
2.0927209854125977, 28493.0
2.096304178237915, 28675.0
2.141129970550537, 29555.0
2.1480870246887207, 29663.0
2.943882942199707, 30304.0
3.1252458095550537, 30549.0
3.142995834350586, 30950.0
3.1472837924957275, 31308.0
3.2751331329345703, 31351.0
3.460681915283203, 32271.0
3.476325035095215, 32814.0
4.2935168743133545, 33304.0
5.5075061321258545, 33808.0
5.745638132095337, 34292.0
5.959058046340942, 35142.0
6.059767007827759, 35699.0
6.127726078033447, 36322.0
6.589599847793579, 36584.0
6.642133951187134, 37354.0
6.759330987930298, 37875.0
6.868098974227905, 38196.0
6.919419050216675, 38226.0
6.992329835891724, 39104.0
7.670107126235962, 39371.0
7.830834865570068, 40350.0
7.834566116333008, 40353.0
7.857386827468872, 40362.0
8.600550174713135, 40511.0
8.841706991195679, 40749.0
8.844973087310791, 40828.0
8.972607851028442, 41301.0
9.087636947631836, 41883.0
9.107464075088501, 41967.0
9.597816944122314, 42316.0
9.755965948104858, 42587.0
9.77299189567566, 43065.0
9.972295045852661, 43759.0
10.17798399925232, 43799.0
10.178637027740479, 44488.0
10.182209968566895, 45113.0
10.18663215637207, 45538.0
10.285425186157227, 45890.0
10.628847122192383, 46573.0
11.074218988418579, 46981.0
11.135573863983154, 47188.0
11.322387933731079, 48102.0
12.039448022842407, 48362.0
12.040735006332397, 49150.0
12.078121900558472, 49952.0
12.171545028686523, 50215.0
12.276530981063843, 50547.0
12.284260034561157, 51213.0
12.349879026412964, 51796.0
12.64323902130127, 52611.0
12.898130893707275, 52889.0
13.48103380203247, 53011.0
13.482182025909424, 53805.0
13.490206956863403, 54318.0
13.8766770362854, 54640.0
13.878895998001099, 54667.0
13.92977499961853, 54855.0
13.970579862594604, 55337.0
14.556890964508057, 55778.0
14.727030038833618, 55807.0
14.728163957595825, 56207.0
14.732591152191162, 56633.0
14.772203922271729, 57106.0
14.871694087982178, 57546.0
14.872802972793579, 58337.0
14.951388120651245, 58547.0
15.036774158477783, 58959.0
15.251901865005493, 59544.0
15.410486936569214, 59787.0
15.823460102081299, 60154.0
15.826818943023682, 61108.0
15.878182172775269, 61770.0
16.03331708908081, 61789.0
16.0882830619812, 62694.0
16.149863958358765, 62976.0
16.61606502532959, 63160.0
16.750746965408325, 63364.0
16.78129816055298, 63380.0
16.856523036956787, 64170.0
17.01409888267517, 64224.0
17.067240953445435, 64802.0
17.068394899368286, 65678.0
17.28949809074402, 65876.0
17.290645837783813, 66354.0
17.291794776916504, 66968.0
17.33987307548523, 67391.0
17.391940116882324, 67766.0
17.64600110054016, 68222.0
17.989454984664917, 68510.0
18.07924795150757, 68905.0
18.235553979873657, 69480.0
18.338041067123413, 70146.0
18.845262050628662, 70297.0
18.848342895507812, 71142.0
18.850602865219116, 71795.0
18.85174298286438, 72238.0
18.963881969451904, 72891.0
19.006781101226807, 73877.0
19.150280952453613, 74109.0
19.56192898750305, 74327.0
19.673846006393433, 74432.0
19.70689821243286, 74885.0
20.06728482246399, 74981.0
20.068832874298096, 75176.0
20.231942176818848, 75239.0
20.372906923294067, 76031.0
20.46540093421936, 76919.0
20.538301944732666, 77083.0
20.87981605529785, 77724.0
21.947402954101562, 78064.0
21.956719160079956, 78445.0
22.283347845077515, 78751.0
22.800009965896606, 78986.0
22.803946018218994, 79667.0
23.60565710067749, 79706.0
23.957751035690308, 80262.0
24.030422925949097, 80872.0
24.182790994644165, 81161.0
24.257392168045044, 81689.0
24.402265071868896, 81982.0
24.553001880645752, 82967.0
24.706969022750854, 83320.0
25.158013105392456, 83794.0
25.387677907943726, 83879.0
25.389926195144653, 84162.0
25.510753870010376, 84645.0
25.734987020492554, 85476.0
25.73617196083069, 85819.0
25.824853897094727, 86195.0
26.212263822555542, 86320.0
26.346354007720947, 87304.0
26.651565074920654, 88285.0
27.541767120361328, 88494.0
27.59426498413086, 88982.0
27.6859769821167, 89548.0
28.039209842681885, 90086.0
28.04037094116211, 90342.0
28.192201852798462, 91081.0
28.240069150924683, 91686.0
30.79665207862854, 91731.0
31.083878993988037, 92018.0
31.520265817642212, 92620.0
31.579349040985107, 92807.0
31.661991119384766, 93377.0
32.07417893409729, 93431.0
32.16162991523743, 93886.0
32.204209089279175, 94160.0
33.1765820980072, 94277.0
33.271963119506836, 94772.0
35.285335063934326, 94797.0
35.38101816177368, 94851.0
35.510772943496704, 95219.0
35.74882507324219, 95589.0
35.853816986083984, 95870.0
36.10668587684631, 96065.0
41.81051588058472, 96165.0
45.93657994270325, 96675.0
46.1379828453064, 96893.0
50.560521841049194, 97379.0
50.659842014312744, 98019.0
50.86431312561035, 98121.0
59.53116583824158, 98421.0
61.34118604660034, 98613.0
61.440150022506714, 98662.0
61.49561595916748, 98975.0
61.53466200828552, 99238.0
61.83838891983032, 99919.0
62.45069193840027, 99958.0
62.45475387573242, 100356.0
64.93349599838257, 100540.0
66.0565390586853, 100738.0
66.05770993232727, 100814.0
66.51533889770508, 101120.0
66.82772302627563, 101368.0
67.11956906318665, 101497.0
67.17272591590881, 101683.0
67.74968910217285, 101708.0
68.67701292037964, 101835.0
68.84166502952576, 102386.0
68.91157388687134, 102418.0
68.96677303314209, 103332.0
69.22376298904419, 103735.0
70.24779891967773, 103779.0
70.39585089683533, 104425.0
70.61262798309326, 104809.0
70.62237000465393, 104889.0
71.6495590209961, 105187.0
72.5451819896698, 106012.0
72.59949612617493, 106343.0
72.64434814453125, 106611.0
72.73677206039429, 107118.0
72.74035406112671, 108115.0
73.08449101448059, 108417.0
73.71592283248901, 108721.0
74.14785885810852, 109058.0
74.62759709358215, 109963.0
74.63103294372559, 110132.0
74.77151799201965, 110575.0
75.98235893249512, 110729.0
76.02385997772217, 111099.0
76.06709694862366, 111300.0
76.07586407661438, 111303.0
77.21862196922302, 111388.0
77.32732796669006, 111398.0
77.42738604545593, 111756.0
77.43198609352112, 112162.0
77.46901297569275, 113160.0
84.11563205718994, 113255.0
84.2675769329071, 113648.0
84.42376494407654, 114246.0
84.91501903533936, 114527.0
86.52412104606628, 114591.0
86.58777904510498, 115162.0
88.01853203773499, 115646.0
88.13624811172485, 116043.0
88.20917916297913, 116411.0
88.60387992858887, 116752.0
88.61357688903809, 117372.0
88.6493308544159, 117470.0
88.66684699058533, 117530.0
89.29522800445557, 117782.0
89.34594917297363, 118070.0
89.375009059906, 118981.0
89.37884593009949, 119309.0
89.38342595100403, 119786.0
89.45948195457458, 120179.0
90.0536539554596, 120196.0
90.35905408859253, 120546.0
90.60246706008911, 121365.0
91.60628604888916, 122004.0
91.60867977142334, 122416.0
91.81917905807495, 122437.0
91.90029788017273, 122450.0
92.22452902793884, 123411.0
92.25885891914368, 124062.0
92.3227150440216, 124066.0
92.36191511154175, 124245.0
93.2335569858551, 124552.0
93.30664396286011, 124989.0
94.91820693016052, 125302.0
95.01612210273743, 125886.0
95.07696199417114, 125985.0
95.15439414978027, 126012.0
95.24199914932251, 126070.0
125.30099511146545, 126641.0
179.89362502098083, 126789.0
179.97217988967896, 127436.0
180.03544402122498, 127998.0
180.03914213180542, 128895.0
180.06506490707397, 129849.0
180.3195459842682, 129885.0
180.53047895431519, 130482.0
180.53277206420898, 131349.0
180.5643548965454, 131541.0
181.9216229915619, 131729.0
182.0984401702881, 132283.0
203.46981287002563, 132445.0
205.52676606178284, 132730.0
205.5322790145874, 132867.0
205.57778811454773, 133755.0
205.58007907867432, 133846.0
209.44246912002563, 133883.0
210.09127497673035, 134259.0
219.47947478294373, 134265.0
219.52000188827515, 134444.0
336.15916991233826, 134676.0
336.20005798339844, 134714.0
336.20373916625977, 135628.0
336.32168793678284, 135904.0
336.3592760562897, 136101.0
352.3226840496063, 136274.0
352.3238549232483, 136358.0
352.3847529888153, 136435.0
362.2253460884094, 136690.0
374.26931285858154, 137125.0
374.3086221218109, 137172.0
374.3366599082947, 137350.0
377.4843680858612, 137624.0
377.8330340385437, 137841.0
378.2764849662781, 138215.0
378.46409010887146, 138216.0
378.8960440158844, 138866.0
380.21753311157227, 139482.0
383.54396200180054, 140042.0
383.5855119228363, 140080.0
383.5866768360138, 140925.0
383.60084795951843, 141427.0
383.605504989624, 142139.0
383.60792803764343, 142471.0
383.6475911140442, 142848.0
383.985652923584, 142877.0
533.8040821552277, 143352.0
