0.0, 12289.0
1.9198410511016846, 12583.0
1.9211559295654297, 13072.0
2.0285849571228027, 13293.0
2.1056110858917236, 14181.0
2.110682964324951, 14581.0
2.2541959285736084, 15013.0
2.2559070587158203, 15570.0
2.288209915161133, 16513.0
2.340348958969116, 16615.0
2.629694938659668, 16900.0
2.637653112411499, 17223.0
2.688687801361084, 17418.0
2.7931900024414062, 17659.0
2.860403060913086, 18275.0
2.863057851791382, 18326.0
2.8635149002075195, 19278.0
2.9324190616607666, 20265.0
3.1279518604278564, 20642.0
3.667391061782837, 20753.0
4.1688971519470215, 21350.0
4.169343948364258, 22052.0
4.172773838043213, 22396.0
4.511640787124634, 22717.0
4.51294207572937, 22760.0
4.520074129104614, 23490.0
4.5552709102630615, 24158.0
4.55908989906311, 24286.0
4.611243009567261, 24407.0
4.6129539012908936, 24952.0
5.10718297958374, 25716.0
5.265529155731201, 26249.0
5.385094881057739, 26271.0
5.44582200050354, 26697.0
6.314074993133545, 26774.0
6.327211141586304, 26991.0
6.33107590675354, 27437.0
6.524436950683594, 27576.0
6.5265491008758545, 27700.0
6.56292200088501, 27953.0
6.7761170864105225, 28467.0
6.929346084594727, 28867.0
7.157095909118652, 28945.0
7.393280982971191, 29377.0
7.631630897521973, 30168.0
7.699244976043701, 30514.0
7.727581024169922, 30596.0
7.732594966888428, 31434.0
7.771579027175903, 31951.0
7.7776038646698, 32279.0
7.779022932052612, 32753.0
8.59829306602478, 33297.0
8.599532127380371, 33913.0
8.752708911895752, 34140.0
8.756625890731812, 34152.0
8.805124998092651, 35034.0
8.809036016464233, 35652.0
8.869132041931152, 36523.0
8.884336948394775, 36761.0
8.93349003791809, 37424.0
8.985390186309814, 38172.0
10.202301979064941, 38459.0
10.20625901222229, 38666.0
10.244126081466675, 39223.0
10.246731996536255, 39231.0
10.247178077697754, 39880.0
10.249778985977173, 40521.0
10.353377103805542, 41085.0
11.213109970092773, 41407.0
11.2186279296875, 41490.0
11.263953924179077, 41950.0
11.26835584640503, 42122.0
11.276844024658203, 43008.0
12.727761030197144, 43759.0
13.16388201713562, 44167.0
13.164299011230469, 44184.0
13.164717197418213, 45084.0
13.24752688407898, 45491.0
13.248419761657715, 46430.0
17.720175981521606, 46771.0
17.767651081085205, 47481.0
17.855506896972656, 48045.0
18.103545904159546, 48617.0
18.213404893875122, 48673.0
18.214744806289673, 48926.0
18.216997861862183, 49220.0
18.220968008041382, 49636.0
18.251670122146606, 50347.0
18.427300930023193, 50851.0
28.78006410598755, 51686.0
29.023511171340942, 52105.0
32.159680128097534, 52361.0
32.161478996276855, 52652.0
32.166106939315796, 53552.0
32.215688943862915, 53715.0
32.21980905532837, 53723.0
32.31183218955994, 53859.0
32.31230592727661, 54562.0
32.410675048828125, 55156.0
32.76764798164368, 55351.0
33.307230949401855, 55635.0
42.650163888931274, 56011.0
42.65381407737732, 56928.0
43.82270002365112, 56960.0
43.9057559967041, 57799.0
43.96987009048462, 57874.0
43.97708010673523, 58803.0
46.383756160736084, 58855.0
46.433557987213135, 58866.0
46.43667411804199, 58968.0
46.48217296600342, 59160.0
46.542969942092896, 59717.0
46.81281900405884, 59971.0
46.823331117630005, 60069.0
46.86295509338379, 60698.0
46.863428831100464, 61362.0
94.9235668182373, 61467.0
95.02043080329895, 61623.0
95.16676688194275, 61713.0
273.4739429950714, 61865.0
273.47958993911743, 61870.0
273.52039980888367, 61877.0
273.5208671092987, 62609.0
273.5503361225128, 62735.0
513.3525140285492, 63334.0
513.3538608551025, 63554.0
513.3734359741211, 63793.0
513.3948030471802, 64629.0
