0.0, 9825.0
0.33040595054626465, 10059.0
0.3326590061187744, 10161.0
0.33463597297668457, 10387.0
0.33484697341918945, 10415.0
0.4982130527496338, 10508.0
0.4993720054626465, 11168.0
0.5019822120666504, 11547.0
0.5065791606903076, 11973.0
0.6580870151519775, 12812.0
0.7773699760437012, 13584.0
0.7784271240234375, 14149.0
0.7789957523345947, 14381.0
0.9121699333190918, 14515.0
1.0660400390625, 14710.0
1.1691648960113525, 14830.0
1.1712589263916016, 15399.0
1.2968778610229492, 15806.0
1.298365831375122, 16027.0
1.5593318939208984, 16414.0
1.5595591068267822, 16662.0
1.5679128170013428, 17605.0
1.6753151416778564, 18324.0
1.6775929927825928, 18809.0
1.9543919563293457, 18942.0
2.0279178619384766, 19609.0
2.5963759422302246, 19641.0
2.5974020957946777, 19767.0
2.7101848125457764, 19890.0
2.783698081970215, 19893.0
3.341599941253662, 19992.0
3.3461170196533203, 20599.0
3.3468289375305176, 21072.0
3.5138280391693115, 21074.0
3.555877923965454, 21454.0
3.6234560012817383, 21957.0
4.099466800689697, 22321.0
4.167466878890991, 22486.0
4.172580003738403, 22916.0
4.365888833999634, 22947.0
4.369490146636963, 23783.0
4.37056303024292, 23874.0
4.371633052825928, 24071.0
4.421180963516235, 24518.0
4.422050952911377, 24728.0
4.532047986984253, 25226.0
4.774784803390503, 25411.0
5.411720037460327, 25492.0
5.412817001342773, 26444.0
5.46806001663208, 26944.0
5.475219011306763, 27026.0
5.536616086959839, 27621.0
7.538009881973267, 28136.0
8.13636589050293, 28791.0
8.726553916931152, 28839.0
9.455187797546387, 29018.0
9.458936929702759, 29236.0
9.596977949142456, 29357.0
9.653941869735718, 29802.0
10.759545087814331, 30400.0
10.765011072158813, 31170.0
16.464219093322754, 31630.0
16.514801025390625, 31984.0
29.89915680885315, 32210.0
33.44913601875305, 32542.0
33.449371099472046, 33422.0
33.491596937179565, 33817.0
48.41606903076172, 34253.0
48.41736316680908, 34319.0
48.58929181098938, 34410.0
48.589959144592285, 34451.0
48.623852014541626, 35009.0
48.66119909286499, 35213.0
48.705512046813965, 35432.0
290.7492468357086, 35718.0
290.7868309020996, 35973.0
300.9868919849396, 36791.0
334.4004068374634, 37150.0
350.582937002182, 37704.0
350.65037393569946, 37743.0
350.6923038959503, 37799.0
350.72137904167175, 38506.0
361.4115869998932, 39396.0
378.3630738258362, 39593.0
410.2476818561554, 40079.0
412.9989700317383, 40366.0
413.5077679157257, 40377.0
415.1690127849579, 40694.0
416.4434599876404, 41041.0
416.52797508239746, 41789.0
416.53454780578613, 42021.0
419.8329367637634, 42116.0
421.303426027298, 42418.0
421.33332085609436, 42643.0
421.3349778652191, 42925.0
421.3665409088135, 43020.0
421.40147280693054, 43774.0
421.4068899154663, 43993.0
421.4394190311432, 44119.0
421.4699959754944, 44146.0
421.5062119960785, 44309.0
421.53774309158325, 44713.0
421.90136218070984, 44837.0
423.34839391708374, 45107.0
423.36708188056946, 45807.0
437.8282630443573, 46133.0
438.1082739830017, 46160.0
438.1736390590668, 46190.0
444.0616738796234, 46217.0
444.0645868778229, 46759.0
445.7060298919678, 46983.0
447.86094188690186, 47135.0
448.0447211265564, 47421.0
