0.0, 50202.0
0.8195829391479492, 50262.0
0.902796745300293, 50263.0
1.2595598697662354, 50264.0
1.766704797744751, 50328.0
4.037900686264038, 50329.0
5.509231805801392, 50417.0
5.7867279052734375, 50631.0
6.128397703170776, 50653.0
6.310981750488281, 50718.0
6.493684768676758, 50826.0
9.639456987380981, 50874.0
9.834635734558105, 50875.0
10.086596727371216, 50879.0
10.238349676132202, 51033.0
10.410602807998657, 51140.0
11.383622884750366, 51227.0
17.104243755340576, 51240.0
17.673665761947632, 51270.0
18.658204793930054, 51358.0
19.144200801849365, 51438.0
19.201871871948242, 51444.0
21.639967918395996, 51569.0
22.317160844802856, 51570.0
25.943240880966187, 51585.0
26.110899925231934, 51669.0
26.150192737579346, 51721.0
26.280223846435547, 51729.0
27.13679575920105, 51730.0
35.98631978034973, 51771.0
36.273422718048096, 51772.0
36.33241581916809, 51846.0
38.23116683959961, 51851.0
39.176286935806274, 51852.0
39.2589156627655, 51853.0
39.41092085838318, 51856.0
42.471558809280396, 51974.0
43.14985179901123, 51995.0
43.423290729522705, 51996.0
44.36732578277588, 52046.0
45.16553497314453, 52081.0
45.298765659332275, 52180.0
58.27276968955994, 52206.0
59.78293180465698, 52275.0
60.14013075828552, 52299.0
65.40250182151794, 52333.0
66.02679657936096, 52368.0
66.07341074943542, 52369.0
66.15989565849304, 52430.0
67.43283772468567, 52451.0
68.25173282623291, 52493.0
69.59529972076416, 52601.0
74.31457567214966, 52633.0
75.69153165817261, 52710.0
78.27376890182495, 52786.0
78.94956970214844, 52878.0
84.66985702514648, 52879.0
89.03526473045349, 52970.0
89.19679999351501, 53034.0
90.4450056552887, 53056.0
90.5157299041748, 53137.0
91.42714762687683, 53177.0
91.58783483505249, 53178.0
95.58131265640259, 53253.0
96.19704484939575, 53263.0
96.52911067008972, 53343.0
96.60952377319336, 53387.0
97.18642783164978, 53479.0
97.18882179260254, 53480.0
97.77005887031555, 53522.0
98.25990390777588, 53581.0
98.58654475212097, 53627.0
98.86455488204956, 53629.0
100.19730567932129, 53724.0
101.96898674964905, 53794.0
102.45360159873962, 53849.0
102.62972974777222, 53889.0
102.89587473869324, 53906.0
104.54841494560242, 53929.0
117.35262894630432, 54039.0
117.83602976799011, 54041.0
122.05783295631409, 54045.0
122.2220447063446, 54116.0
122.44723463058472, 54132.0
122.53865385055542, 54263.0
123.05398297309875, 54324.0
123.12073874473572, 54341.0
126.47015190124512, 54394.0
126.52327966690063, 54395.0
126.82496166229248, 54404.0
127.6905198097229, 54467.0
127.77284479141235, 54583.0
133.45029973983765, 54596.0
134.0992088317871, 54602.0
148.05806279182434, 54605.0
154.559476852417, 54677.0
154.77022576332092, 54768.0
335.50358486175537, 54803.0
335.53705286979675, 54879.0
335.53941082954407, 54915.0
335.6092998981476, 55011.0
335.61176586151123, 55012.0
335.9491198062897, 55154.0
337.5550377368927, 55158.0
338.2025909423828, 55160.0
338.7878737449646, 55179.0
339.0359597206116, 55218.0
339.3940727710724, 55330.0
369.0487678050995, 55357.0
370.04425072669983, 55406.0
370.2110188007355, 55429.0
370.51517271995544, 55512.0
370.86141777038574, 55633.0
371.151193857193, 55673.0
372.35517477989197, 55781.0
372.3991868495941, 55808.0
379.2572138309479, 55886.0
395.0675048828125, 55966.0
395.28619480133057, 56098.0
396.82355976104736, 56115.0
396.8990557193756, 56235.0
406.58099365234375, 56252.0
