0.0, 4154.0
0.0028312206268310547, 4438.0
0.0033071041107177734, 4443.0
0.0034711360931396484, 4662.0
0.004535198211669922, 4939.0
0.004975080490112305, 5709.0
0.005875110626220703, 6166.0
0.011827945709228516, 6278.0
0.012881994247436523, 6406.0
0.021413087844848633, 7130.0
0.025490999221801758, 7213.0
0.028059005737304688, 7339.0
0.03580594062805176, 7572.0
0.035965919494628906, 7700.0
0.03895211219787598, 7925.0
0.046308279037475586, 7976.0
0.04647088050842285, 8365.0
0.04716610908508301, 8575.0
0.04962897300720215, 8780.0
0.06940817832946777, 8951.0
0.07072710990905762, 9742.0
0.0731651782989502, 10561.0
0.07509398460388184, 10590.0
0.07746100425720215, 10716.0
0.11630606651306152, 11073.0
0.12180113792419434, 11204.0
0.1253492832183838, 11282.0
0.12540388107299805, 12052.0
0.12728095054626465, 12065.0
0.12734103202819824, 12522.0
0.12740111351013184, 13174.0
0.12772417068481445, 13245.0
0.14809823036193848, 13502.0
0.1483762264251709, 14066.0
0.15055012702941895, 14407.0
0.1506659984588623, 14813.0
0.15116405487060547, 14884.0
0.15138697624206543, 14996.0
0.15352916717529297, 15191.0
0.17484402656555176, 15460.0
0.18970799446105957, 15591.0
0.18988609313964844, 16450.0
0.19705414772033691, 16825.0
0.1974039077758789, 17394.0
0.21406912803649902, 17856.0
0.2263801097869873, 18067.0
0.2267751693725586, 18125.0
0.26606321334838867, 18307.0
0.27573609352111816, 18659.0
0.275892972946167, 19201.0
0.2763500213623047, 19411.0
0.8728032112121582, 19714.0
0.8734889030456543, 20113.0
4.622416973114014, 20204.0
4.623834133148193, 20917.0
4.626224040985107, 21098.0
4.941291093826294, 21663.0
4.947962284088135, 21995.0
7.257140159606934, 22333.0
7.419992208480835, 22353.0
7.421482086181641, 23264.0
7.856434106826782, 23598.0
7.860129117965698, 23700.0
7.891147136688232, 23965.0
7.894078969955444, 24289.0
7.897635221481323, 24445.0
7.906647205352783, 24545.0
7.914517164230347, 24937.0
7.91943097114563, 25374.0
7.966686964035034, 25408.0
7.980690002441406, 25420.0
8.00507402420044, 25600.0
