0.0, 6011.0
0.004026174545288086, 6048.0
0.00560307502746582, 6818.0
0.007913827896118164, 6854.0
0.00938105583190918, 6881.0
0.012396097183227539, 7527.0
0.017431020736694336, 7809.0
0.01924920082092285, 8054.0
0.0193021297454834, 8167.0
0.01971888542175293, 8334.0
0.020107030868530273, 8559.0
0.020977020263671875, 8648.0
0.02190995216369629, 9418.0
0.025054931640625, 9654.0
0.028007984161376953, 10185.0
0.0561521053314209, 10335.0
0.05804705619812012, 11105.0
0.06015801429748535, 11333.0
0.06391286849975586, 11902.0
0.0644071102142334, 12444.0
0.06659603118896484, 12537.0
0.06832313537597656, 12706.0
0.0688178539276123, 13476.0
0.06937003135681152, 13887.0
0.10350894927978516, 13961.0
0.10366511344909668, 14820.0
0.11295104026794434, 15360.0
0.11411404609680176, 15877.0
0.11824607849121094, 16026.0
0.11986780166625977, 16293.0
0.12053704261779785, 17017.0
0.13001394271850586, 17300.0
0.13072800636291504, 17426.0
0.43944692611694336, 17514.0
0.43988800048828125, 18069.0
0.4401121139526367, 18769.0
0.441910982131958, 19011.0
0.5020039081573486, 19591.0
0.52117919921875, 19682.0
0.5236389636993408, 20022.0
0.5250990390777588, 20933.0
5.337510108947754, 21273.0
5.337771892547607, 21401.0
5.340178966522217, 21943.0
6.333032846450806, 22129.0
6.333755016326904, 22403.0
6.870764970779419, 22558.0
6.888803958892822, 23002.0
6.895059823989868, 23570.0
6.898942947387695, 23794.0
7.002274036407471, 24197.0
7.116628885269165, 24787.0
7.122363805770874, 25001.0
7.129861116409302, 25215.0
