0.0, 5780.0
0.019643068313598633, 6000.0
0.01979207992553711, 6874.0
0.020649194717407227, 6965.0
0.022463083267211914, 7472.0
0.02251601219177246, 8014.0
0.02271294593811035, 8583.0
0.033186912536621094, 9067.0
0.03357291221618652, 9837.0
0.03396201133728027, 9842.0
0.038886070251464844, 10072.0
0.03942584991455078, 10842.0
0.07984709739685059, 11001.0
0.08082699775695801, 11121.0
0.0809791088104248, 11921.0
0.08284807205200195, 12343.0
0.08387589454650879, 12912.0
0.0853569507598877, 13165.0
0.08890199661254883, 13653.0
0.09243297576904297, 13664.0
0.13465213775634766, 13701.0
0.13556694984436035, 13929.0
0.13664793968200684, 14375.0
0.13916921615600586, 14377.0
0.1394190788269043, 15233.0
0.14730095863342285, 15909.0
0.15137124061584473, 16257.0
0.15294289588928223, 17117.0
0.1755988597869873, 17388.0
0.48125410079956055, 17866.0
0.5100319385528564, 18085.0
0.5478801727294922, 18164.0
0.5483930110931396, 18208.0
0.79339599609375, 18339.0
0.7948219776153564, 19250.0
0.7957949638366699, 19561.0
0.7962560653686523, 19852.0
0.7967219352722168, 20382.0
1.577049970626831, 20533.0
3.9880340099334717, 21077.0
5.846124887466431, 21994.0
5.87443995475769, 22405.0
5.8768470287323, 22494.0
5.87822699546814, 22675.0
5.880737066268921, 23534.0
5.880947113037109, 23729.0
6.923541069030762, 23854.0
6.9289329051971436, 23904.0
6.936805963516235, 24364.0
6.9391210079193115, 24415.0
6.9480369091033936, 24583.0
6.951073169708252, 24679.0
7.044459104537964, 25011.0
7.686021089553833, 25263.0
7.687510251998901, 25687.0
7.689205169677734, 26296.0
7.725622177124023, 26384.0
7.781559944152832, 26486.0
