0.0, 3059.0
0.00495600700378418, 3433.0
0.006270170211791992, 3876.0
0.0077359676361083984, 3963.0
0.007835149765014648, 4065.0
0.008019208908081055, 4674.0
0.009303092956542969, 5120.0
0.009454011917114258, 5136.0
0.01348114013671875, 5906.0
0.015177249908447266, 6166.0
0.021305084228515625, 6244.0
0.027132034301757812, 6781.0
0.027186155319213867, 7211.0
0.027634143829345703, 7288.0
0.02773594856262207, 7988.0
0.035588979721069336, 8187.0
0.03573799133300781, 8469.0
0.03627729415893555, 9341.0
0.03763604164123535, 9412.0
0.03827023506164551, 9954.0
0.05105400085449219, 10714.0
0.052726030349731445, 10996.0
0.05288219451904297, 11939.0
0.057826995849609375, 12602.0
0.05887103080749512, 12918.0
0.05932307243347168, 13514.0
0.0611109733581543, 13901.0
0.06650686264038086, 14109.0
0.09022808074951172, 14851.0
0.10790491104125977, 15092.0
0.10914087295532227, 15981.0
0.11218118667602539, 16579.0
0.12148213386535645, 16799.0
0.12367105484008789, 17159.0
0.14950323104858398, 17370.0
0.15072107315063477, 17579.0
0.15316104888916016, 17921.0
0.15507912635803223, 18038.0
0.15795183181762695, 18089.0
0.15878796577453613, 18191.0
0.7462241649627686, 18318.0
0.7992050647735596, 18339.0
0.8013830184936523, 18842.0
1.1851780414581299, 19086.0
1.1880989074707031, 19353.0
1.2191810607910156, 19381.0
1.7378630638122559, 19720.0
1.7413060665130615, 20377.0
4.443802118301392, 20966.0
4.444720029830933, 21229.0
5.78885817527771, 21582.0
5.794404029846191, 22232.0
6.711095094680786, 22425.0
6.722305059432983, 22427.0
6.725118160247803, 23010.0
6.725480079650879, 23780.0
6.737583160400391, 24007.0
6.738357305526733, 24191.0
6.81410813331604, 24224.0
6.8189332485198975, 24331.0
6.824489116668701, 24690.0
6.836658239364624, 24742.0
6.84141206741333, 24891.0
6.850590229034424, 25267.0
7.749902009963989, 25441.0
7.834491014480591, 25455.0
7.900734186172485, 25582.0
7.9064621925354, 25650.0
7.944810152053833, 25931.0
