0.0, 4706.0
0.008105993270874023, 5062.0
0.008404016494750977, 5631.0
0.008460044860839844, 5884.0
0.011370182037353516, 6034.0
0.01191401481628418, 6079.0
0.016599178314208984, 6185.0
0.019520044326782227, 7049.0
0.021317243576049805, 7587.0
0.02260303497314453, 8093.0
0.023869991302490234, 8288.0
0.0260772705078125, 8351.0
0.033013105392456055, 8570.0
0.03535628318786621, 8963.0
0.0354161262512207, 9806.0
0.035691022872924805, 10501.0
0.036768198013305664, 11271.0
0.03804612159729004, 11312.0
0.03968620300292969, 11746.0
0.04090714454650879, 12313.0
0.04138803482055664, 12973.0
0.04181623458862305, 13419.0
0.04410719871520996, 13631.0
0.04538702964782715, 14134.0
0.09677696228027344, 14456.0
0.11733627319335938, 14577.0
0.12357521057128906, 14916.0
0.13208818435668945, 15071.0
0.1605513095855713, 15531.0
0.16243624687194824, 16037.0
0.1690361499786377, 16069.0
0.17037224769592285, 16638.0
0.1733541488647461, 16712.0
0.2789151668548584, 17628.0
0.28179097175598145, 17834.0
0.3421921730041504, 17957.0
0.3453640937805176, 18621.0
0.34612202644348145, 19348.0
0.3472881317138672, 20090.0
0.34844017028808594, 20781.0
0.7658102512359619, 20979.0
0.780242919921875, 21052.0
2.226654052734375, 21058.0
2.227116107940674, 21501.0
2.232621192932129, 21729.0
2.2332911491394043, 22438.0
2.239551067352295, 22577.0
6.286001205444336, 22690.0
6.290658235549927, 22739.0
6.291581392288208, 22811.0
7.048273324966431, 22902.0
7.0496063232421875, 23678.0
7.051728248596191, 24441.0
7.064767122268677, 24623.0
7.32273006439209, 24657.0
7.349034070968628, 25317.0
7.350839138031006, 25886.0
