0.0, 4456.0
0.008032083511352539, 4576.0
0.010799884796142578, 4795.0
0.011350154876708984, 5455.0
0.011968135833740234, 6216.0
0.0158841609954834, 6616.0
0.02394700050354004, 6655.0
0.024425029754638672, 6783.0
0.029677867889404297, 6903.0
0.0313870906829834, 7211.0
0.03153800964355469, 7576.0
0.03850293159484863, 7680.0
0.03903508186340332, 7782.0
0.0394740104675293, 7873.0
0.041021108627319336, 8206.0
0.04666399955749512, 8935.0
0.054277896881103516, 9206.0
0.05550408363342285, 10137.0
0.07414412498474121, 11017.0
0.09775400161743164, 11322.0
0.09949707984924316, 12120.0
0.13445210456848145, 12331.0
0.13485193252563477, 12422.0
0.1351640224456787, 13146.0
0.1365652084350586, 14025.0
0.13695693016052246, 14502.0
0.137343168258667, 14988.0
0.14450311660766602, 15477.0
0.14499211311340332, 15574.0
0.14969897270202637, 15795.0
0.203963041305542, 15879.0
0.2115468978881836, 16156.0
0.2553269863128662, 16307.0
0.25713586807250977, 16542.0
0.25736403465270996, 17100.0
0.7404098510742188, 17224.0
0.7449400424957275, 18083.0
0.7461080551147461, 18531.0
0.7462129592895508, 19172.0
0.7465691566467285, 20060.0
0.747905969619751, 20342.0
4.1116979122161865, 20421.0
4.775639057159424, 20851.0
5.11921501159668, 20901.0
5.119942903518677, 21542.0
5.132970094680786, 21580.0
5.134944200515747, 21708.0
5.137796878814697, 21956.0
5.189653158187866, 22152.0
5.189812183380127, 22254.0
5.193526029586792, 22523.0
5.200273036956787, 22557.0
7.201213121414185, 22718.0
7.202084064483643, 22928.0
7.2043328285217285, 23652.0
8.252202033996582, 24017.0
8.253434896469116, 24102.0
8.360305070877075, 24444.0
8.47030520439148, 24509.0
8.473649978637695, 24871.0
8.489378213882446, 25030.0
8.491422176361084, 25158.0
8.599143028259277, 25612.0
8.602071046829224, 25740.0
9.03472113609314, 25792.0
