0.0, 4010.0
0.002604961395263672, 4035.0
0.002755880355834961, 4313.0
0.002808809280395508, 5244.0
0.006619930267333984, 5894.0
0.009144783020019531, 6079.0
0.0143890380859375, 6213.0
0.015169143676757812, 7167.0
0.015353918075561523, 7377.0
0.01680278778076172, 7572.0
0.019090890884399414, 8012.0
0.02696514129638672, 8572.0
0.027436017990112305, 9431.0
0.03470802307128906, 9817.0
0.03487086296081543, 10386.0
0.03519010543823242, 11052.0
0.041239023208618164, 11234.0
0.04130887985229492, 11516.0
0.05391097068786621, 11527.0
0.06381702423095703, 11581.0
0.06595897674560547, 12112.0
0.06607294082641602, 13000.0
0.07991886138916016, 13371.0
0.08330082893371582, 13533.0
0.08369588851928711, 13955.0
0.08460807800292969, 14497.0
0.08542084693908691, 14599.0
0.08580589294433594, 15043.0
0.08738994598388672, 15500.0
0.089385986328125, 15626.0
0.13020610809326172, 15878.0
0.14260196685791016, 16365.0
0.14385199546813965, 16912.0
0.14403486251831055, 17025.0
0.1496579647064209, 17256.0
0.15238404273986816, 17489.0
0.4440128803253174, 17693.0
0.4456369876861572, 17795.0
0.46959900856018066, 18023.0
0.46965575218200684, 18140.0
0.47007012367248535, 18475.0
0.48215675354003906, 18482.0
0.4921739101409912, 18948.0
1.1403908729553223, 19197.0
1.1493918895721436, 19603.0
1.1498539447784424, 20047.0
1.1518380641937256, 20402.0
1.1565451622009277, 20470.0
1.156907081604004, 21261.0
3.9002599716186523, 21262.0
3.9007160663604736, 21474.0
3.906812906265259, 21884.0
3.907274007797241, 22137.0
8.335718870162964, 22395.0
8.338665962219238, 22733.0
8.33873200416565, 22815.0
8.341753959655762, 23013.0
8.342326164245605, 23079.0
8.3456871509552, 23485.0
9.278656959533691, 23585.0
9.296825885772705, 24084.0
9.299808025360107, 24279.0
9.301463842391968, 24547.0
9.347532749176025, 24562.0
9.351902961730957, 24661.0
9.360302925109863, 24893.0
9.368242025375366, 25020.0
9.380274057388306, 25175.0
9.394043922424316, 25234.0
9.397307872772217, 25429.0
9.402566909790039, 25626.0
9.404478073120117, 25660.0
9.404534816741943, 25951.0
9.405236005783081, 26042.0
