0.0, 5483.0
0.02603435516357422, 5535.0
0.027570247650146484, 5542.0
0.028052091598510742, 6202.0
0.0281522274017334, 6679.0
0.028583288192749023, 7125.0
0.028968095779418945, 8013.0
0.029021263122558594, 8654.0
0.03060007095336914, 9320.0
0.03185725212097168, 9832.0
0.03191113471984863, 10013.0
0.03414511680603027, 10164.0
0.038947105407714844, 10595.0
0.03983426094055176, 11314.0
0.04003715515136719, 11559.0
0.04009127616882324, 12284.0
0.040145158767700195, 13084.0
0.04064202308654785, 13485.0
0.04084515571594238, 13597.0
0.04243206977844238, 14303.0
0.0440831184387207, 14483.0
0.04991626739501953, 15004.0
0.05647897720336914, 15625.0
0.07445406913757324, 15672.0
0.07512402534484863, 16624.0
0.08816099166870117, 16748.0
0.08869504928588867, 16876.0
0.09048295021057129, 17164.0
0.09108829498291016, 17179.0
0.09258699417114258, 17441.0
0.09294009208679199, 17636.0
0.09484004974365234, 17758.0
0.8423559665679932, 17853.0
0.8839991092681885, 18130.0
1.2563703060150146, 18238.0
1.3529720306396484, 18343.0
1.3549890518188477, 18497.0
1.5171053409576416, 19365.0
1.5181732177734375, 19371.0
1.537245273590088, 19443.0
1.5379600524902344, 19517.0
4.241692304611206, 20108.0
4.2426769733428955, 20159.0
4.243721008300781, 20354.0
4.2448341846466064, 20800.0
4.247154235839844, 20806.0
5.505988121032715, 21013.0
5.819414138793945, 21280.0
5.821002006530762, 22100.0
6.303324222564697, 22322.0
6.304916143417358, 22486.0
6.440840005874634, 22651.0
6.75168514251709, 22889.0
6.751996278762817, 23778.0
6.752411127090454, 23880.0
6.752928018569946, 24256.0
7.275292158126831, 24509.0
7.2892889976501465, 24602.0
7.327222108840942, 24640.0
7.334974050521851, 24797.0
7.354219198226929, 24997.0
