0.0, 1747.0
0.0018129348754882812, 2117.0
0.0019099712371826172, 2758.0
0.002524137496948242, 3549.0
0.0025870800018310547, 3812.0
0.0029642581939697266, 3867.0
0.003038167953491211, 4465.0
0.0034432411193847656, 4809.0
0.0035910606384277344, 4892.0
0.005969047546386719, 5156.0
0.006256103515625, 5562.0
0.0063321590423583984, 5743.0
0.006659030914306641, 5745.0
0.007447957992553711, 6536.0
0.007815122604370117, 6846.0
0.008044958114624023, 6851.0
0.01038503646850586, 6960.0
0.012768983840942383, 7098.0
0.013751029968261719, 7407.0
0.02634906768798828, 7698.0
0.027622222900390625, 8398.0
0.03212618827819824, 8579.0
0.1178901195526123, 8897.0
