0.0, 2970.0
0.010663032531738281, 3670.0
0.015853166580200195, 4070.0
0.018647193908691406, 4172.0
0.018982887268066406, 4942.0
0.021203041076660156, 5224.0
0.024125099182128906, 6015.0
0.027814149856567383, 6258.0
0.027868032455444336, 6948.0
0.027920246124267578, 7836.0
0.0293271541595459, 8767.0
0.030164003372192383, 8895.0
0.030294179916381836, 9437.0
0.04888200759887695, 10021.0
0.04967808723449707, 10563.0
0.051506996154785156, 10572.0
0.05161714553833008, 11298.0
0.051969051361083984, 11864.0
0.052465200424194336, 11981.0
0.05448031425476074, 12198.0
0.09377622604370117, 12314.0
0.09789228439331055, 12641.0
0.09853315353393555, 13411.0
0.09908103942871094, 14135.0
0.10190224647521973, 14523.0
0.10811495780944824, 14815.0
0.3195211887359619, 14945.0
0.319627046585083, 15736.0
0.31968212127685547, 15827.0
0.3204159736633301, 15868.0
0.32062220573425293, 16078.0
0.3210310935974121, 16616.0
0.33366823196411133, 16774.0
0.5309979915618896, 17189.0
0.5703890323638916, 17731.0
0.5706250667572021, 18300.0
1.1014080047607422, 18304.0
1.1426210403442383, 18597.0
1.1445400714874268, 18936.0
1.1455650329589844, 19382.0
1.1463720798492432, 19404.0
1.2066349983215332, 19765.0
1.2067930698394775, 20535.0
1.207456111907959, 21466.0
6.575092077255249, 21513.0
6.655757188796997, 21611.0
6.656383037567139, 21631.0
6.673501968383789, 21681.0
6.690342903137207, 22022.0
6.697417974472046, 22135.0
6.778713226318359, 22496.0
6.782722234725952, 22622.0
8.303782939910889, 22705.0
8.306885242462158, 23045.0
8.647241115570068, 23343.0
8.831412076950073, 23403.0
8.888336181640625, 23949.0
8.919358015060425, 24356.0
8.98873496055603, 24614.0
9.013286113739014, 24640.0
