0.0, 3539.0
0.007768154144287109, 3858.0
0.008749246597290039, 4649.0
0.00935816764831543, 5373.0
0.013186216354370117, 5621.0
0.014831066131591797, 6391.0
0.02015209197998047, 6500.0
0.02049112319946289, 6582.0
0.02238631248474121, 6658.0
0.023046255111694336, 6747.0
0.02370619773864746, 7701.0
0.023859262466430664, 8552.0
0.026165008544921875, 9150.0
0.027968168258666992, 10101.0
0.028994083404541016, 11032.0
0.030164003372192383, 11217.0
0.030946016311645508, 11319.0
0.031716108322143555, 12158.0
0.03255033493041992, 12372.0
0.03358316421508789, 12956.0
0.03383231163024902, 13756.0
0.035703182220458984, 13765.0
0.038655996322631836, 14188.0
0.039109230041503906, 14265.0
0.03931021690368652, 15217.0
0.03946232795715332, 15222.0
0.040258169174194336, 15689.0
0.041398048400878906, 16459.0
0.042591094970703125, 16677.0
0.04506707191467285, 17468.0
0.3538780212402344, 18151.0
0.35825324058532715, 18215.0
0.38220906257629395, 18296.0
0.383986234664917, 18488.0
0.3848750591278076, 19129.0
0.3858942985534668, 19370.0
0.3863072395324707, 19601.0
3.2995572090148926, 20154.0
3.2997262477874756, 20878.0
3.300044059753418, 21131.0
3.3004631996154785, 21478.0
5.574303150177002, 21514.0
5.574512243270874, 21616.0
5.58696722984314, 22132.0
5.589982986450195, 22701.0
5.590802192687988, 23059.0
7.186273097991943, 23729.0
7.306121110916138, 24324.0
7.309441089630127, 24913.0
7.320521116256714, 25297.0
7.54349422454834, 25328.0
7.572479009628296, 25484.0
7.66573429107666, 25963.0
7.666922092437744, 26030.0
7.74402928352356, 26032.0
7.84937596321106, 26121.0
7.913893222808838, 26145.0
