0.0, 2193.0
0.00121307373046875, 2469.0
0.0012390613555908203, 3110.0
0.0039920806884765625, 3668.0
0.004042148590087891, 4069.0
0.005661964416503906, 4846.0
0.007625102996826172, 4904.0
0.007675886154174805, 5545.0
0.008414030075073242, 5662.0
0.010525941848754883, 5709.0
0.01073312759399414, 5781.0
0.010790109634399414, 6350.0
0.011083126068115234, 7077.0
0.012027263641357422, 7110.0
0.01222085952758789, 7211.0
0.021831035614013672, 7673.0
0.02625894546508789, 7813.0
0.027238130569458008, 8400.0
0.03168010711669922, 8497.0
0.03363299369812012, 8713.0
0.0360870361328125, 8745.0
0.11206912994384766, 9147.0
