0.0, 3762.0
0.0025360584259033203, 3953.0
0.0031480789184570312, 4744.0
0.0034818649291992188, 5286.0
0.005321025848388672, 5688.0
0.005983114242553711, 6631.0
0.008051156997680664, 6973.0
0.011038064956665039, 7513.0
0.020759105682373047, 7925.0
0.029591083526611328, 8217.0
0.03917288780212402, 8775.0
0.04392194747924805, 9154.0
0.04414081573486328, 9795.0
0.04653191566467285, 9921.0
0.05019402503967285, 10832.0
0.050742149353027344, 11409.0
0.05085492134094238, 12069.0
0.07611608505249023, 12196.0
0.07676506042480469, 12538.0
0.07714605331420898, 13216.0
0.08035993576049805, 13344.0
0.08372807502746582, 14003.0
0.0896148681640625, 14183.0
0.09022402763366699, 14517.0
0.09044599533081055, 15059.0
0.09279394149780273, 15143.0
0.09410500526428223, 15620.0
0.09502696990966797, 16420.0
0.27782106399536133, 16688.0
0.5163590908050537, 16758.0
0.5184168815612793, 16963.0
0.5189809799194336, 17689.0
0.5205159187316895, 17714.0
0.5223891735076904, 18381.0
0.5241150856018066, 18491.0
1.075186014175415, 18703.0
1.0754928588867188, 18985.0
3.401839017868042, 19775.0
3.414393901824951, 19794.0
3.423279047012329, 20082.0
4.9488139152526855, 20477.0
4.950220823287964, 21247.0
5.141430139541626, 21403.0
6.319208145141602, 21867.0
6.320130825042725, 22092.0
8.207127094268799, 22547.0
8.20845103263855, 23004.0
8.918111085891724, 23084.0
8.931531190872192, 23089.0
8.935286045074463, 23546.0
8.936127185821533, 23992.0
8.938946962356567, 24120.0
8.941569805145264, 24211.0
9.332959175109863, 24538.0
9.338979959487915, 24621.0
9.343221187591553, 24747.0
9.3521728515625, 25437.0
9.365952014923096, 25539.0
9.472254991531372, 25713.0
9.47458791732788, 25859.0
9.504786968231201, 25885.0
9.512441873550415, 25987.0
9.575318098068237, 26281.0
