0.0, 4859.0
0.00473332405090332, 5004.0
0.004929065704345703, 5106.0
0.007918119430541992, 5416.0
0.009540081024169922, 5929.0
0.013875007629394531, 6124.0
0.014517068862915039, 6572.0
0.014735221862792969, 7342.0
0.014793157577514648, 7948.0
0.016080141067504883, 7978.0
0.016143321990966797, 8186.0
0.016311168670654297, 8853.0
0.017109155654907227, 8855.0
0.017258167266845703, 9714.0
0.018775224685668945, 10171.0
0.02369523048400879, 10465.0
0.03286123275756836, 10732.0
0.03513908386230469, 10736.0
0.05894207954406738, 10826.0
0.059003353118896484, 11391.0
0.07113409042358398, 11720.0
0.07158923149108887, 12002.0
0.09082722663879395, 12518.0
0.09315013885498047, 12686.0
0.09609603881835938, 12709.0
0.10334515571594238, 12835.0
0.11242318153381348, 12836.0
0.11419010162353516, 13695.0
0.1430373191833496, 13882.0
0.14424395561218262, 14377.0
0.14888620376586914, 15074.0
0.14920926094055176, 15874.0
0.1506490707397461, 16515.0
0.18288898468017578, 16518.0
0.18365216255187988, 16545.0
0.18375706672668457, 16616.0
0.18406414985656738, 17022.0
0.31532907485961914, 17144.0
0.43958520889282227, 17184.0
0.4814112186431885, 17536.0
0.5802791118621826, 17595.0
0.7969322204589844, 18457.0
0.797640323638916, 19221.0
0.8038270473480225, 19356.0
0.8090932369232178, 19873.0
0.9459283351898193, 20187.0
3.138904094696045, 20419.0
4.727615118026733, 21212.0
7.163620233535767, 21974.0
7.164848327636719, 22412.0
7.171726226806641, 22469.0
7.728156328201294, 22570.0
7.735865116119385, 23347.0
8.377012014389038, 23649.0
8.387596130371094, 24419.0
8.417258024215698, 24633.0
8.419161081314087, 24726.0
8.421028137207031, 24852.0
8.748262166976929, 24913.0
8.81516718864441, 24962.0
9.093960285186768, 25226.0
9.095510005950928, 25352.0
9.101046085357666, 25414.0
