0.0, 2864.0
0.013573884963989258, 3032.0
0.013628959655761719, 3601.0
0.016874074935913086, 3808.0
0.018323898315429688, 3931.0
0.01862478256225586, 4655.0
0.019336938858032227, 5132.0
0.019388914108276367, 5902.0
0.02274179458618164, 6567.0
0.028123855590820312, 6977.0
0.028415918350219727, 7500.0
0.02976393699645996, 8359.0
0.037413835525512695, 8497.0
0.0377507209777832, 8599.0
0.03789877891540527, 8881.0
0.03795194625854492, 8960.0
0.042543888092041016, 9256.0
0.04294085502624512, 9336.0
0.04304385185241699, 9731.0
0.0435328483581543, 10501.0
0.0437319278717041, 11389.0
0.0679478645324707, 11392.0
0.06824994087219238, 11476.0
0.06835269927978516, 11680.0
0.07337689399719238, 11862.0
0.10309696197509766, 12032.0
0.10359001159667969, 12574.0
0.10833597183227539, 12867.0
0.11108088493347168, 13022.0
0.11320996284484863, 13397.0
0.1132650375366211, 14197.0
0.1136159896850586, 14654.0
0.11426281929016113, 15065.0
0.1199958324432373, 15289.0
0.12026667594909668, 15971.0
0.1288008689880371, 16720.0
0.1366438865661621, 16773.0
0.2783818244934082, 17060.0
0.2820167541503906, 17786.0
0.2874588966369629, 18342.0
0.2896237373352051, 18959.0
0.7696669101715088, 19161.0
0.770122766494751, 19166.0
0.8331949710845947, 19172.0
2.1412758827209473, 19247.0
2.1413331031799316, 19444.0
2.9116108417510986, 19803.0
3.933448076248169, 20045.0
3.9338598251342773, 20233.0
3.9350228309631348, 20874.0
3.935299873352051, 21028.0
5.7036378383636475, 21428.0
6.4014809131622314, 21449.0
6.404258728027344, 21731.0
6.430753707885742, 21739.0
6.437069892883301, 21819.0
6.793581962585449, 21851.0
6.793639898300171, 22186.0
6.795361757278442, 23089.0
7.32587194442749, 23619.0
7.3261330127716064, 23901.0
7.409991979598999, 23982.0
7.6316916942596436, 24261.0
7.6684348583221436, 24446.0
7.7759387493133545, 24961.0
