0.0, 1543.0
0.0020258426666259766, 1807.0
0.002374887466430664, 2167.0
0.003443002700805664, 2357.0
0.0034589767456054688, 2955.0
0.0047800540924072266, 3009.0
0.005048036575317383, 3650.0
0.0055999755859375, 3857.0
0.006041049957275391, 3889.0
0.008081912994384766, 4251.0
0.009233951568603516, 4642.0
0.010940790176391602, 5187.0
0.017178773880004883, 5261.0
0.018233776092529297, 5387.0
0.01840686798095703, 5844.0
0.022989988327026367, 5958.0
0.02334284782409668, 6658.0
0.023547887802124023, 6938.0
0.03910183906555176, 7189.0
0.040848731994628906, 7643.0
0.0694577693939209, 7899.0
0.06985092163085938, 8168.0
0.09248208999633789, 8187.0
