0.0, 2830.0
0.00960683822631836, 2846.0
0.009659051895141602, 3670.0
0.00975799560546875, 3931.0
0.010554075241088867, 4043.0
0.019922971725463867, 4222.0
0.02119612693786621, 4379.0
0.021904945373535156, 4420.0
0.021957874298095703, 4673.0
0.025161027908325195, 5218.0
0.025263071060180664, 5908.0
0.02531599998474121, 5917.0
0.02560591697692871, 5922.0
0.026140928268432617, 6286.0
0.02683711051940918, 7217.0
0.027859926223754883, 7541.0
0.02855086326599121, 7971.0
0.028700828552246094, 8540.0
0.029722213745117188, 8574.0
0.03016185760498047, 9215.0
0.03118300437927246, 9634.0
0.03308916091918945, 9814.0
0.034893035888671875, 10184.0
0.035044193267822266, 10954.0
0.03529191017150879, 11080.0
0.04074287414550781, 11629.0
0.06303524971008301, 11641.0
0.0636911392211914, 11923.0
0.13642287254333496, 11962.0
0.1389319896697998, 12066.0
0.14011812210083008, 12257.0
0.14370417594909668, 13099.0
0.1497480869293213, 13411.0
0.14980292320251465, 14202.0
0.1540689468383789, 14652.0
0.15604901313781738, 14842.0
0.16697907447814941, 15077.0
0.16713404655456543, 15179.0
0.21614313125610352, 15714.0
0.21634888648986816, 15924.0
0.21805500984191895, 16367.0
0.2233409881591797, 16668.0
0.24242782592773438, 16750.0
0.24704504013061523, 17104.0
0.24720001220703125, 17386.0
0.2861289978027344, 17776.0
0.42360901832580566, 18725.0
0.42560410499572754, 18748.0
0.6077160835266113, 18816.0
0.6340460777282715, 19102.0
0.6345419883728027, 20013.0
0.6350500583648682, 20203.0
0.6351108551025391, 20967.0
3.0905020236968994, 21004.0
3.090608835220337, 21106.0
3.2295010089874268, 21139.0
3.926443099975586, 21262.0
4.376192092895508, 21366.0
5.689252138137817, 21671.0
5.693785190582275, 22119.0
6.350076913833618, 22504.0
6.35039210319519, 23073.0
6.704180002212524, 23079.0
6.705970048904419, 23666.0
6.713223934173584, 23744.0
6.71483588218689, 24632.0
6.716987133026123, 24760.0
6.7238929271698, 24894.0
6.924860954284668, 25142.0
