0.0, 3435.0
0.002187013626098633, 3825.0
0.002287149429321289, 4201.0
0.002340078353881836, 4329.0
0.002534151077270508, 5055.0
0.004892110824584961, 5060.0
0.01019430160522461, 5791.0
0.012422323226928711, 6315.0
0.012584924697875977, 7258.0
0.012644052505493164, 7826.0
0.014908313751220703, 8170.0
0.016585111618041992, 8664.0
0.017335176467895508, 9553.0
0.017890214920043945, 10356.0
0.01895928382873535, 10809.0
0.049844980239868164, 11326.0
0.052857160568237305, 12037.0
0.05334925651550293, 12134.0
0.0542299747467041, 12262.0
0.05715513229370117, 12294.0
0.05792117118835449, 13246.0
0.060163021087646484, 13913.0
0.06022310256958008, 14683.0
0.06121706962585449, 14970.0
0.061387062072753906, 15859.0
0.06231403350830078, 16067.0
0.06398916244506836, 16088.0
0.0649251937866211, 16534.0
0.06798005104064941, 16835.0
0.07873725891113281, 16841.0
0.13022112846374512, 16865.0
0.13122010231018066, 17407.0
0.15642213821411133, 17604.0
0.157426118850708, 18366.0
0.4617919921875, 18949.0
0.7424619197845459, 19134.0
1.6105799674987793, 19374.0
1.6116862297058105, 20233.0
1.6128501892089844, 20874.0
4.769258975982666, 20926.0
4.774907112121582, 21052.0
4.776391267776489, 21661.0
4.778055191040039, 21669.0
4.780131101608276, 22112.0
5.3274853229522705, 22276.0
5.784163236618042, 22376.0
6.2673022747039795, 23167.0
6.268327236175537, 23172.0
6.269556999206543, 23326.0
6.271093130111694, 23615.0
6.2721452713012695, 24184.0
6.274705171585083, 24641.0
6.281707048416138, 25306.0
6.284438133239746, 25432.0
6.30139422416687, 25446.0
7.391053199768066, 25897.0
7.391831159591675, 25902.0
7.392796277999878, 26511.0
