0.0, 2952.0
0.0026519298553466797, 3347.0
0.0029010772705078125, 4067.0
0.004068851470947266, 4524.0
0.004621267318725586, 5383.0
0.005239248275756836, 5447.0
0.009528160095214844, 6015.0
0.010522127151489258, 6297.0
0.010716915130615234, 7208.0
0.012237071990966797, 7978.0
0.01772904396057129, 8395.0
0.02753424644470215, 8521.0
0.028892993927001953, 8623.0
0.030487060546875, 8818.0
0.03561091423034668, 9325.0
0.036103010177612305, 9956.0
0.03640294075012207, 10622.0
0.09263801574707031, 10734.0
0.09269404411315918, 11434.0
0.09853911399841309, 11545.0
0.1037600040435791, 11887.0
0.11929607391357422, 12007.0
0.1196889877319336, 12959.0
0.12289214134216309, 12978.0
0.17111611366271973, 13242.0
0.25412511825561523, 13403.0
0.25527215003967285, 13553.0
0.25791215896606445, 13608.0
0.25905895233154297, 14344.0
0.2598989009857178, 14539.0
0.26279616355895996, 14761.0
0.26461219787597656, 15352.0
0.26607322692871094, 15577.0
0.26981306076049805, 15768.0
0.33482909202575684, 15991.0
0.33561086654663086, 16093.0
0.33774399757385254, 16553.0
0.3426382541656494, 16671.0
0.45632505416870117, 17075.0
0.45704102516174316, 17640.0
0.4572000503540039, 17850.0
0.459672212600708, 17892.0
0.4602329730987549, 18076.0
0.46410202980041504, 18885.0
0.6640501022338867, 19189.0
0.6661279201507568, 19224.0
0.6675150394439697, 19249.0
0.667686939239502, 19818.0
2.2924392223358154, 20550.0
2.2947189807891846, 20678.0
3.569267988204956, 20825.0
3.569676160812378, 20830.0
4.152143955230713, 21313.0
4.155586242675781, 21505.0
4.155843257904053, 22171.0
4.702223300933838, 22269.0
4.708892107009888, 22460.0
6.069309949874878, 22642.0
6.8206140995025635, 22780.0
6.830857992172241, 22854.0
6.833345174789429, 23423.0
7.075998067855835, 23862.0
7.0874409675598145, 23977.0
7.096703052520752, 24103.0
7.098461151123047, 24228.0
7.113830089569092, 24237.0
7.116257190704346, 24404.0
7.11662220954895, 24686.0
7.194903135299683, 24714.0
7.281408071517944, 24721.0
7.30765700340271, 24833.0
7.327055931091309, 24879.0
7.328042030334473, 25131.0
7.328819036483765, 25673.0
7.553175210952759, 25706.0
7.556019067764282, 25832.0
7.568739175796509, 25948.0
7.5740931034088135, 26143.0
7.664277076721191, 26275.0
7.847989082336426, 26339.0
