0.0, 2202.0
0.01122903823852539, 2538.0
0.011286020278930664, 3295.0
0.01401209831237793, 4077.0
0.016638994216918945, 4333.0
0.018290042877197266, 5287.0
0.0231630802154541, 5526.0
0.024064064025878906, 5721.0
0.02600407600402832, 6580.0
0.027170896530151367, 6705.0
0.02774786949157715, 6807.0
0.02789592742919922, 6933.0
0.029855012893676758, 6974.0
0.03132510185241699, 7744.0
0.033102989196777344, 8107.0
0.033204078674316406, 8816.0
0.03330492973327637, 9381.0
0.03345489501953125, 10172.0
0.03370094299316406, 10972.0
0.034739017486572266, 11029.0
0.035125017166137695, 11473.0
0.04145503044128418, 11892.0
0.057897090911865234, 12101.0
0.05886197090148926, 12190.0
0.06029391288757324, 12346.0
0.08578205108642578, 12643.0
0.08584213256835938, 13185.0
0.08693504333496094, 13631.0
0.08803606033325195, 14325.0
0.08881115913391113, 14451.0
0.09096503257751465, 14602.0
0.0911250114440918, 14673.0
0.0912940502166748, 14799.0
0.11118197441101074, 14835.0
0.11165714263916016, 15784.0
0.1160578727722168, 15940.0
0.12674212455749512, 15999.0
0.13990092277526855, 16129.0
0.14110708236694336, 16729.0
0.17836308479309082, 16746.0
0.18281817436218262, 16870.0
0.1841721534729004, 17640.0
0.22736406326293945, 18005.0
0.22872614860534668, 18529.0
0.22893190383911133, 18975.0
0.23009800910949707, 19087.0
0.23301005363464355, 19355.0
0.30235981941223145, 19756.0
0.30443310737609863, 19997.0
0.30479001998901367, 20853.0
0.843580961227417, 20989.0
4.285737991333008, 21020.0
4.287101984024048, 21302.0
4.288569927215576, 22191.0
4.307126045227051, 22381.0
4.3086018562316895, 22762.0
4.311536073684692, 23070.0
4.311995983123779, 23736.0
7.740433931350708, 23861.0
7.743717908859253, 24304.0
7.797785997390747, 24580.0
