0.0, 2650.0
0.012257814407348633, 2698.0
0.01240396499633789, 3307.0
0.013785839080810547, 4218.0
0.01564812660217285, 4500.0
0.017444849014282227, 4743.0
0.017572879791259766, 4767.0
0.018037080764770508, 5698.0
0.018374919891357422, 6652.0
0.019290924072265625, 7107.0
0.02053093910217285, 7564.0
0.02248978614807129, 8452.0
0.025471925735473633, 8555.0
0.026576995849609375, 9325.0
0.02924799919128418, 9885.0
0.029972076416015625, 10013.0
0.03238391876220703, 10098.0
0.03253293037414551, 10351.0
0.0326840877532959, 11210.0
0.034188032150268555, 11383.0
0.03448772430419922, 12137.0
0.03454184532165527, 12827.0
0.03469586372375488, 13069.0
0.03479290008544922, 13264.0
0.034909963607788086, 13381.0
0.03540682792663574, 14335.0
0.1080467700958252, 14947.0
0.12158083915710449, 15140.0
0.1222829818725586, 15781.0
0.12233710289001465, 16187.0
0.12407875061035156, 16299.0
0.12423491477966309, 16494.0
0.1312699317932129, 16825.0
0.13594388961791992, 17332.0
0.13810372352600098, 17769.0
0.19144201278686523, 18345.0
0.19270992279052734, 18899.0
0.19306707382202148, 19032.0
0.1932218074798584, 19963.0
0.19347786903381348, 20822.0
5.869552850723267, 20917.0
5.870476722717285, 21471.0
5.870988845825195, 22069.0
6.041146993637085, 22117.0
6.072534084320068, 22716.0
6.076447010040283, 23414.0
6.813752889633179, 23684.0
6.819437742233276, 23730.0
6.889277935028076, 24190.0
6.889592885971069, 24981.0
6.904078960418701, 25326.0
6.905534029006958, 25521.0
6.9061620235443115, 26162.0
6.913123846054077, 26471.0
6.914789915084839, 26573.0
