0.0, 2506.0
0.004434347152709961, 2773.0
0.005559206008911133, 3063.0
0.005922079086303711, 3210.0
0.005947113037109375, 3917.0
0.006078958511352539, 4374.0
0.006141185760498047, 4555.0
0.0063021183013916016, 4972.0
0.008040189743041992, 5156.0
0.00932931900024414, 5475.0
0.010351181030273438, 6180.0
0.0112152099609375, 6490.0
0.011286020278930664, 7364.0
0.022338151931762695, 7854.0
0.05240297317504883, 7935.0
0.05245709419250488, 8140.0
0.055730342864990234, 8149.0
0.09023022651672363, 8602.0
0.11176323890686035, 8842.0
0.14083218574523926, 9147.0
