0.0, 2263.0
0.002429962158203125, 2314.0
0.003420114517211914, 2720.0
0.0035660266876220703, 3163.0
0.005708932876586914, 3260.0
0.006103038787841797, 3797.0
0.0062999725341796875, 4733.0
0.006445884704589844, 4804.0
0.0065460205078125, 4907.0
0.0067408084869384766, 5117.0
0.006840944290161133, 5843.0
0.00689387321472168, 6401.0
0.011766910552978516, 7266.0
0.02327585220336914, 8027.0
0.02645087242126465, 8180.0
0.035272836685180664, 9022.0
0.036203861236572266, 9942.0
0.036984920501708984, 10463.0
0.038237810134887695, 10678.0
0.0485539436340332, 10757.0
0.05040884017944336, 11141.0
0.05849790573120117, 11626.0
0.05869603157043457, 12426.0
0.058799028396606445, 12505.0
0.059144020080566406, 13047.0
0.06031608581542969, 13149.0
0.0607600212097168, 13431.0
0.0631568431854248, 13591.0
0.0634908676147461, 13719.0
0.0641169548034668, 14196.0
0.12045884132385254, 14966.0
0.12172889709472656, 15717.0
0.12390398979187012, 16170.0
0.2933528423309326, 16190.0
0.29698801040649414, 16723.0
0.31229615211486816, 17411.0
0.3985610008239746, 18222.0
0.39893388748168945, 19153.0
0.39954495429992676, 20105.0
2.1833369731903076, 20568.0
2.1857798099517822, 20929.0
2.185835838317871, 21124.0
2.1861460208892822, 21915.0
2.1877899169921875, 22528.0
2.1887269020080566, 22709.0
2.1901159286499023, 22937.0
2.190635919570923, 23520.0
7.115029811859131, 23611.0
7.116218090057373, 24068.0
7.116982936859131, 24170.0
7.129000902175903, 24374.0
7.131741762161255, 24561.0
7.1463940143585205, 24773.0
7.148157119750977, 24899.0
7.149456024169922, 25148.0
7.152616024017334, 25581.0
7.335525035858154, 25666.0
7.360399961471558, 25811.0
7.362467050552368, 25923.0
7.374760866165161, 26055.0
7.657281875610352, 26073.0
7.669977903366089, 26150.0
7.678419828414917, 26190.0
7.6841840744018555, 26292.0
7.6860268115997314, 26418.0
7.749934911727905, 26443.0
