0.0, 4206.0
0.0056569576263427734, 4532.0
0.006033182144165039, 4978.0
0.006224155426025391, 5094.0
0.008794069290161133, 5636.0
0.016397953033447266, 5646.0
0.016450881958007812, 6215.0
0.018007993698120117, 6881.0
0.019385099411010742, 7651.0
0.021430015563964844, 8111.0
0.023180007934570312, 8970.0
0.027103900909423828, 8993.0
0.027539968490600586, 9095.0
0.0277860164642334, 9954.0
0.030974149703979492, 10020.0
0.03277087211608887, 10367.0
0.033502817153930664, 10887.0
0.03365302085876465, 11765.0
0.0342409610748291, 11893.0
0.03512096405029297, 12617.0
0.03546905517578125, 13159.0
0.03694510459899902, 13712.0
0.03765702247619629, 14568.0
0.040563106536865234, 15379.0
0.04310011863708496, 15505.0
0.0437469482421875, 15982.0
0.04399895668029785, 16551.0
0.04841303825378418, 16671.0
0.05070900917053223, 16787.0
0.0646820068359375, 16981.0
0.06619095802307129, 17186.0
0.290294885635376, 17557.0
0.29090285301208496, 17626.0
0.29267001152038574, 18396.0
0.7180540561676025, 18589.0
0.7287619113922119, 18862.0
0.7299199104309082, 19653.0
1.396860122680664, 19832.0
1.697693109512329, 19965.0
2.7091948986053467, 20051.0
2.7425410747528076, 20212.0
2.815526008605957, 20219.0
4.086132049560547, 20409.0
4.0867919921875, 20418.0
4.7984459400177, 20866.0
4.799261093139648, 20910.0
5.5118279457092285, 21075.0
5.512546062469482, 21799.0
5.521646976470947, 21835.0
6.156055927276611, 21973.0
6.820563793182373, 22098.0
6.975710153579712, 22418.0
6.977086782455444, 22558.0
6.978569030761719, 22637.0
6.979543924331665, 22739.0
7.108523845672607, 22900.0
7.12930703163147, 23584.0
7.135596990585327, 24295.0
7.139986038208008, 24711.0
7.160890102386475, 24799.0
7.291598081588745, 25368.0
7.298065185546875, 25483.0
7.386536121368408, 25712.0
7.387963056564331, 25838.0
7.398326873779297, 26033.0
7.832084894180298, 26099.0
7.84394097328186, 26444.0
