0.0, 1915.0
0.0009000301361083984, 2434.0
0.001271963119506836, 2458.0
0.0014410018920898438, 2605.0
0.001455068588256836, 3272.0
0.0014710426330566406, 3338.0
0.001499176025390625, 4335.0
0.0016732215881347656, 5266.0
0.002830982208251953, 5556.0
0.006757020950317383, 5803.0
0.007420063018798828, 5826.0
0.007503986358642578, 6283.0
0.008395910263061523, 6426.0
0.009209156036376953, 6897.0
0.009408950805664062, 7538.0
0.010579824447631836, 7889.0
0.043166160583496094, 7892.0
0.04463601112365723, 8232.0
0.08742904663085938, 8270.0
0.09619021415710449, 8472.0
0.10794901847839355, 8661.0
