0.0, 5856.0
0.011923074722290039, 6012.0
0.016126155853271484, 6756.0
0.01807999610900879, 7627.0
0.019570112228393555, 8073.0
0.020767927169799805, 8128.0
0.021011829376220703, 8928.0
0.025590896606445312, 9407.0
0.026887178421020508, 10359.0
0.02717900276184082, 11129.0
0.06236100196838379, 11130.0
0.07995319366455078, 11195.0
0.09071898460388184, 11572.0
0.09316182136535645, 11784.0
0.09595513343811035, 11834.0
0.098052978515625, 12558.0
0.1041262149810791, 12784.0
0.11219501495361328, 12793.0
0.1349339485168457, 12800.0
0.1469590663909912, 13084.0
0.14745497703552246, 13626.0
0.16954421997070312, 13924.0
0.16985011100769043, 14548.0
0.17173194885253906, 14697.0
0.17183613777160645, 15556.0
0.17272591590881348, 15809.0
0.17487001419067383, 16515.0
0.17587614059448242, 16840.0
0.21783018112182617, 17245.0
0.38138604164123535, 17527.0
0.42807602882385254, 17918.0
0.43028807640075684, 18143.0
0.431995153427124, 18338.0
1.391510009765625, 18369.0
1.4006550312042236, 19153.0
1.6389060020446777, 19296.0
1.6390619277954102, 20239.0
2.3288660049438477, 20415.0
3.440063953399658, 20423.0
5.519132137298584, 20779.0
5.519624948501587, 21443.0
5.519987106323242, 22354.0
5.836708068847656, 22355.0
5.836816072463989, 22608.0
5.83804988861084, 22898.0
5.8382580280303955, 23622.0
5.840423107147217, 23694.0
6.895808935165405, 23796.0
6.902450084686279, 23936.0
6.927551984786987, 24050.0
6.930354118347168, 24096.0
7.45817494392395, 24237.0
7.460835933685303, 24444.0
7.462341070175171, 24570.0
7.463173151016235, 24694.0
7.47975492477417, 24736.0
7.490227222442627, 24802.0
7.5538201332092285, 24986.0
7.557568073272705, 25471.0
7.8974151611328125, 25478.0
8.378572940826416, 25869.0
8.380540132522583, 26122.0
8.433474063873291, 26148.0
8.54778790473938, 26695.0
8.592362880706787, 26764.0
8.702698945999146, 26890.0
