0.0, 3719.0
0.016745805740356445, 4087.0
0.01705193519592285, 4656.0
0.017354965209960938, 4767.0
0.01773691177368164, 4873.0
0.01839900016784668, 5042.0
0.018451929092407227, 5059.0
0.018834829330444336, 5399.0
0.019626855850219727, 5548.0
0.019726037979125977, 6491.0
0.01992177963256836, 7100.0
0.02050185203552246, 7251.0
0.0234220027923584, 7274.0
0.02386188507080078, 7633.0
0.02501392364501953, 7814.0
0.025547027587890625, 7942.0
0.030591964721679688, 8165.0
0.030933856964111328, 9117.0
0.03248786926269531, 9974.0
0.03345775604248047, 10071.0
0.03745889663696289, 10216.0
0.03828787803649902, 10658.0
0.038583993911743164, 10760.0
0.039906978607177734, 11299.0
0.043602943420410156, 11688.0
0.04365682601928711, 12458.0
0.043710947036743164, 12538.0
0.05209183692932129, 12600.0
0.0525660514831543, 13057.0
0.05582690238952637, 13503.0
0.0701298713684082, 13624.0
0.07047700881958008, 14043.0
0.07804179191589355, 14257.0
0.07851696014404297, 15168.0
0.09635686874389648, 15312.0
0.09651303291320801, 15469.0
0.10144686698913574, 15606.0
0.10179877281188965, 15859.0
0.10236907005310059, 16536.0
0.1034538745880127, 16568.0
0.10350894927978516, 17368.0
0.11256790161132812, 17794.0
0.11262369155883789, 18240.0
0.1136319637298584, 18493.0
0.8986618518829346, 18593.0
2.3938608169555664, 18860.0
2.3956847190856934, 19496.0
2.396655797958374, 20266.0
2.4031059741973877, 20568.0
5.070514917373657, 20685.0
5.651348829269409, 20687.0
5.861418962478638, 20858.0
5.877328872680664, 21005.0
6.008798837661743, 21251.0
6.028620958328247, 21510.0
6.028924942016602, 22075.0
6.029499769210815, 22749.0
6.054229974746704, 22964.0
6.054651737213135, 23410.0
6.128603935241699, 23495.0
6.128711938858032, 23607.0
6.131396770477295, 23612.0
7.233022928237915, 23623.0
7.333107948303223, 23664.0
7.343009948730469, 24033.0
7.352104902267456, 24037.0
7.421406984329224, 24049.0
7.4218738079071045, 24151.0
7.437103033065796, 24392.0
7.443954944610596, 24679.0
7.45219087600708, 25158.0
7.458081960678101, 25700.0
7.458709001541138, 25982.0
7.488476753234863, 26118.0
7.693696022033691, 26255.0
7.7391579151153564, 26360.0
7.746186017990112, 26462.0
7.75449013710022, 27008.0
7.822284936904907, 27009.0
7.869416952133179, 27034.0
