0.0, 2786.0
0.0006508827209472656, 3484.0
0.000701904296875, 4210.0
0.000926971435546875, 5001.0
0.0026869773864746094, 5027.0
0.002876758575439453, 5753.0
0.00554203987121582, 6090.0
0.00561976432800293, 6547.0
0.005889892578125, 6814.0
0.007589101791381836, 7073.0
0.008174896240234375, 7134.0
0.008507013320922852, 7732.0
0.008713960647583008, 7937.0
0.019927024841308594, 7950.0
0.03976178169250488, 8041.0
0.04029583930969238, 8371.0
0.042027950286865234, 8375.0
0.04481792449951172, 8549.0
0.0956888198852539, 8657.0
0.12926292419433594, 8759.0
