0.0, 8245.0
0.0030379295349121094, 8547.0
0.004813671112060547, 9338.0
0.005155086517333984, 9781.0
0.006514787673950195, 10640.0
0.00851583480834961, 10705.0
0.010401010513305664, 10836.0
0.03503584861755371, 11469.0
0.03567194938659668, 11578.0
0.03582477569580078, 11622.0
0.03668975830078125, 11904.0
0.03912687301635742, 12168.0
0.03966689109802246, 13057.0
0.04413175582885742, 13657.0
0.06902194023132324, 13974.0
0.0814058780670166, 14103.0
0.08210468292236328, 14333.0
0.08407092094421387, 14693.0
0.08759188652038574, 15322.0
0.08837485313415527, 15975.0
0.08887505531311035, 15991.0
0.08910107612609863, 16282.0
0.08937978744506836, 17006.0
0.09976792335510254, 17176.0
0.14549493789672852, 17378.0
0.14815092086791992, 17644.0
0.46283578872680664, 17948.0
1.172757863998413, 18035.0
1.1793549060821533, 18110.0
1.1885509490966797, 18222.0
1.189168930053711, 18522.0
1.2238898277282715, 18591.0
1.9189040660858154, 18750.0
2.2140159606933594, 18864.0
2.214948892593384, 18935.0
2.2280797958374023, 19677.0
2.22927188873291, 19882.0
2.8373849391937256, 20056.0
2.8452160358428955, 20095.0
2.8841967582702637, 20398.0
2.88474702835083, 20844.0
2.886223793029785, 21614.0
5.640671014785767, 21945.0
5.64118766784668, 22083.0
5.64159893989563, 22315.0
7.493005752563477, 22643.0
7.860682964324951, 22655.0
7.896004676818848, 22679.0
8.062029838562012, 23389.0
8.084012985229492, 23992.0
8.084280729293823, 24118.0
8.112307786941528, 24200.0
8.115371942520142, 24246.0
8.298218011856079, 25052.0
8.377569913864136, 25091.0
8.378495931625366, 25791.0
8.388997793197632, 25830.0
8.392474889755249, 25921.0
8.393508911132812, 26277.0
8.411385774612427, 26389.0
8.539680004119873, 26922.0
8.557944059371948, 27194.0
8.733762979507446, 27338.0
8.765115737915039, 27352.0
8.785078048706055, 27454.0
8.88097882270813, 27582.0
