0.0, 1740.0
0.004397869110107422, 1894.0
0.004415035247802734, 2620.0
0.004441976547241211, 3036.0
0.004698991775512695, 3153.0
0.00472712516784668, 3794.0
0.004897117614746094, 4251.0
0.005278110504150391, 4325.0
0.005574941635131836, 5116.0
0.007192850112915039, 5704.0
0.007911920547485352, 5772.0
0.00885319709777832, 6128.0
0.011874198913574219, 6238.0
0.014416933059692383, 6686.0
0.015413999557495117, 6740.0
0.01871800422668457, 6774.0
0.01918816566467285, 7176.0
0.03060603141784668, 7501.0
0.039502859115600586, 7812.0
0.03969693183898926, 8686.0
0.24232101440429688, 8781.0
0.25081610679626465, 8911.0
