0.0, 1977.0
0.0012400150299072266, 2097.0
0.0012750625610351562, 2411.0
0.0013942718505859375, 2716.0
0.001600027084350586, 3266.0
0.0021419525146484375, 3990.0
0.0021970272064208984, 4171.0
0.0022661685943603516, 4284.0
0.004173994064331055, 4429.0
0.006468057632446289, 4683.0
0.006551027297973633, 4864.0
0.0067691802978515625, 5276.0
0.007554054260253906, 5797.0
0.007590055465698242, 6213.0
0.007796049118041992, 6854.0
0.009014129638671875, 6975.0
0.009340286254882812, 7376.0
0.014483928680419922, 7411.0
0.0162811279296875, 7687.0
0.017687082290649414, 7882.0
0.025489091873168945, 8244.0
0.07022595405578613, 8900.0
0.0995941162109375, 8929.0
