0.0, 1738.0
0.005173921585083008, 2257.0
0.005727052688598633, 2281.0
0.0060269832611083984, 2981.0
0.013885021209716797, 3546.0
0.013966083526611328, 4059.0
0.014060020446777344, 4177.0
0.014204978942871094, 4243.0
0.018815994262695312, 4504.0
0.018855810165405273, 4617.0
0.019249916076660156, 5258.0
0.019643068313598633, 5833.0
0.019685029983520508, 6634.0
0.022776126861572266, 7141.0
0.026350021362304688, 7612.0
0.047287940979003906, 7661.0
0.05966305732727051, 8110.0
0.09590697288513184, 8249.0
0.1320629119873047, 8353.0
0.1342790126800537, 8483.0
0.13774895668029785, 8940.0
