0.0, 1968.0
0.0016279220581054688, 2426.0
0.001644134521484375, 2640.0
0.00168609619140625, 3056.0
0.0025539398193359375, 3856.0
0.002624034881591797, 4313.0
0.005096912384033203, 4740.0
0.005154132843017578, 5440.0
0.006094932556152344, 5545.0
0.006584882736206055, 5687.0
0.014039754867553711, 6609.0
0.016599178314208984, 6667.0
0.017538070678710938, 7236.0
0.03004908561706543, 7244.0
0.034027099609375, 7944.0
0.09587216377258301, 8052.0
0.10289788246154785, 8303.0
0.11019182205200195, 8532.0
0.11178302764892578, 8799.0
0.11517691612243652, 8897.0
