0.0, 1719.0
0.009918928146362305, 2043.0
0.014225006103515625, 2248.0
0.0160520076751709, 2820.0
0.016162872314453125, 2948.0
0.016269922256469727, 3702.0
0.01669001579284668, 3998.0
0.016746997833251953, 4785.0
0.022068023681640625, 4965.0
0.025521039962768555, 5099.0
0.02587604522705078, 5641.0
0.0326838493347168, 5685.0
0.03333091735839844, 6115.0
0.03409171104431152, 6843.0
0.03687405586242676, 6971.0
0.03894782066345215, 7615.0
0.03986692428588867, 7713.0
0.03996872901916504, 7737.0
0.04007101058959961, 7934.0
0.040734052658081055, 8605.0
0.04136776924133301, 8610.0
0.04973196983337402, 9169.0
0.05367398262023926, 9676.0
0.05620884895324707, 9709.0
0.05689597129821777, 10336.0
0.05724978446960449, 10780.0
0.05736684799194336, 11711.0
0.06863188743591309, 11754.0
0.08138394355773926, 12228.0
0.0835428237915039, 12602.0
0.08568692207336426, 12746.0
0.08638191223144531, 12865.0
0.0956580638885498, 13298.0
0.09948396682739258, 13954.0
0.10114002227783203, 14080.0
0.10306596755981445, 14395.0
0.10395693778991699, 14878.0
0.11613297462463379, 14930.0
0.1166837215423584, 15111.0
0.11893415451049805, 15596.0
0.11975574493408203, 16053.0
0.12235784530639648, 16736.0
0.12241697311401367, 16827.0
0.1763288974761963, 16962.0
0.17692875862121582, 17732.0
0.17738080024719238, 18178.0
0.18230414390563965, 18819.0
0.5021541118621826, 19629.0
0.5081379413604736, 19916.0
0.5101661682128906, 20071.0
0.510678768157959, 20127.0
0.5176699161529541, 20380.0
1.3435537815093994, 20920.0
2.8929810523986816, 21242.0
3.818208694458008, 21431.0
4.404541969299316, 21639.0
7.889079809188843, 21944.0
7.896749973297119, 22024.0
7.989508867263794, 22120.0
7.989616870880127, 23051.0
7.997913837432861, 23233.0
7.998232841491699, 23654.0
8.001714944839478, 23782.0
8.007431983947754, 24113.0
8.022938013076782, 24563.0
8.106880903244019, 24683.0
8.112624883651733, 24912.0
8.11448884010315, 25091.0
8.34203290939331, 25234.0
8.370274782180786, 25717.0
8.37181806564331, 26008.0
8.377527952194214, 26022.0
8.973378896713257, 26328.0
9.042037010192871, 26402.0
