0.0, 3322.0
0.01122593879699707, 3531.0
0.011284112930297852, 4017.0
0.01134800910949707, 4724.0
0.011636972427368164, 4984.0
0.011831045150756836, 5086.0
0.013731956481933594, 5776.0
0.014114856719970703, 5781.0
0.01416778564453125, 5897.0
0.017767906188964844, 6122.0
0.01906585693359375, 6599.0
0.023695945739746094, 7158.0
0.025230884552001953, 7652.0
0.02585887908935547, 8293.0
0.03813004493713379, 8395.0
0.04060077667236328, 8562.0
0.0415339469909668, 9052.0
0.04270601272583008, 9578.0
0.043005943298339844, 10459.0
0.04368996620178223, 10741.0
0.04657888412475586, 11148.0
0.046730995178222656, 11260.0
0.05279111862182617, 11374.0
0.05397987365722656, 11422.0
0.05427885055541992, 12192.0
0.06219291687011719, 12407.0
0.06585288047790527, 12725.0
0.0678248405456543, 13018.0
0.06807708740234375, 13949.0
0.07111692428588867, 14808.0
0.07309794425964355, 15189.0
0.09795784950256348, 15193.0
0.10259795188903809, 15355.0
0.15441203117370605, 15684.0
0.15491890907287598, 16127.0
0.15549087524414062, 17081.0
0.16714191436767578, 17216.0
0.17772388458251953, 17367.0
0.2584810256958008, 17554.0
0.2898828983306885, 17741.0
0.45706915855407715, 17804.0
0.5187749862670898, 17806.0
0.5195291042327881, 18506.0
0.5195839405059814, 19276.0
0.5196890830993652, 19355.0
0.5214049816131592, 19798.0
0.5264739990234375, 20657.0
1.0880188941955566, 21190.0
2.542306900024414, 21270.0
2.9193389415740967, 21462.0
4.607034921646118, 22086.0
5.8140318393707275, 22257.0
6.436066150665283, 22470.0
6.621373891830444, 23014.0
6.65385890007019, 23396.0
6.656077861785889, 23908.0
7.224045753479004, 24590.0
7.5048668384552, 24736.0
7.526342868804932, 24762.0
7.536927938461304, 24849.0
7.542647123336792, 25044.0
7.556328058242798, 25284.0
7.557279109954834, 25396.0
7.561922073364258, 25580.0
7.562443017959595, 25706.0
7.612375974655151, 25735.0
7.618628978729248, 26401.0
7.662841796875, 26410.0
7.674296855926514, 26605.0
7.804616928100586, 26949.0
7.839925050735474, 26971.0
7.965395927429199, 27113.0
7.972163915634155, 27239.0
