0.0, 3288.0
0.008131027221679688, 3630.0
0.00816202163696289, 4199.0
0.008793115615844727, 4330.0
0.008807897567749023, 5204.0
0.011678934097290039, 5240.0
0.011761903762817383, 5964.0
0.012118101119995117, 6191.0
0.012584924697875977, 6404.0
0.023151874542236328, 6480.0
0.024246931076049805, 6630.0
0.025444746017456055, 6778.0
0.027447938919067383, 6807.0
0.028169870376586914, 7048.0
0.037149906158447266, 7263.0
0.04264187812805176, 7511.0
0.042871952056884766, 7799.0
0.04303097724914551, 7817.0
0.046655893325805664, 7873.0
0.13733696937561035, 7875.0
0.1379377841949463, 8299.0
0.13803696632385254, 8897.0
0.15944981575012207, 8929.0
