0.0, 2205.0
0.0019173622131347656, 2296.0
0.0022373199462890625, 2313.0
0.0022521018981933594, 3013.0
0.0022792816162109375, 3079.0
0.0025482177734375, 3170.0
0.0031092166900634766, 3313.0
0.003202199935913086, 4244.0
0.003914356231689453, 4426.0
0.004468202590942383, 4774.0
0.005304098129272461, 5209.0
0.006414175033569336, 5683.0
0.014482259750366211, 5755.0
0.014589309692382812, 6094.0
0.01837325096130371, 6761.0
0.018707275390625, 7091.0
0.019487380981445312, 7272.0
0.021595239639282227, 7420.0
0.024943113327026367, 7484.0
0.025532245635986328, 8082.0
0.059350013732910156, 8362.0
0.06696009635925293, 8586.0
0.07550430297851562, 8929.0
