0.0, 3418.0
0.010114192962646484, 4104.0
0.011219978332519531, 4868.0
0.011382102966308594, 4970.0
0.012558937072753906, 5242.0
0.013416051864624023, 6101.0
0.014328956604003906, 7032.0
0.014714956283569336, 7823.0
0.019407033920288086, 8018.0
0.020060062408447266, 8898.0
0.02011394500732422, 9590.0
0.020556211471557617, 10087.0
0.025799989700317383, 10537.0
0.027590036392211914, 10668.0
0.033496856689453125, 10845.0
0.03856706619262695, 10888.0
0.039112091064453125, 11457.0
0.03936600685119629, 11607.0
0.04044008255004883, 12371.0
0.04540205001831055, 12686.0
0.04570293426513672, 12823.0
0.04590487480163574, 13489.0
0.055796146392822266, 13521.0
0.05614805221557617, 13711.0
0.05620217323303223, 14141.0
0.058866024017333984, 14607.0
0.05946207046508789, 15307.0
0.0596160888671875, 15753.0
0.06447100639343262, 15760.0
0.0650792121887207, 15903.0
0.06513381004333496, 15974.0
0.32710719108581543, 16400.0
0.32811403274536133, 16414.0
0.3297271728515625, 16535.0
0.33113598823547363, 16600.0
0.33144617080688477, 16685.0
0.33155107498168945, 17593.0
0.33216309547424316, 17914.0
0.3322179317474365, 18357.0
0.3328819274902344, 19127.0
0.336622953414917, 19396.0
0.4301619529724121, 19499.0
0.9003798961639404, 19526.0
0.9006059169769287, 19983.0
2.476867914199829, 19998.0
2.477666139602661, 20193.0
2.4789671897888184, 20670.0
2.4883201122283936, 20759.0
2.4934489727020264, 20872.0
2.494530200958252, 21249.0
2.4950520992279053, 21543.0
3.942883253097534, 21559.0
5.265417098999023, 21794.0
5.27568793296814, 22237.0
6.885052919387817, 22348.0
6.886286973953247, 22885.0
6.891247987747192, 23035.0
6.912674188613892, 23103.0
7.003459930419922, 23270.0
7.0149290561676025, 23350.0
7.020332098007202, 23489.0
7.022008895874023, 23575.0
7.026921987533569, 23687.0
7.042295217514038, 24042.0
7.12210488319397, 24201.0
7.137566089630127, 24413.0
7.140813112258911, 24979.0
7.243484020233154, 25226.0
7.248064994812012, 25667.0
7.248732089996338, 26123.0
7.249837160110474, 26304.0
7.2547149658203125, 26718.0
7.876259088516235, 26836.0
