0.0, 4273.0
0.0013661384582519531, 4594.0
0.0016980171203613281, 5163.0
0.0020771026611328125, 5761.0
0.0056591033935546875, 6531.0
0.007663249969482422, 6963.0
0.011018991470336914, 7287.0
0.011336088180541992, 7339.0
0.015453100204467773, 7418.0
0.015922069549560547, 7476.0
0.015981197357177734, 8171.0
0.02088308334350586, 8545.0
0.02329707145690918, 8583.0
0.02709817886352539, 8779.0
0.027320146560668945, 9223.0
0.029258012771606445, 9234.0
0.030184030532836914, 9360.0
0.04036402702331543, 9665.0
0.04203295707702637, 9670.0
0.04417610168457031, 10524.0
0.04545307159423828, 10643.0
0.050022125244140625, 11272.0
0.050399065017700195, 12063.0
0.05271196365356445, 12125.0
0.062300920486450195, 12394.0
0.06290221214294434, 12749.0
0.06432914733886719, 13012.0
0.06596899032592773, 13749.0
0.09037899971008301, 13924.0
0.09921717643737793, 14245.0
0.10084009170532227, 15006.0
0.10109114646911621, 15288.0
0.10203719139099121, 15475.0
0.10324311256408691, 15695.0
0.10708212852478027, 16348.0
0.10805821418762207, 16761.0
0.10811901092529297, 17485.0
0.11887216567993164, 17755.0
0.46770620346069336, 17762.0
0.4679110050201416, 18360.0
0.4687330722808838, 18913.0
0.4711930751800537, 19123.0
0.7336180210113525, 19362.0
0.7346820831298828, 19543.0
0.7347371578216553, 20112.0
0.7404439449310303, 20266.0
0.7421300411224365, 20421.0
3.8739731311798096, 20798.0
5.526827096939087, 20799.0
5.593729019165039, 21103.0
5.593937158584595, 21298.0
5.7433249950408936, 21525.0
6.347515106201172, 21803.0
6.529386043548584, 21806.0
6.573585271835327, 21870.0
6.7014970779418945, 21999.0
6.703891038894653, 22434.0
7.021713972091675, 22673.0
7.030451059341431, 22955.0
7.053182125091553, 23000.0
7.0546629428863525, 23518.0
7.062233209609985, 23911.0
7.2007622718811035, 24099.0
7.201023101806641, 24641.0
7.206099033355713, 24653.0
7.207285165786743, 24679.0
7.3190672397613525, 24846.0
7.3229451179504395, 24857.0
7.325459957122803, 25148.0
7.37875509262085, 25494.0
7.379746198654175, 26405.0
7.542826175689697, 26786.0
7.586879014968872, 26835.0
7.632495164871216, 26890.0
7.694050073623657, 26900.0
