0.0, 4725.0
0.007911920547485352, 4825.0
0.008419990539550781, 4927.0
0.009097814559936523, 5816.0
0.010010004043579102, 6003.0
0.011340856552124023, 6773.0
0.013178110122680664, 7088.0
0.013711929321289062, 7947.0
0.025372028350830078, 8410.0
0.02585887908935547, 8482.0
0.02863788604736328, 8610.0
0.04250383377075195, 8854.0
0.04273200035095215, 9797.0
0.042848825454711914, 9956.0
0.04320502281188965, 10443.0
0.04790186882019043, 10883.0
0.06755590438842773, 11347.0
0.07608890533447266, 11564.0
0.07999682426452637, 11884.0
0.09199190139770508, 12383.0
0.09248709678649902, 13046.0
0.09696698188781738, 13160.0
0.09998774528503418, 13979.0
0.10686302185058594, 14174.0
0.22528982162475586, 14179.0
0.22862672805786133, 14303.0
0.23111295700073242, 15051.0
0.24635004997253418, 15492.0
0.2492389678955078, 15693.0
0.2512550354003906, 16153.0
0.25289487838745117, 16762.0
0.25748705863952637, 17325.0
0.2578918933868408, 17771.0
0.32444095611572266, 17849.0
0.32474589347839355, 17961.0
0.32645297050476074, 18245.0
0.6397700309753418, 18697.0
1.088061809539795, 18839.0
1.0884718894958496, 19791.0
2.143286943435669, 20228.0
3.45407772064209, 20292.0
3.457965850830078, 20727.0
5.308995962142944, 20779.0
5.365294933319092, 21163.0
5.365606069564819, 21642.0
5.896235942840576, 21753.0
5.896343946456909, 21866.0
6.677375793457031, 22139.0
6.677486896514893, 22681.0
6.78986382484436, 22952.0
6.792422771453857, 22982.0
7.428520917892456, 23201.0
7.432401895523071, 23500.0
7.434372901916504, 23626.0
7.4369659423828125, 23728.0
7.964724779129028, 23745.0
7.965980052947998, 23847.0
7.976393938064575, 24027.0
8.102062940597534, 24192.0
8.104028701782227, 24236.0
8.115304946899414, 24436.0
8.11741590499878, 24651.0
8.160279989242554, 24749.0
8.220815896987915, 24784.0
8.221558809280396, 24896.0
8.394680976867676, 25082.0
8.414899826049805, 25260.0
8.423959016799927, 25362.0
8.446545124053955, 25704.0
8.48341178894043, 25986.0
8.540787935256958, 26030.0
8.901213884353638, 26448.0
8.906396865844727, 26574.0
