0.0, 4384.0
0.004347801208496094, 4421.0
0.006090879440307617, 4549.0
0.008544921875, 5460.0
0.018288850784301758, 5497.0
0.020268678665161133, 5780.0
0.021380901336669922, 6047.0
0.025934934616088867, 6367.0
0.03030872344970703, 6657.0
0.03309178352355957, 6676.0
0.03320789337158203, 7535.0
0.03821277618408203, 7719.0
0.03832888603210449, 7816.0
0.042346954345703125, 7973.0
0.04262685775756836, 8055.0
0.043550968170166016, 8489.0
0.04366278648376465, 9155.0
0.04516196250915527, 9281.0
0.060579776763916016, 9510.0
0.060690879821777344, 9929.0
0.061018943786621094, 10057.0
0.06259894371032715, 10460.0
0.06304097175598145, 10906.0
0.06387877464294434, 11387.0
0.06415486335754395, 12157.0
0.07422375679016113, 12355.0
0.07647895812988281, 12455.0
0.07654190063476562, 13038.0
0.08493375778198242, 13438.0
0.08755087852478027, 13691.0
0.09343576431274414, 13702.0
0.09816980361938477, 14176.0
0.09976077079772949, 14366.0
0.11177802085876465, 14477.0
0.11502289772033691, 14600.0
0.11722588539123535, 14825.0
0.11745476722717285, 14938.0
0.11763405799865723, 15133.0
0.3516538143157959, 15866.0
0.35418176651000977, 16475.0
0.3614819049835205, 16524.0
0.3619058132171631, 17294.0
0.3623790740966797, 17547.0
1.1813969612121582, 17940.0
1.1900999546051025, 18192.0
1.1915950775146484, 18962.0
1.2002990245819092, 19170.0
1.201056957244873, 19488.0
1.2020738124847412, 19503.0
1.2025327682495117, 20045.0
3.6619808673858643, 20050.0
3.6629598140716553, 20521.0
3.6715469360351562, 20622.0
5.256922960281372, 21138.0
6.0807130336761475, 21460.0
6.474592924118042, 21809.0
6.554031848907471, 21848.0
7.172813892364502, 21961.0
7.174679756164551, 22213.0
8.445932865142822, 22422.0
8.51768183708191, 22588.0
8.520279884338379, 22714.0
8.522084712982178, 23379.0
8.952630996704102, 23883.0
9.126811981201172, 24064.0
9.133194923400879, 24541.0
9.140560865402222, 24823.0
