0.0, 3629.0
0.0048558712005615234, 3863.0
0.008111953735351562, 3991.0
0.010177850723266602, 4362.0
0.011294126510620117, 4904.0
0.011869192123413086, 5099.0
0.012916088104248047, 5483.0
0.013025999069213867, 5562.0
0.014504194259643555, 5923.0
0.014870882034301758, 6590.0
0.016876935958862305, 7018.0
0.01736903190612793, 7818.0
0.018680095672607422, 8040.0
0.021142005920410156, 8896.0
0.026448965072631836, 9277.0
0.03263092041015625, 9431.0
0.03316807746887207, 9437.0
0.033907175064086914, 10391.0
0.03545093536376953, 11302.0
0.06770610809326172, 11470.0
0.06808304786682129, 12136.0
0.07083606719970703, 12444.0
0.08413314819335938, 12737.0
0.08787107467651367, 13214.0
0.08916020393371582, 13920.0
0.09059810638427734, 14110.0
0.09239697456359863, 14277.0
0.1030280590057373, 14384.0
0.10577797889709473, 14754.0
0.1058342456817627, 15642.0
0.10681796073913574, 16117.0
0.10696697235107422, 16270.0
0.5121760368347168, 16504.0
0.5764901638031006, 17014.0
0.5789539813995361, 17116.0
0.6148252487182617, 17712.0
0.6152081489562988, 18158.0
0.6806209087371826, 18808.0
1.181765079498291, 19276.0
1.182427167892456, 19404.0
1.1825339794158936, 20347.0
1.8492588996887207, 20364.0
4.982367038726807, 20862.0
4.9968180656433105, 21205.0
5.117920875549316, 21446.0
5.4594950675964355, 21827.0
5.461061954498291, 21841.0
5.462229013442993, 22700.0
5.462741851806641, 22991.0
6.924584150314331, 23117.0
6.928653955459595, 23682.0
7.255216121673584, 24275.0
7.26013708114624, 24302.0
7.289608001708984, 24413.0
7.750345945358276, 24419.0
7.765960216522217, 24572.0
7.770472049713135, 24854.0
7.78239107131958, 25140.0
7.838472127914429, 25145.0
7.943873882293701, 25716.0
7.954453945159912, 25757.0
7.957756042480469, 26014.0
7.99191427230835, 26150.0
7.994132995605469, 26278.0
8.014563083648682, 26525.0
8.097064018249512, 26898.0
8.135339975357056, 26941.0
8.138000011444092, 27067.0
8.252673864364624, 27093.0
8.3140709400177, 27652.0
