0.0, 3331.0
0.0028641223907470703, 4093.0
0.0037097930908203125, 5004.0
0.00951695442199707, 5189.0
0.010419845581054688, 5286.0
0.015238046646118164, 5621.0
0.015299081802368164, 5853.0
0.015463113784790039, 5979.0
0.016553878784179688, 6933.0
0.019076108932495117, 7374.0
0.022389888763427734, 7417.0
0.023044109344482422, 7664.0
0.023698091506958008, 8282.0
0.024821996688842773, 8435.0
0.025426864624023438, 8911.0
0.025882959365844727, 9637.0
0.026514768600463867, 10526.0
0.026575088500976562, 11437.0
0.027770042419433594, 12061.0
0.0292510986328125, 12667.0
0.03188180923461914, 12669.0
0.03976011276245117, 12884.0
0.0470120906829834, 13255.0
0.047126054763793945, 14114.0
0.0928659439086914, 14397.0
0.09347820281982422, 14444.0
0.09511899948120117, 14935.0
0.09784698486328125, 15061.0
0.12054085731506348, 15561.0
0.12392115592956543, 15899.0
0.2249610424041748, 15988.0
0.31003308296203613, 16565.0
0.3671128749847412, 16637.0
0.3743758201599121, 16829.0
0.4494938850402832, 16871.0
0.44954991340637207, 16984.0
0.5877809524536133, 17256.0
0.5885930061340332, 18026.0
0.5977268218994141, 18315.0
0.6415348052978516, 18556.0
0.6483900547027588, 18944.0
0.7909941673278809, 18963.0
0.9884190559387207, 19183.0
0.9887769222259521, 19311.0
1.3509979248046875, 19492.0
1.3528850078582764, 19935.0
1.3571910858154297, 20285.0
2.8136250972747803, 20526.0
2.815099000930786, 20597.0
2.8161678314208984, 21297.0
4.349210977554321, 21459.0
4.357458114624023, 21669.0
5.218487977981567, 21819.0
5.219599008560181, 22014.0
5.941175937652588, 22036.0
5.9412829875946045, 22827.0
5.941540956497192, 23052.0
5.943320989608765, 23231.0
5.95354700088501, 23255.0
7.096457004547119, 23447.0
7.113469839096069, 23603.0
7.113732099533081, 23674.0
7.314527988433838, 24078.0
7.406292915344238, 24347.0
7.453030109405518, 24432.0
7.4559409618377686, 24777.0
7.5118889808654785, 25435.0
7.514616966247559, 25537.0
7.517479181289673, 25952.0
8.161695957183838, 26049.0
