0.0, 2027.0
0.0007431507110595703, 2714.0
0.0024950504302978516, 3302.0
0.0038499832153320312, 3677.0
0.0038661956787109375, 4403.0
0.004648923873901367, 4434.0
0.004664182662963867, 4648.0
0.004759073257446289, 4778.0
0.0049631595611572266, 5419.0
0.006608247756958008, 6048.0
0.013604164123535156, 6542.0
0.014706850051879883, 6584.0
0.01844501495361328, 6732.0
0.028918027877807617, 6788.0
0.02969503402709961, 7579.0
0.032813072204589844, 7763.0
0.03400397300720215, 7922.0
0.036926984786987305, 8713.0
0.13618707656860352, 8788.0
0.15038514137268066, 8900.0
