0.0, 860.0
0.005018949508666992, 1058.0
0.005048036575317383, 1707.0
0.0050890445709228516, 2348.0
0.010731935501098633, 2667.0
0.011116981506347656, 3598.0
0.011226892471313477, 3865.0
0.012782096862792969, 4506.0
0.013081073760986328, 4573.0
0.015007972717285156, 4728.0
0.01508784294128418, 5454.0
0.02108478546142578, 5499.0
0.022886991500854492, 5762.0
0.024614810943603516, 5895.0
0.03117990493774414, 6060.0
0.03321695327758789, 6191.0
0.03480386734008789, 6544.0
0.03490400314331055, 7001.0
0.03517484664916992, 7858.0
0.036138057708740234, 8201.0
0.04873490333557129, 8392.0
0.04883408546447754, 8573.0
0.05030488967895508, 8602.0
