0.0, 4483.0
0.007541179656982422, 4725.0
0.007650136947631836, 5366.0
0.00780797004699707, 6225.0
0.010245084762573242, 6411.0
0.010474920272827148, 7342.0
0.018491029739379883, 7692.0
0.018809080123901367, 8418.0
0.025928258895874023, 9147.0
0.05009913444519043, 9464.0
0.05027008056640625, 10353.0
0.05043292045593262, 10635.0
0.05144309997558594, 11092.0
0.05171608924865723, 11862.0
0.055750131607055664, 11990.0
0.06276607513427734, 12813.0
0.0637972354888916, 13030.0
0.06405401229858398, 13507.0
0.0836021900177002, 13733.0
0.14093422889709473, 13760.0
0.14405512809753418, 13851.0
0.14470219612121582, 14224.0
0.14549612998962402, 15157.0
0.16824913024902344, 15568.0
0.17581725120544434, 15866.0
0.18235111236572266, 15989.0
0.18265914916992188, 16271.0
0.1871662139892578, 16512.0
0.21009516716003418, 16601.0
0.21025514602661133, 16826.0
0.21061491966247559, 16930.0
0.2110462188720703, 17021.0
0.21373510360717773, 17180.0
0.21885013580322266, 17407.0
0.21946215629577637, 17536.0
0.2196180820465088, 17942.0
0.22114109992980957, 18067.0
0.2792339324951172, 18208.0
0.3698551654815674, 18507.0
0.3709700107574463, 18542.0
0.3716771602630615, 18890.0
0.3724851608276367, 19172.0
1.226640224456787, 19709.0
1.5088019371032715, 19808.0
1.5095269680023193, 19992.0
2.8987910747528076, 20561.0
2.899508237838745, 21018.0
2.899923086166382, 21216.0
2.900700092315674, 21974.0
5.892621040344238, 22063.0
5.8954222202301025, 22471.0
6.816927194595337, 22593.0
6.8363611698150635, 22763.0
6.837032079696655, 22875.0
7.1646692752838135, 22881.0
7.213783025741577, 23188.0
7.226185321807861, 23273.0
7.465375900268555, 23417.0
7.4679930210113525, 23543.0
7.6139140129089355, 23797.0
7.619519948959351, 23925.0
7.643871307373047, 24005.0
7.668926239013672, 24200.0
7.783281087875366, 24292.0
7.805022239685059, 24374.0
7.822311162948608, 24563.0
7.8262529373168945, 24686.0
7.826574087142944, 24839.0
7.86864709854126, 24862.0
7.86990213394165, 25060.0
7.871458053588867, 25313.0
7.915166139602661, 25322.0
7.9789879322052, 25514.0
7.979468107223511, 25580.0
7.984215021133423, 25915.0
7.993609189987183, 26001.0
8.018613338470459, 26157.0
8.027797937393188, 26183.0
8.03567624092102, 26474.0
