0.0, 6290.0
0.42118096351623535, 6351.0
0.428272008895874, 6479.0
0.5427219867706299, 6587.0
0.6451950073242188, 6675.0
0.6456449031829834, 6795.0
0.6458637714385986, 6989.0
1.024972915649414, 7076.0
1.1310009956359863, 7183.0
1.3235480785369873, 7288.0
1.3296079635620117, 7319.0
1.421957015991211, 7440.0
1.59745192527771, 7550.0
1.654783010482788, 7587.0
2.0576391220092773, 7590.0
2.195356845855713, 7681.0
2.4415998458862305, 7772.0
2.5005970001220703, 7855.0
2.5016770362854004, 7990.0
2.6337130069732666, 7996.0
2.691972017288208, 8128.0
2.6971330642700195, 8286.0
3.084012031555176, 8288.0
3.2385430335998535, 8303.0
3.239185094833374, 8461.0
3.5130391120910645, 8477.0
3.5803067684173584, 8561.0
3.581044912338257, 8677.0
3.5866611003875732, 8778.0
3.6609020233154297, 8825.0
3.6634740829467773, 8861.0
3.739682912826538, 8875.0
3.785169839859009, 8878.0
3.8568789958953857, 8983.0
3.984844923019409, 9040.0
4.039152145385742, 9152.0
4.059193134307861, 9240.0
4.153707027435303, 9369.0
4.187229871749878, 9489.0
4.606461763381958, 9566.0
4.729860067367554, 9672.0
4.735491037368774, 9675.0
4.740243911743164, 9822.0
4.740899085998535, 9875.0
4.844871759414673, 9980.0
6.4856858253479, 9990.0
6.595264911651611, 10031.0
6.597506046295166, 10077.0
6.598721981048584, 10187.0
7.951276063919067, 10226.0
7.954453945159912, 10348.0
7.957249879837036, 10382.0
8.214915037155151, 10406.0
8.260373830795288, 10532.0
8.260605812072754, 10642.0
8.271269083023071, 10648.0
8.27177381515503, 10670.0
8.374518871307373, 10681.0
8.441061973571777, 10755.0
8.64314579963684, 10780.0
8.663181066513062, 10885.0
38.60165095329285, 10978.0
38.64858102798462, 11041.0
38.6909921169281, 11078.0
39.08467102050781, 11089.0
39.23485994338989, 11144.0
39.23811388015747, 11176.0
39.730380058288574, 11255.0
62.84081983566284, 11260.0
121.98222398757935, 11266.0
121.98289799690247, 11285.0
121.99948906898499, 11369.0
273.09816002845764, 11374.0
296.5531041622162, 11411.0
373.03964591026306, 11479.0
387.1285071372986, 11483.0
387.1571729183197, 11586.0
387.2084128856659, 11650.0
