0.0, 2759.0
0.005591154098510742, 2814.0
0.007035255432128906, 2889.0
0.05007219314575195, 2955.0
0.3849451541900635, 3032.0
0.3856492042541504, 3098.0
0.38651609420776367, 3105.0
1.1701991558074951, 3170.0
2.0305590629577637, 3262.0
4.356677055358887, 3299.0
4.35781717300415, 3300.0
4.996413946151733, 3403.0
5.447512149810791, 3413.0
5.484318971633911, 3454.0
5.484898090362549, 3455.0
12.192613124847412, 3465.0
17.810503005981445, 3587.0
17.884744882583618, 3588.0
17.89421319961548, 3614.0
26.767513036727905, 3686.0
26.87671709060669, 3736.0
26.924181938171387, 3803.0
