0.0, 1850.0
0.003222942352294922, 2165.0
0.003761768341064453, 2265.0
0.005879878997802734, 2989.0
0.006337881088256836, 3048.0
0.0066258907318115234, 3297.0
0.006707906723022461, 3652.0
0.007606029510498047, 3833.0
0.009104013442993164, 4624.0
0.15915203094482422, 4834.0
0.292133092880249, 5367.0
0.29317283630371094, 5423.0
0.29329895973205566, 5842.0
0.2941627502441406, 6352.0
0.437424898147583, 6995.0
0.527838945388794, 7248.0
0.972681999206543, 7683.0
0.9728758335113525, 8140.0
0.9766368865966797, 8327.0
1.0554618835449219, 8549.0
1.0555870532989502, 8730.0
1.5513010025024414, 8940.0
