0.0, 5093.0
0.7555902004241943, 5094.0
1.669039249420166, 5117.0
1.7897052764892578, 5237.0
1.7932343482971191, 5313.0
1.8604919910430908, 5363.0
1.991279125213623, 5469.0
2.0539772510528564, 5576.0
2.1272971630096436, 5606.0
2.1281542778015137, 5734.0
7.006805419921875, 5749.0
7.00781512260437, 5803.0
7.0472424030303955, 5860.0
11.929314136505127, 5917.0
12.037989139556885, 5918.0
12.109302997589111, 5958.0
12.113738298416138, 5992.0
12.15128231048584, 5993.0
12.163434267044067, 6074.0
12.25129222869873, 6089.0
12.355569124221802, 6101.0
60.47307109832764, 6106.0
60.5320770740509, 6165.0
60.64792609214783, 6169.0
60.69513821601868, 6180.0
60.696349143981934, 6181.0
61.2850022315979, 6239.0
62.04876518249512, 6351.0
62.05111122131348, 6405.0
103.95378422737122, 6591.0
103.97838616371155, 6600.0
103.97986721992493, 6613.0
104.0257031917572, 6648.0
104.06307625770569, 6673.0
104.09128522872925, 6803.0
104.19865822792053, 6819.0
467.07800030708313, 6894.0
467.52746319770813, 6912.0
470.7578773498535, 7005.0
470.76546931266785, 7006.0
470.9045910835266, 7009.0
471.06552720069885, 7020.0
471.07408714294434, 7021.0
471.269495010376, 7078.0
471.6238613128662, 7105.0
472.12970328330994, 7142.0
472.2142951488495, 7160.0
