0.0, 3989.0
0.41625308990478516, 4091.0
0.43021702766418457, 4632.0
0.5533552169799805, 5046.0
0.5551743507385254, 5130.0
0.5552141666412354, 5246.0
0.5552520751953125, 6238.0
0.5584273338317871, 6376.0
0.6991472244262695, 6476.0
0.7054553031921387, 6833.0
0.9969520568847656, 7068.0
0.9974801540374756, 7353.0
1.1834771633148193, 7508.0
1.236220359802246, 7655.0
1.3098230361938477, 8296.0
3.470860242843628, 8538.0
3.968562126159668, 8900.0
4.0174641609191895, 9789.0
6.0027971267700195, 9940.0
6.225150108337402, 9959.0
6.67913031578064, 9960.0
6.7825610637664795, 10472.0
6.784077167510986, 10566.0
7.992062091827393, 10631.0
