0.0, 3813.0
0.006968021392822266, 4524.0
0.010823249816894531, 4567.0
0.3046572208404541, 4947.0
0.30547618865966797, 5456.0
0.30556511878967285, 6389.0
0.3085451126098633, 7180.0
0.3091421127319336, 7821.0
0.313709020614624, 8425.0
0.44611501693725586, 9101.0
0.4479820728302002, 9120.0
0.4580841064453125, 9754.0
0.4598240852355957, 9917.0
0.9417641162872314, 10193.0
0.942866325378418, 10616.0
1.272184133529663, 10659.0
1.2726941108703613, 10884.0
1.2729032039642334, 11453.0
1.2739131450653076, 11603.0
1.2746901512145996, 11998.0
1.2755513191223145, 12049.0
1.361504077911377, 12244.0
1.3624250888824463, 13100.0
1.3661150932312012, 13322.0
1.3664891719818115, 13768.0
1.3701622486114502, 13953.0
1.3707950115203857, 14410.0
1.4980201721191406, 14594.0
1.5086591243743896, 14764.0
1.8424761295318604, 14843.0
1.8428521156311035, 15634.0
1.9052002429962158, 15952.0
1.9848361015319824, 16203.0
1.9852321147918701, 16646.0
1.9853432178497314, 16725.0
2.0516741275787354, 16881.0
2.0518882274627686, 17835.0
2.055826187133789, 18353.0
2.115877151489258, 18918.0
2.11702823638916, 19829.0
8.708753108978271, 19982.0
9.161656141281128, 20143.0
9.245604038238525, 20429.0
9.245914220809937, 21220.0
16.330679178237915, 21616.0
23.521130084991455, 21990.0
23.52872109413147, 22477.0
23.530779123306274, 22850.0
23.53196120262146, 23173.0
67.80126619338989, 23578.0
67.85834908485413, 23717.0
67.86343502998352, 23817.0
67.86375617980957, 24012.0
67.86861824989319, 24193.0
67.99228000640869, 24334.0
67.99455118179321, 24777.0
72.02543210983276, 25105.0
76.27852725982666, 25106.0
76.33562111854553, 25191.0
76.33932113647461, 25319.0
76.34059119224548, 25421.0
76.51309895515442, 25520.0
76.71267604827881, 26007.0
76.82539415359497, 26950.0
