0.0, 3989.0
0.24054789543151855, 4091.0
0.34488487243652344, 4632.0
0.3498821258544922, 5046.0
0.3514399528503418, 5130.0
0.35148096084594727, 5246.0
0.35152292251586914, 6238.0
0.36535000801086426, 6376.0
0.3683040142059326, 6476.0
0.37213778495788574, 6833.0
0.8126108646392822, 7068.0
0.8131430149078369, 7353.0
0.8203918933868408, 7508.0
0.9221889972686768, 7655.0
0.9244389533996582, 8296.0
3.214664936065674, 8538.0
3.6299328804016113, 8900.0
3.6927669048309326, 9789.0
5.711183071136475, 9940.0
5.896842002868652, 9959.0
6.360507011413574, 9960.0
6.418821096420288, 10472.0
6.464954137802124, 10566.0
7.858725070953369, 10631.0
