0.0, 50202.0
0.8601601123809814, 50262.0
0.938636064529419, 50263.0
1.4399628639221191, 50264.0
1.7505548000335693, 50328.0
3.72861385345459, 50329.0
5.162101984024048, 50417.0
5.429228067398071, 50631.0
5.712644815444946, 50653.0
5.9717888832092285, 50718.0
6.144150018692017, 50826.0
9.216217994689941, 50874.0
9.54857611656189, 50875.0
9.83119797706604, 50879.0
10.018506050109863, 51033.0
10.338671922683716, 51140.0
11.390859127044678, 51227.0
16.479408979415894, 51240.0
17.32215189933777, 51270.0
18.172872066497803, 51358.0
18.69047498703003, 51438.0
18.77305507659912, 51444.0
21.036757946014404, 51569.0
21.75076198577881, 51570.0
25.29296112060547, 51585.0
25.38119101524353, 51669.0
25.43587589263916, 51721.0
25.536274909973145, 51729.0
26.41284418106079, 51730.0
34.52953100204468, 51771.0
34.88098382949829, 51772.0
34.88863277435303, 51846.0
36.692099809646606, 51851.0
37.77207612991333, 51852.0
37.87364411354065, 51853.0
38.03320789337158, 51856.0
41.85191988945007, 51974.0
42.8019437789917, 51995.0
43.23041105270386, 51996.0
44.48832297325134, 52046.0
45.411914110183716, 52081.0
45.57550382614136, 52180.0
58.563705921173096, 52206.0
60.08937978744507, 52275.0
60.40561580657959, 52299.0
65.5734269618988, 52333.0
66.23670983314514, 52368.0
66.29144191741943, 52369.0
66.38828706741333, 52430.0
67.73336601257324, 52451.0
68.55366206169128, 52493.0
69.87269592285156, 52601.0
74.67634582519531, 52633.0
75.93889379501343, 52710.0
78.54406404495239, 52786.0
79.30187916755676, 52878.0
85.40947318077087, 52879.0
89.86670804023743, 52970.0
89.98782801628113, 53034.0
91.18412494659424, 53056.0
91.2892439365387, 53137.0
92.16824889183044, 53177.0
92.33234691619873, 53178.0
96.35543298721313, 53253.0
96.97014498710632, 53263.0
97.36182880401611, 53343.0
97.43737506866455, 53387.0
98.10372495651245, 53479.0
98.10603404045105, 53480.0
98.76757574081421, 53522.0
99.36999893188477, 53581.0
99.7207579612732, 53627.0
100.04374885559082, 53629.0
101.63550996780396, 53724.0
103.42437410354614, 53794.0
103.90266609191895, 53849.0
104.0787079334259, 53889.0
104.37885284423828, 53906.0
106.05698490142822, 53929.0
118.80425095558167, 54039.0
119.28296780586243, 54041.0
123.94928789138794, 54045.0
124.11446404457092, 54116.0
124.34046196937561, 54132.0
124.40574073791504, 54263.0
124.92677903175354, 54324.0
124.97609496116638, 54341.0
128.28033900260925, 54394.0
128.3660900592804, 54395.0
128.63511681556702, 54404.0
129.49408292770386, 54467.0
129.57697796821594, 54583.0
135.09430575370789, 54596.0
135.71893095970154, 54602.0
149.51704096794128, 54605.0
156.18365097045898, 54677.0
156.4014310836792, 54768.0
341.5883400440216, 54803.0
341.64171385765076, 54879.0
341.6448037624359, 54915.0
341.71896982192993, 55011.0
341.72137093544006, 55012.0
342.02333402633667, 55154.0
343.9411668777466, 55158.0
344.5833737850189, 55160.0
345.19360399246216, 55179.0
345.36282181739807, 55218.0
345.8111159801483, 55330.0
374.61805605888367, 55357.0
375.653608083725, 55406.0
375.82920002937317, 55429.0
376.1484811306, 55512.0
376.56638503074646, 55633.0
376.8834047317505, 55673.0
378.0680878162384, 55781.0
378.11211609840393, 55808.0
385.3739447593689, 55886.0
400.6990029811859, 55966.0
400.89993596076965, 56098.0
402.38729596138, 56115.0
402.4919149875641, 56235.0
412.3700077533722, 56252.0
