0.0, 50202.0
0.6444220542907715, 50262.0
0.7659690380096436, 50263.0
1.2361998558044434, 50264.0
1.660696029663086, 50328.0
3.7817721366882324, 50329.0
5.21954607963562, 50417.0
5.440583229064941, 50631.0
5.794420957565308, 50653.0
5.9730470180511475, 50718.0
6.227751970291138, 50826.0
9.363484859466553, 50874.0
9.622268199920654, 50875.0
9.803339958190918, 50879.0
10.027908086776733, 51033.0
10.231773853302002, 51140.0
11.230464935302734, 51227.0
16.962687969207764, 51240.0
17.48927903175354, 51270.0
18.43574094772339, 51358.0
18.940041065216064, 51438.0
19.062740087509155, 51444.0
21.434022188186646, 51569.0
22.164035081863403, 51570.0
25.692307949066162, 51585.0
25.8340961933136, 51669.0
25.860290050506592, 51721.0
26.024484157562256, 51729.0
26.99558711051941, 51730.0
36.505176067352295, 51771.0
36.905961990356445, 51772.0
36.91523885726929, 51846.0
38.94730997085571, 51851.0
39.98939895629883, 51852.0
40.07388687133789, 51853.0
40.2256281375885, 51856.0
43.59501910209656, 51974.0
44.332062005996704, 51995.0
44.640775203704834, 51996.0
45.59358310699463, 52046.0
46.44090795516968, 52081.0
46.61778807640076, 52180.0
59.758427143096924, 52206.0
61.05776000022888, 52275.0
61.400861978530884, 52299.0
66.64256501197815, 52333.0
67.29712009429932, 52368.0
67.37787914276123, 52369.0
67.395348072052, 52430.0
69.02660989761353, 52451.0
69.7800600528717, 52493.0
71.22912311553955, 52601.0
76.00398993492126, 52633.0
77.3091151714325, 52710.0
79.84645819664001, 52786.0
80.5799400806427, 52878.0
86.72605109214783, 52879.0
91.17803812026978, 52970.0
91.30209112167358, 53034.0
92.39136099815369, 53056.0
92.47002601623535, 53137.0
93.41501498222351, 53177.0
93.56883907318115, 53178.0
97.89255499839783, 53253.0
98.45401501655579, 53263.0
98.80543518066406, 53343.0
98.8627290725708, 53387.0
99.47349810600281, 53479.0
99.47582197189331, 53480.0
100.25359892845154, 53522.0
100.7812271118164, 53581.0
101.10705399513245, 53627.0
101.42331004142761, 53629.0
102.79179120063782, 53724.0
104.6371099948883, 53794.0
105.15913605690002, 53849.0
105.345468044281, 53889.0
105.63213205337524, 53906.0
107.32236313819885, 53929.0
120.61510014533997, 54039.0
121.10875487327576, 54041.0
125.63050484657288, 54045.0
125.83254718780518, 54116.0
126.08400702476501, 54132.0
126.17473888397217, 54263.0
126.72882723808289, 54324.0
126.77662420272827, 54341.0
130.26296401023865, 54394.0
130.3338029384613, 54395.0
130.5812201499939, 54404.0
131.53947710990906, 54467.0
131.6081259250641, 54583.0
137.56875109672546, 54596.0
138.30668306350708, 54602.0
152.98727011680603, 54605.0
159.9156768321991, 54677.0
160.17159605026245, 54768.0
353.3217821121216, 54803.0
353.3638210296631, 54879.0
353.38869404792786, 54915.0
353.47301292419434, 55011.0
353.47728514671326, 55012.0
353.7781400680542, 55154.0
355.58874797821045, 55158.0
356.24022603034973, 55160.0
356.91939902305603, 55179.0
357.1592240333557, 55218.0
357.60207200050354, 55330.0
388.6769509315491, 55357.0
389.6921012401581, 55406.0
389.876620054245, 55429.0
390.1722731590271, 55512.0
390.5209250450134, 55633.0
390.88117003440857, 55673.0
392.0748851299286, 55781.0
392.1159429550171, 55808.0
399.37592911720276, 55886.0
415.44046807289124, 55966.0
415.6625530719757, 56098.0
417.27025508880615, 56115.0
417.35300397872925, 56235.0
427.7110290527344, 56252.0
