0.0, 2479.0
0.7632629871368408, 2574.0
0.7653708457946777, 2609.0
0.766456127166748, 2724.0
0.9913411140441895, 2764.0
0.9914319515228271, 2765.0
0.9934878349304199, 2772.0
1.45682692527771, 2874.0
1.4585258960723877, 2917.0
1.5270919799804688, 2938.0
1.529019832611084, 3039.0
1.5325498580932617, 3142.0
1.9330029487609863, 3158.0
2.024526834487915, 3231.0
17.258704900741577, 3277.0
17.261016845703125, 3302.0
27.97305989265442, 3405.0
27.973170042037964, 3546.0
70.73464393615723, 3595.0
70.85679388046265, 3604.0
70.88797998428345, 3642.0
71.23427414894104, 3723.0
71.31976699829102, 3724.0
71.4563159942627, 3725.0
71.53931593894958, 3850.0
71.57421398162842, 3862.0
71.8527340888977, 3905.0
72.14811706542969, 3934.0
