0.0, 50001.0
0.7450318336486816, 50039.0
1.0296809673309326, 50144.0
1.1162760257720947, 50185.0
1.1174609661102295, 50262.0
1.2372817993164062, 50286.0
1.4002299308776855, 50287.0
1.8212957382202148, 50424.0
2.0337448120117188, 50515.0
2.979966878890991, 50569.0
2.9811630249023438, 50585.0
3.0410878658294678, 50586.0
3.733643054962158, 50636.0
4.398025989532471, 50697.0
4.667857885360718, 50724.0
4.764226675033569, 50902.0
5.0417139530181885, 50903.0
7.613023996353149, 50953.0
9.423094749450684, 51004.0
9.440721988677979, 51065.0
9.834728002548218, 51066.0
12.546042919158936, 51137.0
12.705397605895996, 51138.0
17.199066877365112, 51150.0
17.205739736557007, 51151.0
17.278016805648804, 51152.0
17.450965881347656, 51153.0
17.632012844085693, 51183.0
18.463794946670532, 51259.0
22.402496814727783, 51277.0
22.734882831573486, 51313.0
22.826767921447754, 51454.0
22.91930079460144, 51575.0
23.064558744430542, 51576.0
24.93311381340027, 51606.0
24.93429398536682, 51608.0
25.209569692611694, 51609.0
25.315347909927368, 51635.0
26.130790948867798, 51700.0
26.161723852157593, 51701.0
26.200089931488037, 51775.0
26.283795833587646, 51797.0
26.367332935333252, 51838.0
26.368518829345703, 51923.0
26.528674840927124, 51990.0
26.70003890991211, 52094.0
26.739264726638794, 52095.0
26.828778982162476, 52096.0
27.09060788154602, 52107.0
27.18326187133789, 52151.0
35.92770481109619, 52239.0
36.089977741241455, 52275.0
36.10896372795105, 52276.0
36.191380977630615, 52277.0
37.820289850234985, 52310.0
71.85524678230286, 52347.0
72.25001382827759, 52389.0
72.25392174720764, 52390.0
72.73492574691772, 52526.0
72.84751176834106, 52548.0
72.91807389259338, 52597.0
72.9193069934845, 52598.0
73.11752390861511, 52740.0
73.54627466201782, 52846.0
75.56584787368774, 52852.0
75.62015581130981, 52876.0
75.88118886947632, 52877.0
80.18849682807922, 52940.0
80.37376880645752, 52958.0
80.60098266601562, 52960.0
80.67190885543823, 52961.0
80.81914186477661, 53008.0
83.04392194747925, 53023.0
85.14725184440613, 53125.0
85.5485098361969, 53177.0
85.60443377494812, 53178.0
86.35280895233154, 53237.0
86.35911178588867, 53322.0
87.79587268829346, 53323.0
97.90625786781311, 53466.0
98.03622388839722, 53535.0
98.03744077682495, 53536.0
100.4065318107605, 53613.0
101.14242792129517, 53657.0
101.35505104064941, 53668.0
101.35814476013184, 53724.0
101.41347002983093, 53780.0
101.56405305862427, 53781.0
101.70306897163391, 53790.0
102.00564885139465, 53863.0
157.13835287094116, 53878.0
157.97575783729553, 53909.0
157.97928500175476, 54034.0
158.0483078956604, 54049.0
158.12878894805908, 54133.0
225.28242897987366, 54189.0
225.40990376472473, 54301.0
225.8681468963623, 54333.0
227.07924795150757, 54340.0
227.48022294044495, 54417.0
227.80638980865479, 54480.0
227.87333369255066, 54526.0
227.87691187858582, 54527.0
228.07883763313293, 54531.0
228.08129477500916, 54541.0
229.305734872818, 54579.0
229.57633590698242, 54699.0
232.47549080848694, 54727.0
232.70514678955078, 54750.0
232.7562837600708, 54751.0
232.98951077461243, 54786.0
233.78824400901794, 54844.0
233.95981073379517, 54854.0
234.6346356868744, 54866.0
234.6891326904297, 54867.0
234.77370977401733, 55042.0
235.14750695228577, 55106.0
235.29566884040833, 55155.0
235.71151185035706, 55166.0
235.7703938484192, 55183.0
235.83166790008545, 55268.0
236.05273866653442, 55270.0
253.01928186416626, 55278.0
355.7191517353058, 55318.0
356.4699709415436, 55372.0
356.8827426433563, 55379.0
356.948903799057, 55498.0
356.9501419067383, 55569.0
357.7759828567505, 55629.0
358.4980227947235, 55719.0
358.62571597099304, 55729.0
358.7094097137451, 55790.0
360.67575788497925, 55834.0
360.718624830246, 55920.0
361.7160849571228, 55966.0
363.77132272720337, 55971.0
366.1588580608368, 55978.0
369.9681558609009, 56043.0
370.1697747707367, 56059.0
370.2972197532654, 56085.0
370.5024950504303, 56090.0
374.1026508808136, 56115.0
374.1935386657715, 56123.0
374.26815700531006, 56134.0
374.3529260158539, 56143.0
374.35652589797974, 56156.0
374.5180678367615, 56317.0
374.56041502952576, 56353.0
374.68546891212463, 56370.0
374.80403685569763, 56422.0
382.76741576194763, 56433.0
382.83833289146423, 56470.0
382.94777607917786, 56547.0
383.23115277290344, 56620.0
384.1942238807678, 56671.0
388.3893618583679, 56713.0
389.0001747608185, 56726.0
389.03519892692566, 56727.0
389.07519578933716, 56826.0
389.1448698043823, 56871.0
389.1461157798767, 56906.0
389.7447338104248, 56908.0
390.0376000404358, 56935.0
390.049519777298, 56984.0
390.1095187664032, 57190.0
390.2204067707062, 57285.0
399.0097098350525, 57419.0
