0.0, 12289.0
2.328659772872925, 12583.0
2.329957962036133, 13072.0
2.3875508308410645, 13293.0
2.56276798248291, 14181.0
2.625126838684082, 14581.0
2.6272597312927246, 15013.0
2.6289567947387695, 15570.0
2.765833854675293, 16513.0
2.7696590423583984, 16615.0
3.1224308013916016, 16900.0
3.131316900253296, 17223.0
3.1783337593078613, 17418.0
3.2297818660736084, 17659.0
3.278949022293091, 18275.0
3.2815747261047363, 18326.0
3.282020092010498, 19278.0
3.38336181640625, 20265.0
3.4877419471740723, 20642.0
4.126921892166138, 20753.0
4.672593832015991, 21350.0
4.714869976043701, 22052.0
4.71809983253479, 22396.0
5.003296852111816, 22717.0
5.004645109176636, 22760.0
5.057570934295654, 23490.0
5.06060791015625, 24158.0
5.064358711242676, 24286.0
5.107953786849976, 24407.0
5.109691858291626, 24952.0
5.868382930755615, 25716.0
6.057275772094727, 26249.0
6.156285762786865, 26271.0
6.245722055435181, 26697.0
7.0700860023498535, 26774.0
7.086695909500122, 26991.0
7.090588808059692, 27437.0
7.291329860687256, 27576.0
7.293070077896118, 27700.0
7.296496868133545, 27953.0
7.5709898471832275, 28467.0
7.676247835159302, 28867.0
7.9368507862091064, 28945.0
8.240626811981201, 29377.0
8.326886892318726, 30168.0
8.413601875305176, 30514.0
8.415328979492188, 30596.0
8.45725393295288, 31434.0
8.45992112159729, 31951.0
8.4631929397583, 32279.0
8.464514017105103, 32753.0
9.533727884292603, 33297.0
9.534970045089722, 33913.0
9.697088956832886, 34140.0
9.701004981994629, 34152.0
9.735722780227661, 35034.0
9.73950481414795, 35652.0
9.77824592590332, 36523.0
9.811268091201782, 36761.0
9.812294006347656, 37424.0
9.820091009140015, 38172.0
10.621805906295776, 38459.0
10.623122930526733, 38666.0
10.683105945587158, 39223.0
10.6857168674469, 39231.0
10.68617582321167, 39880.0
10.687682867050171, 40521.0
10.814944982528687, 41085.0
11.57896900177002, 41407.0
11.660956859588623, 41490.0
11.717927932739258, 41950.0
11.72234582901001, 42122.0
11.771666765213013, 43008.0
12.88477897644043, 43759.0
13.372033834457397, 44167.0
13.372935771942139, 44184.0
13.373830080032349, 45084.0
13.486037969589233, 45491.0
13.486948013305664, 46430.0
17.541656970977783, 46771.0
17.545655012130737, 47481.0
17.64271879196167, 48045.0
17.95127582550049, 48617.0
18.026493787765503, 48673.0
18.0278377532959, 48926.0
18.059566020965576, 49220.0
18.061339855194092, 49636.0
18.0657320022583, 50347.0
18.188560009002686, 50851.0
26.68824005126953, 51686.0
26.87596893310547, 52105.0
29.524999856948853, 52361.0
29.52680277824402, 52652.0
29.539585828781128, 53552.0
29.54444694519043, 53715.0
29.578462839126587, 53723.0
29.69123601913452, 53859.0
29.69215202331543, 54562.0
29.737942934036255, 55156.0
30.08732581138611, 55351.0
30.588260889053345, 55635.0
38.16876482963562, 56011.0
38.2027051448822, 56928.0
38.86919283866882, 56960.0
38.89080286026001, 57799.0
38.92289876937866, 57874.0
38.99021792411804, 58803.0
40.834150075912476, 58855.0
40.87005686759949, 58866.0
40.909712076187134, 58968.0
40.9542498588562, 59160.0
40.95777606964111, 59717.0
41.183154821395874, 59971.0
41.21308088302612, 60069.0
41.251861810684204, 60698.0
41.2523307800293, 61362.0
82.58918285369873, 61467.0
82.67825078964233, 61623.0
82.7960319519043, 61713.0
230.61124181747437, 61865.0
230.61436676979065, 61870.0
230.64676690101624, 61877.0
230.64723706245422, 62609.0
230.6722207069397, 62735.0
427.94152998924255, 63334.0
427.94291496276855, 63554.0
427.94821977615356, 63793.0
427.969664812088, 64629.0
