0.0, 2479.0
0.9179089069366455, 2574.0
0.9201500415802002, 2609.0
0.921226978302002, 2724.0
1.0168256759643555, 2764.0
1.016934871673584, 2765.0
1.0193538665771484, 2772.0
1.517996072769165, 2874.0
1.5197558403015137, 2917.0
1.5684599876403809, 2938.0
1.5703728199005127, 3039.0
1.5763487815856934, 3142.0
1.9666550159454346, 3158.0
1.9697208404541016, 3231.0
18.282769918441772, 3277.0
18.285099029541016, 3302.0
31.62150502204895, 3405.0
31.621615886688232, 3546.0
80.70360493659973, 3595.0
80.84750175476074, 3604.0
80.8502368927002, 3642.0
81.18501877784729, 3723.0
81.27127599716187, 3724.0
81.44196772575378, 3725.0
81.56654095649719, 3850.0
81.62250900268555, 3862.0
81.82684063911438, 3905.0
82.24659085273743, 3934.0
