0.0, 59619.0
1.7615470886230469, 59698.0
1.9398159980773926, 59813.0
5.178725957870483, 59901.0
5.695327997207642, 60008.0
6.33740496635437, 60163.0
6.432165861129761, 60277.0
7.022943019866943, 60396.0
7.146383762359619, 60504.0
8.673988103866577, 60614.0
8.963714122772217, 60659.0
9.194241046905518, 60783.0
9.207394123077393, 60910.0
9.559787034988403, 61012.0
10.023564100265503, 61013.0
10.068708181381226, 61146.0
10.225429058074951, 61268.0
10.289087057113647, 61409.0
11.616328001022339, 61430.0
11.660250186920166, 61559.0
11.985637903213501, 61570.0
11.993123054504395, 61686.0
12.109209060668945, 61794.0
12.588184118270874, 61888.0
13.021649837493896, 61997.0
13.225114107131958, 62116.0
13.746608972549438, 62202.0
13.85503101348877, 62269.0
13.91262698173523, 62402.0
14.81621503829956, 62518.0
16.220553874969482, 62619.0
16.35545015335083, 62698.0
16.41423487663269, 62814.0
16.489272117614746, 62918.0
19.20899796485901, 63013.0
19.853312015533447, 63116.0
20.615145921707153, 63195.0
21.10904598236084, 63304.0
21.650405883789062, 63383.0
22.0155189037323, 63515.0
25.128437042236328, 63608.0
25.206457138061523, 63718.0
25.40395998954773, 63818.0
26.730674982070923, 63819.0
30.62206196784973, 63915.0
33.006234884262085, 64010.0
34.01598000526428, 64101.0
34.01823401451111, 64304.0
34.48124289512634, 64369.0
34.6523871421814, 64484.0
34.662375926971436, 64607.0
35.15317988395691, 64730.0
35.21562099456787, 64863.0
35.58108687400818, 64902.0
35.980494022369385, 65059.0
36.17086887359619, 65171.0
36.229828119277954, 65285.0
36.576749086380005, 65312.0
37.19315981864929, 65387.0
37.197594165802, 65518.0
40.84229803085327, 65519.0
41.18294978141785, 65522.0
41.252137899398804, 65806.0
41.4047429561615, 65920.0
41.511682987213135, 66090.0
41.79554510116577, 66272.0
41.97981381416321, 66425.0
42.133545875549316, 66545.0
42.174582958221436, 66701.0
42.22878384590149, 66817.0
44.004425048828125, 66850.0
44.51715302467346, 67005.0
44.55832386016846, 67100.0
44.824800968170166, 67216.0
44.844237089157104, 67319.0
47.991835832595825, 67376.0
48.76355195045471, 67512.0
50.1467399597168, 67551.0
50.27986693382263, 67712.0
50.33291006088257, 67914.0
51.13569784164429, 67978.0
51.22535800933838, 68106.0
51.289849042892456, 68217.0
51.51857781410217, 68408.0
52.8540940284729, 68499.0
53.48439407348633, 68509.0
54.46802616119385, 68591.0
54.48586702346802, 68721.0
54.569295167922974, 68825.0
54.58255577087402, 68967.0
55.09525990486145, 69104.0
55.290729999542236, 69107.0
55.29933786392212, 69242.0
55.30383801460266, 69355.0
55.31310200691223, 69496.0
55.787412881851196, 69618.0
55.948797941207886, 69629.0
56.169708013534546, 69779.0
56.613361835479736, 69785.0
56.82017779350281, 69808.0
56.87308692932129, 69913.0
57.00811791419983, 69963.0
57.10574793815613, 70168.0
57.41659116744995, 70283.0
57.545594930648804, 70396.0
57.592660903930664, 70511.0
59.048831939697266, 70619.0
60.670329093933105, 70693.0
62.222458839416504, 70854.0
62.41373109817505, 70955.0
62.7189040184021, 71116.0
65.91861701011658, 71221.0
66.0194878578186, 71374.0
66.20335793495178, 71559.0
66.24511480331421, 71708.0
66.94909477233887, 71911.0
67.54172492027283, 72013.0
68.55021595954895, 72054.0
68.55468010902405, 72194.0
68.7380678653717, 72388.0
69.09462594985962, 72406.0
69.32221102714539, 72411.0
69.40987396240234, 72564.0
69.41773891448975, 72790.0
69.69281792640686, 72918.0
71.02743816375732, 73006.0
71.38180613517761, 73107.0
71.54942297935486, 73216.0
71.688472032547, 73318.0
72.0252537727356, 73498.0
72.24582982063293, 73603.0
72.424889087677, 73709.0
72.52582693099976, 73810.0
73.03133583068848, 73822.0
73.03622817993164, 74002.0
74.5471019744873, 74014.0
74.56074810028076, 74108.0
75.29623603820801, 74317.0
75.78306293487549, 74392.0
76.09320282936096, 74501.0
76.85511088371277, 74515.0
77.10733389854431, 74526.0
77.11001181602478, 74653.0
77.25516700744629, 74797.0
77.30427479743958, 74925.0
77.30850601196289, 75066.0
77.84874606132507, 75210.0
79.13243389129639, 75215.0
80.19017696380615, 75316.0
81.78723192214966, 75421.0
81.83075499534607, 75582.0
82.0661289691925, 75598.0
82.41107201576233, 75703.0
83.26440691947937, 75798.0
83.54720306396484, 75907.0
84.2654640674591, 75991.0
84.30344700813293, 76106.0
84.9855649471283, 76313.0
86.15173196792603, 76411.0
86.5899248123169, 76517.0
86.97460794448853, 76593.0
87.04865407943726, 76702.0
87.38257098197937, 76812.0
88.89293384552002, 76895.0
88.93771386146545, 77017.0
89.23782086372375, 77044.0
89.67566394805908, 77212.0
91.1280870437622, 77316.0
91.53174185752869, 77378.0
91.77204394340515, 77514.0
92.18929314613342, 77676.0
92.22249484062195, 77899.0
92.39039492607117, 78012.0
92.84635996818542, 78102.0
92.8795268535614, 78209.0
93.363116979599, 78296.0
93.82448697090149, 78400.0
94.00132203102112, 78502.0
94.4729220867157, 78538.0
94.52230978012085, 78687.0
94.52742385864258, 78789.0
94.71008801460266, 78985.0
95.6076090335846, 78987.0
95.62243890762329, 79111.0
96.1979467868805, 79118.0
99.13825511932373, 79205.0
102.25022482872009, 79293.0
102.5731430053711, 79364.0
102.7681028842926, 79483.0
103.93001699447632, 79611.0
104.96148490905762, 79705.0
104.98949980735779, 79807.0
105.78582882881165, 79898.0
106.1298348903656, 80015.0
106.48789596557617, 80092.0
107.19106984138489, 80116.0
109.95498895645142, 80137.0
110.14560413360596, 80211.0
111.10109496116638, 80273.0
111.24834680557251, 80314.0
112.38286209106445, 80410.0
112.49399995803833, 80511.0
112.56861591339111, 80616.0
120.29185104370117, 80688.0
120.46127581596375, 80774.0
121.17427897453308, 80888.0
121.21544194221497, 81083.0
121.48479008674622, 81087.0
121.62445378303528, 81097.0
121.77482390403748, 81148.0
122.12235903739929, 81411.0
122.12522912025452, 81614.0
122.26983714103699, 81617.0
122.66495203971863, 81643.0
122.78701496124268, 81648.0
122.99348497390747, 81657.0
123.09178805351257, 81815.0
123.12840485572815, 81819.0
124.20033001899719, 81907.0
126.56009697914124, 82001.0
126.83376789093018, 82090.0
127.10592579841614, 82199.0
127.54703998565674, 82217.0
128.88558793067932, 82263.0
128.90873384475708, 82494.0
131.79820585250854, 82587.0
132.26645803451538, 82694.0
132.70975494384766, 82718.0
134.20357608795166, 82803.0
134.23401999473572, 82909.0
134.95127296447754, 82916.0
135.41786003112793, 82961.0
135.44354891777039, 83109.0
136.4225971698761, 83280.0
136.69847083091736, 83366.0
137.1571340560913, 83501.0
137.53710389137268, 83541.0
137.6026690006256, 83680.0
137.6932978630066, 83810.0
137.99537897109985, 83930.0
138.15388011932373, 83984.0
138.42583179473877, 84003.0
140.73529601097107, 84026.0
140.97178602218628, 84054.0
141.30580186843872, 84146.0
141.45044994354248, 84261.0
141.66344904899597, 84319.0
141.8008918762207, 84517.0
143.00765705108643, 84591.0
143.17443776130676, 84698.0
143.63454484939575, 84775.0
143.81487202644348, 84825.0
143.95356392860413, 84936.0
143.98827195167542, 85084.0
144.32198405265808, 85205.0
144.67852902412415, 85276.0
144.68079900741577, 85401.0
145.15320587158203, 85578.0
145.30029582977295, 85687.0
145.5632529258728, 85806.0
145.76954007148743, 85912.0
145.81271505355835, 86016.0
146.15740585327148, 86079.0
146.32022500038147, 86188.0
146.4531991481781, 86302.0
147.32859182357788, 86433.0
147.5799379348755, 86582.0
147.63258695602417, 86594.0
150.63546586036682, 86613.0
150.6592378616333, 86761.0
150.982323884964, 86771.0
155.0552797317505, 86802.0
155.1246829032898, 86913.0
155.95335292816162, 86987.0
156.2392840385437, 87114.0
157.13586616516113, 87207.0
157.47634100914001, 87211.0
157.86690497398376, 87289.0
157.89512085914612, 87392.0
158.42486596107483, 87497.0
160.33113598823547, 87610.0
160.44623398780823, 87699.0
160.58698296546936, 87757.0
160.77761793136597, 87906.0
161.31542706489563, 88013.0
161.63570880889893, 88084.0
161.7321059703827, 88185.0
162.3633017539978, 88313.0
162.86991786956787, 88414.0
163.1282501220703, 88562.0
163.34409594535828, 88579.0
163.7213020324707, 88672.0
164.04622888565063, 88771.0
164.12428998947144, 88917.0
165.75552201271057, 88967.0
165.89909505844116, 89089.0
169.36811804771423, 89103.0
169.57700085639954, 89294.0
170.02506279945374, 89295.0
170.34380102157593, 89349.0
170.37723016738892, 89384.0
170.55586290359497, 89493.0
170.75393676757812, 89508.0
170.87845396995544, 89598.0
171.08659982681274, 89612.0
171.6122591495514, 89676.0
172.0223159790039, 89705.0
173.16799092292786, 89710.0
173.8344829082489, 89804.0
173.9101870059967, 89905.0
174.67017197608948, 90011.0
175.18357610702515, 90016.0
176.6891520023346, 90082.0
177.42395687103271, 90189.0
177.55865812301636, 90200.0
179.2283000946045, 90317.0
180.8621120452881, 90328.0
181.17573189735413, 90500.0
181.57971596717834, 90589.0
181.84323596954346, 90618.0
183.87962007522583, 90665.0
184.05899786949158, 90708.0
184.2692630290985, 90756.0
184.45016384124756, 90808.0
184.6328489780426, 90867.0
184.84365487098694, 90878.0
185.1215968132019, 91005.0
185.56412386894226, 91037.0
185.5665099620819, 91188.0
186.1615970134735, 91289.0
186.25806379318237, 91411.0
188.45409393310547, 91517.0
189.37466382980347, 91519.0
190.5823109149933, 91583.0
190.61489987373352, 91699.0
190.75428104400635, 91700.0
191.40797209739685, 91702.0
191.467355966568, 91807.0
191.71725702285767, 91860.0
192.39856100082397, 91918.0
192.69910979270935, 92011.0
192.7041368484497, 92016.0
192.78312397003174, 92017.0
193.3037450313568, 92021.0
193.33291792869568, 92158.0
193.36330914497375, 92311.0
195.21915698051453, 92339.0
195.25504994392395, 92498.0
195.40924215316772, 92613.0
196.31042408943176, 92614.0
197.10977697372437, 92618.0
197.49193286895752, 92655.0
197.78101086616516, 92712.0
197.78866600990295, 92872.0
197.9936819076538, 92896.0
199.16087794303894, 92913.0
217.9609739780426, 92992.0
218.13353896141052, 93119.0
219.29638814926147, 93207.0
219.5705337524414, 93314.0
222.06686902046204, 93402.0
222.4777090549469, 93405.0
223.51317596435547, 93410.0
223.68352890014648, 93418.0
233.26018619537354, 93512.0
233.43417096138, 93526.0
233.55649209022522, 93719.0
238.02619791030884, 93750.0
238.05935096740723, 93896.0
238.08696913719177, 93907.0
242.84716486930847, 93910.0
243.17003297805786, 94012.0
243.17758893966675, 94113.0
243.7187020778656, 94118.0
244.73144388198853, 94131.0
245.30600810050964, 94316.0
247.48697805404663, 94393.0
247.49412202835083, 94509.0
247.73999905586243, 94707.0
247.91305088996887, 94813.0
248.67290687561035, 94907.0
248.68139600753784, 95100.0
249.80451083183289, 95113.0
250.40837502479553, 95209.0
251.0356788635254, 95214.0
251.35769176483154, 95255.0
251.4229187965393, 95375.0
251.45760679244995, 95477.0
251.62241578102112, 95508.0
251.81029081344604, 95586.0
261.003212928772, 95597.0
261.67052602767944, 95606.0
261.97824597358704, 95615.0
262.4674508571625, 95629.0
262.4720709323883, 95766.0
262.5730469226837, 95890.0
263.0581040382385, 95897.0
263.6312129497528, 95908.0
264.32972478866577, 95967.0
264.4268579483032, 96100.0
264.529287815094, 96124.0
264.609797000885, 96219.0
264.6782190799713, 96391.0
265.0069589614868, 96416.0
265.16129088401794, 96471.0
265.43062710762024, 96506.0
266.4521589279175, 96521.0
266.5235550403595, 96646.0
266.5564339160919, 96819.0
267.1242959499359, 96923.0
267.15864086151123, 97099.0
268.2235519886017, 97218.0
269.7569909095764, 97280.0
270.69664001464844, 97299.0
276.29089999198914, 97374.0
281.9400498867035, 97417.0
283.80753779411316, 97498.0
284.02485489845276, 97549.0
284.1058089733124, 97657.0
284.20456194877625, 97812.0
288.06212615966797, 97918.0
291.8581700325012, 98016.0
293.81612396240234, 98018.0
311.42333579063416, 98079.0
311.8084201812744, 98181.0
311.9442980289459, 98203.0
312.13647413253784, 98208.0
329.2569270133972, 98239.0
329.36753582954407, 98411.0
329.69242691993713, 98487.0
329.8002450466156, 98611.0
331.0002610683441, 98794.0
340.6598629951477, 98882.0
340.87233996391296, 98893.0
341.018826007843, 98950.0
341.9448938369751, 98964.0
342.06447196006775, 98996.0
342.75401186943054, 99018.0
352.3579308986664, 99117.0
352.4315550327301, 99118.0
357.66931891441345, 99204.0
357.70563673973083, 99318.0
358.175509929657, 99321.0
358.3387110233307, 99467.0
358.5731780529022, 99508.0
361.9800269603729, 99591.0
362.5407648086548, 99600.0
366.0906801223755, 99708.0
366.9708459377289, 99882.0
367.27753496170044, 99987.0
367.46600794792175, 100095.0
368.0365319252014, 100199.0
368.2144320011139, 100207.0
369.16937494277954, 100307.0
369.6961269378662, 100308.0
369.96131896972656, 100380.0
370.44059014320374, 100414.0
371.55300784111023, 100506.0
372.55725598335266, 100509.0
372.76138401031494, 100611.0
373.22256207466125, 100639.0
373.3407390117645, 100722.0
373.77454900741577, 100818.0
375.91158390045166, 100864.0
376.04278802871704, 100950.0
376.2544958591461, 101059.0
376.3277440071106, 101174.0
376.841717004776, 101310.0
382.7607591152191, 101410.0
384.18285393714905, 101613.0
384.75394892692566, 101715.0
385.070415019989, 101777.0
409.1960618495941, 101860.0
412.2566590309143, 101867.0
412.3331129550934, 102018.0
416.7327308654785, 102068.0
417.1298849582672, 102131.0
417.1369559764862, 102299.0
417.2381229400635, 102305.0
494.84435296058655, 102318.0
495.97890305519104, 102393.0
496.15945386886597, 102475.0
496.3051829338074, 102510.0
496.4380328655243, 102568.0
496.7155599594116, 102571.0
496.7693061828613, 102816.0
496.9235489368439, 102874.0
497.25624084472656, 102916.0
497.47625708580017, 102978.0
497.55650091171265, 103048.0
497.6876468658447, 103049.0
497.7736928462982, 103169.0
497.9320240020752, 103318.0
498.31400084495544, 103415.0
498.52704095840454, 103457.0
498.55475091934204, 103612.0
587.0308310985565, 103613.0
