0.0, 3116.0
0.07470178604125977, 3194.0
0.07520890235900879, 3303.0
0.07601213455200195, 3354.0
0.08110284805297852, 3457.0
0.08181405067443848, 3605.0
0.275892972946167, 3678.0
0.281033992767334, 3787.0
0.28281188011169434, 3903.0
0.4498279094696045, 4068.0
0.45180606842041016, 4204.0
0.4521059989929199, 4496.0
0.45349788665771484, 4576.0
0.4542849063873291, 4696.0
0.5711989402770996, 4778.0
0.5714879035949707, 4885.0
0.5733988285064697, 4898.0
0.9477059841156006, 4899.0
1.2364399433135986, 4908.0
1.9387378692626953, 4998.0
2.094352960586548, 5009.0
2.0946478843688965, 5179.0
2.096923828125, 5313.0
2.42830491065979, 5369.0
2.586580991744995, 5409.0
2.8349149227142334, 5410.0
2.8411269187927246, 5507.0
3.016976833343506, 5610.0
5.276076793670654, 5613.0
17.391550064086914, 5616.0
22.50765895843506, 5717.0
55.09480690956116, 5802.0
55.68867111206055, 5807.0
55.94225096702576, 5812.0
56.9732449054718, 5913.0
59.11341905593872, 6010.0
117.14279890060425, 6081.0
117.1468198299408, 6102.0
119.11646699905396, 6112.0
