0.0, 3989.0
0.1631159782409668, 4091.0
0.27685093879699707, 4632.0
0.3885459899902344, 5046.0
0.3900918960571289, 5130.0
0.39013195037841797, 5246.0
0.39017176628112793, 6238.0
0.39316582679748535, 6376.0
0.503277063369751, 6476.0
0.5061728954315186, 6833.0
0.7265288829803467, 7068.0
0.7270567417144775, 7353.0
0.8223187923431396, 7508.0
0.828239917755127, 7655.0
0.927872896194458, 8296.0
2.8049910068511963, 8538.0
3.2590017318725586, 8900.0
3.2619247436523438, 9789.0
5.254528045654297, 9940.0
5.470648765563965, 9959.0
5.920397758483887, 9960.0
6.0359947681427, 10472.0
6.037479877471924, 10566.0
7.275537967681885, 10631.0
