0.0, 9825.0
0.22305989265441895, 10059.0
0.3529849052429199, 10161.0
0.3643760681152344, 10387.0
0.364595890045166, 10415.0
0.492811918258667, 10508.0
0.4942009449005127, 11168.0
0.6149938106536865, 11547.0
0.6193358898162842, 11973.0
0.7247819900512695, 12812.0
0.8222341537475586, 13584.0
0.8230299949645996, 14149.0
0.8234238624572754, 14381.0
0.8281259536743164, 14515.0
0.9110519886016846, 14710.0
1.0861330032348633, 14830.0
1.0885717868804932, 15399.0
1.1745641231536865, 15806.0
1.1759989261627197, 16027.0
1.3778448104858398, 16414.0
1.378067970275879, 16662.0
1.3877627849578857, 17605.0
1.3923628330230713, 18324.0
1.4800589084625244, 18809.0
1.7173240184783936, 18942.0
1.7215170860290527, 19609.0
2.0906858444213867, 19641.0
2.1337709426879883, 19767.0
2.1415228843688965, 19890.0
2.198223829269409, 19893.0
2.5812389850616455, 19992.0
2.584439992904663, 20599.0
2.5848770141601562, 21072.0
2.7431538105010986, 21074.0
2.7482240200042725, 21454.0
2.846735715866089, 21957.0
3.191633939743042, 22321.0
3.2729530334472656, 22486.0
3.278048038482666, 22916.0
3.4168918132781982, 22947.0
3.420498847961426, 23783.0
3.421567916870117, 23874.0
3.4634287357330322, 24071.0
3.4646430015563965, 24518.0
3.4654529094696045, 24728.0
3.6250739097595215, 25226.0
3.838052988052368, 25411.0
4.31269097328186, 25492.0
4.345233917236328, 26444.0
4.3465797901153564, 26944.0
4.467774868011475, 27026.0
4.504278898239136, 27621.0
6.709113121032715, 28136.0
7.116943836212158, 28791.0
7.576728105545044, 28839.0
8.18445372581482, 29018.0
8.188092947006226, 29236.0
8.289061784744263, 29357.0
8.38925290107727, 29802.0
9.507834911346436, 30400.0
9.51122784614563, 31170.0
14.499984741210938, 31630.0
14.53727674484253, 31984.0
26.23205590248108, 32210.0
29.706562042236328, 32542.0
29.70679497718811, 33422.0
29.76048994064331, 33817.0
44.83765983581543, 34253.0
44.867987871170044, 34319.0
45.03682780265808, 34410.0
45.037487745285034, 34451.0
45.0381498336792, 35009.0
45.07641792297363, 35213.0
45.13312578201294, 35432.0
256.4698088169098, 35718.0
256.50337505340576, 35973.0
265.3403959274292, 36791.0
294.2265498638153, 37150.0
308.04343700408936, 37704.0
308.10012888908386, 37743.0
308.1333498954773, 37799.0
308.15687894821167, 38506.0
317.13064908981323, 39396.0
331.6680808067322, 39593.0
358.4514060020447, 40079.0
360.7788908481598, 40366.0
361.1778087615967, 40377.0
362.59959077835083, 40694.0
363.68066596984863, 41041.0
363.76597809791565, 41789.0
363.77235293388367, 42021.0
366.6349639892578, 42116.0
367.89551305770874, 42418.0
367.9021430015564, 42643.0
367.90369296073914, 42925.0
367.9315209388733, 43020.0
367.9631419181824, 43774.0
367.9666590690613, 43993.0
368.0247838497162, 44119.0
368.03095602989197, 44146.0
368.06028389930725, 44309.0
368.08134388923645, 44713.0
368.3850600719452, 44837.0
369.6220107078552, 45107.0
369.6245858669281, 45807.0
381.67247581481934, 46133.0
381.92301201820374, 46160.0
381.9786579608917, 46190.0
386.91535687446594, 46217.0
386.92848205566406, 46759.0
388.34347581863403, 46983.0
389.85104990005493, 47135.0
389.91862893104553, 47421.0
