0.0, 24793.0
1.9493958950042725, 24806.0
1.9983148574829102, 24970.0
2.676971912384033, 24999.0
2.879316806793213, 25025.0
3.110201835632324, 25044.0
3.239839792251587, 25218.0
3.3106038570404053, 25237.0
3.9875857830047607, 25259.0
5.406761884689331, 25317.0
5.622881650924683, 25360.0
5.727621793746948, 25363.0
5.774571895599365, 25397.0
6.586354732513428, 25406.0
6.595162868499756, 25562.0
6.855816841125488, 25622.0
8.632073879241943, 25761.0
8.764122724533081, 25794.0
8.84499979019165, 25843.0
8.949706792831421, 25902.0
13.04255986213684, 25966.0
13.380014657974243, 25988.0
13.412803649902344, 26060.0
13.648738622665405, 26176.0
13.72451376914978, 26303.0
14.4078688621521, 26328.0
18.838454008102417, 26384.0
18.93031072616577, 26510.0
18.938403844833374, 26511.0
19.196019887924194, 26524.0
19.583181619644165, 26525.0
19.745230674743652, 26590.0
19.92557168006897, 26661.0
20.17355966567993, 26727.0
20.32503080368042, 26728.0
20.335224628448486, 26755.0
36.39250564575195, 26852.0
36.57664895057678, 26953.0
37.248172760009766, 26983.0
37.301464796066284, 27039.0
40.08783483505249, 27158.0
40.55420899391174, 27215.0
41.47688388824463, 27236.0
72.37445187568665, 27278.0
72.45941662788391, 27419.0
72.50531673431396, 27567.0
72.51317882537842, 27646.0
97.66743493080139, 27689.0
97.8834376335144, 27755.0
97.93028974533081, 27756.0
98.04483985900879, 27850.0
98.10016179084778, 27851.0
98.21830487251282, 27862.0
98.34986972808838, 27919.0
98.78304481506348, 27958.0
98.84587168693542, 28106.0
100.68502283096313, 28187.0
100.84795784950256, 28312.0
101.35474872589111, 28340.0
101.75800967216492, 28386.0
266.4009499549866, 28458.0
267.6196668148041, 28478.0
267.82335686683655, 28503.0
267.8523898124695, 28536.0
268.3669948577881, 28555.0
268.3738057613373, 28675.0
268.51466178894043, 28684.0
268.59361481666565, 28737.0
268.67586374282837, 28897.0
268.7173137664795, 28903.0
268.85901284217834, 28956.0
269.1130998134613, 29069.0
