0.0, 1195.0
0.007517814636230469, 1297.0
0.2907848358154297, 1390.0
0.29752492904663086, 1392.0
0.44364380836486816, 1486.0
0.5589609146118164, 1494.0
0.5604758262634277, 1588.0
0.5608029365539551, 1673.0
0.561018705368042, 1797.0
0.563403844833374, 1887.0
0.6480939388275146, 1928.0
0.6485691070556641, 2009.0
0.6699738502502441, 2062.0
0.6746397018432617, 2064.0
0.6767969131469727, 2150.0
0.789376974105835, 2186.0
0.7929840087890625, 2188.0
0.8974878787994385, 2274.0
0.8992829322814941, 2283.0
1.1179838180541992, 2293.0
1.8685328960418701, 2392.0
2.0409698486328125, 2475.0
2.7689309120178223, 2495.0
