0.0, 30605.0
2.6065731048583984, 30695.0
2.8677549362182617, 30805.0
2.921135902404785, 30865.0
3.037777900695801, 31072.0
3.104459047317505, 31204.0
5.716503143310547, 31283.0
5.947333812713623, 31393.0
6.380223989486694, 31697.0
6.783506870269775, 31698.0
6.784707069396973, 32057.0
6.949947834014893, 32173.0
6.996537208557129, 32369.0
7.056429147720337, 32479.0
7.656327962875366, 32512.0
7.706982851028442, 32620.0
7.775902032852173, 32750.0
8.100150108337402, 32864.0
8.263566017150879, 32971.0
8.313729047775269, 33074.0
8.321702003479004, 33092.0
8.741273164749146, 33177.0
8.83716607093811, 33226.0
8.839415073394775, 33371.0
8.84648084640503, 33504.0
8.986093044281006, 33573.0
9.002302885055542, 33796.0
9.412425994873047, 33902.0
9.422492980957031, 34005.0
10.097269058227539, 34070.0
10.149019002914429, 34231.0
10.151244163513184, 34380.0
10.245914936065674, 34505.0
10.639173030853271, 34604.0
10.765381097793579, 34655.0
10.806701183319092, 34802.0
11.43123722076416, 34904.0
11.852946043014526, 34993.0
11.873057126998901, 35301.0
12.424628019332886, 35304.0
12.63457989692688, 35346.0
12.786020994186401, 35493.0
13.511790037155151, 35583.0
13.827692031860352, 35686.0
14.236982107162476, 35699.0
14.531198978424072, 35799.0
14.71845293045044, 35971.0
14.775325059890747, 36188.0
14.819918155670166, 36248.0
14.823606014251709, 36277.0
15.028470993041992, 36386.0
15.206406831741333, 36404.0
15.46070408821106, 36414.0
15.54921817779541, 36573.0
15.595558881759644, 36753.0
15.603062152862549, 36862.0
15.693087100982666, 36960.0
15.75177812576294, 37098.0
16.219066858291626, 37204.0
16.66468095779419, 37282.0
17.212910175323486, 37301.0
17.45975613594055, 37388.0
17.46119713783264, 37489.0
17.75627303123474, 37605.0
17.963783025741577, 37607.0
17.96897578239441, 37728.0
18.27684783935547, 37842.0
18.323088884353638, 37973.0
18.384780168533325, 38071.0
18.96263599395752, 38234.0
19.017561197280884, 38403.0
19.77083110809326, 38410.0
19.77308487892151, 38596.0
20.154702186584473, 38620.0
20.25398898124695, 38804.0
20.867938995361328, 38834.0
20.96290397644043, 38904.0
21.711928129196167, 38999.0
22.081575870513916, 39033.0
22.089935064315796, 39148.0
22.306504011154175, 39271.0
22.578317165374756, 39305.0
23.22108793258667, 39477.0
23.38167905807495, 39586.0
23.462810039520264, 39595.0
24.12625002861023, 39704.0
24.79443621635437, 39795.0
24.851797103881836, 39912.0
25.006139993667603, 40092.0
25.063810110092163, 40166.0
25.20325517654419, 40193.0
25.61172604560852, 40197.0
25.837645053863525, 40295.0
25.90535616874695, 40396.0
27.17695689201355, 40397.0
27.184881925582886, 40555.0
27.228250980377197, 40683.0
27.229429960250854, 40874.0
27.36955499649048, 40995.0
28.088413953781128, 41091.0
28.298794984817505, 41259.0
28.774906873703003, 41281.0
28.959250926971436, 41400.0
30.64260506629944, 41502.0
31.078963041305542, 41503.0
31.67145609855652, 41601.0
34.11708998680115, 41618.0
34.12311506271362, 41746.0
34.12648797035217, 41864.0
34.610008001327515, 41898.0
34.61108613014221, 42048.0
34.71279215812683, 42082.0
35.233623027801514, 42237.0
35.23822999000549, 42375.0
36.20016598701477, 42383.0
36.68181085586548, 42463.0
37.00881004333496, 42497.0
37.01116490364075, 42700.0
37.38720512390137, 42764.0
37.459035873413086, 42867.0
37.558372020721436, 42875.0
37.610464096069336, 42977.0
37.6561758518219, 43093.0
37.833653926849365, 43203.0
39.44472908973694, 43243.0
39.53115487098694, 43353.0
39.68905186653137, 43461.0
39.88189911842346, 43596.0
40.14285898208618, 43646.0
40.24243712425232, 43786.0
40.487634897232056, 43876.0
40.987553119659424, 43993.0
41.097158908843994, 44043.0
41.1996648311615, 44185.0
41.33220601081848, 44190.0
41.776875019073486, 44284.0
41.82462501525879, 44400.0
41.9578800201416, 44404.0
44.31500005722046, 44503.0
45.174559116363525, 44578.0
45.29735207557678, 44651.0
45.326133012771606, 44743.0
45.42931509017944, 44894.0
49.9480299949646, 45005.0
52.41413617134094, 45016.0
52.41658115386963, 45198.0
52.75547504425049, 45305.0
53.319051027297974, 45383.0
53.55586504936218, 45495.0
53.60048317909241, 45552.0
53.86026406288147, 45561.0
54.08754301071167, 45593.0
54.557560205459595, 45670.0
55.582273960113525, 45701.0
55.71765995025635, 45856.0
58.56235122680664, 45892.0
58.67030596733093, 45980.0
60.56307601928711, 46071.0
60.756361961364746, 46110.0
60.85335993766785, 46238.0
60.96339297294617, 46400.0
70.06012010574341, 46499.0
70.68354797363281, 46576.0
70.75040698051453, 46596.0
71.34279203414917, 46660.0
71.5081160068512, 46784.0
72.32763910293579, 46802.0
72.55131793022156, 46805.0
73.33053588867188, 46817.0
73.33326005935669, 46978.0
73.54802513122559, 47060.0
73.72370791435242, 47205.0
73.826730966568, 47305.0
74.93457102775574, 47379.0
75.09039402008057, 47473.0
78.09323692321777, 47537.0
78.23598217964172, 47656.0
78.45926308631897, 47722.0
78.4945421218872, 47892.0
78.79053807258606, 47974.0
78.83149099349976, 48090.0
83.31320905685425, 48098.0
86.63034105300903, 48285.0
86.70650696754456, 48399.0
99.43977284431458, 48498.0
99.95887112617493, 48566.0
99.96110320091248, 48699.0
101.95241808891296, 48745.0
102.06299495697021, 48773.0
102.1203761100769, 48905.0
102.51750612258911, 48967.0
102.8060200214386, 49102.0
103.0039610862732, 49190.0
103.53723120689392, 49275.0
103.88195991516113, 49379.0
104.42749500274658, 49450.0
104.49948596954346, 49479.0
104.84793901443481, 49502.0
105.68358612060547, 49590.0
119.29363799095154, 49601.0
119.90913510322571, 49643.0
120.03843688964844, 49746.0
120.14343595504761, 49883.0
132.58980417251587, 49993.0
133.0913860797882, 50056.0
133.3314712047577, 50071.0
133.40606379508972, 50083.0
133.62079000473022, 50094.0
134.04081797599792, 50095.0
134.43630599975586, 50197.0
134.96997809410095, 50283.0
134.97493600845337, 50402.0
135.41160798072815, 50459.0
135.48803210258484, 50578.0
135.52436995506287, 50694.0
145.64326810836792, 50703.0
146.79340386390686, 50785.0
146.82123112678528, 50903.0
160.23516702651978, 50994.0
168.33186101913452, 50995.0
168.63010096549988, 51082.0
168.73705506324768, 51088.0
244.4132580757141, 51141.0
244.41640305519104, 51293.0
244.50340795516968, 51304.0
244.78838992118835, 51341.0
244.8950011730194, 51483.0
244.93980288505554, 51501.0
256.4860529899597, 51505.0
362.66173481941223, 51592.0
362.88354420661926, 51686.0
363.1539719104767, 51693.0
363.5023019313812, 51705.0
385.78233909606934, 51782.0
385.9595580101013, 51899.0
387.2752890586853, 51902.0
388.3249499797821, 51923.0
388.3625910282135, 52084.0
390.142795085907, 52091.0
390.2785129547119, 52195.0
475.6318430900574, 52201.0
475.84910321235657, 52296.0
475.89718103408813, 52340.0
475.902615070343, 52456.0
475.95228910446167, 52556.0
476.03658390045166, 52585.0
476.1352598667145, 52594.0
476.26762294769287, 52655.0
476.279993057251, 52797.0
