0.0, 25793.0
2.171552896499634, 26502.0
2.1739959716796875, 27132.0
2.183993101119995, 27818.0
2.185142993927002, 28493.0
2.191038131713867, 28675.0
2.1935110092163086, 29555.0
2.3514888286590576, 29663.0
3.0365819931030273, 30304.0
3.230264902114868, 30549.0
3.2932069301605225, 30950.0
3.34694504737854, 31308.0
3.449528932571411, 31351.0
3.5135180950164795, 32271.0
3.6368839740753174, 32814.0
4.50703501701355, 33304.0
5.851247072219849, 33808.0
6.084175109863281, 34292.0
6.323998928070068, 35142.0
6.42442512512207, 35699.0
6.4851601123809814, 36322.0
7.056139945983887, 36584.0
7.112840175628662, 37354.0
7.242099046707153, 37875.0
7.396374940872192, 38196.0
7.43691611289978, 38226.0
7.56172513961792, 39104.0
8.292834997177124, 39371.0
8.42604684829712, 40350.0
8.475078105926514, 40353.0
8.482542991638184, 40362.0
9.168313026428223, 40511.0
9.360563039779663, 40749.0
9.363933086395264, 40828.0
9.51432490348816, 41301.0
9.61751389503479, 41883.0
9.693310976028442, 41967.0
10.202975988388062, 42316.0
10.34603214263916, 42587.0
10.460139989852905, 43065.0
10.608428955078125, 43759.0
10.843703031539917, 43799.0
10.844864845275879, 44488.0
10.848266839981079, 45113.0
10.88440489768982, 45538.0
10.895735025405884, 45890.0
11.363745927810669, 46573.0
11.651694059371948, 46981.0
11.70211911201477, 47188.0
11.988746881484985, 48102.0
12.651602029800415, 48362.0
12.662539005279541, 49150.0
12.716058015823364, 49952.0
12.847090005874634, 50215.0
12.84935212135315, 50547.0
12.903851985931396, 51213.0
12.910763025283813, 51796.0
13.29120397567749, 52611.0
13.60882019996643, 52889.0
14.21375298500061, 53011.0
14.214988946914673, 53805.0
14.268676996231079, 54318.0
14.532313108444214, 54640.0
14.534504175186157, 54667.0
14.545183897018433, 54855.0
14.56501293182373, 55337.0
15.52974796295166, 55778.0
15.71842908859253, 55807.0
15.719568967819214, 56207.0
15.721727848052979, 56633.0
15.751489877700806, 57106.0
15.90203595161438, 57546.0
15.903308868408203, 58337.0
15.960311889648438, 58547.0
16.138507843017578, 58959.0
16.370840072631836, 59544.0
16.500851154327393, 59787.0
16.945116996765137, 60154.0
16.94868493080139, 61108.0
17.06574296951294, 61770.0
17.235461950302124, 61789.0
17.378360986709595, 62694.0
17.430243968963623, 62976.0
17.83521604537964, 63160.0
17.878204107284546, 63364.0
17.961096048355103, 63380.0
17.962194204330444, 64170.0
18.07782220840454, 64224.0
18.1181480884552, 64802.0
18.119384050369263, 65678.0
18.31604504585266, 65876.0
18.317198038101196, 66354.0
18.318346977233887, 66968.0
18.364815950393677, 67391.0
18.576805114746094, 67766.0
18.877023935317993, 68222.0
19.25546908378601, 68510.0
19.318055152893066, 68905.0
19.629951000213623, 69480.0
19.814368963241577, 70146.0
20.085775136947632, 70297.0
20.12998390197754, 71142.0
20.13339400291443, 71795.0
20.134664058685303, 72238.0
20.236649990081787, 72891.0
20.298302173614502, 73877.0
20.46068000793457, 74109.0
20.98399806022644, 74327.0
21.2170250415802, 74432.0
21.21956491470337, 74885.0
21.602087020874023, 74981.0
21.603253841400146, 75176.0
21.744025945663452, 75239.0
21.883404970169067, 76031.0
21.92667508125305, 76919.0
22.0678608417511, 77083.0
22.514644861221313, 77724.0
23.44288921356201, 78064.0
23.484591960906982, 78445.0
23.73065423965454, 78751.0
24.286354064941406, 78986.0
24.332990169525146, 79667.0
25.08399200439453, 79706.0
25.259313106536865, 80262.0
25.36047887802124, 80872.0
25.519288063049316, 81161.0
25.570863962173462, 81689.0
25.731923818588257, 81982.0
25.983181953430176, 82967.0
26.21592903137207, 83320.0
26.792776107788086, 83794.0
27.098950147628784, 83879.0
27.110802173614502, 84162.0
27.328761100769043, 84645.0
27.669475078582764, 85476.0
27.67060899734497, 85819.0
27.83469295501709, 86195.0
28.3657009601593, 86320.0
28.543697118759155, 87304.0
28.933776140213013, 88285.0
29.84596610069275, 88494.0
29.935014009475708, 88982.0
30.060642957687378, 89548.0
30.44913101196289, 90086.0
30.45047402381897, 90342.0
30.56584095954895, 91081.0
30.648574113845825, 91686.0
33.38236689567566, 91731.0
33.66636896133423, 92018.0
34.113137006759644, 92620.0
34.19129300117493, 92807.0
34.23878812789917, 93377.0
34.71133899688721, 93431.0
34.714985847473145, 93886.0
34.86371898651123, 94160.0
35.88520693778992, 94277.0
35.98758387565613, 94772.0
38.33787512779236, 94797.0
38.40682506561279, 94851.0
38.62274098396301, 95219.0
38.82007598876953, 95589.0
38.88446092605591, 95870.0
39.160999059677124, 96065.0
45.50522994995117, 96165.0
49.61438989639282, 96675.0
49.820513010025024, 96893.0
54.50115489959717, 97379.0
54.61803102493286, 98019.0
54.854982137680054, 98121.0
64.19990491867065, 98421.0
66.16726398468018, 98613.0
66.27345085144043, 98662.0
66.30842208862305, 98975.0
66.42200493812561, 99238.0
66.68579816818237, 99919.0
67.44132399559021, 99958.0
67.4474949836731, 100356.0
70.31498003005981, 100540.0
71.48022699356079, 100738.0
71.51876187324524, 100814.0
72.05153608322144, 101120.0
72.35235810279846, 101368.0
72.64805102348328, 101497.0
72.70894408226013, 101683.0
73.2866358757019, 101708.0
74.35001683235168, 101835.0
74.5014922618866, 102386.0
74.56437706947327, 102418.0
74.65719604492188, 103332.0
74.9061689376831, 103735.0
75.95639491081238, 103779.0
76.11407399177551, 104425.0
76.3088219165802, 104809.0
76.36457800865173, 104889.0
77.51877117156982, 105187.0
78.47333121299744, 106012.0
78.48255515098572, 106343.0
78.56713581085205, 106611.0
78.64136219024658, 107118.0
78.6470730304718, 108115.0
78.91679883003235, 108417.0
79.55683708190918, 108721.0
80.06293487548828, 109058.0
80.45568299293518, 109963.0
80.52220296859741, 110132.0
80.67699098587036, 110575.0
81.93127393722534, 110729.0
81.97473907470703, 111099.0
82.04058909416199, 111300.0
82.04953908920288, 111303.0
83.27774310112, 111388.0
83.4072151184082, 111398.0
83.46099400520325, 111756.0
83.52397990226746, 112162.0
83.5734350681305, 113160.0
89.79188299179077, 113255.0
89.97463011741638, 113648.0
90.35825610160828, 114246.0
90.93807721138, 114527.0
92.75097799301147, 114591.0
92.81909894943237, 115162.0
94.43586087226868, 115646.0
94.56046509742737, 116043.0
94.64259910583496, 116411.0
94.95845007896423, 116752.0
94.96221208572388, 117372.0
95.04308199882507, 117470.0
95.08255410194397, 117530.0
95.79017901420593, 117782.0
95.87575912475586, 118070.0
95.9187319278717, 118981.0
95.91994524002075, 119309.0
95.924556016922, 119786.0
96.01796698570251, 120179.0
96.52202415466309, 120196.0
96.811026096344, 120546.0
97.15536189079285, 121365.0
98.22158312797546, 122004.0
98.22408318519592, 122416.0
98.36080288887024, 122437.0
98.43794512748718, 122450.0
98.70768094062805, 123411.0
98.73489189147949, 124062.0
98.80602097511292, 124066.0
98.83902096748352, 124245.0
99.79613614082336, 124552.0
99.87978315353394, 124989.0
101.72398400306702, 125302.0
101.80557799339294, 125886.0
101.91871619224548, 125985.0
102.02211022377014, 126012.0
102.10242295265198, 126070.0
134.56076002120972, 126641.0
198.01565718650818, 126789.0
198.1125090122223, 127436.0
198.1375551223755, 127998.0
198.14152097702026, 128895.0
198.21769499778748, 129849.0
198.5239109992981, 129885.0
198.7632429599762, 130482.0
198.76568007469177, 131349.0
198.80431818962097, 131541.0
200.22265100479126, 131729.0
200.4207489490509, 132283.0
223.4064199924469, 132445.0
225.65450596809387, 132730.0
225.66354393959045, 132867.0
225.73877596855164, 133755.0
225.7413170337677, 133846.0
229.85322523117065, 133883.0
230.62484002113342, 134259.0
241.29116201400757, 134265.0
241.31599807739258, 134444.0
367.8853349685669, 134676.0
367.92190194129944, 134714.0
367.93149304389954, 135628.0
368.0311050415039, 135904.0
368.0764870643616, 136101.0
385.28049206733704, 136274.0
385.28178811073303, 136358.0
385.3702609539032, 136435.0
395.9736080169678, 136690.0
409.0290741920471, 137125.0
409.0632381439209, 137172.0
409.10760378837585, 137350.0
412.13956809043884, 137624.0
412.4647960662842, 137841.0
413.00582218170166, 138215.0
413.242201089859, 138216.0
413.70086002349854, 138866.0
414.74914813041687, 139482.0
418.30275297164917, 140042.0
418.33515906333923, 140080.0
418.3365879058838, 140925.0
418.37093710899353, 141427.0
418.37575006484985, 142139.0
418.37841510772705, 142471.0
418.415785074234, 142848.0
418.76489901542664, 142877.0
574.7786741256714, 143352.0
