0.0, 3813.0
0.14647889137268066, 4524.0
0.15106892585754395, 4567.0
0.15157508850097656, 4947.0
0.15277481079101562, 5456.0
0.15290379524230957, 6389.0
0.1557929515838623, 7180.0
0.15644192695617676, 7821.0
0.27939295768737793, 8425.0
0.29338502883911133, 9101.0
0.3939378261566162, 9120.0
0.40496206283569336, 9754.0
0.5018298625946045, 9917.0
0.8707928657531738, 10193.0
0.8716490268707275, 10616.0
1.3234648704528809, 10659.0
1.323976993560791, 10884.0
1.3241851329803467, 11453.0
1.325199842453003, 11603.0
1.3261120319366455, 11998.0
1.3271338939666748, 12049.0
1.328049898147583, 12244.0
1.329068899154663, 13100.0
1.4477508068084717, 13322.0
1.4481427669525146, 13768.0
1.4527900218963623, 13953.0
1.4530177116394043, 14410.0
1.5583770275115967, 14594.0
1.6398799419403076, 14764.0
2.070629835128784, 14843.0
2.0710718631744385, 15634.0
2.077502965927124, 15952.0
2.1452088356018066, 16203.0
2.1456258296966553, 16646.0
2.1457347869873047, 16725.0
2.214570999145508, 16881.0
2.2148048877716064, 17835.0
2.303163766860962, 18353.0
2.3713138103485107, 18918.0
2.3724348545074463, 19829.0
9.577711820602417, 19982.0
9.978837966918945, 20143.0
10.042105913162231, 20429.0
10.042420864105225, 21220.0
17.123581886291504, 21616.0
24.402626037597656, 21990.0
24.43579387664795, 22477.0
24.436686038970947, 22850.0
24.438143014907837, 23173.0
71.03109979629517, 23578.0
71.14055299758911, 23717.0
71.14684891700745, 23817.0
71.14716601371765, 24012.0
71.19359111785889, 24193.0
71.26546573638916, 24334.0
71.267746925354, 24777.0
75.58385682106018, 25105.0
80.15393304824829, 25106.0
80.17049193382263, 25191.0
80.17451596260071, 25319.0
80.21300601959229, 25421.0
80.32641983032227, 25520.0
80.61160898208618, 26007.0
80.6742000579834, 26950.0
