0.0, 2479.0
1.158696174621582, 2574.0
1.1617021560668945, 2609.0
1.1627659797668457, 2724.0
1.1680231094360352, 2764.0
1.1681180000305176, 2765.0
1.2729201316833496, 2772.0
1.6153430938720703, 2874.0
1.6176362037658691, 2917.0
1.6242420673370361, 2938.0
1.625981092453003, 3039.0
1.629805088043213, 3142.0
2.084213972091675, 3158.0
2.0872931480407715, 3231.0
17.62171697616577, 3277.0
17.62528419494629, 3302.0
30.4408860206604, 3405.0
30.44099712371826, 3546.0
79.65271806716919, 3595.0
79.83048224449158, 3604.0
79.83366394042969, 3642.0
80.21379017829895, 3723.0
80.33718919754028, 3724.0
80.4302031993866, 3725.0
80.55150103569031, 3850.0
80.61316299438477, 3862.0
80.89861392974854, 3905.0
81.28678607940674, 3934.0
