0.0, 1850.0
0.0019478797912597656, 2165.0
0.002276182174682617, 2265.0
0.004225969314575195, 2989.0
0.004682064056396484, 3048.0
0.004954814910888672, 3297.0
0.005037069320678711, 3652.0
0.007606983184814453, 3833.0
0.009060144424438477, 4624.0
0.2997169494628906, 4834.0
0.3083059787750244, 5367.0
0.30901503562927246, 5423.0
0.30913305282592773, 5842.0
0.3100159168243408, 6352.0
0.6275818347930908, 6995.0
0.7315199375152588, 7248.0
1.070451021194458, 7683.0
1.0706429481506348, 8140.0
1.1958279609680176, 8327.0
1.2910521030426025, 8549.0
1.2911779880523682, 8730.0
1.7772018909454346, 8940.0
