0.0, 30605.0
2.324942111968994, 30695.0
2.5468790531158447, 30805.0
2.553406000137329, 30865.0
2.646662950515747, 31072.0
2.7015750408172607, 31204.0
5.13684606552124, 31283.0
5.497372150421143, 31393.0
6.031889200210571, 31697.0
6.476664066314697, 31698.0
6.477774143218994, 32057.0
6.638289213180542, 32173.0
6.682619094848633, 32369.0
6.723917245864868, 32479.0
7.277266979217529, 32512.0
7.279470205307007, 32620.0
7.384081125259399, 32750.0
7.679902076721191, 32864.0
7.819664239883423, 32971.0
7.858863115310669, 33074.0
7.89555811882019, 33092.0
8.24798321723938, 33177.0
8.335345983505249, 33226.0
8.337603092193604, 33371.0
8.37732720375061, 33504.0
8.560330152511597, 33573.0
8.629884958267212, 33796.0
8.9461030960083, 33902.0
8.981101036071777, 34005.0
9.661108016967773, 34070.0
9.752214193344116, 34231.0
9.75542402267456, 34380.0
9.831532001495361, 34505.0
10.185359239578247, 34604.0
10.325361967086792, 34655.0
10.362223148345947, 34802.0
10.769508123397827, 34904.0
11.166506052017212, 34993.0
11.21438217163086, 35301.0
11.753384113311768, 35304.0
11.95601511001587, 35346.0
12.11742901802063, 35493.0
12.630738019943237, 35583.0
12.70396614074707, 35686.0
13.130108118057251, 35699.0
13.490305185317993, 35799.0
13.588643074035645, 35971.0
13.591250896453857, 36188.0
13.783022165298462, 36248.0
13.817101240158081, 36277.0
13.997125148773193, 36386.0
14.074809074401855, 36404.0
14.296134233474731, 36414.0
14.37912392616272, 36573.0
14.42443323135376, 36753.0
14.457982063293457, 36862.0
14.536017894744873, 36960.0
14.540412902832031, 37098.0
14.885498285293579, 37204.0
15.3176109790802, 37282.0
15.766865253448486, 37301.0
15.94204330444336, 37388.0
15.94318413734436, 37489.0
16.1059410572052, 37605.0
16.271985292434692, 37607.0
16.30477023124695, 37728.0
16.557741165161133, 37842.0
16.633132219314575, 37973.0
16.665072202682495, 38071.0
17.11992907524109, 38234.0
17.182161331176758, 38403.0
17.91700315475464, 38410.0
17.91925621032715, 38596.0
18.1862370967865, 38620.0
18.21674609184265, 38804.0
18.600104093551636, 38834.0
18.734734058380127, 38904.0
19.22512412071228, 38999.0
19.56190514564514, 39033.0
19.564167976379395, 39148.0
19.677293062210083, 39271.0
19.93648624420166, 39305.0
20.58164095878601, 39477.0
20.724276065826416, 39586.0
20.77936100959778, 39595.0
21.346983909606934, 39704.0
21.874953031539917, 39795.0
21.93069314956665, 39912.0
22.107556104660034, 40092.0
22.145387172698975, 40166.0
22.264615297317505, 40193.0
22.631009101867676, 40197.0
22.847946166992188, 40295.0
22.883799076080322, 40396.0
23.985480070114136, 40397.0
24.014363288879395, 40555.0
24.02105212211609, 40683.0
24.02226996421814, 40874.0
24.133166074752808, 40995.0
24.823328018188477, 41091.0
24.99549412727356, 41259.0
25.35282826423645, 41281.0
25.51459312438965, 41400.0
26.984742164611816, 41502.0
27.474058151245117, 41503.0
28.085041999816895, 41601.0
30.431483268737793, 41618.0
30.43702507019043, 41746.0
30.468355178833008, 41864.0
30.872348308563232, 41898.0
30.897881269454956, 42048.0
30.977829217910767, 42082.0
31.40581202507019, 42237.0
31.410288095474243, 42375.0
32.305567026138306, 42383.0
32.65678811073303, 42463.0
32.93220520019531, 42497.0
32.93449020385742, 42700.0
33.17021322250366, 42764.0
33.26896405220032, 42867.0
33.301236152648926, 42875.0
33.429094314575195, 42977.0
33.448522090911865, 43093.0
33.58756923675537, 43203.0
35.01991295814514, 43243.0
35.062215089797974, 43353.0
35.237749099731445, 43461.0
35.43104100227356, 43596.0
35.68597102165222, 43646.0
35.80099320411682, 43786.0
35.96590518951416, 43876.0
36.44143629074097, 43993.0
36.69842505455017, 44043.0
36.736032009124756, 44185.0
36.78812122344971, 44190.0
37.23941612243652, 44284.0
37.27314901351929, 44400.0
37.41852426528931, 44404.0
39.589436292648315, 44503.0
40.39415502548218, 44578.0
40.54519200325012, 44651.0
40.54975914955139, 44743.0
40.644405126571655, 44894.0
44.66479706764221, 45005.0
46.90064525604248, 45016.0
46.90295910835266, 45198.0
47.18431806564331, 45305.0
47.749053955078125, 45383.0
47.965368032455444, 45495.0
48.053221225738525, 45552.0
48.26605224609375, 45561.0
48.470022201538086, 45593.0
48.81926202774048, 45670.0
49.51995229721069, 45701.0
49.643367290496826, 45856.0
51.84657406806946, 45892.0
51.98491024971008, 45980.0
53.62886095046997, 46071.0
53.79032802581787, 46110.0
53.87078094482422, 46238.0
53.98616123199463, 46400.0
62.08392810821533, 46499.0
62.57703518867493, 46576.0
62.628926038742065, 46596.0
63.049753189086914, 46660.0
63.2123589515686, 46784.0
63.969168186187744, 46802.0
64.12083625793457, 46805.0
64.8355782032013, 46817.0
64.83789801597595, 46978.0
64.98934817314148, 47060.0
65.17569613456726, 47205.0
65.26881718635559, 47305.0
66.24064111709595, 47379.0
66.31774592399597, 47473.0
68.78830003738403, 47537.0
68.88941311836243, 47656.0
69.13865113258362, 47722.0
69.16910314559937, 47892.0
69.41103529930115, 47974.0
69.41557312011719, 48090.0
73.12503504753113, 48098.0
76.00198197364807, 48285.0
76.06685709953308, 48399.0
85.95936894416809, 48498.0
86.28858304023743, 48566.0
86.3131651878357, 48699.0
87.91825795173645, 48745.0
88.04097628593445, 48773.0
88.0677421092987, 48905.0
88.41114497184753, 48967.0
88.61127018928528, 49102.0
88.76343607902527, 49190.0
89.09830212593079, 49275.0
89.34643316268921, 49379.0
89.73123502731323, 49450.0
89.79458904266357, 49479.0
90.13532900810242, 49502.0
90.97205400466919, 49590.0
102.79123306274414, 49601.0
103.28352308273315, 49643.0
103.38024401664734, 49746.0
103.46801733970642, 49883.0
114.17246413230896, 49993.0
114.59016013145447, 50056.0
114.77287030220032, 50071.0
114.85691332817078, 50083.0
115.01422214508057, 50094.0
115.37251925468445, 50095.0
115.73752808570862, 50197.0
116.12162518501282, 50283.0
116.12615394592285, 50402.0
116.55392622947693, 50459.0
116.62274408340454, 50578.0
116.644278049469, 50694.0
124.8193531036377, 50703.0
125.740149974823, 50785.0
125.76362800598145, 50903.0
136.77772116661072, 50994.0
143.48021006584167, 50995.0
143.7260251045227, 51082.0
143.84455823898315, 51088.0
206.12061429023743, 51141.0
206.12181091308594, 51293.0
206.20926904678345, 51304.0
206.48083114624023, 51341.0
206.5426549911499, 51483.0
206.59792613983154, 51501.0
216.18084812164307, 51505.0
304.8052122592926, 51592.0
305.0141701698303, 51686.0
305.2271852493286, 51693.0
305.52785897254944, 51705.0
323.7902600765228, 51782.0
323.93625497817993, 51899.0
324.9446520805359, 51902.0
325.8118259906769, 51923.0
325.82090497016907, 52084.0
327.2963390350342, 52091.0
327.40865302085876, 52195.0
398.8026831150055, 52201.0
399.0120232105255, 52296.0
399.04401111602783, 52340.0
399.0494210720062, 52456.0
399.1057801246643, 52556.0
399.1601412296295, 52585.0
399.24567198753357, 52594.0
399.3507740497589, 52655.0
399.3613691329956, 52797.0
