0.0, 25793.0
1.8610761165618896, 26502.0
1.8622448444366455, 27132.0
1.8656589984893799, 27818.0
1.86680006980896, 28493.0
1.870657205581665, 28675.0
1.8730180263519287, 29555.0
1.8795242309570312, 29663.0
2.691594123840332, 30304.0
2.8749630451202393, 30549.0
2.8868281841278076, 30950.0
2.973910093307495, 31308.0
3.112579107284546, 31351.0
3.1890110969543457, 32271.0
3.301913261413574, 32814.0
3.96382999420166, 33304.0
5.0820722579956055, 33808.0
5.298085927963257, 34292.0
5.50973105430603, 35142.0
5.578528165817261, 35699.0
5.673500061035156, 36322.0
6.114873886108398, 36584.0
6.167298078536987, 37354.0
6.2926061153411865, 37875.0
6.402343988418579, 38196.0
6.451963901519775, 38226.0
6.560595989227295, 39104.0
7.294915199279785, 39371.0
7.426798105239868, 40350.0
7.430826187133789, 40353.0
7.517729043960571, 40362.0
8.370727062225342, 40511.0
8.561837196350098, 40749.0
8.565129041671753, 40828.0
8.665378093719482, 41301.0
8.777444839477539, 41883.0
8.877265930175781, 41967.0
9.295401096343994, 42316.0
9.43573522567749, 42587.0
9.519071102142334, 43065.0
9.803062200546265, 43759.0
10.083333015441895, 43799.0
10.105749130249023, 44488.0
10.109081268310547, 45113.0
10.112398147583008, 45538.0
10.15880823135376, 45890.0
10.511588096618652, 46573.0
10.976231098175049, 46981.0
11.060185194015503, 47188.0
11.229207038879395, 48102.0
11.779561042785645, 48362.0
11.781782150268555, 49150.0
11.825528144836426, 49952.0
11.973825216293335, 50215.0
11.975964069366455, 50547.0
12.035191059112549, 51213.0
12.041004180908203, 51796.0
12.325571060180664, 52611.0
12.57542896270752, 52889.0
13.274590015411377, 53011.0
13.276236057281494, 53805.0
13.313582181930542, 54318.0
13.50519609451294, 54640.0
13.53558897972107, 54667.0
13.544348955154419, 54855.0
13.591978073120117, 55337.0
14.342252016067505, 55778.0
14.427650213241577, 55807.0
14.42999005317688, 56207.0
14.432217836380005, 56633.0
14.437701940536499, 57106.0
14.612900257110596, 57546.0
14.614050149917603, 58337.0
14.695417165756226, 58547.0
14.778777837753296, 58959.0
14.957267999649048, 59544.0
15.104042053222656, 59787.0
15.593286037445068, 60154.0
15.596573114395142, 61108.0
15.607767105102539, 61770.0
15.80030608177185, 61789.0
15.925034999847412, 62694.0
15.932772159576416, 62976.0
16.406589031219482, 63160.0
16.413774967193604, 63364.0
16.45679998397827, 63380.0
16.458033084869385, 64170.0
16.597443103790283, 64224.0
16.60232400894165, 64802.0
16.60347819328308, 65678.0
17.00088906288147, 65876.0
17.002058029174805, 66354.0
17.03336501121521, 66968.0
17.041479110717773, 67391.0
17.308292865753174, 67766.0
17.621798038482666, 68222.0
17.99961805343628, 68510.0
18.04388403892517, 68905.0
18.216381072998047, 69480.0
18.34962797164917, 70146.0
18.64978003501892, 70297.0
18.653122186660767, 71142.0
18.655386924743652, 71795.0
18.691601991653442, 72238.0
18.836047887802124, 72891.0
18.8425350189209, 73877.0
18.984894037246704, 74109.0
19.508408069610596, 74327.0
19.624019145965576, 74432.0
19.6263689994812, 74885.0
19.976458072662354, 74981.0
19.97761106491089, 75176.0
20.08966612815857, 75239.0
20.301220178604126, 76031.0
20.315145015716553, 76919.0
20.395838975906372, 77083.0
20.812156915664673, 77724.0
21.849892139434814, 78064.0
21.918313026428223, 78445.0
22.149511098861694, 78751.0
22.67583703994751, 78986.0
22.719138145446777, 79667.0
23.44289207458496, 79706.0
23.675570964813232, 80262.0
23.75930905342102, 80872.0
23.796252012252808, 81161.0
24.02841091156006, 81689.0
24.234272003173828, 81982.0
24.452604055404663, 82967.0
24.591357946395874, 83320.0
24.9972722530365, 83794.0
25.27681016921997, 83879.0
25.27908205986023, 84162.0
25.427940845489502, 84645.0
25.669623136520386, 85476.0
25.670790910720825, 85819.0
25.788816928863525, 86195.0
26.18082594871521, 86320.0
26.31515598297119, 87304.0
26.59056305885315, 88285.0
27.449580192565918, 88494.0
27.551980018615723, 88982.0
27.592289209365845, 89548.0
27.97672200202942, 90086.0
27.977878093719482, 90342.0
28.112488985061646, 91081.0
28.134362936019897, 91686.0
30.523492097854614, 91731.0
30.781213998794556, 92018.0
31.133743286132812, 92620.0
31.13934898376465, 92807.0
31.17895817756653, 93377.0
31.62255597114563, 93431.0
31.628037929534912, 93886.0
31.680142164230347, 94160.0
32.62365508079529, 94277.0
32.71385908126831, 94772.0
34.77832102775574, 94797.0
34.87178611755371, 94851.0
35.020668029785156, 95219.0
35.20207214355469, 95589.0
35.314470052719116, 95870.0
35.5323269367218, 96065.0
42.14055299758911, 96165.0
46.911972999572754, 96675.0
47.131126165390015, 96893.0
51.55819511413574, 97379.0
51.650973081588745, 98019.0
51.88007998466492, 98121.0
60.92925715446472, 98421.0
62.74694609642029, 98613.0
62.83351707458496, 98662.0
62.88955807685852, 98975.0
62.94289803504944, 99238.0
63.178576946258545, 99919.0
63.8779399394989, 99958.0
63.91751194000244, 100356.0
66.3095760345459, 100540.0
67.44603204727173, 100738.0
67.44728398323059, 100814.0
67.89993906021118, 101120.0
68.18926119804382, 101368.0
68.48761510848999, 101497.0
68.5354061126709, 101683.0
69.11985802650452, 101708.0
70.06392908096313, 101835.0
70.2240149974823, 102386.0
70.28421401977539, 102418.0
70.35918807983398, 103332.0
70.60677886009216, 103735.0
71.55635118484497, 103779.0
71.71298098564148, 104425.0
71.90018701553345, 104809.0
71.96557903289795, 104889.0
73.10485196113586, 105187.0
74.02501797676086, 106012.0
74.02988600730896, 106343.0
74.14338994026184, 106611.0
74.20193696022034, 107118.0
74.20538711547852, 108115.0
74.43018102645874, 108417.0
75.0776641368866, 108721.0
75.47596716880798, 109058.0
75.88216996192932, 109963.0
75.886892080307, 110132.0
76.07890605926514, 110575.0
77.22824001312256, 110729.0
77.23422813415527, 111099.0
77.2659010887146, 111300.0
77.32968711853027, 111303.0
78.53753805160522, 111388.0
78.69734907150269, 111398.0
78.75603318214417, 111756.0
78.76071500778198, 112162.0
78.81525802612305, 113160.0
85.9888231754303, 113255.0
86.11148810386658, 113648.0
86.25480103492737, 114246.0
86.62459015846252, 114527.0
88.5315191745758, 114591.0
88.58938908576965, 115162.0
90.1443099975586, 115646.0
90.33925724029541, 116043.0
90.44827699661255, 116411.0
90.82097101211548, 116752.0
90.82442617416382, 117372.0
90.83186912536621, 117470.0
90.91458582878113, 117530.0
91.44039726257324, 117782.0
91.52244400978088, 118070.0
91.53150606155396, 118981.0
91.53291511535645, 119309.0
91.53804802894592, 119786.0
91.69348788261414, 120179.0
92.13629508018494, 120196.0
92.42162108421326, 120546.0
92.69297909736633, 121365.0
93.67158818244934, 122004.0
93.67270398139954, 122416.0
93.78348183631897, 122437.0
93.8568639755249, 122450.0
94.15133500099182, 123411.0
94.15665602684021, 124062.0
94.25452399253845, 124066.0
94.30322599411011, 124245.0
95.2022590637207, 124552.0
95.2677640914917, 124989.0
96.89492893218994, 125302.0
96.95562410354614, 125886.0
97.06940913200378, 125985.0
97.16777396202087, 126012.0
97.25923705101013, 126070.0
128.43410205841064, 126641.0
184.56341004371643, 126789.0
184.66734290122986, 127436.0
184.74881315231323, 127998.0
184.75226616859436, 128895.0
184.75597596168518, 129849.0
185.06623315811157, 129885.0
185.28166890144348, 130482.0
185.2839822769165, 131349.0
185.328861951828, 131541.0
186.7319209575653, 131729.0
186.99113607406616, 132283.0
209.1096589565277, 132445.0
211.16097116470337, 132730.0
211.18993425369263, 132867.0
211.25657105445862, 133755.0
211.25905799865723, 133846.0
214.97615385055542, 133883.0
215.60577416419983, 134259.0
224.76891207695007, 134265.0
224.7962989807129, 134444.0
342.7443881034851, 134676.0
342.79855394363403, 134714.0
342.7997660636902, 135628.0
343.042848110199, 135904.0
343.09274196624756, 136101.0
358.8068370819092, 136274.0
358.8080370426178, 136358.0
358.87320923805237, 136435.0
368.45028805732727, 136690.0
380.68267917633057, 137125.0
380.6942970752716, 137172.0
380.7667729854584, 137350.0
383.58567905426025, 137624.0
383.8566200733185, 137841.0
384.3320231437683, 138215.0
384.65173721313477, 138216.0
385.0688090324402, 138866.0
386.0484390258789, 139482.0
389.3007082939148, 140042.0
389.32449221611023, 140080.0
389.3259160518646, 140925.0
389.3684911727905, 141427.0
389.3934061527252, 142139.0
389.395788192749, 142471.0
389.40051198005676, 142848.0
389.7233741283417, 142877.0
542.9641139507294, 143352.0
