0.0, 5093.0
1.1304621696472168, 5094.0
2.4500892162323, 5117.0
2.582473039627075, 5237.0
2.6803460121154785, 5313.0
2.795320987701416, 5363.0
3.196824073791504, 5469.0
3.345266103744507, 5576.0
3.4986181259155273, 5606.0
3.4995901584625244, 5734.0
12.373414039611816, 5749.0
12.37451696395874, 5803.0
12.377749919891357, 5860.0
20.18492603302002, 5917.0
20.36313009262085, 5918.0
20.396775007247925, 5958.0
20.478729963302612, 5992.0
20.483060836791992, 5993.0
20.56322693824768, 6074.0
20.697669982910156, 6089.0
20.80446982383728, 6101.0
97.34505414962769, 6106.0
97.38847613334656, 6165.0
97.52230501174927, 6169.0
97.52754402160645, 6180.0
97.52883911132812, 6181.0
98.15461587905884, 6239.0
98.87859392166138, 6351.0
98.88094186782837, 6405.0
140.5769340991974, 6591.0
140.58272981643677, 6600.0
140.61681294441223, 6613.0
140.642480134964, 6648.0
140.68565392494202, 6673.0
140.72187089920044, 6803.0
140.83437299728394, 6819.0
500.66056418418884, 6894.0
501.02256512641907, 6912.0
503.93107199668884, 7005.0
503.9562861919403, 7006.0
504.0722620487213, 7009.0
504.23953199386597, 7020.0
504.24601888656616, 7021.0
504.43679881095886, 7078.0
504.8321030139923, 7105.0
505.37566781044006, 7142.0
505.47142601013184, 7160.0
