0.0, 1850.0
0.0018870830535888672, 2165.0
0.002298116683959961, 2265.0
0.0051152706146240234, 2989.0
0.005537986755371094, 3048.0
0.006532192230224609, 3297.0
0.006741046905517578, 3652.0
0.0077152252197265625, 3833.0
0.009164094924926758, 4624.0
0.1576251983642578, 4834.0
0.28219103813171387, 5367.0
0.2829282283782959, 5423.0
0.2830471992492676, 5842.0
0.2839171886444092, 6352.0
0.4130523204803467, 6995.0
0.5609190464019775, 7248.0
0.8765339851379395, 7683.0
0.8767223358154297, 8140.0
0.8801610469818115, 8327.0
0.9649491310119629, 8549.0
0.9650731086730957, 8730.0
1.5008440017700195, 8940.0
