0.0, 2479.0
0.8574132919311523, 2574.0
0.8596301078796387, 2609.0
0.8607449531555176, 2724.0
0.8657951354980469, 2764.0
0.8659040927886963, 2765.0
0.9587011337280273, 2772.0
1.3602969646453857, 2874.0
1.362015962600708, 2917.0
1.368664026260376, 2938.0
1.3714523315429688, 3039.0
1.3755030632019043, 3142.0
1.8229529857635498, 3158.0
1.825972080230713, 3231.0
18.276691913604736, 3277.0
18.280556201934814, 3302.0
31.442517042160034, 3405.0
31.442776203155518, 3546.0
83.9503321647644, 3595.0
84.11577296257019, 3604.0
84.11850714683533, 3642.0
84.47606301307678, 3723.0
84.57402396202087, 3724.0
84.7285840511322, 3725.0
84.81752395629883, 3850.0
84.90683388710022, 3862.0
85.18876218795776, 3905.0
85.58151030540466, 3934.0
