0.0, 7218.0
0.003946065902709961, 7610.0
0.0040628910064697266, 8364.0
0.006445169448852539, 8906.0
0.016070842742919922, 9086.0
0.016632080078125, 9328.0
0.01682305335998535, 9523.0
0.017763137817382812, 10319.0
0.019453048706054688, 10410.0
0.029798269271850586, 10538.0
0.029935121536254883, 11397.0
0.03008413314819336, 11699.0
0.031638145446777344, 11918.0
0.03742098808288574, 12053.0
0.04018211364746094, 12373.0
0.04077792167663574, 13304.0
0.050649166107177734, 13630.0
0.06105804443359375, 13845.0
0.08072304725646973, 14160.0
0.08182716369628906, 14660.0
0.08296489715576172, 15042.0
0.08412909507751465, 15360.0
0.08424019813537598, 15845.0
0.0861060619354248, 16066.0
0.08969807624816895, 16350.0
0.08980989456176758, 17293.0
0.0919339656829834, 18081.0
0.1069021224975586, 18728.0
0.10885906219482422, 18769.0
0.1124868392944336, 19083.0
0.11401700973510742, 19831.0
0.12379288673400879, 20186.0
0.13821697235107422, 20264.0
0.13894104957580566, 20485.0
0.16877102851867676, 20545.0
0.18241310119628906, 20967.0
0.18524384498596191, 21185.0
0.1858980655670166, 21563.0
0.18632006645202637, 22422.0
0.18783211708068848, 22536.0
0.1958332061767578, 22577.0
0.2377631664276123, 22653.0
0.25672197341918945, 23391.0
0.26515889167785645, 23653.0
0.2657921314239502, 23986.0
0.2937190532684326, 24500.0
0.2988259792327881, 25389.0
0.29924821853637695, 25610.0
0.30457115173339844, 25746.0
0.3055081367492676, 26409.0
0.30809903144836426, 27115.0
0.36310911178588867, 27125.0
0.37065815925598145, 27301.0
0.39026713371276855, 27978.0
0.3943040370941162, 28600.0
0.39909815788269043, 29391.0
0.40666794776916504, 29942.0
0.4079439640045166, 30233.0
0.40859293937683105, 30486.0
0.409696102142334, 31006.0
0.4159669876098633, 31301.0
0.4523930549621582, 31846.0
0.4545140266418457, 32443.0
0.45794105529785156, 32640.0
0.45922088623046875, 33132.0
0.4742908477783203, 33879.0
0.4780280590057373, 33934.0
0.47815608978271484, 34338.0
0.47838306427001953, 34404.0
0.4801900386810303, 35065.0
0.4841630458831787, 35092.0
0.4901449680328369, 35149.0
0.494143009185791, 35470.0
0.4984591007232666, 35662.0
0.5017120838165283, 35737.0
0.502885103225708, 36463.0
38.92851209640503, 36527.0
38.93021202087402, 37064.0
38.930537939071655, 37634.0
38.93699097633362, 37885.0
38.96106290817261, 37923.0
38.963778018951416, 37942.0
38.98103594779968, 37984.0
38.99892997741699, 38111.0
56.63509917259216, 38140.0
56.64244508743286, 38816.0
58.0213828086853, 38867.0
58.02151298522949, 39352.0
58.02223205566406, 40259.0
58.253758907318115, 40875.0
58.25593185424805, 40963.0
58.260643005371094, 41144.0
64.5553879737854, 41569.0
64.56227517127991, 42000.0
64.6140410900116, 42392.0
64.6246440410614, 42506.0
64.65068793296814, 42508.0
65.35443091392517, 42604.0
65.3569028377533, 43038.0
65.41746306419373, 43162.0
65.41940999031067, 43290.0
65.44389605522156, 43711.0
66.09562802314758, 43878.0
66.12625193595886, 44073.0
66.36978507041931, 44141.0
66.41869306564331, 44212.0
66.42670106887817, 44914.0
66.43496298789978, 45107.0
66.44280409812927, 45233.0
66.50530505180359, 45743.0
66.5531599521637, 45798.0
66.63634610176086, 45833.0
66.64001417160034, 45917.0
66.64459800720215, 46043.0
66.68102812767029, 46063.0
66.68634796142578, 46073.0
66.71620106697083, 46519.0
66.74900889396667, 46741.0
67.57197308540344, 46850.0
67.7616639137268, 46951.0
67.76207995414734, 47170.0
67.76234602928162, 47296.0
67.77409315109253, 47309.0
67.96462202072144, 47329.0
68.11184406280518, 47344.0
68.50881099700928, 47628.0
68.6450822353363, 47769.0
68.92508482933044, 47965.0
