0.0, 24793.0
1.9732112884521484, 24806.0
2.0423922538757324, 24970.0
2.719694137573242, 24999.0
2.876326322555542, 25025.0
3.09973406791687, 25044.0
3.2162930965423584, 25218.0
3.2810492515563965, 25237.0
4.1165971755981445, 25259.0
5.648271083831787, 25317.0
5.834237098693848, 25360.0
5.9795262813568115, 25363.0
6.035599231719971, 25397.0
7.019817113876343, 25406.0
7.030598163604736, 25562.0
7.259997367858887, 25622.0
8.970154047012329, 25761.0
9.060776948928833, 25794.0
9.18051815032959, 25843.0
9.270235300064087, 25902.0
13.177242279052734, 25966.0
13.499680042266846, 25988.0
13.549191236495972, 26060.0
13.830279350280762, 26176.0
13.88650131225586, 26303.0
14.680816173553467, 26328.0
19.329149961471558, 26384.0
19.433404207229614, 26510.0
19.48827600479126, 26511.0
19.637060165405273, 26524.0
20.065250158309937, 26525.0
20.298821210861206, 26590.0
20.444334268569946, 26661.0
20.930166006088257, 26727.0
21.034810304641724, 26728.0
21.149090051651, 26755.0
38.497309923172, 26852.0
38.67072510719299, 26953.0
39.43366098403931, 26983.0
39.473411083221436, 27039.0
42.040679931640625, 27158.0
42.51848816871643, 27215.0
43.42086100578308, 27236.0
74.13322234153748, 27278.0
74.23640298843384, 27419.0
74.28599715232849, 27567.0
74.2929961681366, 27646.0
99.23939919471741, 27689.0
99.48302698135376, 27755.0
99.49123406410217, 27756.0
99.60178732872009, 27850.0
99.62980723381042, 27851.0
99.74850106239319, 27862.0
99.89442825317383, 27919.0
100.52000308036804, 27958.0
100.5450291633606, 28106.0
102.21211814880371, 28187.0
102.3281021118164, 28312.0
102.77797508239746, 28340.0
103.15275430679321, 28386.0
280.94153022766113, 28458.0
282.21457719802856, 28478.0
282.39679622650146, 28503.0
282.4063301086426, 28536.0
282.9892830848694, 28555.0
282.99391531944275, 28675.0
283.1013071537018, 28684.0
283.2060821056366, 28737.0
283.29272294044495, 28897.0
283.3230290412903, 28903.0
283.48802304267883, 28956.0
283.76026821136475, 29069.0
