0.0, 3989.0
0.25333213806152344, 4091.0
0.2613368034362793, 4632.0
0.35875391960144043, 5046.0
0.36031603813171387, 5130.0
0.36035680770874023, 5246.0
0.3603978157043457, 6238.0
0.3631889820098877, 6376.0
0.4544100761413574, 6476.0
0.45726704597473145, 6833.0
0.7293729782104492, 7068.0
0.7298877239227295, 7353.0
0.8526890277862549, 7508.0
0.958136796951294, 7655.0
0.960211992263794, 8296.0
2.768062114715576, 8538.0
3.1377079486846924, 8900.0
3.1405699253082275, 9789.0
4.854695081710815, 9940.0
5.058096885681152, 9959.0
5.496853828430176, 9960.0
5.594395875930786, 10472.0
5.596027851104736, 10566.0
7.163315057754517, 10631.0
