0.0, 3813.0
0.006211996078491211, 4524.0
0.010699033737182617, 4567.0
0.012157917022705078, 4947.0
0.01361989974975586, 5456.0
0.013723134994506836, 6389.0
0.016632080078125, 7180.0
0.01729893684387207, 7821.0
0.24741792678833008, 8425.0
0.2520608901977539, 9101.0
0.2536170482635498, 9120.0
0.4056251049041748, 9754.0
0.4072120189666748, 9917.0
0.8246099948883057, 10193.0
0.8255081176757812, 10616.0
1.0862209796905518, 10659.0
1.0867278575897217, 10884.0
1.1386380195617676, 11453.0
1.1396458148956299, 11603.0
1.1405611038208008, 11998.0
1.141589879989624, 12049.0
1.1425089836120605, 12244.0
1.1437649726867676, 13100.0
1.148941993713379, 13322.0
1.1493518352508545, 13768.0
1.2332987785339355, 13953.0
1.233510971069336, 14410.0
1.2967238426208496, 14594.0
1.3676247596740723, 14764.0
1.709183931350708, 14843.0
1.7600159645080566, 15634.0
1.7675769329071045, 15952.0
1.8690199851989746, 16203.0
1.869438886642456, 16646.0
1.8695478439331055, 16725.0
1.9333789348602295, 16881.0
1.9335920810699463, 17835.0
1.9370510578155518, 18353.0
2.0560500621795654, 18918.0
2.0572779178619385, 19829.0
9.155566930770874, 19982.0
9.485337018966675, 20143.0
9.543571949005127, 20429.0
9.544047117233276, 21220.0
16.685730934143066, 21616.0
23.551138877868652, 21990.0
23.596619844436646, 22477.0
23.59760880470276, 22850.0
23.616430044174194, 23173.0
63.23555588722229, 23578.0
63.28447413444519, 23717.0
63.3214898109436, 23817.0
63.32180595397949, 24012.0
63.32642602920532, 24193.0
63.412395000457764, 24334.0
63.41467213630676, 24777.0
66.90825295448303, 25105.0
70.61979579925537, 25106.0
70.66711688041687, 25191.0
70.7087070941925, 25319.0
70.71018600463867, 25421.0
70.79483795166016, 25520.0
71.0210280418396, 26007.0
71.06796193122864, 26950.0
