0.0, 12289.0
2.324834108352661, 12583.0
2.326331853866577, 13072.0
2.400979995727539, 13293.0
2.6197729110717773, 14181.0
2.6260921955108643, 14581.0
2.628200054168701, 15013.0
2.6298911571502686, 15570.0
2.7848141193389893, 16513.0
2.78837513923645, 16615.0
3.187217950820923, 16900.0
3.1971139907836914, 17223.0
3.304733991622925, 17418.0
3.4413981437683105, 17659.0
3.586148977279663, 18275.0
3.5888309478759766, 18326.0
3.589271068572998, 19278.0
3.771049976348877, 20265.0
3.9025349617004395, 20642.0
4.423005104064941, 20753.0
4.994642019271851, 21350.0
4.99563193321228, 22052.0
5.000745058059692, 22396.0
5.335029125213623, 22717.0
5.336328029632568, 22760.0
5.343482971191406, 23490.0
5.38552713394165, 24158.0
5.389368057250977, 24286.0
5.395549058914185, 24407.0
5.4507081508636475, 24952.0
5.93418288230896, 25716.0
6.079670190811157, 26249.0
6.199318170547485, 26271.0
6.256047964096069, 26697.0
7.0406389236450195, 26774.0
7.145012140274048, 26991.0
7.150207996368408, 27437.0
7.377268075942993, 27576.0
7.378998041152954, 27700.0
7.382440090179443, 27953.0
7.6849448680877686, 28467.0
7.869567155838013, 28867.0
8.042124032974243, 28945.0
8.362653970718384, 29377.0
8.413634061813354, 30168.0
8.469897031784058, 30514.0
8.47162914276123, 30596.0
8.5172119140625, 31434.0
8.51980185508728, 31951.0
8.522886037826538, 32279.0
8.525906085968018, 32753.0
9.41591501235962, 33297.0
9.417229175567627, 33913.0
9.50959324836731, 34140.0
9.546889066696167, 34152.0
9.552489042282104, 35034.0
9.666321992874146, 35652.0
9.751482009887695, 36523.0
9.760085105895996, 36761.0
9.81138300895691, 37424.0
9.869165182113647, 38172.0
10.916361093521118, 38459.0
10.91770601272583, 38666.0
10.966238021850586, 39223.0
10.968848943710327, 39231.0
10.969309091567993, 39880.0
10.971930980682373, 40521.0
11.029496192932129, 41085.0
11.797899007797241, 41407.0
11.862542152404785, 41490.0
11.896240949630737, 41950.0
11.900763034820557, 42122.0
11.911675930023193, 43008.0
13.478511095046997, 43759.0
14.113509893417358, 44167.0
14.114370107650757, 44184.0
14.11525297164917, 45084.0
14.135504007339478, 45491.0
14.21569013595581, 46430.0
18.690617084503174, 46771.0
18.73272395133972, 47481.0
18.823616981506348, 48045.0
19.068423986434937, 48617.0
19.199522018432617, 48673.0
19.200162172317505, 48926.0
19.201197147369385, 49220.0
19.202043056488037, 49636.0
19.20650291442871, 50347.0
19.362852811813354, 50851.0
29.93724489212036, 51686.0
30.191813945770264, 52105.0
33.539865255355835, 52361.0
33.54195308685303, 52652.0
33.58689904212952, 53552.0
33.592013120651245, 53715.0
33.59666204452515, 53723.0
33.74443602561951, 53859.0
33.74583101272583, 54562.0
33.791260957717896, 55156.0
34.21317505836487, 55351.0
34.69876790046692, 55635.0
42.92373514175415, 56011.0
42.925482988357544, 56928.0
43.6576509475708, 56960.0
43.722880125045776, 57799.0
43.78574895858765, 57874.0
43.83776307106018, 58803.0
46.059375286102295, 58855.0
46.08981108665466, 58866.0
46.09293293952942, 58968.0
46.14825916290283, 59160.0
46.186371088027954, 59717.0
46.38157391548157, 59971.0
46.38906288146973, 60069.0
46.45938301086426, 60698.0
46.45985198020935, 61362.0
94.38182806968689, 61467.0
94.50206327438354, 61623.0
94.70868301391602, 61713.0
273.9926030635834, 61865.0
273.9959559440613, 61870.0
274.0416362285614, 61877.0
274.04210591316223, 62609.0
274.0613372325897, 62735.0
512.5990972518921, 63334.0
512.620110988617, 63554.0
512.6252901554108, 63793.0
512.647134065628, 64629.0
