0.0, 910.0
0.030328035354614258, 1054.0
0.030820131301879883, 1129.0
0.03148913383483887, 1143.0
0.033599138259887695, 1153.0
0.03408002853393555, 1154.0
0.05854487419128418, 1200.0
0.0896310806274414, 1274.0
0.09024310111999512, 1302.0
0.1916980743408203, 1308.0
0.19577503204345703, 1309.0
0.3931450843811035, 1325.0
0.43850207328796387, 1328.0
0.44228100776672363, 1354.0
1.8922781944274902, 1369.0
1.8924460411071777, 1370.0
2.040107011795044, 1398.0
2.206435203552246, 1401.0
2.207545280456543, 1411.0
2.2080960273742676, 1412.0
