0.0, 59619.0
1.7148027420043945, 59698.0
1.8189737796783447, 59813.0
5.191509008407593, 59901.0
5.74437689781189, 60008.0
6.49560809135437, 60163.0
6.548089027404785, 60277.0
7.224763870239258, 60396.0
7.249701738357544, 60504.0
9.086479663848877, 60614.0
9.334757804870605, 60659.0
9.451565980911255, 60783.0
9.507544994354248, 60910.0
9.819376707077026, 61012.0
10.204415798187256, 61013.0
10.309720039367676, 61146.0
10.522502899169922, 61268.0
10.549141883850098, 61409.0
11.682747840881348, 61430.0
11.687260866165161, 61559.0
11.919695854187012, 61570.0
11.922683715820312, 61686.0
12.00606369972229, 61794.0
12.349424839019775, 61888.0
12.871403932571411, 61997.0
13.12894892692566, 62116.0
13.564990997314453, 62202.0
13.63500165939331, 62269.0
13.710117816925049, 62402.0
14.560865879058838, 62518.0
16.008038759231567, 62619.0
16.11200475692749, 62698.0
16.229721784591675, 62814.0
16.23199486732483, 62918.0
18.45989990234375, 63013.0
19.015480995178223, 63116.0
19.572237014770508, 63195.0
20.082672834396362, 63304.0
20.364571809768677, 63383.0
20.593501806259155, 63515.0
23.155333757400513, 63608.0
23.235296964645386, 63718.0
23.40654993057251, 63818.0
24.57116174697876, 63819.0
28.009959936141968, 63915.0
29.94374179840088, 64010.0
30.94984483718872, 64101.0
30.952138900756836, 64304.0
31.428527116775513, 64369.0
31.547981023788452, 64484.0
31.586675882339478, 64607.0
31.975863933563232, 64730.0
32.0660138130188, 64863.0
32.307183027267456, 64902.0
32.67872095108032, 65059.0
32.840545892715454, 65171.0
32.880677700042725, 65285.0
33.16914677619934, 65312.0
33.75572609901428, 65387.0
33.76010584831238, 65518.0
37.041231870651245, 65519.0
37.33789086341858, 65522.0
37.371264934539795, 65806.0
37.508572816848755, 65920.0
37.58887982368469, 66090.0
37.82370400428772, 66272.0
37.96357703208923, 66425.0
38.0975558757782, 66545.0
38.136719703674316, 66701.0
38.20867991447449, 66817.0
39.655051946640015, 66850.0
40.052387952804565, 67005.0
40.09592580795288, 67100.0
40.38243389129639, 67216.0
40.44385290145874, 67319.0
43.307780027389526, 67376.0
43.973609924316406, 67512.0
45.07251501083374, 67551.0
45.18732285499573, 67712.0
45.206087827682495, 67914.0
45.90967893600464, 67978.0
45.95825409889221, 68106.0
45.998082876205444, 68217.0
46.24874997138977, 68408.0
47.457456827163696, 68499.0
48.098854780197144, 68509.0
48.97754907608032, 68591.0
49.053287744522095, 68721.0
49.05558180809021, 68825.0
49.106342792510986, 68967.0
49.5607328414917, 69104.0
49.738404750823975, 69107.0
49.77441883087158, 69242.0
49.77883172035217, 69355.0
49.812187910079956, 69496.0
50.1277539730072, 69618.0
50.24489498138428, 69629.0
50.40817093849182, 69779.0
50.802703857421875, 69785.0
50.99474573135376, 69808.0
51.036160945892334, 69913.0
51.11988401412964, 69963.0
51.23601293563843, 70168.0
51.49815392494202, 70283.0
51.57317280769348, 70396.0
51.607630014419556, 70511.0
52.866811752319336, 70619.0
54.500542879104614, 70693.0
55.898239850997925, 70854.0
56.057868003845215, 70955.0
56.33771800994873, 71116.0
58.93074989318848, 71221.0
59.01719808578491, 71374.0
59.23825287818909, 71559.0
59.2928729057312, 71708.0
59.97197484970093, 71911.0
60.61126708984375, 72013.0
61.47962689399719, 72054.0
61.513362884521484, 72194.0
61.602537870407104, 72388.0
61.875746965408325, 72406.0
62.09485697746277, 72411.0
62.1359589099884, 72564.0
62.14044380187988, 72790.0
62.33366298675537, 72918.0
63.42066788673401, 73006.0
63.75852179527283, 73107.0
63.88159894943237, 73216.0
63.98369574546814, 73318.0
64.27847790718079, 73498.0
64.55177187919617, 73603.0
64.79408884048462, 73709.0
64.8484239578247, 73810.0
65.30242991447449, 73822.0
65.35023474693298, 74002.0
66.65048480033875, 74014.0
66.69459772109985, 74108.0
67.26237201690674, 74317.0
67.65964007377625, 74392.0
67.98173880577087, 74501.0
68.60132789611816, 74515.0
68.80516695976257, 74526.0
68.84208083152771, 74653.0
68.9452338218689, 74797.0
68.95666575431824, 74925.0
68.95894503593445, 75066.0
69.43646574020386, 75210.0
70.54864478111267, 75215.0
71.4520628452301, 75316.0
73.24276399612427, 75421.0
73.3682427406311, 75582.0
73.56588578224182, 75598.0
73.89502882957458, 75703.0
74.48273205757141, 75798.0
74.67015480995178, 75907.0
75.06522488594055, 75991.0
75.09203290939331, 76106.0
75.54835081100464, 76313.0
76.37381887435913, 76411.0
76.71404790878296, 76517.0
77.02868676185608, 76593.0
77.0609519481659, 76702.0
77.52673387527466, 76812.0
79.28648591041565, 76895.0
79.3560140132904, 77017.0
79.55834078788757, 77044.0
79.95107078552246, 77212.0
81.16285586357117, 77316.0
81.59469199180603, 77378.0
81.72901391983032, 77514.0
82.11209392547607, 77676.0
82.1498589515686, 77899.0
82.30053091049194, 78012.0
82.71041893959045, 78102.0
82.72160410881042, 78209.0
83.04264092445374, 78296.0
83.50826692581177, 78400.0
83.62700581550598, 78502.0
83.98948884010315, 78538.0
84.01884484291077, 78687.0
84.04917883872986, 78789.0
84.24033999443054, 78985.0
84.94611287117004, 78987.0
84.98640394210815, 79111.0
85.48597383499146, 79118.0
87.90486884117126, 79205.0
90.37247776985168, 79293.0
90.66813683509827, 79364.0
90.81121397018433, 79483.0
91.7898817062378, 79611.0
92.59704494476318, 79705.0
92.62841081619263, 79807.0
93.22696089744568, 79898.0
93.50284385681152, 80015.0
93.83501100540161, 80092.0
94.41187286376953, 80116.0
96.67935299873352, 80137.0
96.83516001701355, 80211.0
97.64611673355103, 80273.0
97.74036502838135, 80314.0
98.7559449672699, 80410.0
98.84997701644897, 80511.0
98.90614795684814, 80616.0
105.33261895179749, 80688.0
105.47975087165833, 80774.0
106.05486369132996, 80888.0
106.07949090003967, 81083.0
106.31818890571594, 81087.0
106.44082403182983, 81097.0
106.56819200515747, 81148.0
106.84015893936157, 81411.0
106.8424928188324, 81614.0
106.96069288253784, 81617.0
107.2912209033966, 81643.0
107.41090679168701, 81648.0
107.58923888206482, 81657.0
107.6561188697815, 81815.0
107.70986080169678, 81819.0
108.56749272346497, 81907.0
110.55613493919373, 82001.0
110.79815292358398, 82090.0
111.03903985023499, 82199.0
111.37722277641296, 82217.0
112.49462389945984, 82263.0
112.52368402481079, 82494.0
114.85576486587524, 82587.0
115.21846604347229, 82694.0
115.57793998718262, 82718.0
116.81666684150696, 82803.0
116.8461480140686, 82909.0
117.42148780822754, 82916.0
117.83381295204163, 82961.0
117.83834385871887, 83109.0
118.59623074531555, 83280.0
118.83305072784424, 83366.0
119.1994948387146, 83501.0
119.52659678459167, 83541.0
119.58933186531067, 83680.0
119.68189787864685, 83810.0
119.92685985565186, 83930.0
120.0737099647522, 83984.0
120.29567384719849, 84003.0
122.31214594841003, 84026.0
122.52256989479065, 84054.0
122.79717588424683, 84146.0
122.92117381095886, 84261.0
123.12426900863647, 84319.0
123.22231483459473, 84517.0
124.27592277526855, 84591.0
124.45269870758057, 84698.0
124.81449890136719, 84775.0
124.96651697158813, 84825.0
125.11398482322693, 84936.0
125.11633205413818, 85084.0
125.42046999931335, 85205.0
125.72075986862183, 85276.0
125.72310709953308, 85401.0
125.99811291694641, 85578.0
126.1177179813385, 85687.0
126.35416793823242, 85806.0
126.5394458770752, 85912.0
126.57813596725464, 86016.0
126.87753582000732, 86079.0
127.02281069755554, 86188.0
127.14504790306091, 86302.0
127.93994998931885, 86433.0
128.1413857936859, 86582.0
128.19989585876465, 86594.0
130.65371584892273, 86613.0
130.65823483467102, 86761.0
130.9333679676056, 86771.0
134.3885407447815, 86802.0
134.4467809200287, 86913.0
135.18062281608582, 86987.0
135.45311093330383, 87114.0
136.1832139492035, 87207.0
136.4802050590515, 87211.0
136.80795788764954, 87289.0
136.81474995613098, 87392.0
137.29174971580505, 87497.0
138.92897772789001, 87610.0
139.022882938385, 87699.0
139.1685607433319, 87757.0
139.3245108127594, 87906.0
139.78713274002075, 88013.0
140.08262491226196, 88084.0
140.14756083488464, 88185.0
140.70808696746826, 88313.0
141.1106617450714, 88414.0
141.32004690170288, 88562.0
141.5012128353119, 88579.0
141.83519792556763, 88672.0
142.1040108203888, 88771.0
142.16276788711548, 88917.0
143.5609519481659, 88967.0
143.67971873283386, 89089.0
146.83553791046143, 89103.0
147.03661489486694, 89294.0
147.43183374404907, 89295.0
147.70403599739075, 89349.0
147.73316192626953, 89384.0
147.91443395614624, 89493.0
148.07275009155273, 89508.0
148.16335797309875, 89598.0
148.34342288970947, 89612.0
148.80681991577148, 89676.0
149.15697288513184, 89705.0
150.12847471237183, 89710.0
150.70629382133484, 89804.0
150.74450492858887, 89905.0
151.37525701522827, 90011.0
151.85327196121216, 90016.0
153.0657138824463, 90082.0
153.69159865379333, 90189.0
153.8100128173828, 90200.0
155.2377998828888, 90317.0
156.67915272712708, 90328.0
156.91855883598328, 90500.0
157.2554407119751, 90589.0
157.47265100479126, 90618.0
159.2226700782776, 90665.0
159.3748698234558, 90708.0
159.58067393302917, 90756.0
159.70491003990173, 90808.0
159.85461688041687, 90867.0
160.03877878189087, 90878.0
160.27390885353088, 91005.0
160.64441180229187, 91037.0
160.6737027168274, 91188.0
161.06804871559143, 91289.0
161.12210392951965, 91411.0
162.90959477424622, 91517.0
163.6719229221344, 91519.0
164.68993878364563, 91583.0
164.72150588035583, 91699.0
164.84266686439514, 91700.0
165.38866996765137, 91702.0
165.45374584197998, 91807.0
165.6371247768402, 91860.0
166.20413899421692, 91918.0
166.4523229598999, 92011.0
166.4777648448944, 92016.0
166.53885006904602, 92017.0
166.9950888156891, 92021.0
167.00195980072021, 92158.0
167.02906274795532, 92311.0
168.62904596328735, 92339.0
168.68335676193237, 92498.0
168.81013703346252, 92613.0
169.51056289672852, 92614.0
170.1157898902893, 92618.0
170.43915104866028, 92655.0
170.62966394424438, 92712.0
170.6503438949585, 92872.0
170.81008291244507, 92896.0
171.68058800697327, 92913.0
187.22344970703125, 92992.0
187.3756070137024, 93119.0
188.34164786338806, 93207.0
188.5817449092865, 93314.0
190.58354496955872, 93402.0
190.9490828514099, 93405.0
191.82641792297363, 93410.0
191.9758689403534, 93418.0
199.63925695419312, 93512.0
199.79141187667847, 93526.0
199.8833930492401, 93719.0
203.2085039615631, 93750.0
203.23313999176025, 93896.0
203.26245284080505, 93907.0
206.97008681297302, 93910.0
207.24534606933594, 94012.0
207.27228689193726, 94113.0
207.71953201293945, 94118.0
208.5900058746338, 94131.0
208.97395873069763, 94316.0
210.6814157962799, 94393.0
210.70946407318115, 94509.0
210.86519193649292, 94707.0
210.98000693321228, 94813.0
211.53144788742065, 94907.0
211.55840301513672, 95100.0
212.4653868675232, 95113.0
212.94258570671082, 95209.0
213.42541575431824, 95214.0
213.7307529449463, 95255.0
213.79090881347656, 95375.0
213.82018995285034, 95477.0
213.95433902740479, 95508.0
214.09955406188965, 95586.0
222.4001820087433, 95597.0
222.9476888179779, 95606.0
223.2194218635559, 95615.0
223.60682010650635, 95629.0
223.61144971847534, 95766.0
223.69987607002258, 95890.0
224.11555790901184, 95897.0
224.60251593589783, 95908.0
225.20455694198608, 95967.0
225.26506805419922, 96100.0
225.35717868804932, 96124.0
225.44297170639038, 96219.0
225.47666883468628, 96391.0
225.75481796264648, 96416.0
225.87411785125732, 96471.0
226.0807957649231, 96506.0
226.81017684936523, 96521.0
226.87580180168152, 96646.0
226.9049367904663, 96819.0
227.3852038383484, 96923.0
227.41457509994507, 97099.0
228.32299494743347, 97218.0
229.5924527645111, 97280.0
230.34172582626343, 97299.0
235.06112480163574, 97374.0
239.74198484420776, 97417.0
241.34341096878052, 97498.0
241.5271737575531, 97549.0
241.59023475646973, 97657.0
241.65539288520813, 97812.0
244.91265296936035, 97918.0
247.56204795837402, 98016.0
249.15427589416504, 98018.0
263.81127190589905, 98079.0
264.13752698898315, 98181.0
264.2544298171997, 98203.0
264.412672996521, 98208.0
278.5624477863312, 98239.0
278.65012288093567, 98411.0
278.89948892593384, 98487.0
278.9903688430786, 98611.0
279.9491927623749, 98794.0
287.84322571754456, 98882.0
288.02220273017883, 98893.0
288.1460847854614, 98950.0
288.93363881111145, 98964.0
289.0005760192871, 98996.0
289.58060002326965, 99018.0
297.37233781814575, 99117.0
297.4647319316864, 99118.0
301.8745028972626, 99204.0
301.9059798717499, 99318.0
302.26787996292114, 99321.0
302.41147899627686, 99467.0
302.59273886680603, 99508.0
305.3163628578186, 99591.0
305.8015627861023, 99600.0
308.6479778289795, 99708.0
309.3699288368225, 99882.0
309.6127059459686, 99987.0
309.743314743042, 100095.0
310.19307494163513, 100199.0
310.3445498943329, 100207.0
311.13440680503845, 100307.0
311.5628249645233, 100308.0
311.79893708229065, 100380.0
312.18864393234253, 100414.0
313.09823298454285, 100506.0
313.90387082099915, 100509.0
314.0793888568878, 100611.0
314.4777579307556, 100639.0
314.59857988357544, 100722.0
314.9331388473511, 100818.0
316.60175371170044, 100864.0
316.72155690193176, 100950.0
316.8946599960327, 101059.0
316.9401059150696, 101174.0
317.30022501945496, 101310.0
321.7642607688904, 101410.0
322.9716258049011, 101613.0
323.4079327583313, 101715.0
323.67723393440247, 101777.0
343.664559841156, 101860.0
346.2546880245209, 101867.0
346.318158864975, 102018.0
350.44939279556274, 102068.0
350.8124759197235, 102131.0
350.83929991722107, 102299.0
350.9046878814697, 102305.0
417.46285676956177, 102318.0
418.4751007556915, 102393.0
418.64870977401733, 102475.0
418.7771599292755, 102510.0
418.9100589752197, 102568.0
419.1760470867157, 102571.0
419.23006677627563, 102816.0
419.3636689186096, 102874.0
419.7040476799011, 102916.0
419.8987638950348, 102978.0
419.9643428325653, 103048.0
420.0820038318634, 103049.0
420.1403787136078, 103169.0
420.30132603645325, 103318.0
420.67592906951904, 103415.0
420.8657720088959, 103457.0
420.8932647705078, 103612.0
504.60312390327454, 103613.0
