0.0, 3217.0
0.0017390251159667969, 3398.0
0.005358695983886719, 3515.0
0.016414880752563477, 3657.0
0.07498598098754883, 3748.0
0.07666587829589844, 3891.0
0.07896709442138672, 3983.0
0.08192896842956543, 4050.0
0.08229613304138184, 4160.0
0.11883282661437988, 4271.0
0.1601119041442871, 4311.0
0.17594289779663086, 4415.0
0.3332400321960449, 4575.0
0.33371996879577637, 4612.0
0.33446598052978516, 4781.0
0.33742475509643555, 4807.0
0.3929119110107422, 4810.0
0.4882619380950928, 4816.0
0.7550408840179443, 4895.0
0.8691678047180176, 4898.0
0.8740358352661133, 4900.0
0.9445607662200928, 4910.0
0.9658718109130859, 4978.0
1.0052769184112549, 4995.0
1.1744048595428467, 5006.0
1.174623966217041, 5116.0
1.6593270301818848, 5211.0
1.6629817485809326, 5213.0
2.065255880355835, 5215.0
2.2490627765655518, 5216.0
2.2927329540252686, 5306.0
2.3397488594055176, 5317.0
2.488248109817505, 5327.0
2.4895448684692383, 5401.0
2.539940118789673, 5513.0
3.151427984237671, 5574.0
3.1522979736328125, 5679.0
3.1538758277893066, 5814.0
3.4278879165649414, 5815.0
10.685364007949829, 5816.0
10.733064889907837, 5917.0
19.29422092437744, 6005.0
47.061564922332764, 6109.0
47.177237033843994, 6117.0
47.45663785934448, 6173.0
47.45709800720215, 6283.0
47.46018886566162, 6304.0
