0.0, 30605.0
3.226032257080078, 30695.0
3.500415086746216, 30805.0
3.582321882247925, 30865.0
3.6998209953308105, 31072.0
3.758704900741577, 31204.0
6.430607080459595, 31283.0
6.651977062225342, 31393.0
7.070533275604248, 31697.0
7.511289119720459, 31698.0
7.512334108352661, 32057.0
7.755305051803589, 32173.0
7.766129970550537, 32369.0
7.772662162780762, 32479.0
8.56988000869751, 32512.0
8.572134256362915, 32620.0
8.687076091766357, 32750.0
9.017127990722656, 32864.0
9.181757926940918, 32971.0
9.221863031387329, 33074.0
9.289027214050293, 33092.0
9.627295970916748, 33177.0
9.720743894577026, 33226.0
9.723716259002686, 33371.0
9.793829202651978, 33504.0
9.856925010681152, 33573.0
9.922600030899048, 33796.0
10.330933094024658, 33902.0
10.383663177490234, 34005.0
11.116712093353271, 34070.0
11.166443109512329, 34231.0
11.168707132339478, 34380.0
11.232431173324585, 34505.0
11.736416101455688, 34604.0
11.807038068771362, 34655.0
11.816731214523315, 34802.0
12.345367193222046, 34904.0
12.765846014022827, 34993.0
12.773591041564941, 35301.0
13.552205085754395, 35304.0
13.852433204650879, 35346.0
14.0574369430542, 35493.0
14.601700067520142, 35583.0
14.69139313697815, 35686.0
15.123274087905884, 35699.0
15.447642087936401, 35799.0
15.670377016067505, 35971.0
15.703870058059692, 36188.0
15.805713891983032, 36248.0
15.809119939804077, 36277.0
16.00766110420227, 36386.0
16.227375268936157, 36404.0
16.52864408493042, 36414.0
16.64419412612915, 36573.0
16.666177988052368, 36753.0
16.704283237457275, 36862.0
16.793814182281494, 36960.0
16.798404216766357, 37098.0
17.137272119522095, 37204.0
17.641105890274048, 37282.0
18.203995943069458, 37301.0
18.395811080932617, 37388.0
18.397037029266357, 37489.0
18.54813003540039, 37605.0
18.74420404434204, 37607.0
18.79255509376526, 37728.0
19.161530256271362, 37842.0
19.27213430404663, 37973.0
19.32815909385681, 38071.0
19.894195079803467, 38234.0
19.9354989528656, 38403.0
20.822429895401, 38410.0
20.82467818260193, 38596.0
21.181684970855713, 38620.0
21.261900186538696, 38804.0
21.773334980010986, 38834.0
21.86102819442749, 38904.0
22.43410611152649, 38999.0
22.7934992313385, 39033.0
22.80171012878418, 39148.0
22.901926279067993, 39271.0
23.17820119857788, 39305.0
23.708407163619995, 39477.0
23.91815209388733, 39586.0
23.984758138656616, 39595.0
24.559333086013794, 39704.0
25.19100594520569, 39795.0
25.24680185317993, 39912.0
25.42196822166443, 40092.0
25.455507040023804, 40166.0
25.594651222229004, 40193.0
25.9950110912323, 40197.0
26.23464298248291, 40295.0
26.290309190750122, 40396.0
27.607694149017334, 40397.0
27.61194920539856, 40555.0
27.67612385749817, 40683.0
27.67727518081665, 40874.0
27.802340030670166, 40995.0
28.49971604347229, 41091.0
28.71020793914795, 41259.0
29.11604928970337, 41281.0
29.299448013305664, 41400.0
30.941735982894897, 41502.0
31.306913137435913, 41503.0
31.902129888534546, 41601.0
34.236388206481934, 41618.0
34.28716492652893, 41746.0
34.290525913238525, 41864.0
34.71267890930176, 41898.0
34.71396827697754, 42048.0
34.74108386039734, 42082.0
35.23099708557129, 42237.0
35.23677110671997, 42375.0
36.12002730369568, 42383.0
36.5280818939209, 42463.0
36.728391885757446, 42497.0
36.73078203201294, 42700.0
37.03144288063049, 42764.0
37.120193004608154, 42867.0
37.17146706581116, 42875.0
37.25530695915222, 42977.0
37.30116105079651, 43093.0
37.42322301864624, 43203.0
38.850139141082764, 43243.0
38.90114092826843, 43353.0
39.02235126495361, 43461.0
39.206055879592896, 43596.0
39.44201111793518, 43646.0
39.53680205345154, 43786.0
39.722655057907104, 43876.0
40.14731407165527, 43993.0
40.37038207054138, 44043.0
40.41149115562439, 44185.0
40.49181604385376, 44190.0
40.86853814125061, 44284.0
40.90888810157776, 44400.0
41.041648149490356, 44404.0
43.05143904685974, 44503.0
43.86141490936279, 44578.0
44.00551104545593, 44651.0
44.01012301445007, 44743.0
44.097020864486694, 44894.0
48.177499294281006, 45005.0
50.3260018825531, 45016.0
50.36233186721802, 45198.0
50.63625407218933, 45305.0
51.15791702270508, 45383.0
51.38556504249573, 45495.0
51.42254590988159, 45552.0
51.59176802635193, 45561.0
51.79459095001221, 45593.0
52.10908389091492, 45670.0
52.767415046691895, 45701.0
52.89790606498718, 45856.0
55.12384629249573, 45892.0
55.212451219558716, 45980.0
56.92718315124512, 46071.0
57.152661085128784, 46110.0
57.203912019729614, 46238.0
57.3219530582428, 46400.0
65.42446804046631, 46499.0
65.95652985572815, 46576.0
66.01590919494629, 46596.0
66.36521196365356, 46660.0
66.40214610099792, 46784.0
67.22383999824524, 46802.0
67.35482501983643, 46805.0
68.02819895744324, 46817.0
68.03049802780151, 46978.0
68.25630307197571, 47060.0
68.38858699798584, 47205.0
68.51376104354858, 47305.0
69.61219501495361, 47379.0
69.79210209846497, 47473.0
72.11639022827148, 47537.0
72.24679923057556, 47656.0
72.43229007720947, 47722.0
72.47301411628723, 47892.0
72.74604105949402, 47974.0
72.75073719024658, 48090.0
76.5895721912384, 48098.0
80.05437421798706, 48285.0
80.11435103416443, 48399.0
92.6157910823822, 48498.0
92.99761509895325, 48566.0
93.02452397346497, 48699.0
94.974848985672, 48745.0
95.11712622642517, 48773.0
95.1470251083374, 48905.0
95.57771301269531, 48967.0
95.85308909416199, 49102.0
96.0348711013794, 49190.0
96.47974395751953, 49275.0
96.76775312423706, 49379.0
97.22210001945496, 49450.0
97.29193186759949, 49479.0
97.64694094657898, 49502.0
98.40037202835083, 49590.0
112.33034229278564, 49601.0
112.91018509864807, 49643.0
113.05051803588867, 49746.0
113.14831209182739, 49883.0
125.466961145401, 49993.0
125.95645809173584, 50056.0
126.16955018043518, 50071.0
126.25172829627991, 50083.0
126.47042107582092, 50094.0
126.87665319442749, 50095.0
127.30391502380371, 50197.0
127.71430611610413, 50283.0
127.76052212715149, 50402.0
128.2362790107727, 50459.0
128.31022429466248, 50578.0
128.34297704696655, 50694.0
138.02734422683716, 50703.0
139.09344696998596, 50785.0
139.09692406654358, 50903.0
152.1802098751068, 50994.0
160.07506895065308, 50995.0
160.37433195114136, 51082.0
160.50603008270264, 51088.0
232.91983318328857, 51141.0
232.92106914520264, 51293.0
233.01944613456726, 51304.0
233.33991599082947, 51341.0
233.43715405464172, 51483.0
233.47298502922058, 51501.0
244.67115712165833, 51505.0
347.06325101852417, 51592.0
347.3176419734955, 51686.0
347.56508016586304, 51693.0
347.90657114982605, 51705.0
369.5991859436035, 51782.0
369.72162795066833, 51899.0
370.9220311641693, 51902.0
371.94346809387207, 51923.0
371.99037504196167, 52084.0
373.69138407707214, 52091.0
373.8442060947418, 52195.0
457.23538517951965, 52201.0
457.46267223358154, 52296.0
457.4779210090637, 52340.0
457.532781124115, 52456.0
457.5928189754486, 52556.0
457.6581711769104, 52585.0
457.8482849597931, 52594.0
457.9519009590149, 52655.0
457.9768981933594, 52797.0
