0.0, 24793.0
1.7799396514892578, 24806.0
1.8848018646240234, 24970.0
2.585075855255127, 24999.0
2.805433750152588, 25025.0
3.055506944656372, 25044.0
3.1484200954437256, 25218.0
3.252480983734131, 25237.0
3.9347567558288574, 25259.0
5.454926013946533, 25317.0
5.680337905883789, 25360.0
5.740362882614136, 25363.0
5.7531819343566895, 25397.0
6.568617820739746, 25406.0
6.625919818878174, 25562.0
6.849870681762695, 25622.0
8.59095287322998, 25761.0
8.731900930404663, 25794.0
8.814302921295166, 25843.0
8.920204877853394, 25902.0
13.035924911499023, 25966.0
13.387126922607422, 25988.0
13.434216976165771, 26060.0
13.770623922348022, 26176.0
13.827282905578613, 26303.0
14.339346885681152, 26328.0
18.808932781219482, 26384.0
18.907140731811523, 26510.0
18.98786973953247, 26511.0
19.104926824569702, 26524.0
19.470924854278564, 26525.0
19.58294177055359, 26590.0
19.775341987609863, 26661.0
20.136249780654907, 26727.0
20.32732582092285, 26728.0
20.382828950881958, 26755.0
35.32220387458801, 26852.0
35.48843002319336, 26953.0
36.08800411224365, 26983.0
36.12157368659973, 27039.0
38.27503299713135, 27158.0
38.66719675064087, 27215.0
39.314626932144165, 27236.0
65.41205501556396, 27278.0
65.4860200881958, 27419.0
65.51602673530579, 27567.0
65.52264976501465, 27646.0
88.3656587600708, 27689.0
88.55428194999695, 27755.0
88.5875449180603, 27756.0
88.68362998962402, 27850.0
88.69045495986938, 27851.0
88.80616807937622, 27862.0
88.92668175697327, 27919.0
89.29507565498352, 27958.0
89.33038783073425, 28106.0
90.8581759929657, 28187.0
90.96754288673401, 28312.0
91.36546683311462, 28340.0
91.88038802146912, 28386.0
250.199120759964, 28458.0
251.38852787017822, 28478.0
251.55661368370056, 28503.0
251.564523935318, 28536.0
252.07524394989014, 28555.0
252.0798099040985, 28675.0
252.1861548423767, 28684.0
252.25890398025513, 28737.0
252.35957288742065, 28897.0
252.39794301986694, 28903.0
252.53866171836853, 28956.0
252.79490780830383, 29069.0
