0.0, 1195.0
0.004712104797363281, 1297.0
0.3898742198944092, 1390.0
0.3966991901397705, 1392.0
0.42257189750671387, 1486.0
0.42613697052001953, 1494.0
0.6937670707702637, 1588.0
0.694054126739502, 1673.0
0.694329023361206, 1797.0
0.696815013885498, 1887.0
0.6979770660400391, 1928.0
0.6983420848846436, 2009.0
0.7031850814819336, 2062.0
0.707711935043335, 2064.0
0.7097740173339844, 2150.0
0.9397799968719482, 2186.0
0.9422061443328857, 2188.0
1.0294311046600342, 2274.0
1.0310661792755127, 2283.0
1.4131371974945068, 2293.0
2.406538963317871, 2392.0
2.801723003387451, 2475.0
4.276532888412476, 2495.0
