0.0, 10042.0
1.8454999923706055, 10058.0
1.9283530712127686, 10059.0
2.1305649280548096, 10060.0
2.141308069229126, 10280.0
2.2089040279388428, 10281.0
2.2124030590057373, 10375.0
2.538547992706299, 10429.0
5.991023063659668, 10433.0
7.724677085876465, 10513.0
8.115958213806152, 10567.0
8.319250106811523, 10583.0
8.326014995574951, 10607.0
8.354671001434326, 10648.0
8.412314891815186, 10689.0
8.533273935317993, 10691.0
8.775614023208618, 10770.0
9.349610090255737, 10771.0
10.056473970413208, 10798.0
10.109755039215088, 10845.0
10.161962032318115, 10902.0
10.210930109024048, 10977.0
11.377954244613647, 11026.0
11.417098045349121, 11044.0
11.539216995239258, 11062.0
11.5872220993042, 11126.0
18.031007051467896, 11256.0
22.15687108039856, 11285.0
22.280657052993774, 11356.0
23.121421098709106, 11376.0
23.478298902511597, 11439.0
23.73832416534424, 11463.0
23.772312879562378, 11464.0
28.01312017440796, 11495.0
28.17292809486389, 11514.0
28.33067297935486, 11603.0
28.38628911972046, 11659.0
28.595811128616333, 11665.0
28.658843994140625, 11705.0
28.680450201034546, 11847.0
28.9832980632782, 11857.0
36.67776703834534, 11907.0
36.67821288108826, 11908.0
36.679073095321655, 11909.0
36.772809982299805, 11925.0
36.824296951293945, 12041.0
36.8322491645813, 12082.0
36.94179105758667, 12117.0
252.58403515815735, 12149.0
252.9382700920105, 12224.0
253.58132219314575, 12245.0
255.54500102996826, 12340.0
255.8301031589508, 12448.0
255.907124042511, 12464.0
334.4071309566498, 12519.0
334.9960720539093, 12547.0
335.2201108932495, 12571.0
335.5880060195923, 12624.0
335.75586700439453, 12660.0
