0.0, 50202.0
0.7702879905700684, 50262.0
0.8879308700561523, 50263.0
1.4299509525299072, 50264.0
1.9384369850158691, 50328.0
3.9316160678863525, 50329.0
5.586993932723999, 50417.0
5.877632141113281, 50631.0
6.263280868530273, 50653.0
6.48081111907959, 50718.0
6.692595958709717, 50826.0
9.737507820129395, 50874.0
9.95102596282959, 50875.0
10.104208946228027, 50879.0
10.2412691116333, 51033.0
10.55674409866333, 51140.0
11.376883029937744, 51227.0
16.456645011901855, 51240.0
16.92130208015442, 51270.0
17.77876377105713, 51358.0
18.228275060653687, 51438.0
18.271075010299683, 51444.0
20.169559955596924, 51569.0
20.69837498664856, 51570.0
23.418226957321167, 51585.0
23.52360200881958, 51669.0
23.58539080619812, 51721.0
23.677433013916016, 51729.0
24.431275129318237, 51730.0
32.12775897979736, 51771.0
32.364964962005615, 51772.0
32.397923946380615, 51846.0
34.00225901603699, 51851.0
34.806166887283325, 51852.0
34.882933139801025, 51853.0
35.0031099319458, 51856.0
37.95514512062073, 51974.0
38.56657600402832, 51995.0
38.87879395484924, 51996.0
39.65847587585449, 52046.0
40.347139835357666, 52081.0
40.487508058547974, 52180.0
51.74291205406189, 52206.0
52.78147006034851, 52275.0
53.06789803504944, 52299.0
57.73412585258484, 52333.0
58.235454082489014, 52368.0
58.28617000579834, 52369.0
58.36232614517212, 52430.0
59.54985785484314, 52451.0
60.35916996002197, 52493.0
61.60359001159668, 52601.0
65.74409794807434, 52633.0
66.8903260231018, 52710.0
69.04784488677979, 52786.0
69.65227198600769, 52878.0
74.84583687782288, 52879.0
78.57151079177856, 52970.0
78.67785787582397, 53034.0
79.7464759349823, 53056.0
79.82929277420044, 53137.0
80.59882879257202, 53177.0
80.73616003990173, 53178.0
84.11981916427612, 53253.0
84.57749795913696, 53263.0
84.90396285057068, 53343.0
84.95692873001099, 53387.0
85.42605185508728, 53479.0
85.42834687232971, 53480.0
85.98003482818604, 53522.0
86.40008401870728, 53581.0
86.67343282699585, 53627.0
86.89033603668213, 53629.0
87.98316097259521, 53724.0
89.43628883361816, 53794.0
89.85239696502686, 53849.0
90.00037789344788, 53889.0
90.24386286735535, 53906.0
91.62377786636353, 53929.0
102.18758296966553, 54039.0
102.61073017120361, 54041.0
106.10938000679016, 54045.0
106.23688507080078, 54116.0
106.43999290466309, 54132.0
106.50052213668823, 54263.0
106.93352794647217, 54324.0
106.98889708518982, 54341.0
109.77680897712708, 54394.0
109.83723592758179, 54395.0
110.08235883712769, 54404.0
110.79360914230347, 54467.0
110.84958386421204, 54583.0
115.49946784973145, 54596.0
116.01302790641785, 54602.0
127.4374418258667, 54605.0
132.88553190231323, 54677.0
133.03001999855042, 54768.0
283.0648458003998, 54803.0
283.0986080169678, 54879.0
283.12109184265137, 54915.0
283.1820168495178, 55011.0
283.18440890312195, 55012.0
283.4544310569763, 55154.0
284.81524682044983, 55158.0
285.3171720504761, 55160.0
285.81217789649963, 55179.0
286.0190238952637, 55218.0
286.3441228866577, 55330.0
310.3060450553894, 55357.0
311.11903190612793, 55406.0
311.26783180236816, 55429.0
311.5336768627167, 55512.0
311.8105990886688, 55633.0
312.0732669830322, 55673.0
313.04388999938965, 55781.0
313.0775339603424, 55808.0
318.72974395751953, 55886.0
331.211049079895, 55966.0
331.3952069282532, 56098.0
332.61663484573364, 56115.0
332.6747009754181, 56235.0
340.67332792282104, 56252.0
