0.0, 1850.0
0.0018761157989501953, 2165.0
0.002277851104736328, 2265.0
0.004675865173339844, 2989.0
0.004919767379760742, 3048.0
0.0050771236419677734, 3297.0
0.005126953125, 3652.0
0.006027936935424805, 3833.0
0.007651805877685547, 4624.0
0.23086905479431152, 4834.0
0.23664379119873047, 5367.0
0.23746180534362793, 5423.0
0.23760485649108887, 5842.0
0.23846888542175293, 6352.0
0.506605863571167, 6995.0
0.5109961032867432, 7248.0
0.9024038314819336, 7683.0
0.9025921821594238, 8140.0
0.9062280654907227, 8327.0
1.0089077949523926, 8549.0
1.0089709758758545, 8730.0
1.5296740531921387, 8940.0
