0.0, 6290.0
0.5066208839416504, 6351.0
0.5127849578857422, 6479.0
0.5205807685852051, 6587.0
0.5234701633453369, 6675.0
0.5238940715789795, 6795.0
0.6725718975067139, 6989.0
1.0003299713134766, 7076.0
1.0881648063659668, 7183.0
1.2295911312103271, 7288.0
1.2362480163574219, 7319.0
1.3072781562805176, 7440.0
1.4249317646026611, 7550.0
1.4486501216888428, 7587.0
1.9200141429901123, 7590.0
1.979457139968872, 7681.0
2.1341068744659424, 7772.0
2.2463369369506836, 7855.0
2.2502729892730713, 7990.0
2.3433749675750732, 7996.0
2.3940229415893555, 8128.0
2.3998301029205322, 8286.0
2.7287518978118896, 8288.0
2.8665668964385986, 8303.0
2.8668880462646484, 8461.0
3.0489180088043213, 8477.0
3.1074249744415283, 8561.0
3.1080708503723145, 8677.0
3.1141719818115234, 8778.0
3.1349780559539795, 8825.0
3.137568950653076, 8861.0
3.2900240421295166, 8875.0
3.292593002319336, 8878.0
3.438232898712158, 8983.0
3.4620249271392822, 9040.0
3.5447750091552734, 9152.0
3.7320258617401123, 9240.0
3.8125829696655273, 9369.0
3.8175837993621826, 9489.0
4.3592939376831055, 9566.0
4.393100023269653, 9672.0
4.39728307723999, 9675.0
4.4385480880737305, 9822.0
4.439212083816528, 9875.0
4.51004695892334, 9980.0
6.088985919952393, 9990.0
6.157016038894653, 10031.0
6.2062201499938965, 10077.0
6.2075347900390625, 10187.0
7.388724088668823, 10226.0
7.390915155410767, 10348.0
7.40990686416626, 10382.0
7.7161548137664795, 10406.0
7.71660590171814, 10532.0
7.716836929321289, 10642.0
7.72550892829895, 10648.0
7.774117946624756, 10670.0
7.8350629806518555, 10681.0
7.898879051208496, 10755.0
8.052152156829834, 10780.0
8.058701992034912, 10885.0
39.50948882102966, 10978.0
39.530916929244995, 11041.0
39.53712201118469, 11078.0
40.06464195251465, 11089.0
40.20740985870361, 11144.0
40.21004605293274, 11176.0
40.78259587287903, 11255.0
67.35128808021545, 11260.0
129.8006510734558, 11266.0
129.80156087875366, 11285.0
129.82784795761108, 11369.0
287.79713106155396, 11374.0
312.4213809967041, 11411.0
392.47142601013184, 11479.0
407.19146490097046, 11483.0
407.1969311237335, 11586.0
407.2760200500488, 11650.0
