0.0, 1195.0
0.004641056060791016, 1297.0
0.1278979778289795, 1390.0
0.2764909267425537, 1392.0
0.3909459114074707, 1486.0
0.394197940826416, 1494.0
0.39575695991516113, 1588.0
0.5027430057525635, 1673.0
0.5029749870300293, 1797.0
0.5053071975708008, 1887.0
0.5066800117492676, 1928.0
0.507220983505249, 2009.0
0.5114560127258301, 2062.0
0.6107969284057617, 2064.0
0.6131749153137207, 2150.0
0.6164360046386719, 2186.0
0.720768928527832, 2188.0
0.7249939441680908, 2274.0
0.726790189743042, 2283.0
0.9489789009094238, 2293.0
1.6838362216949463, 2392.0
1.8810620307922363, 2475.0
2.632038116455078, 2495.0
