0.0, 59619.0
1.7049541473388672, 59698.0
1.8293569087982178, 59813.0
5.09253191947937, 59901.0
5.585421085357666, 60008.0
6.239285945892334, 60163.0
6.346601963043213, 60277.0
7.02003812789917, 60396.0
7.126332998275757, 60504.0
8.51980209350586, 60614.0
8.97887110710144, 60659.0
9.125845909118652, 60783.0
9.129372119903564, 60910.0
9.493102073669434, 61012.0
9.994740962982178, 61013.0
10.019882917404175, 61146.0
10.181833028793335, 61268.0
10.230216979980469, 61409.0
11.350910902023315, 61430.0
11.452885866165161, 61559.0
11.733870029449463, 61570.0
11.828258991241455, 61686.0
11.896759033203125, 61794.0
12.374587059020996, 61888.0
12.809767007827759, 61997.0
13.042011022567749, 62116.0
13.687004804611206, 62202.0
13.844933032989502, 62269.0
13.962177038192749, 62402.0
14.834599018096924, 62518.0
16.4508159160614, 62619.0
16.608649015426636, 62698.0
16.683719158172607, 62814.0
16.686020135879517, 62918.0
19.411554098129272, 63013.0
20.085908889770508, 63116.0
21.00881814956665, 63195.0
21.612124919891357, 63304.0
22.046471118927002, 63383.0
22.50425100326538, 63515.0
25.4673330783844, 63608.0
25.547454833984375, 63718.0
25.72129797935486, 63818.0
26.993809938430786, 63819.0
30.983858108520508, 63915.0
33.108678102493286, 64010.0
34.173985958099365, 64101.0
34.176259994506836, 64304.0
34.65126085281372, 64369.0
34.79330801963806, 64484.0
34.85336399078369, 64607.0
35.343008041381836, 64730.0
35.38066601753235, 64863.0
35.73801398277283, 64902.0
36.123023986816406, 65059.0
36.375839948654175, 65171.0
36.43958401679993, 65285.0
36.79334282875061, 65312.0
37.49997520446777, 65387.0
37.50441789627075, 65518.0
41.095513105392456, 65519.0
41.473654985427856, 65522.0
41.53732919692993, 65806.0
41.668867111206055, 65920.0
41.76732110977173, 66090.0
42.05308794975281, 66272.0
42.18603801727295, 66425.0
42.421189069747925, 66545.0
42.472145795822144, 66701.0
42.57128691673279, 66817.0
44.29856991767883, 66850.0
44.740923166275024, 67005.0
44.781160831451416, 67100.0
45.138373136520386, 67216.0
45.18186116218567, 67319.0
48.181917905807495, 67376.0
48.90605306625366, 67512.0
50.26085305213928, 67551.0
50.382380962371826, 67712.0
50.45360779762268, 67914.0
51.25799489021301, 67978.0
51.29743504524231, 68106.0
51.390450954437256, 68217.0
51.63825702667236, 68408.0
52.87722897529602, 68499.0
53.552671909332275, 68509.0
54.66130876541138, 68591.0
54.7335000038147, 68721.0
54.73673892021179, 68825.0
54.83994388580322, 68967.0
55.54464507102966, 69104.0
55.84119009971619, 69107.0
55.917237997055054, 69242.0
55.92324614524841, 69355.0
55.96075892448425, 69496.0
56.460370779037476, 69618.0
56.6184139251709, 69629.0
56.776347160339355, 69779.0
57.32896709442139, 69785.0
57.533775091171265, 69808.0
57.550312995910645, 69913.0
57.70049715042114, 69963.0
57.79875206947327, 70168.0
58.11646890640259, 70283.0
58.22900199890137, 70396.0
58.23906087875366, 70511.0
59.754262924194336, 70619.0
61.349095821380615, 70693.0
63.0468590259552, 70854.0
63.247360944747925, 70955.0
63.55124306678772, 71116.0
66.65003108978271, 71221.0
66.74438691139221, 71374.0
66.93722009658813, 71559.0
66.99644804000854, 71708.0
67.69328498840332, 71911.0
68.32187008857727, 72013.0
69.38302683830261, 72054.0
69.387521982193, 72194.0
69.49775099754333, 72388.0
69.84705901145935, 72406.0
70.10118913650513, 72411.0
70.17481803894043, 72564.0
70.17933201789856, 72790.0
70.49597787857056, 72918.0
71.91416692733765, 73006.0
72.25759887695312, 73107.0
72.42373299598694, 73216.0
72.5509889125824, 73318.0
72.91107821464539, 73498.0
73.18679904937744, 73603.0
73.30874991416931, 73709.0
73.32229399681091, 73810.0
73.83237814903259, 73822.0
73.83682513237, 74002.0
75.41365385055542, 74014.0
75.44645190238953, 74108.0
76.26325392723083, 74317.0
76.81277108192444, 74392.0
77.24408221244812, 74501.0
78.03005409240723, 74515.0
78.33549213409424, 74526.0
78.33847284317017, 74653.0
78.5025520324707, 74797.0
78.50737810134888, 74925.0
78.55235695838928, 75066.0
78.99170207977295, 75210.0
80.35499000549316, 75215.0
81.44748902320862, 75316.0
83.26245903968811, 75421.0
83.36576986312866, 75582.0
83.63316917419434, 75598.0
84.07351493835449, 75703.0
84.88962697982788, 75798.0
85.2230429649353, 75907.0
85.78742003440857, 75991.0
85.79265999794006, 76106.0
86.3889729976654, 76313.0
87.41462016105652, 76411.0
87.79977488517761, 76517.0
88.12569284439087, 76593.0
88.15425395965576, 76702.0
88.4462661743164, 76812.0
90.10155582427979, 76895.0
90.16476202011108, 77017.0
90.44519710540771, 77044.0
90.87559795379639, 77212.0
91.98797011375427, 77316.0
92.41918683052063, 77378.0
92.59933400154114, 77514.0
92.96869015693665, 77676.0
93.00290203094482, 77899.0
93.1970009803772, 78012.0
93.76217603683472, 78102.0
93.84389305114746, 78209.0
94.48718786239624, 78296.0
95.02106595039368, 78400.0
95.21789407730103, 78502.0
95.62514400482178, 78538.0
95.66636490821838, 78687.0
95.67215895652771, 78789.0
95.90228700637817, 78985.0
96.8350510597229, 78987.0
96.90182399749756, 79111.0
97.50050806999207, 79118.0
100.53802394866943, 79205.0
103.66467308998108, 79293.0
104.07008004188538, 79364.0
104.20951914787292, 79483.0
105.53798508644104, 79611.0
106.44245600700378, 79705.0
106.51354479789734, 79807.0
107.19813084602356, 79898.0
107.59406900405884, 80015.0
107.98838710784912, 80092.0
108.64992713928223, 80116.0
111.3327910900116, 80137.0
111.51471996307373, 80211.0
112.473473072052, 80273.0
112.58601903915405, 80314.0
113.8920910358429, 80410.0
114.02820491790771, 80511.0
114.04422402381897, 80616.0
121.65126609802246, 80688.0
121.83647298812866, 80774.0
122.51573610305786, 80888.0
122.52252578735352, 81083.0
122.81157088279724, 81087.0
122.94449400901794, 81097.0
123.07434487342834, 81148.0
123.40918183326721, 81411.0
123.41276097297668, 81614.0
123.55610203742981, 81617.0
123.95176100730896, 81643.0
124.09988808631897, 81648.0
124.30717420578003, 81657.0
124.38963508605957, 81815.0
124.48657393455505, 81819.0
125.48196816444397, 81907.0
127.85209894180298, 82001.0
128.14267110824585, 82090.0
128.41808795928955, 82199.0
128.81740999221802, 82217.0
130.17619609832764, 82263.0
130.21133995056152, 82494.0
132.98723101615906, 82587.0
133.428466796875, 82694.0
133.82106804847717, 82718.0
135.32496786117554, 82803.0
135.36181902885437, 82909.0
136.08093786239624, 82916.0
136.5495810508728, 82961.0
136.5541307926178, 83109.0
137.50149703025818, 83280.0
137.78937005996704, 83366.0
138.23130893707275, 83501.0
138.5944390296936, 83541.0
138.64366579055786, 83680.0
138.77157187461853, 83810.0
139.03326988220215, 83930.0
139.22021007537842, 83984.0
139.46845197677612, 84003.0
142.08169603347778, 84026.0
142.33406519889832, 84054.0
142.67977118492126, 84146.0
142.85110092163086, 84261.0
143.05982613563538, 84319.0
143.18888592720032, 84517.0
144.418683052063, 84591.0
144.6259970664978, 84698.0
145.0173008441925, 84775.0
145.2364661693573, 84825.0
145.40560507774353, 84936.0
145.4270510673523, 85084.0
145.80284905433655, 85205.0
146.1606981754303, 85276.0
146.16376280784607, 85401.0
146.46993708610535, 85578.0
146.57840394973755, 85687.0
146.83754992485046, 85806.0
147.09765696525574, 85912.0
147.16484594345093, 86016.0
147.49242997169495, 86079.0
147.66270518302917, 86188.0
147.77935600280762, 86302.0
148.73660492897034, 86433.0
148.9309959411621, 86582.0
148.99394607543945, 86594.0
152.0969431400299, 86613.0
152.1015648841858, 86761.0
152.4176881313324, 86771.0
156.4509208202362, 86802.0
156.5522050857544, 86913.0
157.46690702438354, 86987.0
157.75396919250488, 87114.0
158.6847538948059, 87207.0
159.01018691062927, 87211.0
159.43522191047668, 87289.0
159.44288611412048, 87392.0
159.95813298225403, 87497.0
162.01071619987488, 87610.0
162.11473202705383, 87699.0
162.25974082946777, 87757.0
162.44867610931396, 87906.0
163.06883907318115, 88013.0
163.40009212493896, 88084.0
163.53329205513, 88185.0
164.17884588241577, 88313.0
164.64627718925476, 88414.0
164.87920093536377, 88562.0
165.09238195419312, 88579.0
165.5136239528656, 88672.0
165.85131001472473, 88771.0
165.9057378768921, 88917.0
167.58387303352356, 88967.0
167.723788022995, 89089.0
171.2834300994873, 89103.0
171.49457097053528, 89294.0
171.96799778938293, 89295.0
172.27160596847534, 89349.0
172.3023750782013, 89384.0
172.5216679573059, 89493.0
172.73268508911133, 89508.0
172.8538999557495, 89598.0
173.04074692726135, 89612.0
173.58161807060242, 89676.0
173.95742106437683, 89705.0
175.06627988815308, 89710.0
175.7931261062622, 89804.0
175.86786198616028, 89905.0
176.6243178844452, 90011.0
177.17718195915222, 90016.0
178.5739550590515, 90082.0
179.32949709892273, 90189.0
179.47481298446655, 90200.0
181.32266116142273, 90317.0
183.17432117462158, 90328.0
183.51024794578552, 90500.0
184.06568002700806, 90589.0
184.38210606575012, 90618.0
186.59816002845764, 90665.0
186.75124096870422, 90708.0
186.97191286087036, 90756.0
187.12436699867249, 90808.0
187.27119517326355, 90867.0
187.5260751247406, 90878.0
187.97275376319885, 91005.0
188.43128395080566, 91037.0
188.43369698524475, 91188.0
188.9468150138855, 91289.0
189.00202202796936, 91411.0
191.10585117340088, 91517.0
192.06018090248108, 91519.0
193.28997087478638, 91583.0
193.35706305503845, 91699.0
193.49920892715454, 91700.0
194.14911699295044, 91702.0
194.23965096473694, 91807.0
194.48794102668762, 91860.0
195.107745885849, 91918.0
195.42067098617554, 92011.0
195.45397186279297, 92016.0
195.52267599105835, 92017.0
196.0501480102539, 92021.0
196.10711288452148, 92158.0
196.1147780418396, 92311.0
198.10761284828186, 92339.0
198.14442586898804, 92498.0
198.33259105682373, 92613.0
199.20291996002197, 92614.0
199.89086890220642, 92618.0
200.2905249595642, 92655.0
200.54036593437195, 92712.0
200.56428599357605, 92872.0
200.73352599143982, 92896.0
201.7801010608673, 92913.0
220.2397301197052, 92992.0
220.4097180366516, 93119.0
221.59557795524597, 93207.0
221.87460613250732, 93314.0
224.33911395072937, 93402.0
224.8290500640869, 93405.0
225.88882613182068, 93410.0
226.08420205116272, 93418.0
235.4076120853424, 93512.0
235.58504486083984, 93526.0
235.69333386421204, 93719.0
239.68401193618774, 93750.0
239.71824097633362, 93896.0
239.7513771057129, 93907.0
244.25353002548218, 93910.0
244.5825550556183, 94012.0
244.6101450920105, 94113.0
245.15429019927979, 94118.0
246.18249487876892, 94131.0
246.6419141292572, 94316.0
248.6881639957428, 94393.0
248.71207284927368, 94509.0
248.9161720275879, 94707.0
249.0318398475647, 94813.0
249.73076391220093, 94907.0
249.76130390167236, 95100.0
250.84772491455078, 95113.0
251.45414018630981, 95209.0
252.02215909957886, 95214.0
252.38272190093994, 95255.0
252.4524040222168, 95375.0
252.46516609191895, 95477.0
252.69544506072998, 95508.0
252.89790511131287, 95586.0
262.27400493621826, 95597.0
262.9091739654541, 95606.0
263.2315261363983, 95615.0
263.6525721549988, 95629.0
263.6574809551239, 95766.0
263.8056490421295, 95890.0
264.3131160736084, 95897.0
264.93974018096924, 95908.0
265.6988248825073, 95967.0
265.7451410293579, 96100.0
265.8767509460449, 96124.0
265.9882390499115, 96219.0
266.02604579925537, 96391.0
266.3350570201874, 96416.0
266.48196387290955, 96471.0
266.73922896385193, 96506.0
267.589674949646, 96521.0
267.631737947464, 96646.0
267.6648590564728, 96819.0
268.24538803100586, 96923.0
268.2741439342499, 97099.0
269.533319234848, 97218.0
271.05369114875793, 97280.0
271.9176390171051, 97299.0
277.4788489341736, 97374.0
282.93577098846436, 97417.0
284.8117699623108, 97498.0
285.04817295074463, 97549.0
285.12198090553284, 97657.0
285.2226800918579, 97812.0
289.01025891304016, 97918.0
292.06389594078064, 98016.0
293.9116220474243, 98018.0
311.6027750968933, 98079.0
311.95656394958496, 98181.0
312.0905809402466, 98203.0
312.2617390155792, 98208.0
328.7920980453491, 98239.0
328.89262199401855, 98411.0
329.2120440006256, 98487.0
329.31818103790283, 98611.0
330.4164168834686, 98794.0
339.82223296165466, 98882.0
340.0418758392334, 98893.0
340.1790850162506, 98950.0
341.19213581085205, 98964.0
341.2733540534973, 98996.0
341.9752480983734, 99018.0
351.51943802833557, 99117.0
351.62429213523865, 99118.0
357.36829590797424, 99204.0
357.4269359111786, 99318.0
357.9942560195923, 99321.0
358.1921730041504, 99467.0
358.43894696235657, 99508.0
361.9185221195221, 99591.0
362.48854804039, 99600.0
365.90635418891907, 99708.0
366.7375979423523, 99882.0
367.0079138278961, 99987.0
367.1924431324005, 100095.0
367.7463490962982, 100199.0
367.90154695510864, 100207.0
368.81192803382874, 100307.0
369.35654401779175, 100308.0
369.6251599788666, 100380.0
370.169988155365, 100414.0
371.27665090560913, 100506.0
372.35960602760315, 100509.0
372.56687903404236, 100611.0
373.0350110530853, 100639.0
373.1843240261078, 100722.0
373.64099287986755, 100818.0
375.72564697265625, 100864.0
375.859503030777, 100950.0
376.0575339794159, 101059.0
376.1329720020294, 101174.0
376.5235261917114, 101310.0
381.98307514190674, 101410.0
383.4527840614319, 101613.0
383.967915058136, 101715.0
384.3272349834442, 101777.0
408.69679498672485, 101860.0
411.78671407699585, 101867.0
411.86165285110474, 102018.0
416.3451089859009, 102068.0
416.782023191452, 102131.0
416.82306599617004, 102299.0
416.9055380821228, 102305.0
494.4507749080658, 102318.0
495.5487060546875, 102393.0
495.7079930305481, 102475.0
495.84126687049866, 102510.0
495.97864603996277, 102568.0
496.28797578811646, 102571.0
496.33210706710815, 102816.0
496.49188899993896, 102874.0
496.8529829978943, 102916.0
497.0575349330902, 102978.0
497.150771856308, 103048.0
497.28568387031555, 103049.0
497.3664450645447, 103169.0
497.52192211151123, 103318.0
497.9282648563385, 103415.0
498.1460258960724, 103457.0
498.1758179664612, 103612.0
587.1041021347046, 103613.0
