0.0, 10042.0
2.176062822341919, 10058.0
2.2558107376098633, 10059.0
2.407331705093384, 10060.0
2.415113925933838, 10280.0
2.462770938873291, 10281.0
2.5140717029571533, 10375.0
2.719876766204834, 10429.0
6.533938884735107, 10433.0
8.761179685592651, 10513.0
9.10803771018982, 10567.0
9.223578691482544, 10583.0
9.251616716384888, 10607.0
9.287954807281494, 10648.0
9.416132688522339, 10689.0
9.465935707092285, 10691.0
9.619172811508179, 10770.0
10.283607721328735, 10771.0
10.992785930633545, 10798.0
11.035308599472046, 10845.0
11.038335800170898, 10902.0
11.196126937866211, 10977.0
12.07686972618103, 11026.0
12.185943603515625, 11044.0
12.250762939453125, 11062.0
12.32405972480774, 11126.0
17.92263174057007, 11256.0
21.012763738632202, 11285.0
21.10355257987976, 11356.0
21.743271827697754, 11376.0
22.045224905014038, 11439.0
22.317704916000366, 11463.0
22.371909856796265, 11464.0
26.152723789215088, 11495.0
26.28426694869995, 11514.0
26.428752899169922, 11603.0
26.50752878189087, 11659.0
26.590832710266113, 11665.0
26.638028621673584, 11705.0
26.678918838500977, 11847.0
26.96407389640808, 11857.0
33.81586670875549, 11907.0
33.81633257865906, 11908.0
33.81727576255798, 11909.0
33.87268877029419, 11925.0
33.90403079986572, 12041.0
33.942466735839844, 12082.0
33.98179769515991, 12117.0
215.42178082466125, 12149.0
215.7288727760315, 12224.0
216.23956179618835, 12245.0
217.8111927509308, 12340.0
218.0474669933319, 12448.0
218.13195180892944, 12464.0
285.6936457157135, 12519.0
286.20339584350586, 12547.0
286.3873677253723, 12571.0
286.68321990966797, 12624.0
286.8075819015503, 12660.0
531.375207901001, 12781.0
