0.0, 30605.0
2.5850281715393066, 30695.0
2.878599166870117, 30805.0
2.947566032409668, 30865.0
3.006653308868408, 31072.0
3.1388590335845947, 31204.0
5.531706094741821, 31283.0
5.730515241622925, 31393.0
6.111140251159668, 31697.0
6.532361268997192, 31698.0
6.533504962921143, 32057.0
6.693691253662109, 32173.0
6.74568510055542, 32369.0
6.7996790409088135, 32479.0
7.446245193481445, 32512.0
7.492382287979126, 32620.0
7.550023317337036, 32750.0
7.984334230422974, 32864.0
8.159443140029907, 32971.0
8.170268297195435, 33074.0
8.177391052246094, 33092.0
8.58965015411377, 33177.0
8.689773082733154, 33226.0
8.691986322402954, 33371.0
8.75827407836914, 33504.0
8.849184036254883, 33573.0
8.862837076187134, 33796.0
9.169652938842773, 33902.0
9.22666597366333, 34005.0
10.214357137680054, 34070.0
10.228925228118896, 34231.0
10.231131076812744, 34380.0
10.351384162902832, 34505.0
10.630614995956421, 34604.0
10.665645122528076, 34655.0
10.871721982955933, 34802.0
11.39426302909851, 34904.0
11.718484163284302, 34993.0
11.75744104385376, 35301.0
12.274493217468262, 35304.0
12.472056150436401, 35346.0
12.587194204330444, 35493.0
13.20638108253479, 35583.0
13.33314824104309, 35686.0
13.727487087249756, 35699.0
14.133350133895874, 35799.0
14.323070287704468, 35971.0
14.325294017791748, 36188.0
14.37414813041687, 36248.0
14.425825119018555, 36277.0
14.594443082809448, 36386.0
14.6496262550354, 36404.0
14.922919273376465, 36414.0
15.02098035812378, 36573.0
15.087558269500732, 36753.0
15.142885208129883, 36862.0
15.230175971984863, 36960.0
15.234715223312378, 37098.0
15.61541223526001, 37204.0
16.172706127166748, 37282.0
16.548476219177246, 37301.0
16.969123125076294, 37388.0
16.97026824951172, 37489.0
17.22738814353943, 37605.0
17.486351251602173, 37607.0
17.531877279281616, 37728.0
17.775424003601074, 37842.0
17.83555507659912, 37973.0
17.881349086761475, 38071.0
18.42831015586853, 38234.0
18.46886706352234, 38403.0
19.45494508743286, 38410.0
19.501947164535522, 38596.0
19.749696969985962, 38620.0
19.799565076828003, 38804.0
20.256498336791992, 38834.0
20.355704069137573, 38904.0
21.2257661819458, 38999.0
21.61139416694641, 39033.0
21.61486530303955, 39148.0
21.751549243927002, 39271.0
22.00766110420227, 39305.0
22.63467311859131, 39477.0
22.803696155548096, 39586.0
22.91312527656555, 39595.0
23.555626153945923, 39704.0
24.485511302947998, 39795.0
24.538912057876587, 39912.0
24.70481300354004, 40092.0
24.712497234344482, 40166.0
24.909237146377563, 40193.0
25.301754236221313, 40197.0
25.56720995903015, 40295.0
25.63348412513733, 40396.0
26.895219326019287, 40397.0
26.90458106994629, 40555.0
26.96052122116089, 40683.0
26.961760997772217, 40874.0
27.067487955093384, 40995.0
27.922198057174683, 41091.0
28.114342212677002, 41259.0
28.57859706878662, 41281.0
28.72821617126465, 41400.0
30.456969261169434, 41502.0
30.839142084121704, 41503.0
31.386772394180298, 41601.0
33.91037726402283, 41618.0
33.94812512397766, 41746.0
33.95156502723694, 41864.0
34.444154262542725, 41898.0
34.445356130599976, 42048.0
34.556594133377075, 42082.0
35.029930114746094, 42237.0
35.06894326210022, 42375.0
36.02392601966858, 42383.0
36.457080125808716, 42463.0
36.7441930770874, 42497.0
36.74849510192871, 42700.0
37.1005961894989, 42764.0
37.167394161224365, 42867.0
37.215118169784546, 42875.0
37.32482099533081, 42977.0
37.368205070495605, 43093.0
37.54473805427551, 43203.0
39.38896822929382, 43243.0
39.404250144958496, 43353.0
39.64294123649597, 43461.0
39.7843542098999, 43596.0
40.13652300834656, 43646.0
40.3088161945343, 43786.0
40.5690131187439, 43876.0
41.09684133529663, 43993.0
41.49088406562805, 44043.0
41.59252405166626, 44185.0
41.81574511528015, 44190.0
42.35496807098389, 44284.0
42.45866012573242, 44400.0
42.61245512962341, 44404.0
45.568000078201294, 44503.0
46.43876028060913, 44578.0
46.58705115318298, 44651.0
46.65044021606445, 44743.0
46.75888419151306, 44894.0
51.277732133865356, 45005.0
53.895647287368774, 45016.0
53.89801335334778, 45198.0
54.21249318122864, 45305.0
54.7320761680603, 45383.0
54.98961114883423, 45495.0
55.061387062072754, 45552.0
55.243672132492065, 45561.0
55.49401116371155, 45593.0
55.792280197143555, 45670.0
56.5304811000824, 45701.0
56.677197217941284, 45856.0
59.442420959472656, 45892.0
59.61746525764465, 45980.0
61.76486015319824, 46071.0
61.99949812889099, 46110.0
62.04472804069519, 46238.0
62.199047327041626, 46400.0
71.34991407394409, 46499.0
72.07054734230042, 46576.0
72.11540508270264, 46596.0
72.60383319854736, 46660.0
72.82105422019958, 46784.0
73.6444001197815, 46802.0
73.82389116287231, 46805.0
74.66668915748596, 46817.0
74.66927218437195, 46978.0
74.91401219367981, 47060.0
75.07988214492798, 47205.0
75.22590208053589, 47305.0
76.26950907707214, 47379.0
76.47776412963867, 47473.0
79.30065512657166, 47537.0
79.41800332069397, 47656.0
79.70817613601685, 47722.0
79.75468325614929, 47892.0
80.08492517471313, 47974.0
80.08974313735962, 48090.0
84.68067622184753, 48098.0
88.12325501441956, 48285.0
88.17384028434753, 48399.0
101.93124198913574, 48498.0
102.3389801979065, 48566.0
102.34365725517273, 48699.0
104.33247423171997, 48745.0
104.520583152771, 48773.0
104.5396900177002, 48905.0
104.990305185318, 48967.0
105.18907523155212, 49102.0
105.43052005767822, 49190.0
105.83383822441101, 49275.0
106.11055827140808, 49379.0
106.57003617286682, 49450.0
106.67632937431335, 49479.0
107.09866714477539, 49502.0
107.88847994804382, 49590.0
121.88558411598206, 49601.0
122.60380721092224, 49643.0
122.78667116165161, 49746.0
122.92626929283142, 49883.0
135.42527627944946, 49993.0
135.89379405975342, 50056.0
136.1270272731781, 50071.0
136.2218461036682, 50083.0
136.4683861732483, 50094.0
136.86837601661682, 50095.0
137.3254041671753, 50197.0
137.75372123718262, 50283.0
137.75999116897583, 50402.0
138.2872292995453, 50459.0
138.39391207695007, 50578.0
138.39511704444885, 50694.0
148.20675611495972, 50703.0
149.3226602077484, 50785.0
149.36440110206604, 50903.0
162.9041621685028, 50994.0
171.31338214874268, 50995.0
171.6414930820465, 51082.0
171.7721610069275, 51088.0
248.5936622619629, 51141.0
248.59484124183655, 51293.0
248.69579005241394, 51304.0
249.011901140213, 51341.0
249.11370706558228, 51483.0
249.1663999557495, 51501.0
260.7683162689209, 51505.0
371.69011092185974, 51592.0
371.92705607414246, 51686.0
372.1947703361511, 51693.0
372.5370681285858, 51705.0
395.4774491786957, 51782.0
395.60670733451843, 51899.0
396.849445104599, 51902.0
397.90272307395935, 51923.0
397.9363052845001, 52084.0
399.709272146225, 52091.0
399.8016381263733, 52195.0
490.7144901752472, 52201.0
490.98355627059937, 52296.0
491.03594422340393, 52340.0
491.06257820129395, 52456.0
491.11137199401855, 52556.0
491.18108105659485, 52585.0
491.2626852989197, 52594.0
491.42794609069824, 52655.0
491.43140602111816, 52797.0
