0.0, 11919.0
1.7773680686950684, 11957.0
1.7790992259979248, 12065.0
1.8337981700897217, 12208.0
2.3334250450134277, 12337.0
2.337210178375244, 12508.0
2.5327742099761963, 12584.0
2.5336430072784424, 12702.0
2.800126075744629, 12767.0
2.8886020183563232, 12912.0
3.0388450622558594, 13063.0
3.139293909072876, 13068.0
3.260416030883789, 13152.0
3.261291027069092, 13269.0
3.2681310176849365, 13377.0
3.3139162063598633, 13509.0
3.4091901779174805, 13618.0
3.9639270305633545, 13664.0
4.075621128082275, 13765.0
4.076488971710205, 13887.0
4.077363967895508, 14006.0
4.424558162689209, 14012.0
4.4263551235198975, 14115.0
4.612329959869385, 14216.0
4.767588138580322, 14346.0
4.770163059234619, 14469.0
4.772688150405884, 14593.0
4.82049822807312, 14596.0
5.001319169998169, 14688.0
5.219708204269409, 14690.0
5.227670907974243, 14801.0
5.2718870639801025, 14915.0
5.689413070678711, 15082.0
5.691655158996582, 15295.0
5.895024061203003, 15399.0
6.1695051193237305, 15414.0
6.172586917877197, 15519.0
6.33837103843689, 15616.0
6.553156137466431, 15676.0
6.605119943618774, 15816.0
7.139969110488892, 15913.0
7.256895065307617, 15937.0
7.259320020675659, 16073.0
7.265427112579346, 16090.0
7.361818075180054, 16105.0
7.3660972118377686, 16214.0
7.421618223190308, 16317.0
7.536649942398071, 16407.0
7.899598121643066, 16511.0
8.445409059524536, 16675.0
8.452338218688965, 16789.0
8.500777959823608, 16907.0
8.589362144470215, 16910.0
8.761985063552856, 17015.0
9.433298110961914, 17118.0
9.755306959152222, 17135.0
9.75832486152649, 17257.0
9.850666046142578, 17302.0
10.160092115402222, 17393.0
10.221152067184448, 17396.0
10.328460931777954, 17569.0
10.33110499382019, 17710.0
10.431600093841553, 17765.0
10.470577239990234, 17994.0
10.484193086624146, 18008.0
11.571173191070557, 18114.0
11.848273038864136, 18190.0
16.594483137130737, 18300.0
17.312034130096436, 18390.0
17.585474014282227, 18416.0
17.64971113204956, 18503.0
17.87234616279602, 18611.0
17.89215397834778, 18718.0
18.154287099838257, 18796.0
18.163493156433105, 18797.0
18.46132206916809, 18913.0
19.65062403678894, 18986.0
19.651798009872437, 19089.0
19.7136549949646, 19108.0
19.80549716949463, 19114.0
19.87276005744934, 19180.0
19.875410079956055, 19296.0
20.000739097595215, 19385.0
20.002085208892822, 19488.0
20.0782151222229, 19605.0
20.204594135284424, 19710.0
20.314473867416382, 19739.0
20.319931030273438, 19782.0
20.451399087905884, 19796.0
24.80712604522705, 19917.0
28.189743041992188, 19977.0
28.193599939346313, 20085.0
28.298227071762085, 20300.0
28.606337070465088, 20302.0
28.78510308265686, 20403.0
38.08686113357544, 20477.0
38.109910011291504, 20610.0
38.162312269210815, 20713.0
39.137914180755615, 20715.0
39.1444730758667, 20720.0
39.17927813529968, 20825.0
39.23509407043457, 20977.0
39.39533519744873, 21061.0
40.00729703903198, 21085.0
40.05767297744751, 21194.0
40.111815214157104, 21300.0
40.15438103675842, 21403.0
53.993659019470215, 21419.0
57.44685411453247, 21483.0
57.680559158325195, 21555.0
57.77696204185486, 21660.0
57.783700942993164, 21688.0
57.784624099731445, 21808.0
57.92547297477722, 21859.0
58.17733407020569, 21893.0
59.853448152542114, 22006.0
