0.0, 9825.0
0.026131868362426758, 10059.0
0.030006885528564453, 10161.0
0.26873278617858887, 10387.0
0.2689220905303955, 10415.0
0.38970375061035156, 10508.0
0.3907628059387207, 11168.0
0.3937981128692627, 11547.0
0.5002849102020264, 11973.0
0.6184670925140381, 12812.0
0.6263949871063232, 13584.0
0.627748966217041, 14149.0
0.6281709671020508, 14381.0
0.7226109504699707, 14515.0
0.8272349834442139, 14710.0
0.958043098449707, 14830.0
1.0431411266326904, 15399.0
1.1127080917358398, 15806.0
1.11415696144104, 16027.0
1.2721078395843506, 16414.0
1.2723309993743896, 16662.0
1.278062105178833, 17605.0
1.2834408283233643, 18324.0
1.28572678565979, 18809.0
1.6482899188995361, 18942.0
1.652754783630371, 19609.0
2.1663217544555664, 19641.0
2.1684138774871826, 19767.0
2.229843854904175, 19890.0
2.236845016479492, 19893.0
2.7043020725250244, 19992.0
2.7565579414367676, 20599.0
2.7569358348846436, 21072.0
2.9063217639923096, 21074.0
2.9120969772338867, 21454.0
3.0255401134490967, 21957.0
3.508222818374634, 22321.0
3.514356851577759, 22486.0
3.59409499168396, 22916.0
3.7755630016326904, 22947.0
3.77956485748291, 23783.0
3.780642032623291, 23874.0
3.781708002090454, 24071.0
3.8392269611358643, 24518.0
3.840101957321167, 24728.0
3.918527841567993, 25226.0
4.194689035415649, 25411.0
4.770637035369873, 25492.0
4.771078824996948, 26444.0
4.771950960159302, 26944.0
4.823245048522949, 27026.0
4.872761011123657, 27621.0
6.77201509475708, 28136.0
7.159942150115967, 28791.0
7.702136993408203, 28839.0
8.327293872833252, 29018.0
8.332084894180298, 29236.0
8.45289397239685, 29357.0
8.64871597290039, 29802.0
9.542311906814575, 30400.0
9.546032905578613, 31170.0
15.205990076065063, 31630.0
15.344918012619019, 31984.0
28.98892378807068, 32210.0
32.601632833480835, 32542.0
32.60208773612976, 33422.0
32.66345286369324, 33817.0
49.27794289588928, 34253.0
49.27863001823425, 34319.0
49.47482490539551, 34410.0
49.47547698020935, 34451.0
49.47612905502319, 35009.0
49.578473806381226, 35213.0
49.632561922073364, 35432.0
298.39807295799255, 35718.0
298.480761051178, 35973.0
308.9841709136963, 36791.0
342.4694929122925, 37150.0
359.89223194122314, 37704.0
359.9532480239868, 37743.0
359.9924919605255, 37799.0
360.0131869316101, 38506.0
370.7127869129181, 39396.0
388.3355498313904, 39593.0
420.13701486587524, 40079.0
422.78685998916626, 40366.0
423.239284992218, 40377.0
424.9671788215637, 40694.0
426.31569504737854, 41041.0
426.3936679363251, 41789.0
426.43368792533875, 42021.0
429.7334110736847, 42116.0
431.2147469520569, 42418.0
431.22250485420227, 42643.0
431.2240529060364, 42925.0
431.2786569595337, 43020.0
431.3170590400696, 43774.0
431.32780480384827, 43993.0
431.35653710365295, 44119.0
431.3932647705078, 44146.0
431.42593598365784, 44309.0
431.43213295936584, 44713.0
431.8141338825226, 44837.0
433.2737877368927, 45107.0
433.27621603012085, 45807.0
447.66640186309814, 46133.0
447.9538848400116, 46160.0
448.0209541320801, 46190.0
453.71148109436035, 46217.0
453.7147169113159, 46759.0
455.505038022995, 46983.0
457.27278900146484, 47135.0
457.3564169406891, 47421.0
