0.0, 3116.0
0.0014979839324951172, 3194.0
0.0017709732055664062, 3303.0
0.002151012420654297, 3354.0
0.0038509368896484375, 3457.0
0.004909992218017578, 3605.0
0.011741161346435547, 3678.0
0.22923994064331055, 3787.0
0.23070001602172852, 3903.0
0.3500840663909912, 4068.0
0.3516969680786133, 4204.0
0.3519589900970459, 4496.0
0.35313916206359863, 4576.0
0.35381603240966797, 4696.0
0.5037028789520264, 4778.0
0.5042660236358643, 4885.0
0.5078408718109131, 4898.0
0.8426918983459473, 4899.0
1.28548002243042, 4908.0
1.6082580089569092, 4998.0
1.7549490928649902, 5009.0
1.7552599906921387, 5179.0
1.757601022720337, 5313.0
1.8853919506072998, 5369.0
1.9418861865997314, 5409.0
2.0671169757843018, 5410.0
2.149268865585327, 5507.0
2.1508870124816895, 5610.0
3.3939831256866455, 5613.0
9.657499074935913, 5616.0
13.317137956619263, 5717.0
32.62498593330383, 5802.0
32.97869086265564, 5807.0
33.120989084243774, 5812.0
33.809065103530884, 5913.0
35.09674787521362, 6010.0
78.93857097625732, 6081.0
78.97399592399597, 6102.0
80.97325706481934, 6112.0
