0.0, 11919.0
1.1433792114257812, 11957.0
1.1446819305419922, 12065.0
1.1961719989776611, 12208.0
1.6222550868988037, 12337.0
1.6261050701141357, 12508.0
1.7446939945220947, 12584.0
1.7947430610656738, 12702.0
1.9607479572296143, 12767.0
2.009600877761841, 12912.0
2.1156671047210693, 13063.0
2.2696781158447266, 13068.0
2.2769839763641357, 13152.0
2.320460081100464, 13269.0
2.3298449516296387, 13377.0
2.3319480419158936, 13509.0
2.428065061569214, 13618.0
2.8732810020446777, 13664.0
3.0075480937957764, 13765.0
3.0084221363067627, 13887.0
3.009294033050537, 14006.0
3.2107009887695312, 14012.0
3.2124221324920654, 14115.0
3.4022231101989746, 14216.0
3.500303030014038, 14346.0
3.5028882026672363, 14469.0
3.5050339698791504, 14593.0
3.5097498893737793, 14596.0
3.6909589767456055, 14688.0
3.9609100818634033, 14690.0
3.9686009883880615, 14801.0
4.010536193847656, 14915.0
4.400001049041748, 15082.0
4.401754140853882, 15295.0
4.569379091262817, 15399.0
4.797492265701294, 15414.0
4.8005051612854, 15519.0
5.119678974151611, 15616.0
5.402836084365845, 15676.0
5.408581018447876, 15816.0
6.11524510383606, 15913.0
6.206171035766602, 15937.0
6.2085349559783936, 16073.0
6.276453018188477, 16090.0
6.3241729736328125, 16105.0
6.363626003265381, 16214.0
6.367091178894043, 16317.0
6.4618260860443115, 16407.0
6.861265182495117, 16511.0
7.394593954086304, 16675.0
7.4001851081848145, 16789.0
7.455950021743774, 16907.0
7.501679182052612, 16910.0
7.641036033630371, 17015.0
8.444782018661499, 17118.0
8.814906120300293, 17135.0
8.820329904556274, 17257.0
8.909727096557617, 17302.0
9.187695026397705, 17393.0
9.223536014556885, 17396.0
9.396112203598022, 17569.0
9.398620128631592, 17710.0
9.460521936416626, 17765.0
9.498295068740845, 17994.0
9.57038402557373, 18008.0
10.385347127914429, 18114.0
10.651068210601807, 18190.0
14.8989999294281, 18300.0
15.432555913925171, 18390.0
15.639321088790894, 18416.0
15.77522611618042, 18503.0
15.936591148376465, 18611.0
16.026950120925903, 18718.0
16.21652388572693, 18796.0
16.256362915039062, 18797.0
16.435304164886475, 18913.0
17.394256114959717, 18986.0
17.395137071609497, 19089.0
17.43824315071106, 19108.0
17.529213190078735, 19114.0
17.590636014938354, 19180.0
17.593287229537964, 19296.0
17.7669460773468, 19385.0
17.768265962600708, 19488.0
17.774832010269165, 19605.0
17.894302129745483, 19710.0
17.93958592414856, 19739.0
17.98279309272766, 19782.0
18.08110523223877, 19796.0
21.558576107025146, 19917.0
24.51037311553955, 19977.0
24.545852184295654, 20085.0
24.65049910545349, 20300.0
24.956444025039673, 20302.0
25.07728600502014, 20403.0
33.211432218551636, 20477.0
33.245129108428955, 20610.0
33.28616905212402, 20713.0
34.169682264328, 20715.0
34.176568031311035, 20720.0
34.228193044662476, 20825.0
34.2645742893219, 20977.0
34.37575006484985, 21061.0
34.977885246276855, 21085.0
34.983527183532715, 21194.0
35.09059500694275, 21300.0
35.129119873046875, 21403.0
47.57641911506653, 21419.0
50.92724394798279, 21483.0
51.121543169021606, 21555.0
51.20212912559509, 21660.0
51.20678114891052, 21688.0
51.2128791809082, 21808.0
51.29256319999695, 21859.0
51.52927112579346, 21893.0
52.94972610473633, 22006.0
