0.0, 1850.0
0.001934051513671875, 2165.0
0.0023660659790039062, 2265.0
0.004654884338378906, 2989.0
0.0051212310791015625, 3048.0
0.005411863327026367, 3297.0
0.005504131317138672, 3652.0
0.0059070587158203125, 3833.0
0.007966995239257812, 4624.0
0.02016592025756836, 4834.0
0.025843143463134766, 5367.0
0.02655506134033203, 5423.0
0.02667403221130371, 5842.0
0.027570009231567383, 6352.0
0.3580009937286377, 6995.0
0.36284923553466797, 7248.0
0.7461340427398682, 7683.0
0.7463250160217285, 8140.0
0.7499179840087891, 8327.0
0.8489580154418945, 8549.0
0.8490791320800781, 8730.0
1.5866761207580566, 8940.0
