0.0, 1195.0
0.005159854888916016, 1297.0
0.23748278617858887, 1390.0
0.24452662467956543, 1392.0
0.25237393379211426, 1486.0
0.38310980796813965, 1494.0
0.3846116065979004, 1588.0
0.4493377208709717, 1673.0
0.44954967498779297, 1797.0
0.45193982124328613, 1887.0
0.45323681831359863, 1928.0
0.45363783836364746, 2009.0
0.5129337310791016, 2062.0
0.5175838470458984, 2064.0
0.5196406841278076, 2150.0
0.6359827518463135, 2186.0
0.6382908821105957, 2188.0
0.6422646045684814, 2274.0
0.7432987689971924, 2283.0
0.964080810546875, 2293.0
1.7854409217834473, 2392.0
2.0426816940307617, 2475.0
2.995516777038574, 2495.0
