0.0, 10042.0
1.954416036605835, 10058.0
2.0242950916290283, 10059.0
2.2195708751678467, 10060.0
2.2389402389526367, 10280.0
2.337841272354126, 10281.0
2.39479923248291, 10375.0
2.657060146331787, 10429.0
6.103553056716919, 10433.0
8.110464096069336, 10513.0
8.47339415550232, 10567.0
8.609941005706787, 10583.0
8.614690065383911, 10607.0
8.685113191604614, 10648.0
8.82216501235962, 10689.0
8.83328890800476, 10691.0
9.136543035507202, 10770.0
9.665132999420166, 10771.0
10.632238149642944, 10798.0
10.723538160324097, 10845.0
10.726596117019653, 10902.0
10.841255187988281, 10977.0
12.011015892028809, 11026.0
12.080003023147583, 11044.0
12.161157131195068, 11062.0
12.210748195648193, 11126.0
18.282116174697876, 11256.0
22.14546298980713, 11285.0
22.2364981174469, 11356.0
23.20915412902832, 11376.0
23.727527141571045, 11439.0
23.950618028640747, 11463.0
23.95453405380249, 11464.0
28.217827081680298, 11495.0
28.363401889801025, 11514.0
28.518978118896484, 11603.0
28.624202966690063, 11659.0
28.648722171783447, 11665.0
28.658302068710327, 11705.0
28.79344415664673, 11847.0
29.082573175430298, 11857.0
37.13149309158325, 11907.0
37.13197112083435, 11908.0
37.132888078689575, 11909.0
37.22737002372742, 11925.0
37.27259421348572, 12041.0
37.28718900680542, 12082.0
37.35748505592346, 12117.0
252.2068691253662, 12149.0
252.5682511329651, 12224.0
253.1615810394287, 12245.0
255.05764818191528, 12340.0
255.33166790008545, 12448.0
255.4069061279297, 12464.0
336.38190627098083, 12519.0
337.02815103530884, 12547.0
337.25995421409607, 12571.0
337.62451004981995, 12624.0
337.78595519065857, 12660.0
