0.0, 59619.0
1.6470048427581787, 59698.0
1.8006336688995361, 59813.0
5.2946507930755615, 59901.0
5.802192687988281, 60008.0
6.474512815475464, 60163.0
6.574857950210571, 60277.0
7.394206762313843, 60396.0
7.457249641418457, 60504.0
8.9649338722229, 60614.0
9.361904859542847, 60659.0
9.524544954299927, 60783.0
9.525604724884033, 60910.0
9.912999868392944, 61012.0
10.413605690002441, 61013.0
10.466214895248413, 61146.0
10.564145803451538, 61268.0
10.65825080871582, 61409.0
11.788437843322754, 61430.0
11.8888418674469, 61559.0
12.097760915756226, 61570.0
12.176373958587646, 61686.0
12.323670864105225, 61794.0
12.765487670898438, 61888.0
13.396902799606323, 61997.0
13.663362741470337, 62116.0
14.144794702529907, 62202.0
14.242629766464233, 62269.0
14.324713945388794, 62402.0
15.217090606689453, 62518.0
16.844904899597168, 62619.0
17.00664973258972, 62698.0
17.10613489151001, 62814.0
17.108436822891235, 62918.0
19.751470804214478, 63013.0
20.520784854888916, 63116.0
21.180567026138306, 63195.0
21.802098751068115, 63304.0
22.174967765808105, 63383.0
22.519920825958252, 63515.0
25.95164680480957, 63608.0
26.033708810806274, 63718.0
26.289724826812744, 63818.0
27.665676593780518, 63819.0
31.68506383895874, 63915.0
34.02211666107178, 64010.0
35.00729703903198, 64101.0
35.01097583770752, 64304.0
35.48905873298645, 64369.0
35.639601707458496, 64484.0
35.682049036026, 64607.0
36.12231492996216, 64730.0
36.2133047580719, 64863.0
36.49592590332031, 64902.0
36.94110369682312, 65059.0
37.09206295013428, 65171.0
37.1619508266449, 65285.0
37.53024482727051, 65312.0
38.210792779922485, 65387.0
38.21520686149597, 65518.0
41.66872477531433, 65519.0
42.03466582298279, 65522.0
42.05760884284973, 65806.0
42.20328974723816, 65920.0
42.296918869018555, 66090.0
42.57412767410278, 66272.0
42.732205629348755, 66425.0
42.862815856933594, 66545.0
42.92475962638855, 66701.0
42.96709084510803, 66817.0
44.683464765548706, 66850.0
45.118950843811035, 67005.0
45.16950988769531, 67100.0
45.49603986740112, 67216.0
45.546860694885254, 67319.0
48.55185890197754, 67376.0
49.31427788734436, 67512.0
50.71407890319824, 67551.0
50.82790970802307, 67712.0
50.849719762802124, 67914.0
51.7140417098999, 67978.0
51.82958674430847, 68106.0
51.87317681312561, 68217.0
52.15006995201111, 68408.0
53.52752470970154, 68499.0
54.236490964889526, 68509.0
55.15803074836731, 68591.0
55.249759912490845, 68721.0
55.25203990936279, 68825.0
55.30002570152283, 68967.0
55.82134294509888, 69104.0
55.97609186172485, 69107.0
56.03079676628113, 69242.0
56.03522872924805, 69355.0
56.09253478050232, 69496.0
56.45015597343445, 69618.0
56.594170808792114, 69629.0
56.790016889572144, 69779.0
57.17936897277832, 69785.0
57.4424467086792, 69808.0
57.487565755844116, 69913.0
57.60176682472229, 69963.0
57.696900844573975, 70168.0
58.02248764038086, 70283.0
58.11298084259033, 70396.0
58.158833742141724, 70511.0
59.797356605529785, 70619.0
61.63710880279541, 70693.0
63.23970985412598, 70854.0
63.41378474235535, 70955.0
63.63499593734741, 71116.0
66.68509268760681, 71221.0
66.73589563369751, 71374.0
66.92606282234192, 71559.0
66.97662281990051, 71708.0
67.69581174850464, 71911.0
68.26460075378418, 72013.0
69.25364685058594, 72054.0
69.29415774345398, 72194.0
69.39471673965454, 72388.0
69.72992777824402, 72406.0
69.9693717956543, 72411.0
70.02544164657593, 72564.0
70.02977204322815, 72790.0
70.25426888465881, 72918.0
71.51721596717834, 73006.0
71.94697690010071, 73107.0
72.08198499679565, 73216.0
72.23445582389832, 73318.0
72.59154462814331, 73498.0
72.8686957359314, 73603.0
73.11304187774658, 73709.0
73.13844680786133, 73810.0
73.56551194190979, 73822.0
73.61255598068237, 74002.0
75.17705702781677, 74014.0
75.2180848121643, 74108.0
75.88412165641785, 74317.0
76.38075685501099, 74392.0
76.72966766357422, 74501.0
77.4486448764801, 74515.0
77.75864386558533, 74526.0
77.76101779937744, 74653.0
77.92165398597717, 74797.0
77.92812585830688, 74925.0
77.93050599098206, 75066.0
78.4697937965393, 75210.0
79.76828479766846, 75215.0
80.7909677028656, 75316.0
82.24353575706482, 75421.0
82.30288577079773, 75582.0
82.54953694343567, 75598.0
82.92396688461304, 75703.0
83.76696491241455, 75798.0
84.05519580841064, 75907.0
84.78192472457886, 75991.0
84.81170773506165, 76106.0
85.65675687789917, 76313.0
86.90181398391724, 76411.0
87.3098497390747, 76517.0
87.63238883018494, 76593.0
87.66778492927551, 76702.0
87.99396681785583, 76812.0
89.81521368026733, 76895.0
89.8554937839508, 77017.0
90.19844675064087, 77044.0
90.65489792823792, 77212.0
91.948983669281, 77316.0
92.39838075637817, 77378.0
92.61039686203003, 77514.0
92.9965147972107, 77676.0
93.03001189231873, 77899.0
93.22432088851929, 78012.0
93.62391972541809, 78102.0
93.63676881790161, 78209.0
94.28697776794434, 78296.0
94.79962491989136, 78400.0
95.0111186504364, 78502.0
95.42219185829163, 78538.0
95.45573091506958, 78687.0
95.48344659805298, 78789.0
95.67247676849365, 78985.0
96.64881682395935, 78987.0
96.66392397880554, 79111.0
97.22175979614258, 79118.0
100.12975096702576, 79205.0
103.1337399482727, 79293.0
103.48551988601685, 79364.0
103.63610291481018, 79483.0
104.80858874320984, 79611.0
105.80573678016663, 79705.0
105.85275959968567, 79807.0
106.59275388717651, 79898.0
106.9235987663269, 80015.0
107.3318247795105, 80092.0
108.01270580291748, 80116.0
110.769850730896, 80137.0
110.9632818698883, 80211.0
111.95737981796265, 80273.0
112.09651470184326, 80314.0
113.35700464248657, 80410.0
113.4632408618927, 80511.0
113.53284668922424, 80616.0
121.33299088478088, 80688.0
121.50792479515076, 80774.0
122.19145774841309, 80888.0
122.21648788452148, 81083.0
122.51140189170837, 81087.0
122.66413283348083, 81097.0
122.79791283607483, 81148.0
123.13064765930176, 81411.0
123.13299298286438, 81614.0
123.28079986572266, 81617.0
123.687912940979, 81643.0
123.82576274871826, 81648.0
124.01869893074036, 81657.0
124.14159274101257, 81815.0
124.18995380401611, 81819.0
125.18491387367249, 81907.0
127.5848777294159, 82001.0
127.88836884498596, 82090.0
128.1821539402008, 82199.0
128.63808178901672, 82217.0
129.96341562271118, 82263.0
130.00931668281555, 82494.0
132.88388395309448, 82587.0
133.36049580574036, 82694.0
133.7870888710022, 82718.0
135.3049657344818, 82803.0
135.342200756073, 82909.0
136.05383586883545, 82916.0
136.53919076919556, 82961.0
136.54374504089355, 83109.0
137.48427486419678, 83280.0
137.7676887512207, 83366.0
138.20439171791077, 83501.0
138.71552157402039, 83541.0
138.77301669120789, 83680.0
138.91845870018005, 83810.0
139.22051191329956, 83930.0
139.37606072425842, 83984.0
139.62755370140076, 84003.0
142.0108826160431, 84026.0
142.2661817073822, 84054.0
142.5925886631012, 84146.0
142.73893570899963, 84261.0
142.9588108062744, 84319.0
143.1032156944275, 84517.0
144.38720679283142, 84591.0
144.60437178611755, 84698.0
145.0202670097351, 84775.0
145.2076997756958, 84825.0
145.3809027671814, 84936.0
145.40551662445068, 85084.0
145.77226185798645, 85205.0
146.10588479042053, 85276.0
146.10824394226074, 85401.0
146.47079968452454, 85578.0
146.61631274223328, 85687.0
146.87912583351135, 85806.0
147.10286283493042, 85912.0
147.16627979278564, 86016.0
147.52688789367676, 86079.0
147.6533088684082, 86188.0
147.80296778678894, 86302.0
148.76996183395386, 86433.0
148.97657775878906, 86582.0
149.06946468353271, 86594.0
152.07487773895264, 86613.0
152.07966780662537, 86761.0
152.45203566551208, 86771.0
156.55321598052979, 86802.0
156.60670471191406, 86913.0
157.4962797164917, 86987.0
157.84182977676392, 87114.0
158.75419974327087, 87207.0
159.10190677642822, 87211.0
159.45710468292236, 87289.0
159.49850797653198, 87392.0
160.02227473258972, 87497.0
162.0236737728119, 87610.0
162.13550782203674, 87699.0
162.28955483436584, 87757.0
162.52093076705933, 87906.0
163.10143375396729, 88013.0
163.46063876152039, 88084.0
163.52552771568298, 88185.0
164.21189785003662, 88313.0
164.72822880744934, 88414.0
164.9547266960144, 88562.0
165.18392658233643, 88579.0
165.6076898574829, 88672.0
165.90344190597534, 88771.0
165.97757983207703, 88917.0
167.66313862800598, 88967.0
167.82554078102112, 89089.0
171.45655870437622, 89103.0
171.67933678627014, 89294.0
172.11939787864685, 89295.0
172.4782736301422, 89349.0
172.5196008682251, 89384.0
172.73065495491028, 89493.0
172.9738576412201, 89508.0
173.13655185699463, 89598.0
173.3178470134735, 89612.0
173.87961387634277, 89676.0
174.30337691307068, 89705.0
175.48613667488098, 89710.0
176.18053460121155, 89804.0
176.23155570030212, 89905.0
176.98076796531677, 90011.0
177.64918780326843, 90016.0
179.18816685676575, 90082.0
180.00314593315125, 90189.0
180.12067079544067, 90200.0
181.85922980308533, 90317.0
183.57520985603333, 90328.0
183.87187886238098, 90500.0
184.29887080192566, 90589.0
184.55928874015808, 90618.0
186.69582176208496, 90665.0
186.88055658340454, 90708.0
187.10599780082703, 90756.0
187.2442009449005, 90808.0
187.4309687614441, 90867.0
187.6591649055481, 90878.0
187.92376494407654, 91005.0
188.40715789794922, 91037.0
188.40950298309326, 91188.0
188.91466879844666, 91289.0
188.96125078201294, 91411.0
191.14502882957458, 91517.0
192.09555673599243, 91519.0
193.3569416999817, 91583.0
193.39426565170288, 91699.0
193.5489957332611, 91700.0
194.19941568374634, 91702.0
194.29404067993164, 91807.0
194.52005887031555, 91860.0
195.1710720062256, 91918.0
195.48844957351685, 92011.0
195.49322390556335, 92016.0
195.55915689468384, 92017.0
196.1460998058319, 92021.0
196.1532506942749, 92158.0
196.18614673614502, 92311.0
198.09875988960266, 92339.0
198.14007091522217, 92498.0
198.31596684455872, 92613.0
199.20052075386047, 92614.0
199.94448280334473, 92618.0
200.338232755661, 92655.0
200.58060479164124, 92712.0
200.58927178382874, 92872.0
200.78223371505737, 92896.0
201.82518076896667, 92913.0
220.58328294754028, 92992.0
220.7669198513031, 93119.0
221.94421076774597, 93207.0
222.2440366744995, 93314.0
224.7859718799591, 93402.0
225.21385860443115, 93405.0
226.23258590698242, 93410.0
226.42420887947083, 93418.0
235.54846382141113, 93512.0
235.7039496898651, 93526.0
235.8247480392456, 93719.0
239.8592827320099, 93750.0
239.86389088630676, 93896.0
239.89812874794006, 93907.0
244.36222004890442, 93910.0
244.72519183158875, 94012.0
244.73207187652588, 94113.0
245.27900576591492, 94118.0
246.31546592712402, 94131.0
246.7876160144806, 94316.0
248.85481691360474, 94393.0
248.8877387046814, 94509.0
249.07297372817993, 94707.0
249.18528985977173, 94813.0
249.88169980049133, 94907.0
249.91478490829468, 95100.0
251.05045866966248, 95113.0
251.60474967956543, 95209.0
252.18941473960876, 95214.0
252.54724979400635, 95255.0
252.61887073516846, 95375.0
252.6285367012024, 95477.0
252.80689573287964, 95508.0
252.98811888694763, 95586.0
262.28884077072144, 95597.0
262.9327437877655, 95606.0
263.26549077033997, 95615.0
263.7209846973419, 95629.0
263.7274749279022, 95766.0
263.86116766929626, 95890.0
264.49590396881104, 95897.0
265.06622886657715, 95908.0
265.830778837204, 95967.0
265.8804507255554, 96100.0
265.99048686027527, 96124.0
266.06516885757446, 96219.0
266.1227128505707, 96391.0
266.475368976593, 96416.0
266.6133978366852, 96471.0
266.8625807762146, 96506.0
267.7452838420868, 96521.0
267.8163368701935, 96646.0
267.8410847187042, 96819.0
268.43684458732605, 96923.0
268.4470946788788, 97099.0
269.56908893585205, 97218.0
271.1203656196594, 97280.0
271.9914319515228, 97299.0
277.6944499015808, 97374.0
283.40664291381836, 97417.0
285.3147838115692, 97498.0
285.5314266681671, 97549.0
285.60558581352234, 97657.0
285.70500469207764, 97812.0
289.69749879837036, 97918.0
292.94761872291565, 98016.0
294.9543659687042, 98018.0
312.82133293151855, 98079.0
313.20830178260803, 98181.0
313.2984960079193, 98203.0
313.5083918571472, 98208.0
330.31049275398254, 98239.0
330.41339802742004, 98411.0
330.75492882728577, 98487.0
330.8571619987488, 98611.0
331.9500768184662, 98794.0
341.5915319919586, 98882.0
341.79056000709534, 98893.0
341.97895765304565, 98950.0
342.9604468345642, 98964.0
343.0279757976532, 98996.0
343.69456362724304, 99018.0
353.40413880348206, 99117.0
353.52078580856323, 99118.0
358.8107068538666, 99204.0
358.86022877693176, 99318.0
359.2911260128021, 99321.0
359.46669578552246, 99467.0
359.6898458003998, 99508.0
362.99231791496277, 99591.0
363.60315585136414, 99600.0
367.1541357040405, 99708.0
368.23193168640137, 99882.0
368.57661271095276, 99987.0
368.79272389411926, 100095.0
369.3424198627472, 100199.0
369.5249500274658, 100207.0
370.4560377597809, 100307.0
370.966915845871, 100308.0
371.25622296333313, 100380.0
371.7254288196564, 100414.0
372.84834575653076, 100506.0
373.8111517429352, 100509.0
374.02796959877014, 100611.0
374.4593138694763, 100639.0
374.5797507762909, 100722.0
375.0324659347534, 100818.0
376.9193227291107, 100864.0
377.06532096862793, 100950.0
377.26462173461914, 101059.0
377.32956886291504, 101174.0
377.7541468143463, 101310.0
383.1088707447052, 101410.0
384.62373876571655, 101613.0
385.1319229602814, 101715.0
385.43768191337585, 101777.0
410.381139755249, 101860.0
413.5652868747711, 101867.0
413.6322658061981, 102018.0
418.261923789978, 102068.0
418.69072580337524, 102131.0
418.72125267982483, 102299.0
418.7995457649231, 102305.0
499.1852526664734, 102318.0
500.2736539840698, 102393.0
500.4425027370453, 102475.0
500.5864839553833, 102510.0
500.7216067314148, 102568.0
501.00167083740234, 102571.0
501.07497382164, 102816.0
501.2017877101898, 102874.0
501.5610308647156, 102916.0
501.7842638492584, 102978.0
501.8599247932434, 103048.0
502.003812789917, 103049.0
502.060302734375, 103169.0
502.23658180236816, 103318.0
502.65082693099976, 103415.0
502.85454988479614, 103457.0
502.88017773628235, 103612.0
591.8275017738342, 103613.0
