0.0, 48674.0
0.1614692211151123, 49355.0
0.1680440902709961, 49543.0
0.17545008659362793, 50185.0
0.2098391056060791, 50836.0
0.22347521781921387, 51225.0
0.31568312644958496, 51337.0
0.3175041675567627, 51529.0
0.32009410858154297, 52137.0
0.43436527252197266, 52798.0
0.43553996086120605, 53317.0
0.4436023235321045, 53806.0
0.44820094108581543, 54338.0
0.5096099376678467, 55316.0
0.526846170425415, 55950.0
0.7877230644226074, 56222.0
0.8736722469329834, 56775.0
0.8791570663452148, 57261.0
0.9138431549072266, 57341.0
0.9744870662689209, 58124.0
1.0340561866760254, 58669.0
1.0352470874786377, 59318.0
1.048820972442627, 60106.0
1.0632262229919434, 60764.0
1.190352201461792, 61423.0
1.199707269668579, 61901.0
1.202031135559082, 62502.0
1.2233600616455078, 63004.0
1.2322521209716797, 63872.0
1.2447402477264404, 64725.0
1.2623450756072998, 65262.0
1.2635960578918457, 65766.0
1.329604148864746, 65852.0
1.6408531665802002, 66067.0
1.6420612335205078, 66385.0
1.6432452201843262, 66527.0
1.6593379974365234, 67089.0
1.697525978088379, 67294.0
1.74753999710083, 67480.0
1.8378691673278809, 67742.0
1.8873300552368164, 68210.0
1.8897740840911865, 68570.0
1.9234082698822021, 68667.0
2.0360121726989746, 68880.0
2.0371992588043213, 69298.0
2.06618595123291, 69665.0
2.284531354904175, 70185.0
2.9738612174987793, 71058.0
3.0226781368255615, 71601.0
3.024940013885498, 72371.0
3.027198314666748, 73091.0
3.0284531116485596, 73198.0
3.0358142852783203, 73976.0
3.0369961261749268, 74689.0
3.0722522735595703, 74791.0
3.1048381328582764, 74977.0
3.5730881690979004, 75023.0
3.596217155456543, 75661.0
3.696521043777466, 76471.0
3.7194292545318604, 76773.0
3.7492170333862305, 77687.0
3.993617296218872, 77954.0
4.057607173919678, 78240.0
4.083311080932617, 78364.0
4.293380260467529, 78861.0
4.381162166595459, 78904.0
4.40824818611145, 79125.0
4.4427502155303955, 79709.0
4.457968235015869, 80078.0
4.476261138916016, 80572.0
4.498622179031372, 80840.0
4.529894113540649, 81471.0
4.5565571784973145, 81544.0
4.557741165161133, 82368.0
4.560058116912842, 82870.0
4.563453197479248, 83244.0
4.575814247131348, 83712.0
4.59049391746521, 83957.0
4.633697032928467, 84016.0
4.66289210319519, 85004.0
4.727334260940552, 85125.0
5.118689060211182, 85267.0
5.146874189376831, 85309.0
5.285394191741943, 85827.0
5.517887115478516, 86387.0
5.5483362674713135, 87036.0
5.597308158874512, 87454.0
5.608263254165649, 87909.0
5.655465126037598, 88543.0
5.881410121917725, 88774.0
5.892030954360962, 89024.0
5.895573139190674, 89628.0
5.911424160003662, 90344.0
5.968886137008667, 90685.0
6.003300189971924, 91048.0
6.6906633377075195, 91104.0
6.6989991664886475, 91379.0
6.8703930377960205, 91481.0
6.877124071121216, 91800.0
6.970463991165161, 91846.0
7.023506164550781, 92771.0
7.067896127700806, 93422.0
7.112088203430176, 93743.0
7.11625599861145, 94449.0
7.143322229385376, 95220.0
7.25428032875061, 95288.0
7.255489110946655, 96174.0
7.2577691078186035, 96616.0
7.264430046081543, 97428.0
7.3268821239471436, 97681.0
7.328070163726807, 98158.0
7.331486940383911, 98850.0
7.412683010101318, 99460.0
7.654820203781128, 99694.0
7.665113210678101, 100254.0
7.668553113937378, 101113.0
7.6953582763671875, 101425.0
7.742416143417358, 101922.0
7.74826717376709, 102665.0
7.767486333847046, 102770.0
7.770900011062622, 102864.0
7.810909271240234, 103130.0
7.824442148208618, 104108.0
7.825634002685547, 104797.0
7.850924015045166, 104850.0
7.938451290130615, 105072.0
7.940773248672485, 106064.0
8.074930191040039, 106257.0
8.201609134674072, 106350.0
8.244311094284058, 106677.0
8.249534368515015, 107296.0
8.280387163162231, 107496.0
8.295828104019165, 107661.0
8.328503131866455, 108570.0
8.631962060928345, 108952.0
8.633202314376831, 109346.0
8.669036149978638, 109892.0
8.690754175186157, 110148.0
8.704381227493286, 110775.0
8.721331357955933, 110865.0
8.727890253067017, 111224.0
8.739638090133667, 112075.0
8.950337171554565, 112713.0
9.064904928207397, 112781.0
9.171082973480225, 113591.0
9.264095067977905, 114072.0
9.541369199752808, 114242.0
9.572733163833618, 114270.0
9.598217964172363, 114311.0
10.092172145843506, 114498.0
10.18114423751831, 114706.0
10.182701110839844, 115230.0
10.216792106628418, 115937.0
10.284043073654175, 115946.0
10.51237416267395, 116327.0
10.513573169708252, 117094.0
10.517232179641724, 118087.0
10.564014196395874, 118129.0
10.58284330368042, 118160.0
10.59444808959961, 118231.0
10.94979214668274, 118347.0
11.240353107452393, 118486.0
11.264541149139404, 118858.0
11.501819133758545, 119294.0
11.606727123260498, 120027.0
11.690547227859497, 120710.0
11.853192329406738, 121166.0
11.862084150314331, 122102.0
11.86992621421814, 122839.0
11.889021158218384, 123045.0
12.04384732246399, 123253.0
12.050669193267822, 124066.0
12.121900081634521, 124459.0
12.22507905960083, 124982.0
12.25214409828186, 125396.0
12.253450155258179, 125440.0
12.271032094955444, 125636.0
12.337783098220825, 125818.0
12.510847091674805, 126365.0
12.74935507774353, 126570.0
12.791040182113647, 126802.0
12.883358001708984, 127488.0
12.930629253387451, 128088.0
12.982208013534546, 128574.0
13.11569619178772, 128684.0
13.130932092666626, 128902.0
13.370699167251587, 129408.0
13.581951141357422, 129508.0
13.950648069381714, 129852.0
13.974369049072266, 130182.0
13.983289241790771, 130296.0
14.0944242477417, 130317.0
14.124919176101685, 130652.0
14.216716051101685, 130927.0
14.242530107498169, 131148.0
14.289767265319824, 131478.0
14.301722288131714, 131600.0
14.306652307510376, 131866.0
14.365798234939575, 131885.0
14.391584157943726, 132113.0
14.423530101776123, 132523.0
14.42478632926941, 132644.0
14.54603910446167, 132989.0
14.565615177154541, 133613.0
14.596087217330933, 134528.0
14.612358093261719, 135521.0
14.644799947738647, 135776.0
14.803987264633179, 136233.0
14.817320346832275, 136841.0
15.406812191009521, 137161.0
15.427541017532349, 137630.0
15.980209112167358, 137691.0
15.998266220092773, 138098.0
16.062894105911255, 138684.0
16.42356824874878, 138960.0
16.42533016204834, 139819.0
16.562966108322144, 139914.0
16.58884024620056, 140382.0
16.755996227264404, 141349.0
16.75855326652527, 141583.0
16.772375106811523, 141740.0
16.777222156524658, 142646.0
16.791972160339355, 143513.0
16.859772205352783, 144175.0
16.90202808380127, 144932.0
17.014507055282593, 145569.0
17.02685523033142, 146052.0
17.06553816795349, 146338.0
17.094670057296753, 146599.0
17.135746002197266, 147056.0
17.15702509880066, 147342.0
18.18797016143799, 147352.0
18.491258144378662, 147565.0
18.56145215034485, 148349.0
18.816718101501465, 148727.0
18.901979207992554, 148824.0
18.911211013793945, 149781.0
20.788645267486572, 150438.0
21.834734201431274, 150910.0
22.37494206428528, 151231.0
22.432619094848633, 151268.0
23.047693014144897, 151510.0
23.16561198234558, 152129.0
23.170865297317505, 153017.0
23.175313234329224, 153520.0
23.676542282104492, 153897.0
23.687773942947388, 154179.0
23.782849073410034, 154829.0
24.892426013946533, 155023.0
24.896584272384644, 155344.0
24.898998022079468, 155411.0
24.90020728111267, 155722.0
24.945200204849243, 155862.0
25.07601523399353, 156068.0
25.079752206802368, 156718.0
25.083307027816772, 157177.0
25.155545234680176, 157913.0
25.16576313972473, 158449.0
25.356059312820435, 158901.0
25.438278198242188, 158984.0
25.4971981048584, 159259.0
25.50273823738098, 160237.0
25.63702917098999, 160791.0
25.638419151306152, 161459.0
25.640754222869873, 161651.0
25.664756059646606, 161848.0
25.712838172912598, 162602.0
25.714070081710815, 162808.0
25.71539616584778, 163281.0
25.73158025741577, 163706.0
25.834386348724365, 164313.0
26.32939600944519, 164604.0
26.631630182266235, 164769.0
26.74414324760437, 164819.0
26.752453088760376, 165384.0
26.846898317337036, 165718.0
26.848246097564697, 166044.0
26.858835220336914, 166509.0
26.92349624633789, 167298.0
26.947341203689575, 168061.0
28.084636211395264, 168570.0
28.14085817337036, 168574.0
28.159343242645264, 169298.0
28.307191133499146, 169378.0
28.3636531829834, 169694.0
28.399580240249634, 170343.0
28.433348178863525, 170363.0
28.951261281967163, 170430.0
29.05714201927185, 170516.0
29.063175201416016, 171289.0
29.128395080566406, 171645.0
29.179355144500732, 172279.0
29.182889938354492, 173013.0
29.269236087799072, 173833.0
29.396900177001953, 174729.0
29.40745496749878, 175586.0
29.412487268447876, 176584.0
29.414862155914307, 176771.0
29.417192935943604, 177440.0
29.425310134887695, 177507.0
29.430512189865112, 178190.0
29.44457221031189, 178870.0
29.466573238372803, 179039.0
29.525437355041504, 179127.0
29.53027319908142, 179911.0
29.541895151138306, 180454.0
29.577624082565308, 180804.0
29.623913049697876, 180851.0
29.904211282730103, 181139.0
30.009087085723877, 181629.0
30.016752243041992, 182469.0
30.12521719932556, 183059.0
30.132997274398804, 183535.0
30.151710033416748, 184265.0
30.42210817337036, 185220.0
30.80045223236084, 185650.0
30.80452299118042, 186622.0
30.98715901374817, 187204.0
31.012259244918823, 187807.0
31.060867071151733, 188307.0
31.398404121398926, 188802.0
31.568111181259155, 188898.0
31.66114616394043, 189443.0
31.75804328918457, 189621.0
31.78214716911316, 190507.0
31.83172035217285, 190577.0
31.877925157546997, 190605.0
33.43329095840454, 190844.0
33.491069316864014, 191120.0
33.580317974090576, 191305.0
33.87295317649841, 191697.0
34.32489228248596, 192147.0
34.454533100128174, 192504.0
34.50120806694031, 192883.0
34.58713126182556, 192990.0
34.647319078445435, 193094.0
34.695847272872925, 193319.0
34.789215087890625, 193429.0
34.804946184158325, 193671.0
34.81779217720032, 194261.0
34.98103618621826, 194305.0
35.67008829116821, 194715.0
35.67253613471985, 195104.0
35.778539180755615, 195614.0
35.80509424209595, 196292.0
35.88800525665283, 196293.0
35.88987898826599, 196396.0
35.89325308799744, 197066.0
36.11010932922363, 197465.0
36.16485810279846, 198276.0
37.32577323913574, 198611.0
37.36179828643799, 199305.0
38.338109254837036, 199770.0
39.60449004173279, 200096.0
39.73409819602966, 200851.0
39.95140624046326, 200904.0
40.021971225738525, 200921.0
40.09634518623352, 201907.0
40.5866482257843, 202066.0
40.64829111099243, 202361.0
40.67043113708496, 203291.0
40.78881096839905, 203620.0
40.93433427810669, 203834.0
45.30645298957825, 204145.0
45.34756302833557, 204278.0
45.36909317970276, 204304.0
45.37198805809021, 204552.0
45.47305226325989, 204614.0
45.96156120300293, 205132.0
47.15054798126221, 205605.0
47.17268204689026, 205891.0
47.24321722984314, 206135.0
47.28319311141968, 207105.0
47.39552426338196, 207427.0
49.626579999923706, 207838.0
49.66612100601196, 208677.0
49.684627294540405, 209095.0
50.640547037124634, 209475.0
50.6705322265625, 209559.0
51.33773422241211, 209795.0
51.40637803077698, 209965.0
51.455483198165894, 210034.0
53.272660970687866, 210142.0
53.277374267578125, 210267.0
53.662132024765015, 210460.0
53.71285033226013, 211305.0
53.73745608329773, 211923.0
53.824199199676514, 212411.0
53.85760521888733, 212915.0
53.91663908958435, 213442.0
57.13777303695679, 213675.0
57.21993613243103, 214295.0
57.22576904296875, 214730.0
57.24752902984619, 215094.0
57.28319716453552, 215402.0
57.92871713638306, 215787.0
57.92994999885559, 216547.0
58.88767910003662, 216677.0
58.960148096084595, 217576.0
59.17221713066101, 217656.0
59.2355101108551, 218043.0
60.16992712020874, 218263.0
60.294883251190186, 218413.0
60.31281924247742, 218468.0
60.34825396537781, 218473.0
60.472708225250244, 218832.0
60.50040817260742, 218862.0
60.5153021812439, 219807.0
60.63271927833557, 220263.0
60.64875602722168, 220893.0
61.40842318534851, 221189.0
61.466424226760864, 221951.0
61.813605070114136, 222113.0
61.93690323829651, 222295.0
62.1337993144989, 222332.0
62.28116035461426, 222612.0
62.28354620933533, 223203.0
62.320701360702515, 223964.0
62.32331418991089, 224915.0
62.40599226951599, 225635.0
62.58570122718811, 226266.0
62.732935190200806, 226333.0
62.7918803691864, 226881.0
63.36277508735657, 226907.0
67.10225629806519, 227064.0
67.26729321479797, 227263.0
67.28315329551697, 227688.0
67.61745524406433, 227993.0
67.95227694511414, 228709.0
68.07441306114197, 228999.0
69.22137117385864, 229460.0
69.67913317680359, 229556.0
69.68567705154419, 229735.0
70.58503413200378, 229945.0
70.58743023872375, 230462.0
70.65333819389343, 230737.0
70.77069211006165, 231153.0
70.80571603775024, 231199.0
71.02435302734375, 231424.0
71.67241024971008, 231565.0
71.67395114898682, 232264.0
71.71677803993225, 232847.0
71.71929121017456, 233629.0
74.92292094230652, 234041.0
75.11564421653748, 234069.0
75.24688410758972, 234447.0
75.39545702934265, 234499.0
75.41204714775085, 234718.0
76.16583228111267, 235054.0
76.46592998504639, 235163.0
76.5512421131134, 235613.0
76.61605620384216, 235783.0
76.65080332756042, 236472.0
76.74668312072754, 236654.0
76.8907310962677, 236952.0
81.10423922538757, 237263.0
81.45224332809448, 237966.0
81.581059217453, 238282.0
83.13151907920837, 238285.0
85.72119402885437, 238790.0
85.85065412521362, 239031.0
85.85437512397766, 239709.0
86.03418707847595, 239759.0
88.27217411994934, 239809.0
88.46611309051514, 239904.0
88.63568115234375, 239941.0
88.84535121917725, 240401.0
89.35396194458008, 240841.0
89.38668322563171, 241246.0
89.3890700340271, 241803.0
92.33963227272034, 242020.0
93.23396420478821, 242094.0
93.25458526611328, 242637.0
93.45999312400818, 242691.0
93.52798628807068, 243266.0
93.57871794700623, 243720.0
93.89509296417236, 243723.0
94.6109721660614, 243873.0
94.65811514854431, 244639.0
94.6593542098999, 245591.0
94.67890930175781, 246273.0
94.69514226913452, 246892.0
94.69870114326477, 247665.0
94.72203612327576, 248324.0
98.85419797897339, 248400.0
99.36230134963989, 248588.0
99.64701104164124, 248887.0
99.72385001182556, 249562.0
101.10798621177673, 249624.0
101.21021795272827, 249751.0
101.2854540348053, 250081.0
101.3113112449646, 250811.0
101.34097218513489, 251467.0
101.34221696853638, 252224.0
105.14738011360168, 253047.0
105.76672720909119, 253098.0
105.77291798591614, 253277.0
105.82774519920349, 253858.0
105.92369508743286, 254405.0
106.54582023620605, 254663.0
106.63558506965637, 255142.0
106.63928318023682, 255256.0
111.70101809501648, 255803.0
111.8328902721405, 255969.0
111.85661625862122, 256521.0
112.84201121330261, 256734.0
112.8483829498291, 257365.0
114.3625111579895, 257730.0
114.4101881980896, 258111.0
114.44438028335571, 258773.0
114.61448216438293, 258939.0
118.23204612731934, 259136.0
118.56039810180664, 259440.0
118.77093720436096, 259742.0
125.23095607757568, 259802.0
126.04370403289795, 259876.0
129.12083411216736, 259995.0
129.335214138031, 260177.0
129.38503217697144, 260947.0
129.45183205604553, 260977.0
129.4842119216919, 261682.0
129.48795008659363, 262535.0
129.493901014328, 262719.0
129.53317499160767, 263607.0
129.61754703521729, 263936.0
129.7429702281952, 264912.0
130.3695433139801, 265065.0
134.5213749408722, 265304.0
134.52500915527344, 265978.0
134.5785472393036, 266661.0
134.57992720603943, 267573.0
134.58587002754211, 268214.0
134.92630815505981, 268723.0
134.96767902374268, 269308.0
135.26365208625793, 269782.0
135.47200417518616, 270154.0
136.04424118995667, 270670.0
136.7402172088623, 270728.0
139.22093224525452, 270876.0
139.373455286026, 270897.0
139.502206325531, 271242.0
140.65440893173218, 271520.0
140.8860421180725, 271606.0
140.9087769985199, 272529.0
141.44469213485718, 273016.0
141.52756309509277, 273930.0
142.9283971786499, 273994.0
143.63645005226135, 274409.0
144.14153027534485, 274866.0
144.27806735038757, 275250.0
144.34053134918213, 275627.0
144.5343141555786, 275697.0
144.59893035888672, 276595.0
144.60018014907837, 276752.0
144.73221516609192, 276949.0
169.7722020149231, 277022.0
169.7784082889557, 277861.0
169.85920214653015, 277891.0
170.07905626296997, 277899.0
470.4305212497711, 277921.0
471.0029902458191, 278049.0
471.0042390823364, 278690.0
471.04423809051514, 279018.0
471.2703449726105, 279056.0
473.6421580314636, 279346.0
473.67854619026184, 280232.0
473.91618299484253, 280921.0
473.95960330963135, 281012.0
474.0069513320923, 281342.0
474.1545259952545, 281409.0
474.1946601867676, 281899.0
474.61458110809326, 282561.0
474.6572952270508, 282680.0
474.7470693588257, 283358.0
