0.0, 6290.0
0.42780637741088867, 6351.0
0.435117244720459, 6479.0
0.5542311668395996, 6587.0
0.5570900440216064, 6675.0
0.5574662685394287, 6795.0
0.5576603412628174, 6989.0
0.8830592632293701, 7076.0
1.0196731090545654, 7183.0
1.1896612644195557, 7288.0
1.1949131488800049, 7319.0
1.2773401737213135, 7440.0
1.415619134902954, 7550.0
1.472987174987793, 7587.0
1.9541501998901367, 7590.0
2.0853281021118164, 7681.0
2.380007266998291, 7772.0
2.4667932987213135, 7855.0
2.5542821884155273, 7990.0
2.655482292175293, 7996.0
2.658426284790039, 8128.0
2.726501226425171, 8286.0
3.0504040718078613, 8288.0
3.2073802947998047, 8303.0
3.207970142364502, 8461.0
3.508244276046753, 8477.0
3.5843751430511475, 8561.0
3.5850112438201904, 8677.0
3.5890250205993652, 8778.0
3.642510175704956, 8825.0
3.6458401679992676, 8861.0
3.727414131164551, 8875.0
3.73028302192688, 8878.0
3.863664150238037, 8983.0
4.004929065704346, 9040.0
4.074422121047974, 9152.0
4.18612813949585, 9240.0
4.196137189865112, 9369.0
4.290319204330444, 9489.0
4.7802722454071045, 9566.0
4.840510368347168, 9672.0
4.84414005279541, 9675.0
4.849112272262573, 9822.0
4.84991717338562, 9875.0
4.939004182815552, 9980.0
6.623506307601929, 9990.0
6.722846269607544, 10031.0
6.724990367889404, 10077.0
6.72628927230835, 10187.0
7.980858087539673, 10226.0
7.983576059341431, 10348.0
8.030806064605713, 10382.0
8.2554931640625, 10406.0
8.255939245223999, 10532.0
8.256136178970337, 10642.0
8.308464288711548, 10648.0
8.309132099151611, 10670.0
8.424696207046509, 10681.0
8.469528198242188, 10755.0
8.578184366226196, 10780.0
8.633218050003052, 10885.0
40.67114233970642, 10978.0
40.75980019569397, 11041.0
40.76572322845459, 11078.0
41.26005506515503, 11089.0
41.41304016113281, 11144.0
41.415647983551025, 11176.0
41.998982191085815, 11255.0
70.40396618843079, 11260.0
131.16650319099426, 11266.0
131.16768407821655, 11285.0
131.17028522491455, 11369.0
283.49856209754944, 11374.0
307.5449652671814, 11411.0
385.2051661014557, 11479.0
399.60106921195984, 11483.0
399.62692403793335, 11586.0
399.6766982078552, 11650.0
