0.0, 10042.0
1.8212149143218994, 10058.0
1.9602460861206055, 10059.0
2.150043249130249, 10060.0
2.210585117340088, 10280.0
2.219594955444336, 10281.0
2.283292293548584, 10375.0
2.5517990589141846, 10429.0
6.1712119579315186, 10433.0
8.271674156188965, 10513.0
8.654024124145508, 10567.0
8.77553915977478, 10583.0
8.78128719329834, 10607.0
8.786571025848389, 10648.0
8.975636959075928, 10689.0
9.02640414237976, 10691.0
9.256016254425049, 10770.0
9.859369039535522, 10771.0
10.605372190475464, 10798.0
10.799721002578735, 10845.0
10.802808046340942, 10902.0
10.892869234085083, 10977.0
11.976004123687744, 11026.0
12.026438236236572, 11044.0
12.133877992630005, 11062.0
12.176275253295898, 11126.0
18.5785710811615, 11256.0
22.477070093154907, 11285.0
22.57847809791565, 11356.0
23.47698712348938, 11376.0
23.850160121917725, 11439.0
24.079982042312622, 11463.0
24.120092153549194, 11464.0
29.27487826347351, 11495.0
29.420942068099976, 11514.0
29.62638807296753, 11603.0
29.686718940734863, 11659.0
29.824509143829346, 11665.0
29.875055074691772, 11705.0
29.920988082885742, 11847.0
30.234920263290405, 11857.0
38.657171964645386, 11907.0
38.65763711929321, 11908.0
38.65857911109924, 11909.0
38.762415170669556, 11925.0
38.81446123123169, 12041.0
38.872090101242065, 12082.0
38.930700063705444, 12117.0
267.12412691116333, 12149.0
267.54114508628845, 12224.0
268.1591022014618, 12245.0
270.21660804748535, 12340.0
270.5337772369385, 12448.0
270.66055607795715, 12464.0
355.7718210220337, 12519.0
356.3878400325775, 12547.0
356.7032880783081, 12571.0
357.0688621997833, 12624.0
357.2383370399475, 12660.0
