0.0, 3116.0
0.0028879642486572266, 3194.0
0.003464937210083008, 3303.0
0.004228115081787109, 3354.0
0.00529789924621582, 3457.0
0.006079912185668945, 3605.0
0.15059900283813477, 3678.0
0.1556549072265625, 3787.0
0.15678906440734863, 3903.0
0.23849987983703613, 4068.0
0.24027705192565918, 4204.0
0.24053597450256348, 4496.0
0.3206138610839844, 4576.0
0.32140183448791504, 4696.0
0.3253650665283203, 4778.0
0.32587599754333496, 4885.0
0.32991600036621094, 4898.0
0.6570479869842529, 4899.0
0.8677308559417725, 4908.0
1.2156779766082764, 4998.0
1.267073154449463, 5009.0
1.267383098602295, 5179.0
1.269758939743042, 5313.0
1.3691861629486084, 5369.0
1.418165922164917, 5409.0
1.5317718982696533, 5410.0
1.5812931060791016, 5507.0
1.5829429626464844, 5610.0
2.441969871520996, 5613.0
8.966995000839233, 5616.0
12.140068769454956, 5717.0
29.045571088790894, 5802.0
29.328135013580322, 5807.0
29.404597997665405, 5812.0
30.04957914352417, 5913.0
31.19036602973938, 6010.0
69.17004179954529, 6081.0
69.20571494102478, 6102.0
70.99281215667725, 6112.0
