0.0, 3813.0
0.00734400749206543, 4524.0
0.011845111846923828, 4567.0
0.01244211196899414, 4947.0
0.013145923614501953, 5456.0
0.013249874114990234, 6389.0
0.01622486114501953, 7180.0
0.016902923583984375, 7821.0
0.02036595344543457, 8425.0
0.227708101272583, 9101.0
0.22952699661254883, 9120.0
0.3365747928619385, 9754.0
0.3384590148925781, 9917.0
0.6785788536071777, 10193.0
0.6795709133148193, 10616.0
1.0123350620269775, 10659.0
1.0128087997436523, 10884.0
1.0129997730255127, 11453.0
1.0141711235046387, 11603.0
1.0150179862976074, 11998.0
1.0893468856811523, 12049.0
1.0915579795837402, 12244.0
1.0926518440246582, 13100.0
1.096519947052002, 13322.0
1.0969288349151611, 13768.0
1.1807289123535156, 13953.0
1.1856708526611328, 14410.0
1.282027006149292, 14594.0
1.2889368534088135, 14764.0
1.9514129161834717, 14843.0
1.951828956604004, 15634.0
1.9581921100616455, 15952.0
2.03633975982666, 16203.0
2.036747932434082, 16646.0
2.0368549823760986, 16725.0
2.089740037918091, 16881.0
2.0899507999420166, 17835.0
2.0928287506103516, 18353.0
2.145150899887085, 18918.0
2.14625883102417, 19829.0
9.294896125793457, 19982.0
9.628391027450562, 20143.0
9.680134773254395, 20429.0
9.680450916290283, 21220.0
15.92420506477356, 21616.0
21.71738600730896, 21990.0
21.72365403175354, 22477.0
21.72407603263855, 22850.0
21.753350734710693, 23173.0
60.084375858306885, 23578.0
60.14428210258484, 23717.0
60.14976692199707, 23817.0
60.1500678062439, 24012.0
60.18425989151001, 24193.0
60.231618881225586, 24334.0
60.23391890525818, 24777.0
63.63200092315674, 25105.0
67.1744978427887, 25106.0
67.21439099311829, 25191.0
67.21811699867249, 25319.0
67.21947002410889, 25421.0
67.30355405807495, 25520.0
67.49934697151184, 26007.0
67.54270696640015, 26950.0
