0.0, 3813.0
0.006072044372558594, 4524.0
0.13289189338684082, 4567.0
0.13350510597229004, 4947.0
0.13420701026916504, 5456.0
0.13431191444396973, 6389.0
0.13735604286193848, 7180.0
0.13804006576538086, 7821.0
0.14159107208251953, 8425.0
0.27401304244995117, 9101.0
0.27576184272766113, 9120.0
0.35767197608947754, 9754.0
0.35938596725463867, 9917.0
0.708745002746582, 10193.0
0.7095088958740234, 10616.0
0.9679298400878906, 10659.0
0.9684309959411621, 10884.0
0.9687380790710449, 11453.0
0.9697620868682861, 11603.0
0.9706571102142334, 11998.0
0.9716711044311523, 12049.0
0.9725871086120605, 12244.0
0.9735939502716064, 13100.0
1.0259840488433838, 13322.0
1.0263218879699707, 13768.0
1.0285708904266357, 13953.0
1.0287601947784424, 14410.0
1.0852138996124268, 14594.0
1.144611120223999, 14764.0
1.4241118431091309, 14843.0
1.424527883529663, 15634.0
1.4376919269561768, 15952.0
1.4428799152374268, 16203.0
1.4432928562164307, 16646.0
1.4434020519256592, 16725.0
1.5411431789398193, 16881.0
1.5413551330566406, 17835.0
1.5874669551849365, 18353.0
1.637303113937378, 18918.0
1.6384329795837402, 19829.0
7.92491602897644, 19982.0
8.511384963989258, 20143.0
8.626275777816772, 20429.0
8.626596927642822, 21220.0
14.869510889053345, 21616.0
20.860754013061523, 21990.0
20.90529203414917, 22477.0
20.905720949172974, 22850.0
20.906867027282715, 23173.0
60.73545289039612, 23578.0
60.78648805618286, 23717.0
60.82381296157837, 23817.0
60.82413387298584, 24012.0
60.828662157058716, 24193.0
60.90183782577515, 24334.0
60.904139041900635, 24777.0
64.49725294113159, 25105.0
68.18887710571289, 25106.0
68.25409007072449, 25191.0
68.25781202316284, 25319.0
68.25916910171509, 25421.0
68.39810419082642, 25520.0
68.65606307983398, 26007.0
68.7128598690033, 26950.0
