0.0, 24191.0
0.6485929489135742, 24223.0
0.8320372104644775, 24309.0
2.0224220752716064, 24313.0
2.1844120025634766, 24364.0
2.1921300888061523, 24396.0
2.4583001136779785, 24468.0
2.4807538986206055, 24521.0
2.5873770713806152, 24534.0
2.589808940887451, 24603.0
2.6962730884552, 24604.0
2.7400691509246826, 24737.0
2.756395101547241, 24767.0
2.758146047592163, 24790.0
2.853530168533325, 24796.0
2.8552052974700928, 24807.0
2.938410997390747, 24883.0
3.454191207885742, 24888.0
3.5293068885803223, 24903.0
3.5316591262817383, 25088.0
3.5683929920196533, 25089.0
3.7722790241241455, 25114.0
3.7888031005859375, 25249.0
3.8172521591186523, 25350.0
3.82122802734375, 25351.0
4.0145580768585205, 25428.0
4.015697002410889, 25570.0
4.080312252044678, 25571.0
4.11400032043457, 25622.0
4.12929630279541, 25679.0
4.550339221954346, 25725.0
4.607786178588867, 25790.0
4.700717210769653, 25797.0
4.912836074829102, 25882.0
4.916118144989014, 25883.0
5.0352442264556885, 25964.0
5.066676139831543, 26024.0
11.308027267456055, 26113.0
11.60299301147461, 26175.0
11.606508016586304, 26288.0
11.962555885314941, 26398.0
12.100274085998535, 26402.0
12.104857206344604, 26421.0
13.174732208251953, 26487.0
13.175928115844727, 26488.0
14.40191912651062, 26548.0
14.405335187911987, 26549.0
14.41062307357788, 26595.0
14.48187804222107, 26596.0
14.59151315689087, 26607.0
14.65414810180664, 26608.0
15.663332223892212, 26621.0
16.091954946517944, 26684.0
16.241008281707764, 26778.0
16.28953194618225, 26790.0
16.546349048614502, 26847.0
16.583170175552368, 26942.0
16.588993072509766, 26958.0
17.15372610092163, 26975.0
17.15774917602539, 26976.0
17.545793056488037, 27021.0
17.948281288146973, 27082.0
17.994831085205078, 27223.0
24.957815170288086, 27298.0
24.95955204963684, 27365.0
25.09991192817688, 27472.0
99.16815209388733, 27482.0
99.30523109436035, 27564.0
99.55160212516785, 27602.0
99.67301201820374, 27618.0
99.67717814445496, 27677.0
99.74969410896301, 27768.0
99.83259510993958, 27817.0
99.84319591522217, 27820.0
100.4753360748291, 27837.0
175.7194230556488, 27877.0
175.8324213027954, 27931.0
175.94291305541992, 28028.0
176.10722613334656, 28085.0
176.16631412506104, 28235.0
176.38696193695068, 28256.0
176.73015713691711, 28273.0
176.95278596878052, 28315.0
176.95463109016418, 28316.0
487.9917199611664, 28328.0
488.126837015152, 28419.0
