0.0, 27096.0
0.10391402244567871, 27280.0
0.1177518367767334, 27306.0
0.1276388168334961, 27311.0
0.12822389602661133, 27981.0
0.16635704040527344, 28772.0
0.17232108116149902, 28888.0
0.23850297927856445, 29537.0
0.25878000259399414, 30091.0
0.2948601245880127, 30647.0
0.2954528331756592, 31156.0
0.29604578018188477, 31710.0
0.30513882637023926, 32652.0
0.3103969097137451, 33256.0
0.34868478775024414, 33904.0
0.4905967712402344, 34048.0
0.4922928810119629, 34884.0
0.5087249279022217, 35215.0
0.5675127506256104, 35866.0
0.5934548377990723, 36104.0
0.5945799350738525, 36797.0
0.5984587669372559, 37739.0
0.7436947822570801, 37761.0
0.9005980491638184, 37811.0
1.2116947174072266, 38510.0
1.2191259860992432, 38547.0
1.2197158336639404, 38700.0
1.2289197444915771, 39242.0
1.2460107803344727, 39988.0
1.334216833114624, 40041.0
1.336439847946167, 40938.0
1.384274959564209, 41668.0
1.4059369564056396, 41962.0
1.606597900390625, 42331.0
1.6071879863739014, 42496.0
1.6107127666473389, 43076.0
1.6229138374328613, 43178.0
1.6486139297485352, 44097.0
1.6984829902648926, 44132.0
1.717113733291626, 44604.0
1.7430758476257324, 45158.0
1.8115530014038086, 45420.0
1.8287990093231201, 45718.0
1.98954176902771, 46380.0
2.0552499294281006, 47039.0
2.315309762954712, 47381.0
2.3327689170837402, 48022.0
2.3390610218048096, 48240.0
2.513223886489868, 48470.0
2.513821840286255, 49013.0
2.5144147872924805, 49411.0
2.5233659744262695, 50181.0
2.5286378860473633, 50870.0
2.5582969188690186, 51690.0
2.5823488235473633, 52042.0
3.039846897125244, 52123.0
3.0459988117218018, 52536.0
3.0711159706115723, 53493.0
3.133484125137329, 53944.0
3.135284900665283, 54638.0
3.157805919647217, 55282.0
3.160047769546509, 55303.0
3.1613829135894775, 55971.0
3.1632919311523438, 56830.0
3.2167370319366455, 57159.0
3.2286789417266846, 57617.0
3.2542128562927246, 58051.0
3.2668468952178955, 58962.0
3.289914846420288, 59126.0
3.2926909923553467, 59994.0
3.36682391166687, 60402.0
3.3895130157470703, 60557.0
3.622164011001587, 60956.0
3.628516912460327, 61116.0
3.7786848545074463, 61673.0
3.836601734161377, 62323.0
3.9722819328308105, 62962.0
3.9893698692321777, 63004.0
3.990515947341919, 63756.0
3.9949848651885986, 63783.0
4.178390741348267, 63839.0
4.180799961090088, 64427.0
4.182422876358032, 64748.0
4.2206878662109375, 65226.0
4.2449328899383545, 65592.0
4.248325824737549, 66038.0
4.265264987945557, 66054.0
4.29387092590332, 66358.0
4.2956438064575195, 66361.0
4.31005072593689, 66482.0
4.315531015396118, 66711.0
4.333139896392822, 67211.0
4.4347169399261475, 67459.0
4.442087888717651, 67865.0
4.442688941955566, 68294.0
4.447215795516968, 68858.0
5.327816963195801, 69346.0
5.342392921447754, 70331.0
5.445344924926758, 70465.0
5.641969919204712, 70538.0
5.653727054595947, 70769.0
5.660542011260986, 71728.0
5.690534830093384, 71759.0
5.705211877822876, 71930.0
5.73351788520813, 72738.0
5.734119892120361, 73233.0
5.7414069175720215, 74189.0
5.752028942108154, 74772.0
5.765631914138794, 75058.0
6.230199098587036, 75390.0
6.234177112579346, 76145.0
6.249552965164185, 76550.0
6.253577947616577, 77095.0
6.32131290435791, 77529.0
6.322467803955078, 77830.0
6.36700701713562, 78266.0
6.395234823226929, 78772.0
6.434956073760986, 79081.0
6.43950891494751, 79851.0
6.448853969573975, 80701.0
6.579397916793823, 81023.0
6.590986967086792, 81843.0
6.598517894744873, 82511.0
6.610368967056274, 82848.0
6.747720003128052, 83061.0
6.751775026321411, 83779.0
6.759232044219971, 84453.0
6.8227598667144775, 84787.0
6.868112802505493, 85620.0
6.875621795654297, 86055.0
6.916929006576538, 86637.0
6.97705602645874, 86708.0
6.982100963592529, 87035.0
6.999618768692017, 87919.0
7.003603935241699, 88240.0
7.04745078086853, 88421.0
7.051070928573608, 89213.0
7.15022087097168, 89472.0
7.159267902374268, 89583.0
7.159872055053711, 89907.0
7.163333892822266, 90660.0
7.167290925979614, 91598.0
7.177883863449097, 92316.0
7.261377811431885, 92478.0
7.2907679080963135, 92839.0
7.294723749160767, 93329.0
7.319493770599365, 93404.0
7.361953020095825, 93682.0
7.3637518882751465, 94497.0
7.416501998901367, 94552.0
7.539511680603027, 94894.0
7.556795835494995, 95561.0
7.557455778121948, 96144.0
7.586377859115601, 96325.0
7.595447063446045, 96862.0
7.596727132797241, 97538.0
7.598254919052124, 97915.0
7.601264953613281, 98128.0
7.602459907531738, 98185.0
7.605366945266724, 98350.0
7.607656002044678, 98959.0
7.75571084022522, 99001.0
7.9645466804504395, 99591.0
8.018430948257446, 99729.0
8.069093942642212, 100297.0
8.069709777832031, 100555.0
8.083072900772095, 101229.0
8.250770807266235, 101653.0
8.265246868133545, 102512.0
8.317185878753662, 102725.0
8.31905484199524, 102890.0
8.337804079055786, 102971.0
8.338412761688232, 103033.0
8.347635984420776, 103361.0
8.365129947662354, 103719.0
8.648982048034668, 103908.0
8.7324538230896, 104520.0
8.769758939743042, 104669.0
8.777784824371338, 105126.0
8.780099868774414, 105209.0
8.781301021575928, 105835.0
8.787660837173462, 106284.0
8.794955968856812, 106951.0
8.831753969192505, 107304.0
8.83384084701538, 107957.0
11.839765071868896, 108211.0
13.033344030380249, 108639.0
13.092461824417114, 108678.0
13.093665838241577, 108953.0
13.12269377708435, 109049.0
13.141796827316284, 109632.0
13.680616855621338, 109911.0
13.700792789459229, 110102.0
13.701972007751465, 110104.0
14.017496824264526, 110583.0
14.117862939834595, 110597.0
14.13517689704895, 110623.0
14.345993041992188, 110996.0
14.833639860153198, 111015.0
14.834265947341919, 111838.0
14.841866970062256, 112020.0
14.844496965408325, 112654.0
14.952388763427734, 112890.0
14.964408874511719, 113308.0
15.20415997505188, 113599.0
15.205715894699097, 114544.0
15.231061935424805, 114768.0
15.250877857208252, 114947.0
15.257084846496582, 114982.0
15.297947883605957, 115344.0
15.302321910858154, 116232.0
15.3142409324646, 116401.0
15.385876893997192, 116607.0
15.472498893737793, 116813.0
15.475568771362305, 117423.0
15.483322858810425, 118032.0
15.497358798980713, 118414.0
15.502113103866577, 119411.0
15.633398056030273, 119845.0
16.975647926330566, 119924.0
16.988484859466553, 120240.0
17.106510877609253, 120241.0
17.108330011367798, 120314.0
17.112843990325928, 121015.0
17.119797945022583, 121444.0
17.28420090675354, 121519.0
17.299405813217163, 121967.0
20.36559009552002, 122761.0
20.373114824295044, 123216.0
22.870226860046387, 123239.0
22.871384859085083, 123888.0
23.0466787815094, 124392.0
23.05617880821228, 124882.0
25.442843914031982, 125288.0
25.965590000152588, 125503.0
25.972516775131226, 126479.0
25.978883743286133, 126570.0
26.01539373397827, 126658.0
26.102410078048706, 126662.0
26.154595851898193, 127280.0
26.156389951705933, 128064.0
26.16780972480774, 128387.0
26.195897817611694, 128791.0
26.217644691467285, 128805.0
26.2414767742157, 128823.0
26.24614667892456, 129791.0
26.257433891296387, 129919.0
26.35011386871338, 130227.0
26.35418701171875, 130857.0
26.362834930419922, 130909.0
26.367498874664307, 131688.0
26.504287004470825, 131933.0
26.51759696006775, 132224.0
26.603327989578247, 132530.0
26.820045709609985, 132871.0
26.829642057418823, 133416.0
26.86309504508972, 133419.0
27.389784812927246, 133533.0
77.15238976478577, 133954.0
77.17682886123657, 133995.0
77.1828818321228, 134085.0
77.18470096588135, 134368.0
77.20411801338196, 135123.0
77.27649903297424, 135774.0
77.28187084197998, 136155.0
77.34915471076965, 136601.0
77.43399286270142, 137477.0
77.56771779060364, 138162.0
77.5726249217987, 138909.0
77.65207386016846, 138977.0
77.6550829410553, 139407.0
77.7293529510498, 140257.0
80.87182688713074, 140663.0
81.13141894340515, 140884.0
81.14958906173706, 141058.0
81.18796491622925, 141199.0
127.50413274765015, 141317.0
128.20195293426514, 141996.0
128.29161977767944, 142430.0
128.31867599487305, 142433.0
128.32212090492249, 142632.0
128.32446908950806, 143531.0
232.29323196411133, 144060.0
232.397931098938, 144460.0
232.57195281982422, 144734.0
232.72487688064575, 145107.0
232.7573881149292, 145793.0
232.82121872901917, 145838.0
377.42276883125305, 146164.0
380.06115984916687, 146744.0
380.23932790756226, 147243.0
380.24291372299194, 147674.0
380.89766669273376, 148031.0
391.2404019832611, 148250.0
391.45624589920044, 148435.0
391.5175607204437, 148643.0
