0.0, 10042.0
1.5228307247161865, 10058.0
1.579176902770996, 10059.0
1.7441458702087402, 10060.0
1.7935917377471924, 10280.0
1.8458688259124756, 10281.0
1.8496878147125244, 10375.0
2.120877742767334, 10429.0
5.60244083404541, 10433.0
7.4622437953948975, 10513.0
7.8424928188323975, 10567.0
8.112375736236572, 10583.0
8.117604732513428, 10607.0
8.210575819015503, 10648.0
8.347699880599976, 10689.0
8.410620927810669, 10691.0
8.572343826293945, 10770.0
9.14277195930481, 10771.0
9.908430814743042, 10798.0
10.01869797706604, 10845.0
10.022106885910034, 10902.0
10.093698740005493, 10977.0
10.961889743804932, 11026.0
10.980801105499268, 11044.0
11.1546471118927, 11062.0
11.228099822998047, 11126.0
16.668052911758423, 11256.0
19.9286527633667, 11285.0
20.0235698223114, 11356.0
20.815670013427734, 11376.0
21.16616988182068, 11439.0
21.373843908309937, 11463.0
21.37736201286316, 11464.0
25.084621906280518, 11495.0
25.218737840652466, 11514.0
25.346783876419067, 11603.0
25.42154288291931, 11659.0
25.48380970954895, 11665.0
25.55179500579834, 11705.0
25.606414794921875, 11847.0
25.894068956375122, 11857.0
33.0091118812561, 11907.0
33.009580850601196, 11908.0
33.0104877948761, 11909.0
33.07032608985901, 11925.0
33.10777711868286, 12041.0
33.145503997802734, 12082.0
33.215375900268555, 12117.0
215.70271587371826, 12149.0
216.00797700881958, 12224.0
216.52217388153076, 12245.0
218.1110179424286, 12340.0
218.35085797309875, 12448.0
218.41573882102966, 12464.0
285.9111518859863, 12519.0
286.4206268787384, 12547.0
286.60619592666626, 12571.0
286.90285992622375, 12624.0
287.0287718772888, 12660.0
530.5315299034119, 12781.0
