0.0, 50202.0
0.523345947265625, 50262.0
0.6710898876190186, 50263.0
1.0178289413452148, 50264.0
1.2948107719421387, 50328.0
2.945478916168213, 50329.0
4.306124687194824, 50417.0
4.563126802444458, 50631.0
5.047109842300415, 50653.0
5.341768980026245, 50718.0
5.5836639404296875, 50826.0
8.560342073440552, 50874.0
8.849925994873047, 50875.0
9.0347421169281, 50879.0
9.255483865737915, 51033.0
9.414671897888184, 51140.0
10.317229747772217, 51227.0
15.108130693435669, 51240.0
15.556679010391235, 51270.0
16.343435049057007, 51358.0
16.787827014923096, 51438.0
16.82636070251465, 51444.0
18.77107000350952, 51569.0
19.400060892105103, 51570.0
22.216731786727905, 51585.0
22.301519870758057, 51669.0
22.39130187034607, 51721.0
22.49987292289734, 51729.0
23.174232721328735, 51730.0
30.966543912887573, 51771.0
31.261269092559814, 51772.0
31.26790499687195, 51846.0
33.001593828201294, 51851.0
33.85069799423218, 51852.0
33.91723299026489, 51853.0
34.09121489524841, 51856.0
37.09873104095459, 51974.0
37.76830697059631, 51995.0
38.04707884788513, 51996.0
39.006710052490234, 52046.0
39.829833030700684, 52081.0
39.978455781936646, 52180.0
51.504586935043335, 52206.0
52.581526041030884, 52275.0
52.858192920684814, 52299.0
57.667263984680176, 52333.0
58.30885291099548, 52368.0
58.34848690032959, 52369.0
58.387775897979736, 52430.0
59.54328775405884, 52451.0
60.26524090766907, 52493.0
61.543498039245605, 52601.0
65.75774598121643, 52633.0
66.8857889175415, 52710.0
69.24872779846191, 52786.0
69.93456292152405, 52878.0
74.99103283882141, 52879.0
78.16297388076782, 52970.0
78.25223684310913, 53034.0
79.04558491706848, 53056.0
79.10622191429138, 53137.0
79.76801204681396, 53177.0
79.8888509273529, 53178.0
82.95844292640686, 53253.0
83.35629391670227, 53263.0
83.65413999557495, 53343.0
83.71627807617188, 53387.0
84.17539191246033, 53479.0
84.17819094657898, 53480.0
84.65100693702698, 53522.0
85.06589889526367, 53581.0
85.33609700202942, 53627.0
85.55156993865967, 53629.0
86.63979291915894, 53724.0
88.088613986969, 53794.0
88.50899887084961, 53849.0
88.65501594543457, 53889.0
88.90287280082703, 53906.0
90.49363780021667, 53929.0
101.56300091743469, 54039.0
101.98099374771118, 54041.0
105.54028701782227, 54045.0
105.6867618560791, 54116.0
105.88412976264954, 54132.0
105.93151378631592, 54263.0
106.3665931224823, 54324.0
106.42255592346191, 54341.0
109.43619108200073, 54394.0
109.499764919281, 54395.0
109.74745488166809, 54404.0
110.46760296821594, 54467.0
110.5260260105133, 54583.0
115.18198585510254, 54596.0
115.69935894012451, 54602.0
127.12553286552429, 54605.0
132.55586194992065, 54677.0
132.71061897277832, 54768.0
282.47982907295227, 54803.0
282.53385400772095, 54879.0
282.53624391555786, 54915.0
282.5969557762146, 55011.0
282.59931898117065, 55012.0
282.87175989151, 55154.0
284.24068093299866, 55158.0
284.7561368942261, 55160.0
285.26448678970337, 55179.0
285.45039892196655, 55218.0
285.78191804885864, 55330.0
309.7460849285126, 55357.0
310.5484359264374, 55406.0
310.7025408744812, 55429.0
310.95757603645325, 55512.0
311.24516797065735, 55633.0
311.492604970932, 55673.0
312.48555278778076, 55781.0
312.5195620059967, 55808.0
318.16557788848877, 55886.0
330.6589298248291, 55966.0
330.8389377593994, 56098.0
332.07636308670044, 56115.0
332.13940691947937, 56235.0
340.1402509212494, 56252.0
