0.0, 50202.0
0.662970781326294, 50262.0
0.7265689373016357, 50263.0
1.283890962600708, 50264.0
1.720777988433838, 50328.0
3.7557990550994873, 50329.0
5.348247051239014, 50417.0
5.585463047027588, 50631.0
5.868876695632935, 50653.0
6.171678781509399, 50718.0
6.338074684143066, 50826.0
9.567522048950195, 50874.0
9.840662956237793, 50875.0
9.979349851608276, 50879.0
10.235107660293579, 51033.0
10.434364795684814, 51140.0
11.502424716949463, 51227.0
17.110116720199585, 51240.0
17.570749759674072, 51270.0
18.65809202194214, 51358.0
19.14806604385376, 51438.0
19.189291954040527, 51444.0
21.5550537109375, 51569.0
22.255674839019775, 51570.0
25.157795667648315, 51585.0
25.262234687805176, 51669.0
25.3057279586792, 51721.0
25.433796882629395, 51729.0
26.188273906707764, 51730.0
34.42286682128906, 51771.0
34.6961567401886, 51772.0
34.73854684829712, 51846.0
36.46798896789551, 51851.0
37.319249868392944, 51852.0
37.402283906936646, 51853.0
37.52924084663391, 51856.0
40.32305979728699, 51974.0
40.99194073677063, 51995.0
41.26789402961731, 51996.0
42.13132166862488, 52046.0
42.88482880592346, 52081.0
43.0182089805603, 52180.0
54.426140785217285, 52206.0
55.60952186584473, 52275.0
55.87199091911316, 52299.0
60.441481828689575, 52333.0
60.99440884590149, 52368.0
61.00635480880737, 52369.0
61.11424684524536, 52430.0
62.35175967216492, 52451.0
63.02074074745178, 52493.0
64.28830170631409, 52601.0
68.55202078819275, 52633.0
69.76213574409485, 52710.0
72.06987595558167, 52786.0
72.71028280258179, 52878.0
78.10432195663452, 52879.0
82.29776382446289, 52970.0
82.38481879234314, 53034.0
83.45197486877441, 53056.0
83.55094385147095, 53137.0
84.45806694030762, 53177.0
84.63638973236084, 53178.0
88.30847001075745, 53253.0
88.80235481262207, 53263.0
89.15602993965149, 53343.0
89.22673201560974, 53387.0
89.77037692070007, 53479.0
89.7877779006958, 53480.0
90.32610583305359, 53522.0
90.8235776424408, 53581.0
91.13769865036011, 53627.0
91.5241208076477, 53629.0
92.86813473701477, 53724.0
94.5741708278656, 53794.0
95.12238574028015, 53849.0
95.32197785377502, 53889.0
95.6071708202362, 53906.0
97.22169876098633, 53929.0
110.10747480392456, 54039.0
110.66111278533936, 54041.0
114.81220293045044, 54045.0
114.98618078231812, 54116.0
115.19141674041748, 54132.0
115.26586389541626, 54263.0
115.76494002342224, 54324.0
115.83927989006042, 54341.0
119.11346483230591, 54394.0
119.17358779907227, 54395.0
119.42287373542786, 54404.0
120.31490778923035, 54467.0
120.33291172981262, 54583.0
125.83969569206238, 54596.0
126.42488479614258, 54602.0
139.90803790092468, 54605.0
146.4518337249756, 54677.0
146.62660884857178, 54768.0
319.9615387916565, 54803.0
320.0195288658142, 54879.0
320.0333218574524, 54915.0
320.10144090652466, 55011.0
320.10386991500854, 55012.0
320.3960738182068, 55154.0
321.96607279777527, 55158.0
322.5588388442993, 55160.0
323.1543598175049, 55179.0
323.3916869163513, 55218.0
323.7910237312317, 55330.0
351.97399282455444, 55357.0
352.95102095603943, 55406.0
353.09578585624695, 55429.0
353.41211795806885, 55512.0
353.75375986099243, 55633.0
354.0295898914337, 55673.0
355.395005941391, 55781.0
355.43111395835876, 55808.0
362.038822889328, 55886.0
376.6654226779938, 55966.0
376.8870940208435, 56098.0
378.30139899253845, 56115.0
378.407616853714, 56235.0
387.7380459308624, 56252.0
