0.0, 6290.0
0.3227372169494629, 6351.0
0.3288910388946533, 6479.0
0.594080924987793, 6587.0
0.596951961517334, 6675.0
0.5973730087280273, 6795.0
0.5975899696350098, 6989.0
1.066972017288208, 7076.0
1.191659927368164, 7183.0
1.386056900024414, 7288.0
1.399827003479004, 7319.0
1.4882848262786865, 7440.0
1.660292148590088, 7550.0
1.7319748401641846, 7587.0
2.114078998565674, 7590.0
2.189301013946533, 7681.0
2.3829009532928467, 7772.0
2.4515221118927, 7855.0
2.4541239738464355, 7990.0
2.530081033706665, 7996.0
2.5796449184417725, 8128.0
2.587026834487915, 8286.0
2.9665908813476562, 8288.0
3.126161813735962, 8303.0
3.1268069744110107, 8461.0
3.3053290843963623, 8477.0
3.310973882675171, 8561.0
3.311612844467163, 8677.0
3.3906760215759277, 8778.0
3.395745038986206, 8825.0
3.398484945297241, 8861.0
3.582929849624634, 8875.0
3.585040807723999, 8878.0
3.7329180240631104, 8983.0
3.757715940475464, 9040.0
3.860883951187134, 9152.0
3.963320016860962, 9240.0
4.007120132446289, 9369.0
4.014402151107788, 9489.0
4.560520887374878, 9566.0
4.566866874694824, 9672.0
4.608032941818237, 9675.0
4.611740827560425, 9822.0
4.612412929534912, 9875.0
4.668628931045532, 9980.0
6.254032135009766, 9990.0
6.336184024810791, 10031.0
6.338373184204102, 10077.0
6.3396759033203125, 10187.0
7.572710037231445, 10226.0
7.5757529735565186, 10348.0
7.621483087539673, 10382.0
7.83951210975647, 10406.0
7.839960098266602, 10532.0
7.896748065948486, 10642.0
7.904320001602173, 10648.0
7.904994964599609, 10670.0
8.026202201843262, 10681.0
8.070604085922241, 10755.0
8.188859939575195, 10780.0
8.231003999710083, 10885.0
39.57068395614624, 10978.0
39.67475414276123, 11041.0
39.68032622337341, 11078.0
40.15538001060486, 11089.0
40.287911891937256, 11144.0
40.290854930877686, 11176.0
40.8627450466156, 11255.0
67.0346519947052, 11260.0
128.44068503379822, 11266.0
128.44238805770874, 11285.0
128.46685791015625, 11369.0
285.66995882987976, 11374.0
310.8941218852997, 11411.0
391.5090169906616, 11479.0
405.85472106933594, 11483.0
405.8777599334717, 11586.0
405.9362108707428, 11650.0
