0.0, 55395.0
0.7807459831237793, 55552.0
0.8369300365447998, 56215.0
1.3391098976135254, 56935.0
1.704308032989502, 56969.0
3.996325969696045, 57267.0
4.40403413772583, 57657.0
4.410645008087158, 58504.0
5.353475093841553, 59157.0
5.402614116668701, 59241.0
5.452205181121826, 59715.0
5.619839906692505, 59787.0
5.654645919799805, 60112.0
5.659096956253052, 60914.0
5.969955921173096, 61404.0
6.134350061416626, 61776.0
6.23708176612854, 62535.0
6.406531095504761, 62801.0
9.507416009902954, 62904.0
9.852450132369995, 63788.0
11.673709154129028, 64222.0
11.957722902297974, 64830.0
11.962114095687866, 65157.0
12.287091970443726, 65841.0
12.492300033569336, 65951.0
13.273571014404297, 66716.0
17.11309790611267, 67372.0
17.427811861038208, 67861.0
17.455810070037842, 68589.0
17.70842695236206, 69031.0
18.514018058776855, 69044.0
18.619019031524658, 69691.0
18.712787866592407, 70054.0
19.075145959854126, 71052.0
19.140209913253784, 71261.0
19.357051849365234, 71771.0
19.414620876312256, 72478.0
19.85302495956421, 73061.0
20.306316137313843, 73852.0
20.55599594116211, 74305.0
21.558087825775146, 74432.0
22.277236938476562, 75291.0
23.453758001327515, 75969.0
23.82943105697632, 76488.0
24.811173915863037, 76874.0
25.975694179534912, 76921.0
26.065253973007202, 77242.0
26.069371938705444, 77592.0
26.15265679359436, 78046.0
26.23992609977722, 78389.0
27.164435863494873, 78610.0
30.256592988967896, 78838.0
30.422548055648804, 79072.0
32.86199402809143, 79177.0
32.867058992385864, 79947.0
32.92395997047424, 79983.0
33.02591586112976, 80968.0
33.338350772857666, 81236.0
33.50422501564026, 81431.0
33.508660078048706, 82075.0
33.60288095474243, 82761.0
34.254830837249756, 83314.0
34.650883197784424, 83837.0
34.82367300987244, 84266.0
34.92850208282471, 85253.0
35.314857959747314, 85970.0
35.35453486442566, 86889.0
35.45782780647278, 87425.0
35.79978895187378, 87868.0
35.80521607398987, 88093.0
35.8077609539032, 88770.0
35.85040593147278, 88928.0
36.128901958465576, 89579.0
36.70756506919861, 89596.0
36.75786280632019, 90081.0
37.99688386917114, 90821.0
38.08390402793884, 91808.0
39.05432081222534, 92610.0
39.10525107383728, 93296.0
39.25236797332764, 93853.0
41.74976897239685, 94030.0
41.75223183631897, 94472.0
41.9467830657959, 94478.0
41.99237775802612, 95046.0
42.04237103462219, 95418.0
42.183233976364136, 96294.0
42.27340912818909, 96685.0
42.27642798423767, 97489.0
43.278563022613525, 97671.0
44.47973394393921, 97891.0
45.01393008232117, 98490.0
45.18229103088379, 99310.0
48.40872883796692, 99435.0
48.64240312576294, 100066.0
49.62642002105713, 100776.0
50.222065925598145, 101145.0
50.32323098182678, 101699.0
51.813228130340576, 101730.0
51.815670013427734, 102219.0
51.82727408409119, 102472.0
51.82955503463745, 103114.0
51.831794023513794, 103930.0
54.593350887298584, 104578.0
55.52633714675903, 104592.0
55.53081202507019, 105386.0
55.58146595954895, 105881.0
55.97048497200012, 106373.0
56.11877393722534, 106601.0
56.162233114242554, 107273.0
56.16685700416565, 107551.0
56.21781301498413, 108287.0
56.65703296661377, 108805.0
56.79835486412048, 108912.0
57.25234413146973, 109107.0
57.450095891952515, 109293.0
57.464662075042725, 109862.0
57.51606607437134, 110691.0
57.91246294975281, 110973.0
58.03409790992737, 111143.0
59.46245002746582, 111643.0
59.8721809387207, 111694.0
60.390998125076294, 112296.0
60.432908058166504, 112867.0
60.92710876464844, 112941.0
61.003085136413574, 113011.0
61.139811754226685, 113457.0
61.144355058670044, 113594.0
61.357523918151855, 114480.0
61.599833965301514, 115421.0
61.839751958847046, 116259.0
61.895029067993164, 116589.0
62.69517111778259, 117332.0
63.883063077926636, 117425.0
63.885375022888184, 118417.0
63.93462777137756, 118773.0
64.51679396629333, 118979.0
64.98205590248108, 119472.0
65.03052401542664, 119940.0
65.63999700546265, 119944.0
65.6842110157013, 120552.0
65.78137397766113, 121170.0
67.84226989746094, 122047.0
69.76454710960388, 122479.0
69.90713405609131, 122561.0
69.94862294197083, 123541.0
70.02525115013123, 123835.0
70.12753105163574, 123869.0
70.63580393791199, 124505.0
71.5994770526886, 124526.0
72.37865710258484, 124616.0
73.0370728969574, 124705.0
73.14330387115479, 125616.0
73.54576587677002, 125962.0
73.54812908172607, 126903.0
73.55041408538818, 127446.0
73.67460989952087, 128430.0
73.7415189743042, 128881.0
73.9338870048523, 129392.0
74.89113712310791, 129747.0
75.18923091888428, 129941.0
75.193922996521, 130337.0
75.19853281974792, 130919.0
75.60784482955933, 130928.0
75.73311686515808, 131791.0
75.89762091636658, 132601.0
76.7805528640747, 132886.0
77.60798907279968, 133616.0
78.5426459312439, 134184.0
79.04796385765076, 134329.0
79.05029392242432, 134712.0
79.11156988143921, 135583.0
79.59691381454468, 135953.0
79.76222014427185, 136277.0
79.86124801635742, 136336.0
80.10054206848145, 136458.0
80.97500491142273, 137363.0
82.17177081108093, 137397.0
82.17777681350708, 138005.0
83.1963279247284, 138064.0
83.31658792495728, 138103.0
83.31892514228821, 138935.0
83.3544340133667, 139435.0
83.58309412002563, 140326.0
83.93192505836487, 140767.0
84.04962992668152, 141224.0
84.15929079055786, 141562.0
84.16938805580139, 141671.0
84.30073189735413, 142057.0
87.58332705497742, 142228.0
88.03768610954285, 142451.0
88.65436601638794, 142719.0
88.71352696418762, 142749.0
88.71837282180786, 142931.0
88.84524703025818, 143776.0
89.76106810569763, 144099.0
89.89356899261475, 144714.0
89.97081589698792, 144921.0
89.97712111473083, 145082.0
90.00884413719177, 145174.0
90.15206789970398, 145278.0
90.25410485267639, 145708.0
91.38301277160645, 146269.0
92.16145491600037, 146580.0
92.32887387275696, 147007.0
92.58035397529602, 147154.0
92.67951893806458, 147263.0
92.70603704452515, 147975.0
93.055832862854, 148368.0
93.13528203964233, 148832.0
94.2900140285492, 149050.0
94.77331781387329, 149589.0
94.99426007270813, 149669.0
95.21709275245667, 150019.0
95.21943402290344, 150135.0
95.22693705558777, 151104.0
95.29993200302124, 151188.0
95.33178091049194, 151588.0
95.49561285972595, 152320.0
95.535640001297, 152939.0
95.66874384880066, 153455.0
95.92686200141907, 153659.0
95.96910905838013, 153678.0
97.48567080497742, 153880.0
97.76475691795349, 153981.0
97.80461692810059, 154109.0
98.17906308174133, 154263.0
98.78222703933716, 154587.0
98.85196995735168, 155235.0
99.07850098609924, 155664.0
100.31454706192017, 155851.0
100.76835584640503, 156107.0
100.94416999816895, 156556.0
100.9818229675293, 156782.0
101.02174592018127, 157382.0
101.55018997192383, 157652.0
101.6235249042511, 158105.0
101.7016749382019, 158667.0
102.14527487754822, 159099.0
102.18743300437927, 159363.0
102.18974280357361, 160334.0
102.38617992401123, 160686.0
102.79604291915894, 161022.0
102.90362906455994, 161701.0
103.00964784622192, 162516.0
103.22812795639038, 163374.0
104.36033987998962, 163512.0
104.40224385261536, 163985.0
104.60828804969788, 164398.0
104.74464988708496, 164886.0
104.78025197982788, 165591.0
107.55332088470459, 166450.0
107.58966994285583, 167136.0
107.60041189193726, 168066.0
108.23663115501404, 168338.0
108.67938208580017, 168780.0
108.86648917198181, 168900.0
108.91497898101807, 169446.0
109.98752498626709, 169784.0
110.12712597846985, 170758.0
110.15803813934326, 170761.0
110.2815670967102, 171217.0
111.1529049873352, 171251.0
111.3327648639679, 171314.0
111.3350830078125, 172202.0
111.47002387046814, 173099.0
111.50488591194153, 173872.0
111.64836096763611, 174269.0
111.68896198272705, 174900.0
112.02386593818665, 174909.0
112.98879098892212, 175356.0
113.9648871421814, 175444.0
114.03292179107666, 175643.0
114.33134603500366, 176568.0
114.70030689239502, 176601.0
115.03819179534912, 177235.0
115.07198905944824, 178217.0
115.21360683441162, 178489.0
115.4369740486145, 179473.0
115.73546504974365, 180260.0
116.48331999778748, 180625.0
116.85351490974426, 180675.0
120.46677207946777, 181227.0
120.49126696586609, 181846.0
120.54736995697021, 182071.0
121.01827311515808, 182132.0
121.06349277496338, 183044.0
121.28748607635498, 183512.0
121.3922770023346, 184293.0
121.49000883102417, 184580.0
121.60095310211182, 185559.0
121.98649096488953, 186142.0
123.00495100021362, 186557.0
123.04751896858215, 187111.0
124.35678219795227, 187506.0
126.13553476333618, 187676.0
126.28989100456238, 187947.0
126.34309506416321, 188831.0
126.4413058757782, 189145.0
126.49927592277527, 189839.0
126.6474289894104, 190316.0
126.71788692474365, 190421.0
126.78304100036621, 191241.0
126.88668489456177, 192002.0
126.92333698272705, 192259.0
126.98845481872559, 192333.0
127.14006614685059, 192613.0
127.77634787559509, 193398.0
132.84773778915405, 193803.0
132.98478198051453, 194312.0
133.02634501457214, 194607.0
133.25859093666077, 194765.0
133.3005828857422, 195046.0
133.43889999389648, 195559.0
133.5541000366211, 195657.0
134.2533140182495, 196273.0
134.2879319190979, 196747.0
134.4485318660736, 197251.0
138.7747220993042, 197602.0
139.73119378089905, 197880.0
140.31386709213257, 198358.0
140.5404999256134, 198630.0
140.7232630252838, 198851.0
140.87186002731323, 199750.0
141.74320197105408, 200269.0
141.8643000125885, 200831.0
142.14571595191956, 201495.0
142.47310495376587, 201987.0
142.57206201553345, 202771.0
143.25120997428894, 202897.0
145.4149980545044, 202914.0
146.07154989242554, 203296.0
146.10132884979248, 204080.0
146.10830688476562, 205055.0
147.42472887039185, 205509.0
149.99867796897888, 205945.0
150.0601499080658, 205971.0
150.1343879699707, 206738.0
150.40421199798584, 206979.0
150.68843007087708, 207279.0
154.74102306365967, 207316.0
154.95686101913452, 208141.0
158.107253074646, 208511.0
158.29221200942993, 209497.0
158.49980401992798, 209725.0
159.7555341720581, 209734.0
159.9428517818451, 210576.0
160.37285208702087, 211563.0
161.49846696853638, 211811.0
161.50103187561035, 212568.0
161.56699895858765, 213340.0
161.90854597091675, 213700.0
162.4718189239502, 213942.0
163.12141275405884, 214127.0
163.1884250640869, 214136.0
163.29596281051636, 214548.0
164.62977576255798, 214744.0
164.81581115722656, 215197.0
165.95471096038818, 215820.0
165.95704984664917, 216298.0
166.00086307525635, 216938.0
166.84403204917908, 217283.0
166.91959404945374, 217608.0
167.31749391555786, 217715.0
167.35293292999268, 218239.0
169.52021098136902, 218714.0
170.90022611618042, 218766.0
172.0702850818634, 218909.0
172.07266306877136, 219741.0
172.138267993927, 220145.0
172.36318278312683, 220614.0
172.4710841178894, 220732.0
172.57422995567322, 221304.0
173.9514880180359, 221871.0
174.18068289756775, 222601.0
174.52257585525513, 223587.0
174.5294280052185, 224158.0
174.73299503326416, 224593.0
175.42756986618042, 225074.0
175.49598002433777, 225326.0
181.53849816322327, 225998.0
184.4587459564209, 226196.0
184.61924004554749, 226845.0
211.40059995651245, 227628.0
211.59155416488647, 228040.0
211.69861698150635, 228218.0
211.81333684921265, 229208.0
212.01368188858032, 229530.0
212.06199407577515, 229694.0
212.27933597564697, 229904.0
212.3205749988556, 230188.0
212.9172329902649, 230826.0
214.59003496170044, 230932.0
214.79938578605652, 231347.0
215.46129417419434, 231403.0
215.91256093978882, 231845.0
216.39435696601868, 232655.0
216.53107690811157, 232989.0
216.75978589057922, 233550.0
216.7931649684906, 233896.0
217.34207701683044, 234357.0
217.6746780872345, 234913.0
218.13925790786743, 235132.0
226.41931295394897, 235751.0
227.40170812606812, 235807.0
242.99484705924988, 235825.0
243.01685094833374, 236516.0
243.14074182510376, 237287.0
268.6491870880127, 237922.0
269.6656880378723, 238099.0
269.8332040309906, 238398.0
270.77538895606995, 238696.0
272.5852220058441, 238828.0
272.58955097198486, 239558.0
272.6717371940613, 239975.0
272.6834099292755, 240400.0
272.71990299224854, 240994.0
273.08775997161865, 241007.0
273.6488530635834, 241037.0
281.15227484703064, 241163.0
281.4312789440155, 241945.0
281.61959505081177, 242074.0
292.9290380477905, 242758.0
293.0062379837036, 242976.0
298.18845105171204, 243315.0
298.26723408699036, 243422.0
298.3495559692383, 244332.0
299.28961205482483, 244638.0
299.9551348686218, 245369.0
300.35486793518066, 246054.0
300.5543508529663, 246527.0
301.336797952652, 247092.0
301.37378311157227, 247271.0
301.5167438983917, 247497.0
302.3386218547821, 248292.0
303.8693368434906, 248492.0
304.4901797771454, 248634.0
304.5675127506256, 249268.0
307.47184109687805, 249411.0
309.1185448169708, 249939.0
309.12323784828186, 250412.0
309.5085780620575, 250438.0
311.4237549304962, 250751.0
311.45032811164856, 251038.0
311.7149078845978, 251494.0
311.80774188041687, 251512.0
311.8759379386902, 251935.0
311.991681098938, 252793.0
313.4072959423065, 252994.0
313.4166331291199, 253331.0
313.43870282173157, 253916.0
313.96962308883667, 254625.0
314.0422489643097, 254673.0
314.1509199142456, 254687.0
314.222806930542, 255188.0
314.4151909351349, 255317.0
314.89215898513794, 255643.0
314.96830010414124, 256590.0
316.0156338214874, 256976.0
316.30746388435364, 257406.0
316.4347379207611, 258077.0
316.6937630176544, 258455.0
317.11773705482483, 258532.0
317.38937973976135, 258667.0
319.9851610660553, 258810.0
320.5602960586548, 258818.0
320.59419894218445, 259475.0
323.81869101524353, 259640.0
324.9591529369354, 259902.0
325.10446286201477, 260787.0
325.2814950942993, 260910.0
325.3222658634186, 261295.0
325.99618577957153, 261817.0
326.8511290550232, 262171.0
326.93083691596985, 262562.0
327.0451259613037, 263142.0
327.2750210762024, 263847.0
327.720253944397, 264253.0
327.81170296669006, 265034.0
328.60239005088806, 265044.0
328.6366319656372, 265587.0
329.4827678203583, 265621.0
329.8737721443176, 265912.0
330.1282000541687, 266049.0
330.32423996925354, 266094.0
330.4536509513855, 266430.0
359.9169647693634, 266759.0
360.13287806510925, 267354.0
360.14316487312317, 267367.0
360.43589305877686, 267519.0
364.0977759361267, 267856.0
364.135192155838, 267977.0
365.7933461666107, 268403.0
365.83368492126465, 268431.0
365.8697237968445, 269402.0
462.6669120788574, 269889.0
462.7853319644928, 270214.0
462.8106269836426, 270408.0
463.55243396759033, 270420.0
463.5848708152771, 270557.0
463.9777729511261, 270616.0
464.3218581676483, 271303.0
464.5460500717163, 271320.0
467.1245379447937, 271396.0
468.7566909790039, 271431.0
468.92874813079834, 272000.0
468.9642810821533, 272251.0
468.966717004776, 272268.0
469.18031096458435, 273084.0
469.7865710258484, 273667.0
549.5410079956055, 273734.0
549.5740301609039, 273895.0
549.7309408187866, 274169.0
549.9812319278717, 275012.0
550.2284181118011, 275069.0
558.7790548801422, 275219.0
558.9172759056091, 275608.0
559.0995290279388, 275641.0
559.1628501415253, 275744.0
559.2133388519287, 275801.0
580.2647681236267, 275954.0
580.554524898529, 276159.0
581.5615088939667, 276448.0
