0.0, 13361.0
0.023374080657958984, 13682.0
0.02529001235961914, 13823.0
0.028397083282470703, 14392.0
0.04123806953430176, 15251.0
0.09360003471374512, 15601.0
0.09440922737121582, 15703.0
0.10024309158325195, 15852.0
0.10375022888183594, 15861.0
0.10396695137023926, 16651.0
0.10738801956176758, 17540.0
0.11484098434448242, 17586.0
0.1333470344543457, 17829.0
0.14932799339294434, 18735.0
0.1517190933227539, 18838.0
0.15380191802978516, 19201.0
0.170302152633667, 19206.0
0.1741490364074707, 19464.0
0.17542386054992676, 19576.0
0.20921897888183594, 19632.0
0.23508596420288086, 20131.0
0.23858904838562012, 20139.0
0.2622702121734619, 20704.0
0.26548194885253906, 21344.0
0.2852661609649658, 21599.0
0.28617429733276367, 22483.0
0.29225707054138184, 22820.0
0.29638218879699707, 23198.0
0.2966001033782959, 23456.0
0.301023006439209, 23821.0
0.3109161853790283, 24070.0
0.31665706634521484, 24143.0
0.3205909729003906, 25054.0
0.3238341808319092, 25880.0
0.3346550464630127, 26789.0
0.3414740562438965, 27247.0
0.34330010414123535, 27526.0
0.3512282371520996, 27645.0
0.3528449535369873, 27790.0
0.392596960067749, 28153.0
0.42124009132385254, 28773.0
0.4240849018096924, 29543.0
0.6383652687072754, 29625.0
0.8260440826416016, 29791.0
1.2133429050445557, 30072.0
1.2750940322875977, 30524.0
1.2827692031860352, 31173.0
1.313117265701294, 31301.0
1.320051908493042, 31392.0
1.3218090534210205, 31686.0
1.3484690189361572, 32113.0
1.3599610328674316, 32331.0
1.3607971668243408, 32416.0
1.3739399909973145, 32568.0
1.3772251605987549, 32841.0
1.3828790187835693, 32865.0
1.391078233718872, 33754.0
1.3961231708526611, 33917.0
1.397853136062622, 34459.0
1.4117000102996826, 34549.0
1.4129841327667236, 34767.0
1.4140470027923584, 35662.0
1.4698669910430908, 35785.0
1.4707849025726318, 36578.0
1.6718530654907227, 36619.0
1.6789560317993164, 37332.0
1.683816909790039, 37656.0
1.6885490417480469, 38225.0
1.6889891624450684, 39137.0
1.6926541328430176, 39301.0
1.6929042339324951, 40154.0
1.713212251663208, 40181.0
1.8114049434661865, 40722.0
1.8681881427764893, 40769.0
1.8714559078216553, 41257.0
1.8741590976715088, 41548.0
1.8762481212615967, 42028.0
1.8764891624450684, 42037.0
1.8783011436462402, 42828.0
1.8907270431518555, 42940.0
1.8961122035980225, 43646.0
1.9175999164581299, 43900.0
1.9550740718841553, 43934.0
1.9756479263305664, 43937.0
2.118291139602661, 44536.0
2.1229450702667236, 44895.0
2.1264171600341797, 45192.0
2.1288981437683105, 45982.0
2.146066188812256, 46497.0
2.17368221282959, 46943.0
2.9707682132720947, 47106.0
2.973266124725342, 47434.0
3.022778034210205, 47895.0
3.023635149002075, 48200.0
3.026172161102295, 49067.0
3.0318288803100586, 49799.0
3.045527935028076, 50252.0
3.050326108932495, 51071.0
3.0532352924346924, 51223.0
3.0539309978485107, 51740.0
3.0584850311279297, 52080.0
3.066160202026367, 52468.0
3.120232105255127, 52812.0
3.121342897415161, 53007.0
3.1397740840911865, 53118.0
3.141066074371338, 53202.0
3.163694143295288, 53726.0
3.175889015197754, 53795.0
3.180432081222534, 53940.0
5.024521112442017, 54112.0
5.036964178085327, 54323.0
5.064554929733276, 54544.0
6.890223026275635, 55138.0
6.893672943115234, 55920.0
6.897841215133667, 56573.0
6.898697137832642, 57073.0
6.902553081512451, 57303.0
6.9067370891571045, 58174.0
6.909949064254761, 59078.0
7.399355173110962, 59379.0
11.874153852462769, 60231.0
22.256831884384155, 60515.0
22.261325120925903, 61272.0
22.26344609260559, 61701.0
22.267784118652344, 62556.0
22.27481484413147, 62591.0
25.84850811958313, 62746.0
26.05109405517578, 62882.0
26.053425073623657, 63106.0
26.06667685508728, 63242.0
52.29309415817261, 63317.0
52.33640909194946, 64217.0
52.3446900844574, 64406.0
52.34644913673401, 64894.0
90.1505880355835, 65085.0
90.15469908714294, 65379.0
90.4486300945282, 65396.0
109.52506589889526, 65489.0
389.7728171348572, 66083.0
389.99927401542664, 66205.0
390.00369811058044, 66257.0
