0.0, 59619.0
1.7488319873809814, 59698.0
1.8981728553771973, 59813.0
4.973247051239014, 59901.0
5.490394115447998, 60008.0
6.126994848251343, 60163.0
6.223181962966919, 60277.0
6.8387861251831055, 60396.0
6.98342490196228, 60504.0
8.61890196800232, 60614.0
8.975935935974121, 60659.0
9.109520196914673, 60783.0
9.111709833145142, 60910.0
9.468732118606567, 61012.0
10.093353033065796, 61013.0
10.103953838348389, 61146.0
10.274809122085571, 61268.0
10.345088958740234, 61409.0
11.622830152511597, 61430.0
11.624924182891846, 61559.0
11.87759518623352, 61570.0
11.919415950775146, 61686.0
11.979413032531738, 61794.0
12.464988231658936, 61888.0
12.947195053100586, 61997.0
13.275393962860107, 62116.0
13.652198076248169, 62202.0
13.740978956222534, 62269.0
13.849711179733276, 62402.0
14.801214933395386, 62518.0
16.284526109695435, 62619.0
16.428197145462036, 62698.0
16.5224289894104, 62814.0
16.524721145629883, 62918.0
19.456568002700806, 63013.0
20.008764028549194, 63116.0
20.666343927383423, 63195.0
21.32996916770935, 63304.0
21.84402298927307, 63383.0
22.17889714241028, 63515.0
25.374430894851685, 63608.0
25.48171901702881, 63718.0
25.709625959396362, 63818.0
27.04253578186035, 63819.0
30.99851107597351, 63915.0
33.1115460395813, 64010.0
34.07125401496887, 64101.0
34.07356786727905, 64304.0
34.52646493911743, 64369.0
34.66598606109619, 64484.0
34.72315788269043, 64607.0
35.21315097808838, 64730.0
35.30059599876404, 64863.0
35.59992599487305, 64902.0
36.04795694351196, 65059.0
36.24126315116882, 65171.0
36.29180407524109, 65285.0
36.637815952301025, 65312.0
37.25379395484924, 65387.0
37.26492691040039, 65518.0
41.55072903633118, 65519.0
42.1220920085907, 65522.0
42.126484870910645, 65806.0
42.409104108810425, 65920.0
42.54714488983154, 66090.0
42.855693101882935, 66272.0
43.08742094039917, 66425.0
43.22942900657654, 66545.0
43.28352618217468, 66701.0
43.35231399536133, 66817.0
45.55147910118103, 66850.0
46.05380702018738, 67005.0
46.117197036743164, 67100.0
46.485974073410034, 67216.0
46.5322470664978, 67319.0
49.53890895843506, 67376.0
50.33455801010132, 67512.0
51.74640679359436, 67551.0
51.81585097312927, 67712.0
51.95732307434082, 67914.0
52.75968313217163, 67978.0
52.86195921897888, 68106.0
52.87463402748108, 68217.0
53.18080711364746, 68408.0
54.55875086784363, 68499.0
55.22001004219055, 68509.0
56.16502594947815, 68591.0
56.25381898880005, 68721.0
56.25624394416809, 68825.0
56.3166708946228, 68967.0
56.87308311462402, 69104.0
57.067853927612305, 69107.0
57.11152696609497, 69242.0
57.116169929504395, 69355.0
57.15647006034851, 69496.0
57.558034896850586, 69618.0
57.70823812484741, 69629.0
57.863505840301514, 69779.0
58.341602087020874, 69785.0
58.60156011581421, 69808.0
58.67831301689148, 69913.0
58.80345797538757, 69963.0
58.91532588005066, 70168.0
59.31960105895996, 70283.0
59.456855058670044, 70396.0
59.51629304885864, 70511.0
61.25393509864807, 70619.0
62.917661905288696, 70693.0
64.57418894767761, 70854.0
64.7587480545044, 70955.0
65.08808183670044, 71116.0
68.23521780967712, 71221.0
68.32279706001282, 71374.0
68.50140309333801, 71559.0
68.55074715614319, 71708.0
69.24312710762024, 71911.0
69.86348104476929, 72013.0
70.9492290019989, 72054.0
70.98928189277649, 72194.0
71.08746790885925, 72388.0
71.38929891586304, 72406.0
71.67144393920898, 72411.0
71.74112510681152, 72564.0
71.74658513069153, 72790.0
71.97682404518127, 72918.0
73.50297689437866, 73006.0
73.84894585609436, 73107.0
74.03657007217407, 73216.0
74.15402388572693, 73318.0
74.53518891334534, 73498.0
74.77941393852234, 73603.0
75.02252697944641, 73709.0
75.06714797019958, 73810.0
75.46190404891968, 73822.0
75.4640281200409, 74002.0
76.9231309890747, 74014.0
76.97200512886047, 74108.0
77.65559077262878, 74317.0
78.09293103218079, 74392.0
78.5024950504303, 74501.0
79.30368995666504, 74515.0
79.62680292129517, 74526.0
79.62895512580872, 74653.0
79.79550790786743, 74797.0
79.79982209205627, 74925.0
79.85054397583008, 75066.0
80.4547917842865, 75210.0
81.70524406433105, 75215.0
82.85479402542114, 75316.0
84.7628321647644, 75421.0
84.83197093009949, 75582.0
85.03414392471313, 75598.0
85.32950806617737, 75703.0
86.20023012161255, 75798.0
86.5041561126709, 75907.0
87.07901787757874, 75991.0
87.11258316040039, 76106.0
87.82829403877258, 76313.0
89.0711600780487, 76411.0
89.60013794898987, 76517.0
90.00041007995605, 76593.0
90.03698086738586, 76702.0
90.3449718952179, 76812.0
92.05029606819153, 76895.0
92.08937382698059, 77017.0
92.31344103813171, 77044.0
92.8370201587677, 77212.0
94.03362202644348, 77316.0
94.5315911769867, 77378.0
94.68874788284302, 77514.0
95.1215648651123, 77676.0
95.14642882347107, 77899.0
95.33042979240417, 78012.0
95.76265907287598, 78102.0
95.82669520378113, 78209.0
96.42532992362976, 78296.0
96.9005138874054, 78400.0
97.05462384223938, 78502.0
97.45687794685364, 78538.0
97.46608400344849, 78687.0
97.50927305221558, 78789.0
97.76740598678589, 78985.0
98.82363104820251, 78987.0
98.83945798873901, 79111.0
99.44957685470581, 79118.0
102.72168803215027, 79205.0
105.80123591423035, 79293.0
106.13108611106873, 79364.0
106.27470588684082, 79483.0
107.50439190864563, 79611.0
108.44192314147949, 79705.0
108.50829005241394, 79807.0
109.21213483810425, 79898.0
109.56047201156616, 80015.0
109.94273710250854, 80092.0
110.59953784942627, 80116.0
113.4056088924408, 80137.0
113.62602996826172, 80211.0
114.53552794456482, 80273.0
114.67065596580505, 80314.0
115.88141417503357, 80410.0
116.00319695472717, 80511.0
116.06845211982727, 80616.0
124.30513310432434, 80688.0
124.47309589385986, 80774.0
125.12495994567871, 80888.0
125.12956094741821, 81083.0
125.43710994720459, 81087.0
125.59179902076721, 81097.0
125.71982312202454, 81148.0
126.05719590187073, 81411.0
126.05998396873474, 81614.0
126.20220685005188, 81617.0
126.58958578109741, 81643.0
126.72973895072937, 81648.0
126.9312539100647, 81657.0
127.03722286224365, 81815.0
127.06936812400818, 81819.0
128.1260280609131, 81907.0
130.50359392166138, 82001.0
130.7893590927124, 82090.0
131.05440497398376, 82199.0
131.4775631427765, 82217.0
132.809898853302, 82263.0
132.81988716125488, 82494.0
135.59251809120178, 82587.0
136.03467106819153, 82694.0
136.48970198631287, 82718.0
138.0521080493927, 82803.0
138.06968593597412, 82909.0
138.75673484802246, 82916.0
139.21888995170593, 82961.0
139.2420551776886, 83109.0
140.12581491470337, 83280.0
140.438866853714, 83366.0
140.89032006263733, 83501.0
141.2540740966797, 83541.0
141.32860803604126, 83680.0
141.43131494522095, 83810.0
141.7228410243988, 83930.0
141.87677693367004, 83984.0
142.15632605552673, 84003.0
144.5809829235077, 84026.0
144.79401206970215, 84054.0
145.13130497932434, 84146.0
145.28066992759705, 84261.0
145.51464104652405, 84319.0
145.64561414718628, 84517.0
146.91321110725403, 84591.0
147.092294216156, 84698.0
147.52590107917786, 84775.0
147.72743797302246, 84825.0
147.90210890769958, 84936.0
147.90449404716492, 85084.0
148.25686597824097, 85205.0
148.61226105690002, 85276.0
148.61463594436646, 85401.0
148.97820901870728, 85578.0
149.10315704345703, 85687.0
149.3770990371704, 85806.0
149.6165509223938, 85912.0
149.65283298492432, 86016.0
150.01623797416687, 86079.0
150.19215416908264, 86188.0
150.33178114891052, 86302.0
151.25505208969116, 86433.0
151.50459384918213, 86582.0
151.56745100021362, 86594.0
154.70515298843384, 86613.0
154.70985794067383, 86761.0
155.06063985824585, 86771.0
159.2564778327942, 86802.0
159.33689379692078, 86913.0
160.19860196113586, 86987.0
160.5233130455017, 87114.0
161.41014289855957, 87207.0
161.74236798286438, 87211.0
162.1326720714569, 87289.0
162.16417002677917, 87392.0
162.74548506736755, 87497.0
164.79794096946716, 87610.0
164.92991399765015, 87699.0
165.04907393455505, 87757.0
165.27045392990112, 87906.0
165.85583519935608, 88013.0
166.20456504821777, 88084.0
166.27725195884705, 88185.0
166.96472692489624, 88313.0
167.45895195007324, 88414.0
167.69127917289734, 88562.0
167.90844702720642, 88579.0
168.34731483459473, 88672.0
168.64267802238464, 88771.0
168.73032116889954, 88917.0
170.43097686767578, 88967.0
170.56462001800537, 89089.0
174.22781205177307, 89103.0
174.48350310325623, 89294.0
174.93000388145447, 89295.0
175.2292971611023, 89349.0
175.2642858028412, 89384.0
175.47747611999512, 89493.0
175.6773180961609, 89508.0
175.79270386695862, 89598.0
175.99875617027283, 89612.0
176.5865888595581, 89676.0
177.01796984672546, 89705.0
178.25153303146362, 89710.0
178.98258209228516, 89804.0
179.04653906822205, 89905.0
179.75505089759827, 90011.0
180.3525629043579, 90016.0
181.83820796012878, 90082.0
182.6322648525238, 90189.0
182.8215880393982, 90200.0
184.94782519340515, 90317.0
186.70151901245117, 90328.0
187.01682806015015, 90500.0
187.49266815185547, 90589.0
187.75575399398804, 90618.0
189.86826395988464, 90665.0
190.0811309814453, 90708.0
190.30335783958435, 90756.0
190.48340797424316, 90808.0
190.6935269832611, 90867.0
190.95726990699768, 90878.0
191.25049018859863, 91005.0
191.6935920715332, 91037.0
191.71474409103394, 91188.0
192.2396740913391, 91289.0
192.3525218963623, 91411.0
194.77042698860168, 91517.0
195.7166121006012, 91519.0
197.0050549507141, 91583.0
197.04115390777588, 91699.0
197.1989722251892, 91700.0
197.88717889785767, 91702.0
197.97951292991638, 91807.0
198.20637893676758, 91860.0
198.9559760093689, 91918.0
199.3957290649414, 92011.0
199.4037480354309, 92016.0
199.49068212509155, 92017.0
200.22473120689392, 92021.0
200.2346339225769, 92158.0
200.27505779266357, 92311.0
202.44972109794617, 92339.0
202.5115180015564, 92498.0
202.66266894340515, 92613.0
203.5583460330963, 92614.0
204.32515597343445, 92618.0
204.73359990119934, 92655.0
204.97797203063965, 92712.0
204.9850721359253, 92872.0
205.18713998794556, 92896.0
206.2034080028534, 92913.0
224.5627520084381, 92992.0
224.7446949481964, 93119.0
225.88507390022278, 93207.0
226.14992785453796, 93314.0
228.48134088516235, 93402.0
228.90105390548706, 93405.0
229.95197010040283, 93410.0
230.12311697006226, 93418.0
239.69931888580322, 93512.0
239.87403011322021, 93526.0
239.98316311836243, 93719.0
243.845773935318, 93750.0
243.8726031780243, 93896.0
243.91671013832092, 93907.0
248.31490397453308, 93910.0
248.67729997634888, 94012.0
248.70608496665955, 94113.0
249.2240309715271, 94118.0
250.20725083351135, 94131.0
250.65815997123718, 94316.0
252.59023785591125, 94393.0
252.597149848938, 94509.0
252.80704498291016, 94707.0
252.91630578041077, 94813.0
253.67958807945251, 94907.0
253.6884000301361, 95100.0
254.76564192771912, 95113.0
255.34257888793945, 95209.0
255.98118901252747, 95214.0
256.29686093330383, 95255.0
256.37098693847656, 95375.0
256.3803958892822, 95477.0
256.5852620601654, 95508.0
256.76052498817444, 95586.0
266.04911613464355, 95597.0
266.63645195961, 95606.0
267.01802492141724, 95615.0
267.52586102485657, 95629.0
267.530650138855, 95766.0
267.64448714256287, 95890.0
268.11927008628845, 95897.0
268.76479411125183, 95908.0
269.4589900970459, 95967.0
269.5434138774872, 96100.0
269.6455018520355, 96124.0
269.7482988834381, 96219.0
269.7807159423828, 96391.0
270.12898993492126, 96416.0
270.26815700531006, 96471.0
270.4825930595398, 96506.0
271.3563470840454, 96521.0
271.4199719429016, 96646.0
271.43239402770996, 96819.0
272.0173490047455, 96923.0
272.0499370098114, 97099.0
273.15969610214233, 97218.0
274.90043807029724, 97280.0
275.7913279533386, 97299.0
281.52383303642273, 97374.0
287.35625100135803, 97417.0
289.5711658000946, 97498.0
289.83572912216187, 97549.0
289.936870098114, 97657.0
290.0541880130768, 97812.0
294.1977550983429, 97918.0
297.4297389984131, 98016.0
299.36726808547974, 98018.0
318.465754032135, 98079.0
318.84398102760315, 98181.0
318.98309302330017, 98203.0
319.1352288722992, 98208.0
337.0060148239136, 98239.0
337.06470704078674, 98411.0
337.4446179866791, 98487.0
337.5887930393219, 98611.0
338.7912859916687, 98794.0
348.7816889286041, 98882.0
348.9515950679779, 98893.0
349.12806391716003, 98950.0
350.13554406166077, 98964.0
350.20695400238037, 98996.0
350.9147849082947, 99018.0
360.14387917518616, 99117.0
360.2695369720459, 99118.0
365.5899088382721, 99204.0
365.62431621551514, 99318.0
366.05523204803467, 99321.0
366.2123341560364, 99467.0
366.42594814300537, 99508.0
369.57360196113586, 99591.0
370.1594579219818, 99600.0
373.5479369163513, 99708.0
374.36934900283813, 99882.0
374.61989283561707, 99987.0
374.80532813072205, 100095.0
375.33776688575745, 100199.0
375.54841113090515, 100207.0
376.5163571834564, 100307.0
377.08426213264465, 100308.0
377.33613204956055, 100380.0
377.8715269565582, 100414.0
379.12093591690063, 100506.0
380.13791608810425, 100509.0
380.4313340187073, 100611.0
380.91658115386963, 100639.0
381.1031119823456, 100722.0
381.53886890411377, 100818.0
383.5401849746704, 100864.0
383.6591811180115, 100950.0
383.89195489883423, 101059.0
383.9084210395813, 101174.0
384.3576068878174, 101310.0
389.834214925766, 101410.0
391.28686690330505, 101613.0
391.84471917152405, 101715.0
392.1782739162445, 101777.0
416.6519091129303, 101860.0
419.75701904296875, 101867.0
419.77837109565735, 102018.0
424.58086705207825, 102068.0
425.0325229167938, 102131.0
425.064190864563, 102299.0
425.1477689743042, 102305.0
506.0648670196533, 102318.0
507.14875197410583, 102393.0
507.3360710144043, 102475.0
507.4704968929291, 102510.0
507.6101849079132, 102568.0
507.9004819393158, 102571.0
507.9796898365021, 102816.0
508.1079399585724, 102874.0
508.4550099372864, 102916.0
508.6575119495392, 102978.0
508.74552297592163, 103048.0
508.89555287361145, 103049.0
508.9418349266052, 103169.0
509.10615706443787, 103318.0
509.62793588638306, 103415.0
509.8430190086365, 103457.0
509.8655459880829, 103612.0
598.4919369220734, 103613.0
