0.0, 1195.0
0.004287242889404297, 1297.0
0.19899320602416992, 1390.0
0.30074119567871094, 1392.0
0.4019582271575928, 1486.0
0.5411441326141357, 1494.0
0.5427722930908203, 1588.0
0.543140172958374, 1673.0
0.5433781147003174, 1797.0
0.5464639663696289, 1887.0
0.5478360652923584, 1928.0
0.5482091903686523, 2009.0
0.639214038848877, 2062.0
0.6437101364135742, 2064.0
0.645888090133667, 2150.0
0.6537289619445801, 2186.0
0.656109094619751, 2188.0
0.6605291366577148, 2274.0
0.8099250793457031, 2283.0
1.0264902114868164, 2293.0
1.9192020893096924, 2392.0
2.1545042991638184, 2475.0
2.9703621864318848, 2495.0
