0.0, 3989.0
0.349318265914917, 4091.0
0.4962282180786133, 4632.0
0.5016682147979736, 5046.0
0.50347900390625, 5130.0
0.503535270690918, 5246.0
0.5035929679870605, 6238.0
0.6216130256652832, 6376.0
0.6310892105102539, 6476.0
0.634227991104126, 6833.0
1.0024409294128418, 7068.0
1.0029661655426025, 7353.0
1.0140390396118164, 7508.0
1.1461639404296875, 7655.0
1.148780107498169, 8296.0
3.0746071338653564, 8538.0
3.554140329360962, 8900.0
3.558255195617676, 9789.0
5.308320045471191, 9940.0
5.527292251586914, 9959.0
5.968999147415161, 9960.0
6.071745157241821, 10472.0
6.073408126831055, 10566.0
7.316555023193359, 10631.0
