0.0, 1195.0
0.00689387321472168, 1297.0
0.38373374938964844, 1390.0
0.39730381965637207, 1392.0
0.4075298309326172, 1486.0
0.5420889854431152, 1494.0
0.5435347557067871, 1588.0
0.5439138412475586, 1673.0
0.5441799163818359, 1797.0
0.546597957611084, 1887.0
0.5477619171142578, 1928.0
0.5481259822845459, 2009.0
0.6321249008178711, 2062.0
0.6365859508514404, 2064.0
0.7185187339782715, 2150.0
0.7220497131347656, 2186.0
0.7241449356079102, 2188.0
0.7278237342834473, 2274.0
0.7999868392944336, 2283.0
0.9759209156036377, 2293.0
1.5634448528289795, 2392.0
1.7235348224639893, 2475.0
2.3053109645843506, 2495.0
