0.0, 9825.0
0.33707499504089355, 10059.0
0.3393418788909912, 10161.0
0.34139299392700195, 10387.0
0.34160709381103516, 10415.0
0.5641560554504395, 10508.0
0.5651769638061523, 11168.0
0.567936897277832, 11547.0
0.5718080997467041, 11973.0
0.6899840831756592, 12812.0
0.8055398464202881, 13584.0
0.8063740730285645, 14149.0
0.8067789077758789, 14381.0
0.9570348262786865, 14515.0
0.9659368991851807, 14710.0
1.1948680877685547, 14830.0
1.1974198818206787, 15399.0
1.2802808284759521, 15806.0
1.2817609310150146, 16027.0
1.4830238819122314, 16414.0
1.4832448959350586, 16662.0
1.4891319274902344, 17605.0
1.558457851409912, 18324.0
1.5607240200042725, 18809.0
1.831969976425171, 18942.0
1.8942639827728271, 19609.0
2.426492929458618, 19641.0
2.4284889698028564, 19767.0
2.4984238147735596, 19890.0
2.505436897277832, 19893.0
2.951333999633789, 19992.0
3.0033209323883057, 20599.0
3.003757953643799, 21072.0
3.166731119155884, 21074.0
3.1736338138580322, 21454.0
3.313416004180908, 21957.0
3.7447688579559326, 22321.0
3.79742693901062, 22486.0
3.8025240898132324, 22916.0
3.9192657470703125, 22947.0
3.922908067703247, 23783.0
3.994905948638916, 23874.0
3.9965479373931885, 24071.0
3.997918128967285, 24518.0
3.998776912689209, 24728.0
4.103119850158691, 25226.0
4.316300868988037, 25411.0
4.892405033111572, 25492.0
4.8928468227386475, 26444.0
4.893702983856201, 26944.0
4.901105880737305, 27026.0
4.957228899002075, 27621.0
6.922568082809448, 28136.0
7.347336053848267, 28791.0
7.9740049839019775, 28839.0
8.708086967468262, 29018.0
8.722748041152954, 29236.0
8.802213907241821, 29357.0
8.923727989196777, 29802.0
9.954532861709595, 30400.0
10.01741099357605, 31170.0
15.313184022903442, 31630.0
15.394125938415527, 31984.0
29.345979928970337, 32210.0
33.017751932144165, 32542.0
33.01798415184021, 33422.0
33.02057695388794, 33817.0
50.96649408340454, 34253.0
50.96735692024231, 34319.0
51.21517300605774, 34410.0
51.21588587760925, 34451.0
51.21655201911926, 35009.0
51.26085305213928, 35213.0
51.31179714202881, 35432.0
304.5622308254242, 35718.0
304.6342239379883, 35973.0
316.3750958442688, 36791.0
352.3100428581238, 37150.0
368.60196590423584, 37704.0
368.6435511112213, 37743.0
368.70500683784485, 37799.0
368.7085828781128, 38506.0
379.58391785621643, 39396.0
397.4833769798279, 39593.0
430.100683927536, 40079.0
432.8552510738373, 40366.0
433.39769673347473, 40377.0
435.1070568561554, 40694.0
436.39808797836304, 41041.0
436.50349974632263, 41789.0
436.51009011268616, 42021.0
439.9619207382202, 42116.0
441.4235808849335, 42418.0
441.43142008781433, 42643.0
441.43297290802, 42925.0
441.4655599594116, 43020.0
441.5004680156708, 43774.0
441.5360679626465, 43993.0
441.5708260536194, 44119.0
441.6024000644684, 44146.0
441.6400339603424, 44309.0
441.64753007888794, 44713.0
441.99860310554504, 44837.0
443.4921989440918, 45107.0
443.49598693847656, 45807.0
461.52467489242554, 46133.0
461.8322079181671, 46160.0
461.8755180835724, 46190.0
467.8264729976654, 46217.0
467.86678314208984, 46759.0
469.71208691596985, 46983.0
471.7664210796356, 47135.0
471.9187169075012, 47421.0
