0.0, 3627.0
0.0027360916137695312, 3742.0
0.004519224166870117, 3868.0
0.011941194534301758, 4150.0
0.012000083923339844, 4278.0
0.012058258056640625, 5189.0
0.012900114059448242, 5913.0
0.01465606689453125, 6166.0
0.014980077743530273, 6256.0
0.015038251876831055, 7002.0
0.015200138092041016, 7114.0
0.015310049057006836, 7558.0
0.015740156173706055, 8199.0
0.016164064407348633, 8301.0
0.01686716079711914, 8816.0
0.01692795753479004, 9026.0
0.01749706268310547, 9251.0
0.017835140228271484, 9322.0
0.02062821388244629, 9635.0
0.03978705406188965, 10111.0
0.040116310119628906, 10306.0
0.040884971618652344, 11148.0
0.04328322410583496, 11723.0
0.04424595832824707, 12129.0
0.05115532875061035, 12181.0
0.07255911827087402, 13011.0
0.0787661075592041, 13166.0
0.0841829776763916, 13237.0
0.08547711372375488, 13710.0
0.0876471996307373, 14140.0
0.08802103996276855, 14393.0
0.09008526802062988, 15086.0
0.09141135215759277, 15151.0
0.14779424667358398, 16017.0
0.16008210182189941, 16199.0
0.18811798095703125, 16258.0
0.1891491413116455, 16619.0
0.18930506706237793, 17217.0
0.18995928764343262, 17401.0
0.1904129981994629, 18192.0
0.19161605834960938, 18474.0
0.19590115547180176, 18988.0
0.20014619827270508, 19257.0
0.2015092372894287, 19580.0
1.5179729461669922, 19673.0
1.5239872932434082, 20439.0
1.5240943431854248, 21327.0
1.5242011547088623, 21618.0
1.5250771045684814, 22403.0
6.3377461433410645, 22575.0
6.461998224258423, 22623.0
6.462526321411133, 23393.0
6.464878082275391, 23572.0
6.467079162597656, 23584.0
6.764909029006958, 23670.0
6.766893148422241, 23798.0
6.77834415435791, 23859.0
7.316701173782349, 24006.0
7.35548210144043, 24012.0
7.357429027557373, 24336.0
7.384310007095337, 24370.0
7.463604927062988, 24806.0
7.5332911014556885, 24849.0
7.533859014511108, 25510.0
7.719592332839966, 25822.0
7.776570081710815, 26034.0
7.810993194580078, 26418.0
7.831447124481201, 26719.0
7.845598220825195, 26743.0
7.8736732006073, 27206.0
7.899295330047607, 27524.0
7.94988226890564, 27695.0
8.02386212348938, 27726.0
