0.0, 1173.0
0.00618290901184082, 1633.0
0.006532907485961914, 2090.0
0.008277654647827148, 2357.0
0.017259836196899414, 2380.0
0.017325878143310547, 2736.0
0.01772284507751465, 3034.0
0.01776289939880371, 3758.0
0.02476811408996582, 4094.0
0.02490091323852539, 4885.0
0.02499675750732422, 5609.0
0.025369882583618164, 5953.0
0.02551889419555664, 6522.0
0.032176971435546875, 6648.0
0.03696179389953613, 6784.0
0.038391828536987305, 6939.0
0.03871488571166992, 7174.0
0.053427934646606445, 7327.0
0.053569793701171875, 7440.0
0.054811954498291016, 7968.0
0.05638289451599121, 7991.0
0.05929303169250488, 8115.0
0.08524584770202637, 8364.0
0.08741092681884766, 8631.0
0.09285998344421387, 8783.0
