0.0, 6745.0
0.0062639713287353516, 6952.0
0.006363868713378906, 7883.0
0.006510019302368164, 8653.0
0.0068438053131103516, 9190.0
0.007654905319213867, 9311.0
0.008642911911010742, 9400.0
0.00869607925415039, 9471.0
0.008749008178710938, 10345.0
0.022215843200683594, 10479.0
0.022705078125, 11338.0
0.024065017700195312, 11566.0
0.03084111213684082, 11618.0
0.03593111038208008, 11695.0
0.0368649959564209, 11719.0
0.03746199607849121, 12150.0
0.03943181037902832, 12850.0
0.04138493537902832, 13106.0
0.04172992706298828, 13208.0
0.04197812080383301, 14160.0
0.04796886444091797, 14219.0
0.04917597770690918, 14794.0
0.04981708526611328, 15454.0
0.05212998390197754, 15618.0
0.08474898338317871, 15628.0
0.0854039192199707, 15877.0
0.08643698692321777, 16216.0
0.09914994239807129, 16690.0
0.10050511360168457, 17076.0
0.1014399528503418, 17358.0
0.10267376899719238, 18070.0
0.10273504257202148, 19003.0
0.10375809669494629, 19198.0
0.1056361198425293, 19227.0
0.10689401626586914, 20077.0
0.1071019172668457, 20406.0
0.10861992835998535, 20684.0
3.860273838043213, 20715.0
5.328355073928833, 20933.0
5.329272985458374, 20938.0
5.743470907211304, 21104.0
5.747412919998169, 21136.0
5.751215934753418, 21264.0
5.7528839111328125, 21499.0
5.759660959243774, 21890.0
6.027328968048096, 22119.0
6.028055906295776, 22246.0
6.152045965194702, 22345.0
6.165703773498535, 22500.0
6.166980028152466, 22602.0
6.914399862289429, 22731.0
6.931412935256958, 22764.0
6.9365479946136475, 22915.0
6.9510908126831055, 23233.0
6.952830791473389, 23428.0
6.955491065979004, 23937.0
7.734470844268799, 24118.0
7.738005876541138, 24131.0
7.752442121505737, 24490.0
