0.0, 1569.0
0.0007600784301757812, 1854.0
0.0008318424224853516, 2273.0
0.0015680789947509766, 2306.0
0.0016770362854003906, 2703.0
0.002111196517944336, 3427.0
0.005758047103881836, 3737.0
0.006898164749145508, 3967.0
0.00692296028137207, 4875.0
0.0069501399993896484, 5056.0
0.007075071334838867, 5516.0
0.007151126861572266, 6216.0
0.007215976715087891, 6354.0
0.0075528621673583984, 6413.0
0.014070987701416016, 6781.0
0.017123937606811523, 7358.0
0.01850414276123047, 7506.0
0.021097183227539062, 7828.0
0.02135491371154785, 8212.0
0.07042717933654785, 8504.0
0.08050704002380371, 8556.0
0.2618410587310791, 8625.0
