0.0, 5458.0
0.006854057312011719, 5889.0
0.007326841354370117, 5971.0
0.007847785949707031, 6741.0
0.034438133239746094, 7234.0
0.0359499454498291, 7360.0
0.042797088623046875, 7466.0
0.0430598258972168, 7471.0
0.04506278038024902, 7795.0
0.04522585868835449, 8726.0
0.04671788215637207, 9496.0
0.04704594612121582, 10266.0
0.049266815185546875, 10392.0
0.04964900016784668, 11251.0
0.05008411407470703, 11465.0
0.0507960319519043, 12219.0
0.056540727615356445, 12575.0
0.05725574493408203, 12828.0
0.06152009963989258, 12963.0
0.06323814392089844, 13065.0
0.06447887420654297, 13260.0
0.06655311584472656, 13472.0
0.06661605834960938, 14105.0
0.06727790832519531, 14875.0
0.08999395370483398, 14959.0
0.09058713912963867, 15085.0
0.09309196472167969, 15122.0
0.09378981590270996, 15292.0
0.09549403190612793, 16151.0
0.1687939167022705, 16957.0
0.16972684860229492, 16969.0
0.17162203788757324, 17854.0
0.177656888961792, 18278.0
0.17871689796447754, 18820.0
0.18960094451904297, 19330.0
0.1943819522857666, 19573.0
1.773446798324585, 19598.0
2.552980899810791, 19983.0
2.5537450313568115, 20552.0
3.9888899326324463, 20978.0
4.386269807815552, 21759.0
4.387760162353516, 21887.0
4.9825279712677, 22077.0
4.983490943908691, 22165.0
4.987850904464722, 22220.0
4.9918928146362305, 22291.0
6.7553770542144775, 22406.0
6.822256088256836, 22604.0
6.823774814605713, 22615.0
6.825340032577515, 22741.0
6.871537923812866, 22796.0
6.872053861618042, 22909.0
6.873860120773315, 23670.0
6.911967992782593, 23737.0
6.9137609004974365, 23742.0
6.953573942184448, 23951.0
6.954093933105469, 24079.0
6.9867730140686035, 24466.0
6.989759922027588, 25374.0
6.994163990020752, 25400.0
7.016164064407349, 25542.0
7.0570149421691895, 25905.0
7.2563300132751465, 26079.0
7.256696939468384, 26207.0
7.290710926055908, 26252.0
7.292756795883179, 26364.0
7.295042991638184, 27073.0
7.3002190589904785, 27186.0
