0.0, 2405.0
0.010411977767944336, 3036.0
0.011587142944335938, 3706.0
0.011918067932128906, 4372.0
0.012577056884765625, 5315.0
0.012956857681274414, 6246.0
0.015921831130981445, 6549.0
0.016208887100219727, 7030.0
0.01712203025817871, 7153.0
0.017268896102905273, 7281.0
0.0233001708984375, 7788.0
0.023789167404174805, 8079.0
0.024086952209472656, 8885.0
0.02443218231201172, 9494.0
0.025120019912719727, 10034.0
0.027973175048828125, 10804.0
0.03058600425720215, 10810.0
0.032688140869140625, 11529.0
0.03303408622741699, 11973.0
0.037589073181152344, 12386.0
0.037889957427978516, 12409.0
0.03873109817504883, 12454.0
0.039762020111083984, 12656.0
0.04040408134460449, 13102.0
0.06633901596069336, 13188.0
0.0725409984588623, 13276.0
0.0730900764465332, 13567.0
0.07757306098937988, 14038.0
0.08354496955871582, 14268.0
0.09305596351623535, 14731.0
0.09351491928100586, 15323.0
0.09487509727478027, 15670.0
0.09785699844360352, 15834.0
0.09821486473083496, 15843.0
0.09922003746032715, 16774.0
0.10120797157287598, 16866.0
0.11304020881652832, 17746.0
0.11603713035583496, 18159.0
0.11770391464233398, 18246.0
0.38872385025024414, 18546.0
0.3901989459991455, 18822.0
0.9608440399169922, 18902.0
0.9622030258178711, 19097.0
0.9638659954071045, 19417.0
0.980025053024292, 19532.0
4.437090158462524, 20058.0
4.5700860023498535, 20464.0
4.57031512260437, 20907.0
4.570799112319946, 21353.0
4.592496156692505, 21948.0
7.077859163284302, 22252.0
7.082154989242554, 22439.0
9.249658107757568, 22591.0
9.255390882492065, 23136.0
9.255600929260254, 23389.0
9.258021116256714, 23599.0
9.357668161392212, 23791.0
9.35899806022644, 23856.0
9.359716176986694, 23971.0
9.383857011795044, 24015.0
9.924132108688354, 24220.0
9.935557126998901, 24325.0
9.937762975692749, 24340.0
10.007475852966309, 24505.0
10.030989170074463, 24572.0
10.050524950027466, 24698.0
10.334028005599976, 25034.0
10.437188148498535, 25111.0
10.461985111236572, 25495.0
10.46265697479248, 26354.0
10.508872985839844, 26512.0
10.50893497467041, 26638.0
10.526390075683594, 27055.0
10.672720193862915, 27075.0
10.682780981063843, 27177.0
