0.0, 3100.0
0.0036711692810058594, 3262.0
0.004527091979980469, 4173.0
0.0048770904541015625, 4603.0
0.005064964294433594, 4856.0
0.00755000114440918, 5274.0
0.009776115417480469, 5589.0
0.010259389877319336, 6131.0
0.011997222900390625, 6202.0
0.012424230575561523, 6484.0
0.012639999389648438, 6679.0
0.013768196105957031, 7470.0
0.019010066986083984, 7687.0
0.022221088409423828, 7836.0
0.02243518829345703, 7916.0
0.023258209228515625, 8141.0
0.02463221549987793, 8782.0
0.02575516700744629, 9543.0
0.0262601375579834, 10192.0
0.029146194458007812, 11144.0
0.03387594223022461, 11584.0
0.037670135498046875, 12289.0
0.04080510139465332, 12490.0
0.0568692684173584, 12739.0
0.06676101684570312, 12888.0
0.06906008720397949, 12997.0
0.09489631652832031, 13779.0
0.1028132438659668, 13843.0
0.10635113716125488, 14104.0
0.1189110279083252, 14245.0
0.11906313896179199, 14455.0
0.15127301216125488, 14491.0
0.1514272689819336, 14672.0
0.15153098106384277, 15442.0
0.15631413459777832, 15926.0
0.18180418014526367, 16430.0
0.18720006942749023, 17370.0
0.18790817260742188, 17591.0
0.21512603759765625, 17989.0
0.21695208549499512, 18353.0
0.21759724617004395, 19077.0
1.2283351421356201, 19175.0
2.3065903186798096, 19346.0
2.3070991039276123, 19599.0
4.098556280136108, 19977.0
4.101177215576172, 20070.0
4.102205276489258, 20158.0
4.105655193328857, 20268.0
4.105717182159424, 20994.0
4.106054306030273, 21536.0
4.107405185699463, 21561.0
6.268921136856079, 21871.0
6.269933223724365, 22096.0
6.271845102310181, 22665.0
7.32871413230896, 22889.0
7.329158306121826, 23171.0
7.336076021194458, 23399.0
7.349937200546265, 23419.0
7.85056734085083, 24123.0
7.8540122509002686, 24194.0
7.8552000522613525, 24322.0
7.903541088104248, 24524.0
7.909902095794678, 24597.0
7.910099983215332, 24850.0
7.9104859828948975, 25165.0
7.914484977722168, 25262.0
7.916605234146118, 25314.0
8.115029096603394, 25400.0
8.128756999969482, 25595.0
8.137887001037598, 25733.0
8.237470388412476, 26126.0
8.239912986755371, 26228.0
8.287005186080933, 26454.0
8.2935311794281, 26580.0
8.299919128417969, 26613.0
8.300625324249268, 27090.0
8.729133129119873, 27178.0
