0.0, 2143.0
0.0007851123809814453, 2272.0
0.001299142837524414, 2729.0
0.002193927764892578, 2991.0
0.0022232532501220703, 3673.0
0.002251148223876953, 4340.0
0.0026121139526367188, 5064.0
0.002796173095703125, 5197.0
0.007554054260253906, 5763.0
0.008016347885131836, 6127.0
0.010723114013671875, 6257.0
0.04177689552307129, 6406.0
0.045931100845336914, 6898.0
0.0497128963470459, 7036.0
0.0559382438659668, 7282.0
0.05820322036743164, 7466.0
0.06653904914855957, 7897.0
0.07682013511657715, 7899.0
0.09061098098754883, 7909.0
0.0906839370727539, 8123.0
0.20937705039978027, 8214.0
0.20960116386413574, 8327.0
0.25274014472961426, 8366.0
0.2864992618560791, 8783.0
