0.0, 2757.0
0.0013113021850585938, 3091.0
0.0021970272064208984, 3424.0
0.0022492408752441406, 4367.0
0.002579212188720703, 4562.0
0.002724170684814453, 5470.0
0.0040781497955322266, 6234.0
0.004270076751708984, 6653.0
0.004510164260864258, 6919.0
0.009298324584960938, 7172.0
0.009587287902832031, 7838.0
0.009781360626220703, 8282.0
0.011292219161987305, 8408.0
0.019280195236206055, 8777.0
0.02615809440612793, 9083.0
0.02646923065185547, 9185.0
0.02773308753967285, 9826.0
0.03137516975402832, 9856.0
0.035459041595458984, 10049.0
0.03551316261291504, 10873.0
0.03642630577087402, 11155.0
0.03691220283508301, 11446.0
0.04029107093811035, 12113.0
0.04039335250854492, 12308.0
0.04127001762390137, 13078.0
0.044135093688964844, 13084.0
0.044915199279785156, 13616.0
0.04506516456604004, 13992.0
0.04584503173828125, 14438.0
0.05251908302307129, 14458.0
0.1535632610321045, 14907.0
0.15536832809448242, 15256.0
0.2141890525817871, 15649.0
0.21644997596740723, 16574.0
0.22056221961975098, 16601.0
0.22438597679138184, 16769.0
0.22694706916809082, 17243.0
0.23128008842468262, 17351.0
0.2326982021331787, 17693.0
0.23656415939331055, 18023.0
0.523475170135498, 18718.0
0.5240991115570068, 19149.0
3.022174119949341, 19396.0
3.022282361984253, 20142.0
3.121500253677368, 20869.0
3.123077154159546, 21176.0
6.444482088088989, 21690.0
6.455856084823608, 21850.0
6.456144094467163, 22060.0
6.459277153015137, 22313.0
7.342751979827881, 22709.0
7.363189935684204, 23075.0
7.3642191886901855, 23203.0
9.532924175262451, 23275.0
9.53956413269043, 23314.0
9.544963121414185, 24245.0
9.605983972549438, 24263.0
9.60744595527649, 24675.0
9.62459111213684, 24777.0
9.632225036621094, 24903.0
9.649010181427002, 25203.0
9.665098190307617, 25411.0
9.66972017288208, 25483.0
9.675997257232666, 25865.0
9.725033283233643, 25880.0
