0.0, 5860.0
0.002959012985229492, 6387.0
0.0030601024627685547, 6817.0
0.0031130313873291016, 7415.0
0.0032138824462890625, 7528.0
0.003314971923828125, 7781.0
0.0033690929412841797, 7978.0
0.003810882568359375, 8852.0
0.0044291019439697266, 9183.0
0.012356996536254883, 9447.0
0.014557123184204102, 9631.0
0.014707088470458984, 10050.0
0.02379918098449707, 10350.0
0.02526402473449707, 10597.0
0.025664091110229492, 10710.0
0.03706717491149902, 11025.0
0.03746223449707031, 11583.0
0.0381011962890625, 11865.0
0.045301198959350586, 12194.0
0.045851945877075195, 12381.0
0.046452999114990234, 12896.0
0.049900054931640625, 13078.0
0.05159306526184082, 13617.0
0.05179595947265625, 13745.0
0.05215001106262207, 14222.0
0.05306291580200195, 14829.0
0.0532679557800293, 14931.0
0.06027984619140625, 15024.0
0.06122899055480957, 15824.0
0.0619349479675293, 15970.0
0.06218886375427246, 16724.0
0.06350302696228027, 16913.0
0.06446123123168945, 16972.0
0.12715601921081543, 16987.0
0.21116399765014648, 17614.0
0.2325599193572998, 17803.0
0.25615906715393066, 17917.0
0.2750401496887207, 18036.0
0.2762460708618164, 18481.0
0.28220510482788086, 18838.0
0.2836618423461914, 19116.0
0.2837240695953369, 19398.0
0.2837860584259033, 20254.0
0.28462910652160645, 20356.0
0.2850809097290039, 21103.0
0.28535985946655273, 21549.0
0.28542184829711914, 21677.0
6.055994987487793, 22147.0
6.060619115829468, 22783.0
7.779222011566162, 23120.0
7.782566070556641, 23786.0
8.529781103134155, 24284.0
8.541942119598389, 24591.0
8.647956132888794, 24622.0
8.651352882385254, 24904.0
8.666987180709839, 24953.0
8.760401964187622, 25206.0
8.772658109664917, 25345.0
8.780853033065796, 25808.0
8.789409160614014, 25936.0
8.804059028625488, 26062.0
8.839118957519531, 26072.0
