0.0, 1459.0
0.00026106834411621094, 1555.0
0.0053789615631103516, 1594.0
0.005473136901855469, 1611.0
0.005733013153076172, 1775.0
0.005909919738769531, 2501.0
0.006622314453125, 2768.0
0.007714986801147461, 2982.0
0.008745908737182617, 3049.0
0.009009122848510742, 3132.0
0.00905919075012207, 3140.0
0.009096860885620117, 3597.0
0.009577274322509766, 4238.0
0.013137102127075195, 4740.0
0.013434171676635742, 5197.0
0.014152288436889648, 5464.0
0.017257213592529297, 5646.0
0.01840829849243164, 5871.0
0.018496990203857422, 6469.0
0.019431114196777344, 6502.0
0.01982903480529785, 7202.0
0.028414249420166016, 7684.0
0.06323599815368652, 7879.0
0.06359124183654785, 8060.0
0.07913327217102051, 8168.0
0.11179590225219727, 8268.0
