0.0, 2666.0
0.0020599365234375, 2711.0
0.0020890235900878906, 2769.0
0.0024881362915039062, 2826.0
0.0026559829711914062, 3395.0
0.0031218528747558594, 4119.0
0.00475001335144043, 4192.0
0.004788875579833984, 4593.0
0.005151987075805664, 4598.0
0.005258083343505859, 5324.0
0.007501125335693359, 5535.0
0.01121211051940918, 6152.0
0.01128387451171875, 6455.0
0.011313199996948242, 6636.0
0.01244497299194336, 6752.0
0.014085054397583008, 6960.0
0.015048027038574219, 7283.0
0.015681982040405273, 8214.0
0.017212867736816406, 8243.0
0.034982919692993164, 8318.0
0.0376739501953125, 8586.0
0.15051603317260742, 8686.0
0.1519150733947754, 8745.0
0.1865231990814209, 8759.0
