0.0, 3833.0
0.0018911361694335938, 4568.0
0.0023469924926757812, 5014.0
0.017007112503051758, 5362.0
0.01706695556640625, 5756.0
0.0172879695892334, 6520.0
0.018095970153808594, 6663.0
0.01826310157775879, 6816.0
0.0211179256439209, 7081.0
0.021281957626342773, 7781.0
0.02159905433654785, 8538.0
0.021891117095947266, 8733.0
0.021992921829223633, 8986.0
0.023064136505126953, 9559.0
0.03517484664916992, 9560.0
0.048536062240600586, 9922.0
0.05044817924499512, 10353.0
0.05093193054199219, 11209.0
0.05115008354187012, 12163.0
0.06722307205200195, 12203.0
0.07145094871520996, 12903.0
0.08186912536621094, 13078.0
0.08198189735412598, 13510.0
0.08225607872009277, 14280.0
0.08415699005126953, 14319.0
0.09227180480957031, 14855.0
0.0996248722076416, 15066.0
0.09998416900634766, 15782.0
0.10392093658447266, 15984.0
0.10893106460571289, 16213.0
0.1096351146697998, 16341.0
0.1727581024169922, 16422.0
0.17320609092712402, 16619.0
0.17352294921875, 17566.0
0.1738729476928711, 17692.0
0.17780709266662598, 17711.0
0.17874884605407715, 18157.0
0.21001195907592773, 18218.0
0.5902829170227051, 18270.0
0.5910861492156982, 18372.0
0.5954320430755615, 18564.0
0.5957369804382324, 18855.0
0.5991840362548828, 18954.0
0.661431074142456, 19074.0
0.6616389751434326, 19752.0
0.6619000434875488, 19956.0
0.6623098850250244, 20058.0
0.664402961730957, 20270.0
0.6765449047088623, 21087.0
0.6770260334014893, 21378.0
5.327641010284424, 21533.0
5.329677104949951, 21728.0
5.337146043777466, 22083.0
5.352729082107544, 22181.0
5.978302955627441, 22492.0
5.990855932235718, 22573.0
6.01969575881958, 22937.0
6.032198905944824, 23084.0
6.033576965332031, 23279.0
6.12138295173645, 23831.0
7.17430305480957, 23970.0
7.174723148345947, 24926.0
7.181498765945435, 25108.0
7.1872398853302, 25808.0
7.53396201133728, 26149.0
7.534224987030029, 26277.0
7.652336835861206, 26370.0
7.868114948272705, 26371.0
7.8757288455963135, 26448.0
7.952831029891968, 26544.0
7.967305898666382, 26672.0
7.9765260219573975, 26798.0
