0.0, 5100.0
0.0025398731231689453, 5148.0
0.0026400089263916016, 5902.0
0.003818035125732422, 6672.0
0.0057528018951416016, 6798.0
0.006845951080322266, 7531.0
0.013593912124633789, 8332.0
0.027220964431762695, 8551.0
0.02840399742126465, 8677.0
0.03398895263671875, 8769.0
0.034210920333862305, 8860.0
0.0343780517578125, 9292.0
0.035309791564941406, 9933.0
0.0389559268951416, 10412.0
0.039711952209472656, 10540.0
0.04030299186706543, 10698.0
0.04562997817993164, 10709.0
0.04687190055847168, 10732.0
0.04741191864013672, 10857.0
0.049252986907958984, 10983.0
0.0507349967956543, 11512.0
0.05106997489929199, 11585.0
0.05139803886413574, 12496.0
0.07269883155822754, 12534.0
0.08993387222290039, 12654.0
0.09256887435913086, 12868.0
0.0927729606628418, 13638.0
0.09801101684570312, 14257.0
0.09861493110656738, 14398.0
0.09941315650939941, 14461.0
0.10277414321899414, 14500.0
0.10480999946594238, 15257.0
0.1868739128112793, 15258.0
0.18737387657165527, 15560.0
0.18772411346435547, 16129.0
0.23484182357788086, 16427.0
0.24263596534729004, 16842.0
0.2431938648223877, 17129.0
0.2458789348602295, 17227.0
0.24617695808410645, 18138.0
0.24748897552490234, 18217.0
0.2547018527984619, 18396.0
0.25725603103637695, 18582.0
0.2574610710144043, 18699.0
0.2606689929962158, 19224.0
0.26549410820007324, 19305.0
0.5614869594573975, 19785.0
1.4668970108032227, 19869.0
2.62717604637146, 19887.0
2.884025812149048, 20687.0
2.884235143661499, 21478.0
5.937935829162598, 22155.0
6.3003458976745605, 22364.0
6.308121919631958, 22726.0
6.31573486328125, 23176.0
7.337568044662476, 23871.0
7.338136911392212, 23984.0
7.398530960083008, 24448.0
7.441863059997559, 24661.0
7.445349931716919, 24789.0
7.466398000717163, 25069.0
7.490644931793213, 25135.0
7.4913129806518555, 25247.0
7.4948859214782715, 25693.0
7.497674942016602, 25821.0
7.524587869644165, 26225.0
7.756011724472046, 26299.0
