0.0, 2067.0
0.0013499259948730469, 2266.0
0.0034241676330566406, 2410.0
0.00393986701965332, 2670.0
0.004109859466552734, 2937.0
0.004445075988769531, 2996.0
0.006556987762451172, 3605.0
0.006654977798461914, 4062.0
0.006668806076049805, 4703.0
0.007269859313964844, 5037.0
0.00919198989868164, 5376.0
0.010545015335083008, 5584.0
0.011051177978515625, 5797.0
0.011240005493164062, 6254.0
0.013004779815673828, 6798.0
0.013382911682128906, 7522.0
0.013806819915771484, 8163.0
0.014264822006225586, 8294.0
0.02802896499633789, 8527.0
0.038741111755371094, 8631.0
0.11237406730651855, 8687.0
