0.0, 2081.0
0.0008649826049804688, 2596.0
0.0008807182312011719, 3285.0
0.0009479522705078125, 3985.0
0.0025479793548583984, 4085.0
0.00563502311706543, 4610.0
0.006117105484008789, 4818.0
0.006159067153930664, 5459.0
0.006187915802001953, 6057.0
0.006287097930908203, 6175.0
0.006566047668457031, 6631.0
0.04524683952331543, 6787.0
0.07263684272766113, 7126.0
0.07293200492858887, 7581.0
0.08209395408630371, 7618.0
0.08616495132446289, 7777.0
0.08752894401550293, 7961.0
0.09498786926269531, 8169.0
0.09572696685791016, 8310.0
0.09704399108886719, 8929.0
