0.0, 1952.0
0.0001919269561767578, 2278.0
0.00020813941955566406, 3004.0
0.0002391338348388672, 3185.0
0.0002810955047607422, 4182.0
0.0005140304565429688, 4590.0
0.0010650157928466797, 5108.0
0.0036830902099609375, 5132.0
0.0038461685180664062, 5773.0
0.004586935043334961, 6244.0
0.00481104850769043, 6270.0
0.004936933517456055, 6727.0
0.00646209716796875, 6801.0
0.007812023162841797, 6932.0
0.025169849395751953, 7027.0
0.027890920639038086, 7166.0
0.02798318862915039, 7892.0
0.028036117553710938, 8073.0
0.03477907180786133, 8120.0
0.0377960205078125, 8911.0
