0.0, 4385.0
0.0027768611907958984, 4565.0
0.004611968994140625, 5403.0
0.005845069885253906, 5862.0
0.005992889404296875, 6281.0
0.007177114486694336, 6874.0
0.007607936859130859, 7282.0
0.008082866668701172, 7759.0
0.009295940399169922, 7805.0
0.009706974029541016, 8759.0
0.010076045989990234, 8885.0
0.010734796524047852, 9080.0
0.02112603187561035, 9223.0
0.021298885345458984, 9325.0
0.025202035903930664, 9385.0
0.026775836944580078, 9541.0
0.0280458927154541, 10311.0
0.029350996017456055, 10853.0
0.03133392333984375, 11712.0
0.046549081802368164, 11998.0
0.04693198204040527, 12535.0
0.05329179763793945, 13008.0
0.05453991889953613, 13102.0
0.05460095405578613, 13802.0
0.08056092262268066, 13827.0
0.08288908004760742, 14271.0
0.08432793617248535, 14360.0
0.08635711669921875, 14790.0
0.0865170955657959, 15649.0
0.09121584892272949, 16189.0
0.16757583618164062, 16472.0
0.17250990867614746, 16521.0
0.17256498336791992, 16978.0
0.2338709831237793, 17043.0
0.32296204566955566, 17356.0
0.3238708972930908, 18215.0
0.32402682304382324, 18425.0
0.33127689361572266, 18628.0
0.33133387565612793, 18910.0
0.33354997634887695, 19528.0
1.558666706085205, 19733.0
1.5601348876953125, 20356.0
1.560642957687378, 20546.0
1.560999870300293, 21489.0
2.3947091102600098, 22203.0
6.22790789604187, 22498.0
6.230583906173706, 23305.0
6.253147840499878, 23748.0
6.255383729934692, 23762.0
6.255743026733398, 23864.0
6.2585108280181885, 24310.0
7.978646755218506, 24447.0
7.993595838546753, 24544.0
9.412673711776733, 24938.0
9.58548092842102, 24940.0
