0.0, 4819.0
0.004564046859741211, 5423.0
0.0065460205078125, 5833.0
0.006640911102294922, 5915.0
0.006736278533935547, 6006.0
0.007086277008056641, 6109.0
0.015089035034179688, 6189.0
0.015377998352050781, 6989.0
0.017228126525878906, 7435.0
0.025556087493896484, 7776.0
0.026284217834472656, 7788.0
0.02725815773010254, 8505.0
0.02804422378540039, 8633.0
0.028771162033081055, 8745.0
0.028872966766357422, 9027.0
0.03156113624572754, 9566.0
0.035305023193359375, 10071.0
0.04125809669494629, 10795.0
0.04257512092590332, 11122.0
0.04495525360107422, 11676.0
0.04595208168029785, 11922.0
0.04600715637207031, 12278.0
0.046209096908569336, 12283.0
0.04753708839416504, 12581.0
0.04788517951965332, 13058.0
0.05514216423034668, 13215.0
0.05536603927612305, 13328.0
0.05764889717102051, 13744.0
0.059203147888183594, 14204.0
0.10409712791442871, 14283.0
0.10450315475463867, 15002.0
0.10737800598144531, 15344.0
0.10763120651245117, 16114.0
0.11509418487548828, 16151.0
0.11798095703125, 16487.0
0.11873531341552734, 16604.0
0.11889219284057617, 16992.0
0.12019991874694824, 17438.0
0.14615297317504883, 17638.0
0.5627291202545166, 17735.0
0.5629372596740723, 17930.0
0.5659031867980957, 18382.0
0.577559232711792, 18387.0
0.5778381824493408, 18831.0
0.5783441066741943, 19601.0
2.050924062728882, 19630.0
3.3428239822387695, 20162.0
3.3461391925811768, 20354.0
3.34790301322937, 20534.0
3.5938849449157715, 20577.0
4.745243310928345, 20790.0
4.883718967437744, 21096.0
7.1921961307525635, 21166.0
7.194918155670166, 21383.0
7.203238248825073, 21417.0
7.203432083129883, 21612.0
7.239360094070435, 21969.0
8.889024019241333, 22297.0
9.054314136505127, 22445.0
9.056859970092773, 22698.0
9.0676851272583, 23241.0
9.794401168823242, 23760.0
9.81174612045288, 23814.0
9.826927185058594, 23894.0
9.83519697189331, 23944.0
9.836283922195435, 24035.0
9.857715129852295, 24064.0
9.861829996109009, 24069.0
9.864719152450562, 24289.0
9.868581295013428, 24858.0
9.91135311126709, 24879.0
10.091151237487793, 25058.0
10.106555223464966, 25354.0
10.126786231994629, 25527.0
10.29410719871521, 25579.0
10.295139074325562, 25707.0
10.301623106002808, 25832.0
10.31246018409729, 26304.0
10.313030004501343, 26406.0
10.316697120666504, 26534.0
10.432430267333984, 26558.0
10.543546199798584, 26746.0
10.649779081344604, 26815.0
10.663676023483276, 27203.0
10.727965116500854, 27229.0
