0.0, 6544.0
0.009638786315917969, 6644.0
0.009738922119140625, 6647.0
0.010846853256225586, 7473.0
0.011214017868041992, 7494.0
0.012476921081542969, 8285.0
0.015341043472290039, 8431.0
0.016392946243286133, 8559.0
0.03231477737426758, 9049.0
0.03249192237854004, 9982.0
0.032602787017822266, 9987.0
0.03320884704589844, 10585.0
0.03496289253234863, 11062.0
0.03600311279296875, 11064.0
0.03606295585632324, 11788.0
0.03934001922607422, 11855.0
0.040007829666137695, 11976.0
0.0433349609375, 12533.0
0.04392385482788086, 12979.0
0.06455397605895996, 13512.0
0.0665278434753418, 13535.0
0.07170891761779785, 13633.0
0.07467484474182129, 14078.0
0.07683682441711426, 14298.0
0.07689976692199707, 15187.0
0.07752299308776855, 16016.0
0.07758474349975586, 16762.0
0.3995540142059326, 16788.0
0.40865588188171387, 16818.0
0.41100072860717773, 17075.0
0.41182780265808105, 17235.0
0.41188788414001465, 17876.0
0.6931068897247314, 18424.0
0.693213939666748, 19280.0
0.6989529132843018, 19328.0
0.7008349895477295, 19983.0
2.639364719390869, 20163.0
2.649935722351074, 20480.0
2.657512903213501, 20680.0
2.658127784729004, 20962.0
2.6587467193603516, 21680.0
2.658904790878296, 22217.0
6.266917943954468, 22450.0
6.277111053466797, 22550.0
6.279860973358154, 23040.0
6.282029867172241, 23075.0
6.296052932739258, 23560.0
6.297134876251221, 23624.0
6.308866024017334, 23877.0
6.315289735794067, 24442.0
6.317945718765259, 24526.0
7.2021660804748535, 25036.0
7.234563827514648, 25128.0
7.239125967025757, 25191.0
7.2486889362335205, 25314.0
7.25807785987854, 25367.0
7.372704982757568, 25621.0
7.379056930541992, 26137.0
7.379216909408569, 26567.0
