0.0, 5489.0
0.004689931869506836, 5625.0
0.004745006561279297, 6266.0
0.004988908767700195, 6660.0
0.005762815475463867, 7548.0
0.00591588020324707, 7750.0
0.007706880569458008, 8196.0
0.015892982482910156, 8920.0
0.016633987426757812, 9110.0
0.029163837432861328, 9607.0
0.057991981506347656, 9732.0
0.07556891441345215, 9739.0
0.08109712600708008, 10337.0
0.13998198509216309, 10759.0
0.14755797386169434, 11082.0
0.14814996719360352, 11277.0
0.14868783950805664, 11886.0
0.15647077560424805, 12024.0
0.15652680397033691, 12794.0
0.16252708435058594, 13076.0
0.16825604438781738, 13114.0
0.16907286643981934, 13309.0
0.21422076225280762, 13994.0
0.2154090404510498, 14027.0
0.21796894073486328, 14240.0
0.21856117248535156, 14809.0
0.21950292587280273, 15028.0
0.22072672843933105, 15154.0
0.2211310863494873, 15256.0
0.2235548496246338, 15928.0
0.26895809173583984, 16095.0
0.2817039489746094, 16598.0
0.28568196296691895, 16801.0
0.28922080993652344, 17187.0
0.289931058883667, 17397.0
0.30342793464660645, 17446.0
0.30623602867126465, 17978.0
1.0968971252441406, 18125.0
1.1394999027252197, 18312.0
1.1418240070343018, 18603.0
1.1524629592895508, 19301.0
1.1529078483581543, 19553.0
1.153188943862915, 20484.0
1.1533589363098145, 21340.0
1.1538569927215576, 21877.0
6.24077296257019, 22073.0
7.840162992477417, 22301.0
8.01590895652771, 23084.0
8.018571138381958, 23295.0
8.018690824508667, 23392.0
8.033740758895874, 23610.0
8.04084587097168, 23666.0
8.045038938522339, 23792.0
8.956753969192505, 23955.0
9.004015922546387, 24030.0
9.004650115966797, 24101.0
9.01568603515625, 24643.0
9.049317836761475, 24823.0
9.05168604850769, 24964.0
9.070111989974976, 25017.0
9.072274923324585, 25494.0
9.083557844161987, 25827.0
9.106931924819946, 26549.0
9.13260817527771, 26728.0
