0.0, 944.0
0.0006248950958251953, 1599.0
0.0010690689086914062, 2136.0
0.0012249946594238281, 2927.0
0.0014688968658447266, 3654.0
0.0049211978912353516, 3726.0
0.005053997039794922, 4657.0
0.08576512336730957, 5284.0
0.08595514297485352, 5342.0
0.08876276016235352, 6010.0
0.08943581581115723, 6327.0
0.08975005149841309, 6455.0
0.09560704231262207, 6644.0
0.26409387588500977, 6794.0
0.2655460834503174, 6832.0
0.2695579528808594, 7441.0
0.27079200744628906, 7572.0
0.2764289379119873, 7611.0
0.36199188232421875, 7717.0
0.36269497871398926, 8027.0
0.46898698806762695, 8236.0
0.5743980407714844, 8265.0
0.5770711898803711, 8575.0
