0.0, 6324.0
0.020461082458496094, 6764.0
0.03407406806945801, 7439.0
0.036401987075805664, 7558.0
0.038101911544799805, 7843.0
0.04316210746765137, 7969.0
0.04456281661987305, 8194.0
0.04576301574707031, 8964.0
0.051027774810791016, 9796.0
0.053323984146118164, 10688.0
0.05450797080993652, 11196.0
0.05510902404785156, 11921.0
0.055438995361328125, 12187.0
0.055928945541381836, 12617.0
0.0578310489654541, 12789.0
0.0585939884185791, 13741.0
0.06222105026245117, 13915.0
0.06516289710998535, 13952.0
0.139725923538208, 14510.0
0.13993096351623535, 15079.0
0.14406299591064453, 15171.0
0.14593887329101562, 15653.0
0.14614605903625488, 15662.0
0.4117560386657715, 15791.0
0.4153308868408203, 16323.0
0.4154469966888428, 16800.0
0.4264490604400635, 16974.0
0.47463011741638184, 17756.0
0.47997307777404785, 17830.0
0.4913320541381836, 17891.0
0.4936349391937256, 18086.0
0.4939539432525635, 18188.0
0.4943089485168457, 18631.0
0.9462549686431885, 18752.0
0.9492189884185791, 19363.0
1.1108808517456055, 19687.0
5.226855993270874, 19814.0
5.227317810058594, 20046.0
5.229948997497559, 20402.0
5.2330310344696045, 20429.0
5.240247964859009, 20627.0
5.247882843017578, 20707.0
5.8282458782196045, 20870.0
5.829272985458374, 21152.0
5.831784963607788, 21198.0
5.832243919372559, 22106.0
6.159325122833252, 22350.0
7.6264050006866455, 22414.0
7.63001012802124, 22575.0
7.633274078369141, 23345.0
7.637356996536255, 23449.0
7.655218124389648, 23980.0
7.659169912338257, 24433.0
7.763080835342407, 24622.0
7.823242902755737, 24676.0
8.689260959625244, 24696.0
8.970113039016724, 24883.0
8.984831809997559, 25209.0
8.987473964691162, 25311.0
8.996109008789062, 25418.0
9.001562118530273, 25734.0
9.013960123062134, 26085.0
9.01581621170044, 26367.0
9.085873126983643, 26432.0
9.213970184326172, 26462.0
9.23147988319397, 26628.0
