0.0, 4845.0
0.006374359130859375, 5380.0
0.006427288055419922, 5471.0
0.006903171539306641, 6217.0
0.007332324981689453, 7148.0
0.008367300033569336, 7872.0
0.008706092834472656, 8067.0
0.009376049041748047, 8858.0
0.011323213577270508, 9335.0
0.023936033248901367, 9721.0
0.024958133697509766, 9800.0
0.05206727981567383, 10078.0
0.0568389892578125, 10289.0
0.07924318313598633, 10308.0
0.08075118064880371, 11197.0
0.10698294639587402, 11263.0
0.11602210998535156, 11437.0
0.11677312850952148, 11780.0
0.1169271469116211, 12186.0
0.1413731575012207, 12562.0
0.1416001319885254, 12776.0
0.14254331588745117, 13442.0
0.15061521530151367, 14156.0
0.1522812843322754, 14282.0
0.17754411697387695, 14553.0
0.1783161163330078, 14809.0
0.18073701858520508, 15019.0
0.1894090175628662, 15490.0
0.19404006004333496, 15776.0
0.20167303085327148, 15821.0
0.20244312286376953, 16680.0
0.20280098915100098, 17249.0
0.2044692039489746, 17865.0
0.8426282405853271, 18282.0
1.6969223022460938, 18327.0
1.6972291469573975, 19097.0
3.3241212368011475, 19237.0
3.335374116897583, 19336.0
3.3362362384796143, 20247.0
4.702736139297485, 20417.0
4.708070993423462, 20461.0
4.709272146224976, 20853.0
4.709379196166992, 20965.0
4.7144410610198975, 21124.0
4.733990907669067, 21327.0
6.433011054992676, 21690.0
8.169953107833862, 21833.0
8.66187310218811, 22231.0
8.696107149124146, 22532.0
8.701871156692505, 22830.0
8.70347809791565, 23083.0
8.759429216384888, 23230.0
8.762832164764404, 23709.0
8.76795506477356, 23767.0
8.788662195205688, 23845.0
9.16517424583435, 23850.0
9.172778129577637, 23965.0
9.173684120178223, 24953.0
9.17656922340393, 25619.0
9.18860411643982, 26163.0
9.190159320831299, 26776.0
9.19119906425476, 26904.0
