0.0, 3475.0
0.0020439624786376953, 3771.0
0.003265857696533203, 3943.0
0.003782987594604492, 4071.0
0.01459503173828125, 4282.0
0.014654159545898438, 4649.0
0.015526056289672852, 5373.0
0.02490091323852539, 5913.0
0.025288105010986328, 6166.0
0.02539801597595215, 6171.0
0.025609970092773438, 6941.0
0.02719593048095703, 7483.0
0.037962913513183594, 8277.0
0.039643049240112305, 8883.0
0.03975391387939453, 9284.0
0.040994882583618164, 10173.0
0.04290604591369629, 10897.0
0.05308103561401367, 11302.0
0.05488300323486328, 11649.0
0.055110931396484375, 11901.0
0.05615806579589844, 12542.0
0.08312010765075684, 12657.0
0.08328485488891602, 12939.0
0.08530902862548828, 13037.0
0.08547592163085938, 13518.0
0.0963139533996582, 13665.0
0.09973788261413574, 13958.0
0.12758994102478027, 14156.0
0.1310718059539795, 14503.0
0.13262605667114258, 14636.0
0.13875198364257812, 14964.0
0.16441893577575684, 15088.0
0.16452383995056152, 15754.0
0.16717004776000977, 16429.0
0.1673729419708252, 17107.0
0.4328889846801758, 17346.0
0.43335485458374023, 17387.0
0.43453001976013184, 17830.0
0.4357600212097168, 18320.0
1.532526969909668, 18988.0
1.5326597690582275, 19919.0
2.8871989250183105, 20150.0
2.8873560428619385, 21104.0
2.8877148628234863, 21226.0
2.8878209590911865, 21517.0
2.8916549682617188, 21590.0
2.894886016845703, 21641.0
4.377124071121216, 21800.0
4.475780963897705, 22170.0
6.335470914840698, 22239.0
6.793242931365967, 22396.0
6.79826807975769, 22492.0
6.800840854644775, 22629.0
6.801608085632324, 22757.0
6.838791131973267, 22941.0
6.838846921920776, 23741.0
6.840126037597656, 24198.0
6.84412407875061, 24324.0
6.858910799026489, 24600.0
6.862206935882568, 25046.0
6.878697156906128, 25407.0
6.8795270919799805, 25689.0
6.906064033508301, 25784.0
