0.0, 5873.0
0.0794379711151123, 6512.0
0.07949399948120117, 7018.0
0.07959413528442383, 7171.0
0.08139300346374512, 7656.0
0.08697104454040527, 7758.0
0.08975911140441895, 7953.0
0.10523295402526855, 8607.0
0.11532187461853027, 8748.0
0.11701393127441406, 9317.0
0.11774492263793945, 10206.0
0.11959695816040039, 10336.0
0.11965084075927734, 11233.0
0.12053298950195312, 11955.0
0.12255287170410156, 12454.0
0.1289381980895996, 12819.0
0.15928101539611816, 12834.0
0.16220402717590332, 13258.0
0.16373801231384277, 13268.0
0.16395998001098633, 14127.0
0.17090606689453125, 14183.0
0.17149615287780762, 14752.0
0.17396903038024902, 15522.0
0.36093592643737793, 15853.0
0.361238956451416, 16272.0
0.36864805221557617, 16303.0
0.45475101470947266, 16899.0
0.4585120677947998, 17134.0
0.46010899543762207, 17739.0
0.4606130123138428, 18613.0
0.4750239849090576, 18695.0
0.4759671688079834, 18700.0
1.8158879280090332, 19129.0
1.8205678462982178, 19762.0
1.824021816253662, 19890.0
1.8243799209594727, 20488.0
1.8256549835205078, 20500.0
1.8331007957458496, 20643.0
3.6282529830932617, 21078.0
3.633920907974243, 21351.0
3.633976936340332, 22151.0
6.338791131973267, 22481.0
6.340191125869751, 22662.0
6.584847927093506, 22817.0
6.587037086486816, 23012.0
7.029403924942017, 23022.0
7.03017783164978, 23367.0
7.0322489738464355, 24008.0
7.0370259284973145, 24577.0
7.07022500038147, 24707.0
7.141674041748047, 24834.0
7.186065912246704, 24935.0
7.186950922012329, 25794.0
7.1917338371276855, 26463.0
7.965095043182373, 26639.0
7.972618818283081, 26921.0
