0.0, 5668.0
0.012526988983154297, 6199.0
0.01258087158203125, 6296.0
0.012917041778564453, 6740.0
0.013159036636352539, 7694.0
0.027011871337890625, 7757.0
0.028594017028808594, 8549.0
0.03402400016784668, 8842.0
0.03493690490722656, 8944.0
0.03929305076599121, 9106.0
0.042066097259521484, 9188.0
0.04268813133239746, 9300.0
0.04498004913330078, 9591.0
0.054015159606933594, 9861.0
0.054260969161987305, 10720.0
0.05546998977661133, 11511.0
0.057431936264038086, 11774.0
0.06900286674499512, 12092.0
0.0703577995300293, 12282.0
0.07875585556030273, 12627.0
0.07905292510986328, 13391.0
0.07993197441101074, 13457.0
0.0799870491027832, 13583.0
0.08043599128723145, 14178.0
0.08063602447509766, 14460.0
0.08237504959106445, 14538.0
0.1345229148864746, 14571.0
0.1363840103149414, 14673.0
0.13723993301391602, 14685.0
0.13764309883117676, 15162.0
0.13769888877868652, 15921.0
0.1399068832397461, 15980.0
0.17316317558288574, 16827.0
0.17555499076843262, 16842.0
0.2808818817138672, 17622.0
0.2884089946746826, 17757.0
0.2925410270690918, 18235.0
0.9872229099273682, 18387.0
0.991441011428833, 18725.0
0.9920017719268799, 18794.0
0.9949121475219727, 19051.0
1.1033170223236084, 19186.0
1.104233980178833, 19519.0
2.5893640518188477, 19533.0
4.137708902359009, 19756.0
4.744359970092773, 19964.0
4.7448201179504395, 20872.0
4.785344123840332, 21025.0
4.785738706588745, 21894.0
5.971569061279297, 22122.0
6.333789110183716, 22132.0
6.359802961349487, 22133.0
6.361119031906128, 22134.0
6.361377954483032, 22366.0
6.367510795593262, 22506.0
6.494841814041138, 22524.0
6.496978998184204, 23033.0
7.125790119171143, 23395.0
7.366742849349976, 23419.0
7.399739027023315, 23741.0
7.548506021499634, 23976.0
7.576282978057861, 24019.0
7.579101085662842, 24561.0
7.5838329792022705, 24563.0
7.602327823638916, 24654.0
7.60509181022644, 24936.0
7.610944032669067, 25292.0
