0.0, 3462.0
0.00857686996459961, 3769.0
0.009524106979370117, 4441.0
0.009949207305908203, 5300.0
0.01005101203918457, 5427.0
0.010876178741455078, 5638.0
0.011210918426513672, 6247.0
0.015656232833862305, 6561.0
0.02133011817932129, 7278.0
0.021384000778198242, 7960.0
0.02148604393005371, 8185.0
0.021587133407592773, 8338.0
0.022171974182128906, 8795.0
0.022516250610351562, 9272.0
0.0263521671295166, 9328.0
0.027335166931152344, 10054.0
0.027971982955932617, 10845.0
0.034438133239746094, 11225.0
0.036746978759765625, 11794.0
0.03964400291442871, 12349.0
0.040145158767700195, 12512.0
0.0402979850769043, 13445.0
0.04050087928771973, 13982.0
0.041500091552734375, 14759.0
0.0419008731842041, 14876.0
0.05132102966308594, 15384.0
0.15320301055908203, 15724.0
0.16180801391601562, 16201.0
0.1636488437652588, 16280.0
0.2606041431427002, 16571.0
0.4790811538696289, 16860.0
0.4797999858856201, 17142.0
0.5862491130828857, 17666.0
0.5940721035003662, 17701.0
0.823840856552124, 17911.0
0.8313570022583008, 18280.0
0.8376250267028809, 18457.0
1.0026769638061523, 18590.0
1.0035910606384277, 18662.0
1.0045440196990967, 19337.0
3.4019720554351807, 19380.0
3.402329921722412, 20311.0
3.4027371406555176, 20439.0
3.4090499877929688, 20458.0
3.409156084060669, 21118.0
3.4101030826568604, 21812.0
3.410159111022949, 22479.0
5.815731048583984, 22926.0
6.467442035675049, 22982.0
6.469173908233643, 23203.0
7.215437889099121, 23627.0
7.219331979751587, 24135.0
7.441897869110107, 24587.0
7.445160150527954, 24845.0
7.445473909378052, 24947.0
7.448162078857422, 25142.0
7.468524932861328, 25794.0
7.472182035446167, 26210.0
7.5046491622924805, 26314.0
7.527103900909424, 26328.0
7.532148122787476, 26474.0
7.578972101211548, 26651.0
