0.0, 12319.0
0.2424318790435791, 12408.0
0.24414682388305664, 12580.0
0.2492678165435791, 12687.0
0.25035858154296875, 12803.0
0.26147985458374023, 12929.0
0.26214075088500977, 13082.0
0.26343870162963867, 13200.0
0.3497028350830078, 13316.0
0.47048068046569824, 13419.0
0.5787796974182129, 13501.0
0.6331949234008789, 13618.0
1.292726755142212, 13756.0
1.3472938537597656, 13809.0
1.5407516956329346, 13912.0
1.6217536926269531, 14071.0
1.6226348876953125, 14316.0
1.6281228065490723, 14346.0
1.6781256198883057, 14519.0
2.284667730331421, 14579.0
2.288848876953125, 14708.0
2.4322869777679443, 14713.0
2.5280487537384033, 14802.0
2.61750864982605, 14912.0
2.654737710952759, 15017.0
2.8211567401885986, 15117.0
2.968684673309326, 15211.0
3.060926914215088, 15248.0
3.0649847984313965, 15419.0
3.1440367698669434, 15498.0
3.1449337005615234, 15608.0
3.440481662750244, 15609.0
3.444727659225464, 15719.0
3.500271797180176, 15812.0
3.556485891342163, 15823.0
3.5605318546295166, 15940.0
3.625792980194092, 16091.0
3.627410888671875, 16213.0
3.916484832763672, 16317.0
4.239994764328003, 16392.0
4.2894446849823, 16512.0
4.413834810256958, 16576.0
4.885335683822632, 16707.0
4.954134702682495, 16710.0
5.170142889022827, 16814.0
5.248055696487427, 16848.0
5.248312711715698, 16981.0
5.264356851577759, 17111.0
5.374138832092285, 17112.0
5.480815649032593, 17169.0
6.277841806411743, 17180.0
6.3199028968811035, 17203.0
6.391052007675171, 17263.0
6.394634962081909, 17395.0
6.441759824752808, 17511.0
6.804008960723877, 17515.0
7.1110007762908936, 17655.0
7.126440763473511, 17875.0
7.273415803909302, 17899.0
7.329464673995972, 18007.0
7.974785804748535, 18038.0
8.029129981994629, 18313.0
8.351602792739868, 18379.0
8.43810772895813, 18512.0
8.444180965423584, 18569.0
8.445475816726685, 18616.0
8.831788778305054, 18715.0
8.902688980102539, 18816.0
8.918471813201904, 18915.0
8.920769691467285, 18918.0
8.950268745422363, 18999.0
8.952070713043213, 19107.0
9.542550563812256, 19118.0
9.554659843444824, 19216.0
11.365417957305908, 19297.0
11.499802827835083, 19402.0
12.525674819946289, 19404.0
12.527490615844727, 19511.0
14.14544677734375, 19605.0
14.185665607452393, 19641.0
14.320850849151611, 19708.0
14.387695789337158, 19713.0
15.226935625076294, 19720.0
15.237412691116333, 19812.0
15.365022897720337, 19817.0
15.792638778686523, 19870.0
15.870946645736694, 19916.0
15.87264895439148, 20068.0
15.874258756637573, 20095.0
16.29129695892334, 20101.0
16.362117767333984, 20198.0
17.12379479408264, 20205.0
17.24027681350708, 20218.0
18.399093866348267, 20296.0
22.518455743789673, 20399.0
22.804487943649292, 20413.0
22.927064657211304, 20418.0
23.16167974472046, 20447.0
23.304260730743408, 20679.0
23.30655074119568, 20803.0
27.32932472229004, 20810.0
27.558364868164062, 20888.0
27.559066772460938, 21011.0
27.634679794311523, 21029.0
27.7647647857666, 21108.0
28.149176836013794, 21115.0
28.27282190322876, 21126.0
28.27379083633423, 21147.0
33.73798489570618, 21186.0
33.81532883644104, 21240.0
33.81739687919617, 21378.0
33.81955885887146, 21406.0
33.9608838558197, 21407.0
34.02112174034119, 21473.0
34.08553695678711, 21575.0
35.11939096450806, 21636.0
35.17597484588623, 21746.0
35.17668294906616, 21864.0
35.17770481109619, 22011.0
