0.0, 5480.0
0.017187118530273438, 5499.0
0.03564119338989258, 5537.0
0.22128820419311523, 5538.0
0.2649269104003906, 5564.0
0.40846991539001465, 5600.0
0.4203932285308838, 5705.0
0.6036772727966309, 5846.0
0.6321640014648438, 5882.0
1.156689167022705, 6021.0
1.1581220626831055, 6022.0
1.1616480350494385, 6063.0
1.963529109954834, 6070.0
1.9643759727478027, 6121.0
3.6425681114196777, 6210.0
3.644841194152832, 6267.0
4.5244410037994385, 6279.0
4.532198190689087, 6318.0
28.846386194229126, 6321.0
51.84430503845215, 6322.0
83.8072760105133, 6336.0
134.01387000083923, 6357.0
134.59305429458618, 6447.0
134.5946822166443, 6448.0
134.5948143005371, 6449.0
236.2714581489563, 6565.0
335.0515351295471, 6567.0
335.0924642086029, 6568.0
335.09602308273315, 6569.0
343.6216239929199, 6584.0
343.62230110168457, 6585.0
343.776535987854, 6589.0
343.82400608062744, 6590.0
343.8751380443573, 6591.0
344.021968126297, 6602.0
344.06832098960876, 6603.0
344.1911690235138, 6657.0
344.4918210506439, 6761.0
344.8499262332916, 6777.0
344.90210819244385, 6818.0
344.9610469341278, 6819.0
