0.0, 9893.0
0.18909883499145508, 9894.0
0.2398819923400879, 9895.0
0.2409648895263672, 9990.0
0.2451646327972412, 10147.0
0.24603581428527832, 10178.0
0.29105567932128906, 10267.0
0.43741798400878906, 10322.0
0.43765974044799805, 10323.0
2.010769844055176, 10403.0
2.1223647594451904, 10588.0
2.199799060821533, 10640.0
2.200925827026367, 10641.0
2.283585786819458, 10768.0
2.342223882675171, 10780.0
2.3686599731445312, 10853.0
3.3154890537261963, 10887.0
3.5071067810058594, 11018.0
3.5091187953948975, 11019.0
3.5341339111328125, 11225.0
3.5893948078155518, 11253.0
3.5900816917419434, 11270.0
3.61875581741333, 11297.0
3.6365859508514404, 11298.0
3.640981912612915, 11316.0
3.642336845397949, 11317.0
4.179831027984619, 11338.0
4.183448791503906, 11376.0
4.194194793701172, 11500.0
4.205397844314575, 11502.0
4.290618896484375, 11562.0
13.498565912246704, 11563.0
13.520870923995972, 11585.0
13.528313875198364, 11588.0
13.706363916397095, 11675.0
13.819573879241943, 11698.0
13.835089921951294, 11699.0
14.562667846679688, 11737.0
14.56628680229187, 11792.0
14.567877769470215, 11821.0
45.10442066192627, 11870.0
45.107523679733276, 12038.0
45.15720772743225, 12050.0
45.91575598716736, 12129.0
46.070401668548584, 12205.0
434.0625936985016, 12247.0
434.3744127750397, 12249.0
434.3951487541199, 12250.0
450.0717968940735, 12276.0
479.843407869339, 12279.0
479.84434366226196, 12308.0
479.97192883491516, 12367.0
480.0751338005066, 12381.0
480.29040694236755, 12435.0
480.37822675704956, 12486.0
480.38426876068115, 12545.0
480.44870495796204, 12557.0
480.5218548774719, 12772.0
