0.0, 30605.0
0.961575984954834, 30690.0
1.3705849647521973, 30840.0
1.4477651119232178, 30988.0
1.5873067378997803, 31003.0
1.6086959838867188, 31104.0
2.025303840637207, 31121.0
2.026425838470459, 31399.0
2.4467389583587646, 31489.0
2.660930871963501, 31525.0
2.6659538745880127, 31644.0
2.793833017349243, 31869.0
2.8992490768432617, 31913.0
2.9069550037384033, 32095.0
3.023590087890625, 32121.0
3.103247880935669, 32171.0
3.2998030185699463, 32280.0
3.4333410263061523, 32381.0
3.6438679695129395, 32497.0
4.162697076797485, 32500.0
4.538438081741333, 32604.0
4.605981111526489, 32609.0
4.608263969421387, 32745.0
4.61100697517395, 32984.0
5.778059005737305, 33036.0
5.826645135879517, 33175.0
5.830471038818359, 33299.0
5.90143895149231, 33351.0
5.904205799102783, 33488.0
6.03787088394165, 33602.0
6.310380935668945, 33702.0
6.378723859786987, 33809.0
6.448925018310547, 33999.0
6.515618801116943, 34100.0
6.662818908691406, 34172.0
6.678084850311279, 34178.0
7.011730909347534, 34211.0
7.014013051986694, 34334.0
7.017925977706909, 34347.0
7.13560676574707, 34352.0
7.143655061721802, 34416.0
7.18730616569519, 34575.0
7.264210939407349, 34696.0
7.5266029834747314, 34796.0
8.044480085372925, 34904.0
8.64236307144165, 34977.0
8.642957925796509, 35133.0
8.818323135375977, 35249.0
8.883749961853027, 35368.0
8.934305906295776, 35476.0
9.059528112411499, 35502.0
9.462054014205933, 35617.0
9.467588901519775, 35724.0
9.475856065750122, 35840.0
9.583942890167236, 36001.0
9.650574922561646, 36095.0
9.764875888824463, 36253.0
9.832310914993286, 36381.0
9.955316066741943, 36383.0
10.035524845123291, 36432.0
10.041782855987549, 36554.0
10.21326994895935, 36582.0
10.326549053192139, 36633.0
10.327156066894531, 36765.0
10.393052101135254, 36820.0
10.45889687538147, 36975.0
10.46004319190979, 37091.0
10.655639886856079, 37200.0
10.875356912612915, 37305.0
10.933777093887329, 37445.0
10.992406845092773, 37582.0
11.15859603881836, 37658.0
11.26984691619873, 37686.0
11.44149899482727, 37801.0
11.552512168884277, 37905.0
11.72274112701416, 37972.0
11.837712049484253, 37977.0
11.957877159118652, 38104.0
12.270433902740479, 38196.0
12.329304933547974, 38283.0
12.380610942840576, 38301.0
12.61889386177063, 38305.0
12.694997072219849, 38422.0
12.760370969772339, 38586.0
12.761518955230713, 38701.0
12.990989923477173, 38802.0
13.058825969696045, 39004.0
13.309194087982178, 39091.0
13.709646940231323, 39200.0
13.76786184310913, 39301.0
13.828437805175781, 39404.0
13.955712080001831, 39500.0
14.072229862213135, 39586.0
14.0745689868927, 39705.0
14.403350830078125, 39764.0
14.634261846542358, 39794.0
15.13236689567566, 39881.0
15.19121503829956, 39989.0
16.296329021453857, 40072.0
16.301434993743896, 40151.0
16.449790000915527, 40184.0
16.621702909469604, 40305.0
17.608545780181885, 40377.0
17.66236186027527, 40500.0
18.467648029327393, 40503.0
19.393150091171265, 40653.0
19.444180011749268, 40758.0
19.54271912574768, 40896.0
19.648525953292847, 41056.0
19.65528893470764, 41196.0
19.96399188041687, 41304.0
20.92004704475403, 41376.0
21.15735101699829, 41483.0
21.162076950073242, 41680.0
21.222468852996826, 41764.0
21.277887105941772, 41790.0
21.336589813232422, 41905.0
21.395848035812378, 41956.0
21.460981845855713, 41984.0
23.060268878936768, 42073.0
23.067190885543823, 42130.0
23.17786407470703, 42134.0
23.2401020526886, 42302.0
23.475543975830078, 42378.0
23.595147132873535, 42400.0
24.38393783569336, 42494.0
24.495954990386963, 42603.0
24.777235984802246, 42618.0
24.843318939208984, 42658.0
24.888399839401245, 42782.0
24.948394775390625, 42843.0
24.949009895324707, 42947.0
25.05970001220703, 43005.0
25.12527298927307, 43110.0
25.17069983482361, 43302.0
25.284865856170654, 43361.0
25.521300077438354, 43368.0
25.52648901939392, 43379.0
25.69007706642151, 43484.0
26.21005392074585, 43494.0
26.32357907295227, 43581.0
26.32758593559265, 43734.0
31.109055995941162, 43803.0
32.150471925735474, 43893.0
34.45240783691406, 43992.0
34.61608290672302, 44080.0
34.66575598716736, 44159.0
34.671473026275635, 44202.0
35.121737003326416, 44400.0
35.733924865722656, 44404.0
36.02303075790405, 44480.0
36.074761152267456, 44605.0
36.13608193397522, 44700.0
36.2894401550293, 44702.0
36.444742918014526, 44756.0
36.45056176185608, 44857.0
36.564489126205444, 45001.0
36.63288593292236, 45087.0
36.636971950531006, 45202.0
36.777506828308105, 45256.0
36.90490508079529, 45340.0
36.90894603729248, 45500.0
36.9551157951355, 45604.0
37.01165699958801, 45657.0
37.01741695404053, 45698.0
37.70054578781128, 45779.0
37.76132392883301, 45928.0
37.80827879905701, 45980.0
37.88250494003296, 46096.0
37.940927028656006, 46097.0
38.10908818244934, 46130.0
38.114251136779785, 46303.0
38.2842960357666, 46355.0
38.28603792190552, 46502.0
38.56868100166321, 46631.0
38.674889087677, 46783.0
39.081385135650635, 46997.0
39.137112855911255, 47102.0
39.194129943847656, 47255.0
39.24399709701538, 47359.0
39.299171924591064, 47422.0
39.29980397224426, 47525.0
39.3009889125824, 47672.0
39.360668897628784, 47792.0
41.44214701652527, 47905.0
42.454752922058105, 47998.0
42.460211992263794, 48062.0
42.51394701004028, 48106.0
42.57073903083801, 48199.0
46.980957984924316, 48296.0
47.09190583229065, 48399.0
47.275980949401855, 48457.0
47.3328800201416, 48558.0
47.434709787368774, 48585.0
47.60426616668701, 48671.0
47.61179780960083, 48702.0
47.677650928497314, 48778.0
47.84424901008606, 48887.0
47.84893298149109, 49001.0
48.93462681770325, 49081.0
49.76699876785278, 49226.0
49.8153018951416, 49373.0
49.93257188796997, 49551.0
49.93389081954956, 49686.0
49.93598198890686, 49795.0
50.039783000946045, 49798.0
54.54321789741516, 49863.0
54.547855854034424, 49905.0
54.83564305305481, 49996.0
54.940842151641846, 50004.0
55.225244998931885, 50100.0
55.228209018707275, 50201.0
62.24126195907593, 50298.0
62.246585845947266, 50314.0
62.293582916259766, 50456.0
62.355417013168335, 50592.0
62.57890701293945, 50700.0
63.23121500015259, 50805.0
63.33106279373169, 50935.0
63.39460206031799, 51067.0
102.62526392936707, 51082.0
102.68741989135742, 51136.0
102.73885703086853, 51291.0
117.18776297569275, 51300.0
118.24479794502258, 51303.0
118.67521381378174, 51487.0
118.67586493492126, 51594.0
118.72685599327087, 51702.0
119.40851593017578, 51792.0
119.58361887931824, 51991.0
119.69388508796692, 52094.0
119.85566806793213, 52103.0
120.42623805999756, 52147.0
120.48772096633911, 52279.0
120.76607489585876, 52291.0
120.98376512527466, 52394.0
121.50264310836792, 52402.0
237.2409429550171, 52405.0
400.54378294944763, 52492.0
402.135281085968, 52580.0
402.15001678466797, 52588.0
403.44215297698975, 52632.0
403.4451279640198, 52781.0
