0.0, 2385.0
0.00292205810546875, 2400.0
0.003036022186279297, 2969.0
0.003690004348754883, 3610.0
0.026170015335083008, 3992.0
0.026716947555541992, 4783.0
0.02876114845275879, 4960.0
0.029890060424804688, 5751.0
0.03138399124145508, 6358.0
0.04277300834655762, 6936.0
0.04324197769165039, 7505.0
0.044795989990234375, 7718.0
0.045487165451049805, 8327.0
0.048135995864868164, 8691.0
0.04823017120361328, 9417.0
0.04951810836791992, 9908.0
0.24657607078552246, 9937.0
0.355165958404541, 10056.0
0.589310884475708, 10110.0
0.5915179252624512, 10567.0
0.6011350154876709, 10829.0
