0.0, 59319.0
0.5321578979492188, 59505.0
0.5333330631256104, 59609.0
0.649367094039917, 59778.0
0.7173409461975098, 59879.0
0.9028820991516113, 59980.0
0.9617400169372559, 60082.0
1.2718889713287354, 60102.0
1.2752749919891357, 60213.0
1.3862040042877197, 60341.0
1.3873798847198486, 60478.0
1.438004970550537, 60588.0
1.4402577877044678, 60776.0
1.5045409202575684, 60911.0
2.471158027648926, 60982.0
2.472334861755371, 61112.0
3.529869794845581, 61219.0
4.092458963394165, 61272.0
4.156959056854248, 61392.0
4.225489854812622, 61496.0
4.517185926437378, 61615.0
6.4785778522491455, 61795.0
6.780909776687622, 61868.0
6.9479827880859375, 61990.0
7.065828800201416, 61999.0
7.235698938369751, 62115.0
7.285664081573486, 62216.0
8.321075916290283, 62291.0
9.127868890762329, 62408.0
10.30383586883545, 62543.0
10.316065073013306, 62705.0
10.555377960205078, 62814.0
11.36555290222168, 62875.0
11.53628396987915, 63004.0
11.622073888778687, 63153.0
11.677064895629883, 63289.0
11.749305963516235, 63391.0
11.806505918502808, 63507.0
11.9170241355896, 63618.0
12.1875479221344, 63719.0
12.315711975097656, 63759.0
12.565863847732544, 63818.0
13.225543975830078, 63849.0
13.234497785568237, 64141.0
13.283321857452393, 64291.0
13.974462985992432, 64407.0
14.423749923706055, 64514.0
15.083273887634277, 64615.0
16.026898860931396, 64716.0
16.030359029769897, 64885.0
16.124864101409912, 64990.0
16.34679675102234, 65113.0
16.348012924194336, 65417.0
17.051657915115356, 65515.0
17.619886875152588, 65617.0
18.062535047531128, 65629.0
18.121383905410767, 65678.0
18.18238592147827, 65881.0
18.295161962509155, 65987.0
18.405390977859497, 66118.0
19.10100293159485, 66210.0
19.14793086051941, 66217.0
19.325734853744507, 66228.0
19.43359398841858, 66413.0
20.026041984558105, 66515.0
20.209681034088135, 66638.0
20.344146966934204, 66746.0
20.563259840011597, 67038.0
20.620579957962036, 67147.0
20.734267950057983, 67150.0
20.855003833770752, 67251.0
20.952800035476685, 67410.0
21.452023029327393, 67492.0
21.550341844558716, 67618.0
21.67983102798462, 67719.0
22.520524740219116, 67834.0
22.531372785568237, 67975.0
22.71864604949951, 68016.0
22.953929901123047, 68117.0
24.531311988830566, 68165.0
24.694561004638672, 68281.0
24.763672828674316, 68408.0
25.013843059539795, 68467.0
25.06955909729004, 68596.0
25.12004780769348, 68697.0
25.230650901794434, 68797.0
25.435750007629395, 68897.0
25.49869394302368, 69011.0
25.561808824539185, 69119.0
26.703162908554077, 69210.0
27.971184968948364, 69301.0
28.147074937820435, 69474.0
28.30820393562317, 69571.0
28.42988896369934, 69783.0
28.757649898529053, 69924.0
28.816401958465576, 70051.0
28.92601776123047, 70219.0
29.475387811660767, 70312.0
30.35184383392334, 70394.0
30.35413098335266, 70516.0
30.414288997650146, 70660.0
30.647151947021484, 70707.0
30.708189964294434, 70819.0
30.971674919128418, 70912.0
31.65818190574646, 71013.0
31.994601011276245, 71089.0
32.21460676193237, 71207.0
32.50813174247742, 71291.0
32.51154375076294, 71392.0
32.727213859558105, 71472.0
32.7841579914093, 71577.0
32.894585847854614, 71706.0
34.021730184555054, 71752.0
34.13214588165283, 71866.0
34.19691705703735, 72007.0
34.30379605293274, 72113.0
34.360888957977295, 72219.0
34.55105900764465, 72295.0
34.889179944992065, 72317.0
35.692588090896606, 72464.0
35.695982933044434, 72591.0
35.76389408111572, 72719.0
36.13816595077515, 72732.0
36.13943672180176, 72855.0
36.31063890457153, 72976.0
36.370198011398315, 73113.0
36.645339012145996, 73312.0
36.88584876060486, 73417.0
38.10838985443115, 73418.0
38.89391279220581, 73610.0
38.89737892150879, 73750.0
39.23834300041199, 73832.0
39.239624977111816, 74017.0
39.96997404098511, 74119.0
40.14297294616699, 74243.0
40.22124791145325, 74363.0
40.2711660861969, 74508.0
40.50561213493347, 74608.0
40.89557981491089, 74698.0
41.060320138931274, 74809.0
41.22154879570007, 74811.0
42.68020415306091, 74907.0
43.24503302574158, 74998.0
43.47635006904602, 75079.0
43.76010608673096, 75113.0
45.08154797554016, 75131.0
45.19721508026123, 75235.0
45.37274384498596, 75359.0
45.545015811920166, 75417.0
46.13100600242615, 75483.0
46.22714185714722, 75611.0
47.70500588417053, 75707.0
48.462392807006836, 75710.0
49.67030596733093, 75802.0
49.966148853302, 75811.0
50.01157188415527, 75912.0
50.67661809921265, 75957.0
50.8409309387207, 75978.0
50.95726799964905, 76057.0
51.12544274330139, 76064.0
51.24448800086975, 76156.0
51.305224895477295, 76413.0
51.55037188529968, 76489.0
51.70754313468933, 76615.0
54.63178992271423, 76716.0
56.145983934402466, 76718.0
58.039992809295654, 76819.0
58.574925899505615, 76907.0
58.62057304382324, 77034.0
58.88857388496399, 77206.0
59.0209858417511, 77312.0
59.871114015579224, 77396.0
60.50333499908447, 77468.0
60.6222779750824, 77481.0
60.966747999191284, 77602.0
61.01971387863159, 77620.0
61.028254985809326, 77734.0
61.20300078392029, 77781.0
61.26513385772705, 78007.0
61.74693512916565, 78017.0
61.86003589630127, 78062.0
62.02553081512451, 78163.0
62.21677279472351, 78302.0
63.118974924087524, 78405.0
63.45114994049072, 78473.0
63.67330479621887, 78509.0
66.21869707107544, 78593.0
67.01786994934082, 78714.0
67.5808789730072, 78719.0
67.75536108016968, 78800.0
68.44102191925049, 78858.0
68.50351691246033, 79014.0
68.78481888771057, 79085.0
74.19210505485535, 79092.0
74.4272620677948, 79195.0
75.38915300369263, 79235.0
75.39147090911865, 79628.0
75.55331110954285, 79631.0
75.60984873771667, 79806.0
75.61220788955688, 79911.0
75.72646403312683, 79973.0
75.78646087646484, 80083.0
75.8625590801239, 80223.0
76.26601386070251, 80319.0
76.46033215522766, 80370.0
76.50606799125671, 80506.0
77.34531903266907, 80519.0
77.46179413795471, 80661.0
77.46641898155212, 80791.0
77.74061489105225, 80808.0
79.10635280609131, 80878.0
79.16606497764587, 81010.0
79.22061395645142, 81115.0
79.67010307312012, 81212.0
79.86638808250427, 81215.0
80.66525912284851, 81309.0
81.13516497612, 81416.0
81.96650195121765, 81507.0
82.22189283370972, 81509.0
82.7846610546112, 81519.0
84.16499376296997, 81605.0
84.56809997558594, 81705.0
85.68604397773743, 81735.0
85.8712809085846, 81811.0
86.4159209728241, 81816.0
86.92572498321533, 81913.0
87.31823706626892, 81914.0
87.72422575950623, 82004.0
87.72657489776611, 82118.0
88.44126486778259, 82238.0
88.59808111190796, 82358.0
88.6721339225769, 82375.0
88.76719498634338, 82614.0
89.50806403160095, 82615.0
89.84141492843628, 82673.0
89.89468693733215, 82896.0
90.33096194267273, 83102.0
90.43978595733643, 83203.0
91.07223677635193, 83214.0
91.46623802185059, 83280.0
91.75555682182312, 83281.0
91.75677180290222, 83404.0
91.81343293190002, 83584.0
91.87450098991394, 83705.0
92.22323894500732, 83706.0
92.43810796737671, 83717.0
92.90112686157227, 83814.0
94.25365781784058, 83908.0
94.39897298812866, 83910.0
94.44635701179504, 84099.0
94.48780798912048, 84233.0
94.50550603866577, 84345.0
94.82579302787781, 84383.0
94.89056897163391, 84607.0
95.61436796188354, 84613.0
95.8431339263916, 84712.0
96.30368900299072, 84745.0
96.36787581443787, 84905.0
96.59185886383057, 84989.0
96.93438911437988, 85005.0
97.00233697891235, 85011.0
97.38173604011536, 85016.0
97.46582102775574, 85125.0
97.69455099105835, 85271.0
97.88488507270813, 85354.0
97.94630789756775, 85473.0
98.22305583953857, 85691.0
99.84326410293579, 85798.0
100.17495679855347, 85889.0
100.98340797424316, 85962.0
101.48814296722412, 85976.0
101.74398994445801, 86126.0
101.7991828918457, 86311.0
102.0454089641571, 86411.0
102.65093207359314, 86414.0
102.72976493835449, 86458.0
102.73570108413696, 86578.0
102.88895797729492, 86601.0
103.23366689682007, 86646.0
103.4358959197998, 86712.0
103.88791608810425, 86801.0
104.41449809074402, 86814.0
105.53169393539429, 86916.0
106.05142879486084, 86918.0
107.5883457660675, 86997.0
107.82241487503052, 87111.0
107.82704591751099, 87214.0
108.34131574630737, 87311.0
108.45712494850159, 87412.0
110.74561786651611, 87602.0
111.97375583648682, 87697.0
111.98597311973572, 87802.0
114.62565588951111, 87810.0
116.91910195350647, 87914.0
116.97554802894592, 87915.0
117.033775806427, 88088.0
117.37778997421265, 88216.0
130.2274408340454, 88310.0
131.25576615333557, 88351.0
131.63908791542053, 88364.0
133.90198397636414, 88392.0
134.12738299369812, 88434.0
134.237144947052, 88497.0
134.46793389320374, 88500.0
135.16565108299255, 88610.0
135.39548301696777, 88693.0
135.6528708934784, 88715.0
136.31754183769226, 88738.0
136.37574195861816, 88742.0
136.4588680267334, 88782.0
136.73411679267883, 88799.0
136.73673796653748, 88940.0
137.31729578971863, 88997.0
137.53146290779114, 89085.0
137.80329608917236, 89199.0
138.24693393707275, 89213.0
138.3202259540558, 89315.0
138.87083387374878, 89317.0
140.69256401062012, 89458.0
140.69722509384155, 89565.0
140.81911897659302, 89574.0
140.86531782150269, 89681.0
141.17302989959717, 89756.0
141.2705979347229, 89903.0
141.32914686203003, 90080.0
141.6168110370636, 90201.0
145.5110809803009, 90298.0
145.87025785446167, 90378.0
146.11447405815125, 90402.0
146.2592568397522, 90406.0
150.10260581970215, 90503.0
150.15441274642944, 90504.0
150.19416403770447, 90641.0
153.33741283416748, 90792.0
153.52316284179688, 90905.0
153.57503175735474, 91011.0
156.35759282112122, 91017.0
156.6370871067047, 91111.0
157.00544786453247, 91114.0
157.51062297821045, 91155.0
157.5853488445282, 91273.0
157.58778500556946, 91398.0
157.70732593536377, 91482.0
157.76723098754883, 91606.0
158.04564881324768, 91693.0
158.1387860774994, 91708.0
158.1482241153717, 91714.0
159.80614399909973, 91765.0
159.88077902793884, 91884.0
160.1200408935547, 91948.0
160.35788488388062, 92076.0
160.86205005645752, 92157.0
160.9615340232849, 92294.0
161.02162194252014, 92415.0
163.4041519165039, 92590.0
163.87465596199036, 92619.0
164.90956091880798, 92729.0
165.2423210144043, 92798.0
165.4655680656433, 92858.0
165.6522078514099, 92980.0
165.7144899368286, 93099.0
166.54570603370667, 93112.0
166.64170098304749, 93197.0
166.6939778327942, 93285.0
166.85025095939636, 93436.0
166.96643495559692, 93718.0
169.92928791046143, 93805.0
170.2405230998993, 93893.0
170.2858669757843, 94012.0
170.49597811698914, 94175.0
170.86211395263672, 94181.0
171.07153797149658, 94267.0
171.27076482772827, 94282.0
171.3242781162262, 94312.0
172.15391898155212, 94373.0
183.21724605560303, 94416.0
189.0521399974823, 94508.0
189.28570699691772, 94592.0
189.38682985305786, 94618.0
190.3864779472351, 94715.0
190.97501182556152, 94807.0
191.18009185791016, 94899.0
191.23278284072876, 95013.0
192.18051409721375, 95055.0
192.27587294578552, 95201.0
192.63233590126038, 95261.0
192.63357090950012, 95389.0
192.677827835083, 95490.0
193.15669202804565, 95612.0
194.69388699531555, 95695.0
194.74625897407532, 95804.0
207.9455749988556, 95819.0
208.2613229751587, 95825.0
209.44719290733337, 95859.0
209.4520308971405, 96017.0
210.28793096542358, 96066.0
210.37802290916443, 96083.0
210.4645960330963, 96197.0
210.4684910774231, 96313.0
211.38670587539673, 96401.0
211.70729398727417, 96415.0
213.87957501411438, 96416.0
215.0554599761963, 96419.0
215.4249129295349, 96578.0
215.48394179344177, 96707.0
215.56727600097656, 96807.0
218.25025486946106, 96810.0
218.62074184417725, 96813.0
219.19500088691711, 97106.0
219.5536448955536, 97108.0
220.2779347896576, 97129.0
220.31905794143677, 97244.0
220.32032895088196, 97369.0
220.37015295028687, 97404.0
236.40456295013428, 97413.0
236.84316396713257, 97492.0
237.14910006523132, 97547.0
237.29899382591248, 97691.0
237.77720713615417, 97811.0
237.82408714294434, 97838.0
237.95129895210266, 97906.0
238.36007404327393, 97998.0
239.48146390914917, 98052.0
239.4862778186798, 98107.0
240.0260739326477, 98247.0
240.19033885002136, 98305.0
242.78032803535461, 98310.0
243.20384097099304, 98319.0
243.28996992111206, 98407.0
243.7357530593872, 98502.0
246.64162683486938, 98505.0
246.9797158241272, 98573.0
247.15068078041077, 98577.0
247.35426473617554, 98658.0
247.48302912712097, 98813.0
247.52277994155884, 98914.0
247.55825901031494, 99016.0
247.88433384895325, 99119.0
248.00774693489075, 99149.0
248.05149483680725, 99212.0
248.30334281921387, 99270.0
248.42119598388672, 99412.0
249.07445883750916, 99467.0
249.0792760848999, 99495.0
249.20194792747498, 99512.0
249.48837995529175, 99614.0
251.0892460346222, 99616.0
251.41527104377747, 99710.0
262.6102578639984, 99813.0
381.64545702934265, 99911.0
382.8015727996826, 99977.0
382.9309239387512, 100076.0
382.94999980926514, 100123.0
383.0451328754425, 100272.0
383.1392230987549, 100414.0
383.2519030570984, 100479.0
383.31376004219055, 100527.0
383.32446908950806, 100599.0
383.37682008743286, 100665.0
383.5528221130371, 100716.0
418.9280138015747, 100789.0
418.94285798072815, 100890.0
419.03830099105835, 101089.0
419.1605839729309, 101173.0
419.22214674949646, 101184.0
419.2663428783417, 101265.0
419.3258287906647, 101297.0
419.33820390701294, 101312.0
419.45114183425903, 101313.0
419.48900413513184, 101320.0
419.499639749527, 101441.0
419.5260679721832, 101601.0
419.66937613487244, 101613.0
420.4525771141052, 101703.0
420.55044412612915, 101767.0
420.5996780395508, 101812.0
420.9752960205078, 101912.0
421.00920605659485, 102007.0
421.1824269294739, 102105.0
432.27534794807434, 102106.0
432.3472878932953, 102288.0
432.43494296073914, 102394.0
432.4530918598175, 102611.0
432.66646003723145, 102684.0
437.642196893692, 102685.0
437.79083609580994, 102795.0
437.8917257785797, 102891.0
438.05259799957275, 102956.0
438.1200158596039, 103072.0
438.2235779762268, 103103.0
438.41947984695435, 103118.0
441.0134289264679, 103119.0
441.6640269756317, 103166.0
441.672908782959, 103305.0
441.72761607170105, 103407.0
441.81063508987427, 103408.0
441.9736080169678, 103411.0
442.16956996917725, 103489.0
442.23498487472534, 103544.0
442.5821418762207, 103595.0
443.0589609146118, 103597.0
443.7286260128021, 103694.0
444.0300269126892, 103839.0
444.06617188453674, 103849.0
444.12034797668457, 103904.0
446.1020710468292, 103991.0
446.2005240917206, 103992.0
446.20212292671204, 104114.0
