0.03, 28829.0
0.06, 28830.0
0.07, 28831.0
0.1, 28832.0
0.13, 28834.0
0.16, 28835.0
0.17, 28836.0
0.23, 28837.0
0.24, 28838.0
0.26, 28841.0
0.32, 28842.0
0.41, 28843.0
0.42, 28844.0
0.44, 28845.0
0.48, 28846.0
0.5, 28847.0
0.52, 28849.0
0.53, 28850.0
0.55, 28851.0
0.59, 28852.0
0.63, 28853.0
0.64, 28854.0
0.65, 28855.0
0.69, 28856.0
0.7, 28857.0
0.72, 28858.0
0.76, 28859.0
0.77, 28860.0
0.8, 28864.0
0.81, 28865.0
0.84, 28867.0
0.86, 28868.0
0.88, 28869.0
0.89, 28870.0
0.91, 28871.0
0.92, 28872.0
0.95, 28873.0
0.96, 28874.0
0.99, 28875.0
1.01, 28876.0
1.01, 28878.0
1.03, 28879.0
1.05, 28881.0
1.07, 28882.0
1.11, 28884.0
1.12, 28885.0
1.16, 28886.0
1.17, 28888.0
1.21, 28889.0
1.23, 28892.0
1.26, 28893.0
1.29, 28894.0
1.3, 28896.0
1.33, 28897.0
1.36, 28898.0
1.38, 28899.0
1.39, 28900.0
1.41, 28901.0
1.41, 28902.0
1.42, 28904.0
1.46, 28905.0
1.48, 28906.0
1.51, 28907.0
1.53, 28908.0
1.56, 28909.0
1.57, 28910.0
1.6, 28911.0
1.61, 28912.0
1.62, 28913.0
1.66, 28914.0
1.67, 28916.0
1.7, 28917.0
1.72, 28918.0
1.74, 28919.0
