0.0, 6190.0
0.1739492416381836, 6281.0
0.17417001724243164, 6426.0
0.17637014389038086, 6552.0
0.18134117126464844, 6572.0
0.40971899032592773, 6687.0
0.5053439140319824, 7075.0
0.6486818790435791, 7178.0
0.6563220024108887, 7268.0
0.6687071323394775, 7274.0
0.832421064376831, 7345.0
0.8352301120758057, 7490.0
0.9143579006195068, 7604.0
0.9145851135253906, 7817.0
0.916841983795166, 7927.0
0.976243257522583, 8043.0
0.9837002754211426, 8158.0
1.0029101371765137, 8284.0
1.2413420677185059, 8334.0
1.4576890468597412, 8381.0
1.5861120223999023, 8481.0
2.157372236251831, 8484.0
2.391047239303589, 8583.0
2.402029037475586, 8686.0
2.4024810791015625, 8689.0
2.669140100479126, 8766.0
2.6780662536621094, 8877.0
2.964000940322876, 8941.0
2.967311143875122, 9090.0
2.976335048675537, 9172.0
4.318912982940674, 9270.0
4.353784084320068, 9386.0
4.514656066894531, 9464.0
4.522198915481567, 9480.0
4.642164945602417, 9584.0
4.954675912857056, 9639.0
4.955567121505737, 9789.0
5.827672004699707, 9876.0
5.931304216384888, 10082.0
5.933852195739746, 10087.0
6.045155048370361, 10139.0
6.04709005355835, 10271.0
6.119261264801025, 10277.0
6.333475112915039, 10384.0
6.333933115005493, 10536.0
6.379641056060791, 10656.0
6.390570878982544, 10777.0
6.438945055007935, 10839.0
6.448681116104126, 10883.0
6.45002007484436, 10988.0
30.24333620071411, 11069.0
51.90650200843811, 11167.0
51.909789085388184, 11287.0
74.45365500450134, 11290.0
74.51031017303467, 11329.0
74.5105471611023, 11445.0
74.56641912460327, 11483.0
124.49192905426025, 11489.0
321.8671181201935, 11543.0
321.8692810535431, 11684.0
