0.1, 72447.0
0.23, 72448.0
0.58, 72449.0
0.61, 72450.0
0.73, 72451.0
0.79, 72452.0
0.91, 72453.0
1.1, 72454.0
1.28, 72455.0
1.31, 72456.0
1.34, 72457.0
1.46, 72458.0
1.73, 72459.0
1.91, 72460.0
2.12, 72461.0
2.27, 72462.0
2.36, 72463.0
2.45, 72464.0
2.73, 72465.0
2.78, 72466.0
2.99, 72467.0
3.14, 72468.0
3.42, 72469.0
3.54, 72470.0
3.63, 72471.0
3.9, 72472.0
4.06, 72473.0
4.23, 72474.0
4.41, 72475.0
4.5, 72476.0
4.71, 72477.0
4.77, 72478.0
4.8, 72479.0
4.89, 72480.0
4.95, 72481.0
5.14, 72482.0
5.35, 72483.0
5.5, 72484.0
5.71, 72485.0
5.8, 72486.0
5.86, 72487.0
6.03, 72488.0
6.27, 72489.0
6.33, 72490.0
6.54, 72491.0
6.69, 72492.0
6.78, 72493.0
6.83, 72494.0
6.95, 72495.0
7.1, 72496.0
7.33, 72497.0
7.54, 72498.0
7.78, 72499.0
7.86, 72500.0
7.92, 72501.0
8.07, 72502.0
8.13, 72503.0
8.3, 72504.0
8.56, 72505.0
